[0.298s] Invoking command in '/home/bodlaire/Desktop/Work/Mocap/build/drive_bridge_msg': CMAKE_PREFIX_PATH=/opt/ros/foxy /usr/bin/cmake --build /home/bodlaire/Desktop/Work/Mocap/build/drive_bridge_msg -- -j16 -l16
[0.545s] [  3%] Built target drive_bridge_msg__cpp
[0.545s] [ 12%] Built target drive_bridge_msg__rosidl_generator_c
[0.546s] [ 22%] Built target drive_bridge_msg__rosidl_typesupport_cpp
[0.547s] [ 32%] Built target drive_bridge_msg__rosidl_typesupport_introspection_cpp
[0.548s] [ 41%] Built target drive_bridge_msg__rosidl_typesupport_c
[0.548s] [ 51%] Built target drive_bridge_msg__rosidl_typesupport_introspection_c
[0.548s] [ 61%] Built target drive_bridge_msg__rosidl_typesupport_fastrtps_cpp
[0.549s] [ 70%] Built target drive_bridge_msg__rosidl_typesupport_fastrtps_c
[0.549s] [ 70%] Built target drive_bridge_msg
[0.549s] [ 74%] Built target drive_bridge_msg__py
[0.549s] [ 80%] Built target drive_bridge_msg__python
[0.549s] [ 87%] Built target drive_bridge_msg__rosidl_typesupport_c__pyext
[0.549s] [ 93%] Built target drive_bridge_msg__rosidl_typesupport_fastrtps_c__pyext
[0.549s] [100%] Built target drive_bridge_msg__rosidl_typesupport_introspection_c__pyext
[0.553s] Invoked command in '/home/bodlaire/Desktop/Work/Mocap/build/drive_bridge_msg' returned '0': CMAKE_PREFIX_PATH=/opt/ros/foxy /usr/bin/cmake --build /home/bodlaire/Desktop/Work/Mocap/build/drive_bridge_msg -- -j16 -l16
[0.590s] Invoking command in '/home/bodlaire/Desktop/Work/Mocap/build/drive_bridge_msg': CMAKE_PREFIX_PATH=/opt/ros/foxy /usr/bin/cmake --install /home/bodlaire/Desktop/Work/Mocap/build/drive_bridge_msg
[0.596s] -- Install configuration: ""
[0.596s] -- Up-to-date: /home/bodlaire/Desktop/Work/Mocap/install/drive_bridge_msg/share/ament_index/resource_index/rosidl_interfaces/drive_bridge_msg
[0.596s] -- Up-to-date: /home/bodlaire/Desktop/Work/Mocap/install/drive_bridge_msg/include/drive_bridge_msg
[0.596s] -- Up-to-date: /home/bodlaire/Desktop/Work/Mocap/install/drive_bridge_msg/include/drive_bridge_msg/msg
[0.596s] -- Up-to-date: /home/bodlaire/Desktop/Work/Mocap/install/drive_bridge_msg/include/drive_bridge_msg/msg/detail
[0.596s] -- Up-to-date: /home/bodlaire/Desktop/Work/Mocap/install/drive_bridge_msg/include/drive_bridge_msg/msg/detail/input_values__struct.h
[0.597s] -- Up-to-date: /home/bodlaire/Desktop/Work/Mocap/install/drive_bridge_msg/include/drive_bridge_msg/msg/detail/input_values__type_support.h
[0.597s] -- Up-to-date: /home/bodlaire/Desktop/Work/Mocap/install/drive_bridge_msg/include/drive_bridge_msg/msg/detail/input_values__functions.c
[0.597s] -- Up-to-date: /home/bodlaire/Desktop/Work/Mocap/install/drive_bridge_msg/include/drive_bridge_msg/msg/detail/input_values__functions.h
[0.597s] -- Up-to-date: /home/bodlaire/Desktop/Work/Mocap/install/drive_bridge_msg/include/drive_bridge_msg/msg/rosidl_generator_c__visibility_control.h
[0.597s] -- Up-to-date: /home/bodlaire/Desktop/Work/Mocap/install/drive_bridge_msg/include/drive_bridge_msg/msg/input_values.h
[0.597s] -- Up-to-date: /home/bodlaire/Desktop/Work/Mocap/install/drive_bridge_msg/share/drive_bridge_msg/environment/library_path.sh
[0.598s] -- Up-to-date: /home/bodlaire/Desktop/Work/Mocap/install/drive_bridge_msg/share/drive_bridge_msg/environment/library_path.dsv
[0.598s] -- Up-to-date: /home/bodlaire/Desktop/Work/Mocap/install/drive_bridge_msg/lib/libdrive_bridge_msg__rosidl_generator_c.so
[0.598s] -- Up-to-date: /home/bodlaire/Desktop/Work/Mocap/install/drive_bridge_msg/include/drive_bridge_msg
[0.598s] -- Up-to-date: /home/bodlaire/Desktop/Work/Mocap/install/drive_bridge_msg/include/drive_bridge_msg/msg
[0.598s] -- Up-to-date: /home/bodlaire/Desktop/Work/Mocap/install/drive_bridge_msg/include/drive_bridge_msg/msg/detail
[0.598s] -- Up-to-date: /home/bodlaire/Desktop/Work/Mocap/install/drive_bridge_msg/include/drive_bridge_msg/msg/detail/input_values__rosidl_typesupport_fastrtps_c.h
[0.598s] -- Up-to-date: /home/bodlaire/Desktop/Work/Mocap/install/drive_bridge_msg/include/drive_bridge_msg/msg/rosidl_typesupport_fastrtps_c__visibility_control.h
[0.598s] -- Up-to-date: /home/bodlaire/Desktop/Work/Mocap/install/drive_bridge_msg/lib/libdrive_bridge_msg__rosidl_typesupport_fastrtps_c.so
[0.599s] -- Up-to-date: /home/bodlaire/Desktop/Work/Mocap/install/drive_bridge_msg/include/drive_bridge_msg
[0.599s] -- Up-to-date: /home/bodlaire/Desktop/Work/Mocap/install/drive_bridge_msg/include/drive_bridge_msg/msg
[0.599s] -- Up-to-date: /home/bodlaire/Desktop/Work/Mocap/install/drive_bridge_msg/include/drive_bridge_msg/msg/detail
[0.599s] -- Up-to-date: /home/bodlaire/Desktop/Work/Mocap/install/drive_bridge_msg/include/drive_bridge_msg/msg/detail/input_values__rosidl_typesupport_fastrtps_cpp.hpp
[0.599s] -- Up-to-date: /home/bodlaire/Desktop/Work/Mocap/install/drive_bridge_msg/include/drive_bridge_msg/msg/detail/dds_fastrtps
[0.599s] -- Up-to-date: /home/bodlaire/Desktop/Work/Mocap/install/drive_bridge_msg/include/drive_bridge_msg/msg/rosidl_typesupport_fastrtps_cpp__visibility_control.h
[0.599s] -- Up-to-date: /home/bodlaire/Desktop/Work/Mocap/install/drive_bridge_msg/lib/libdrive_bridge_msg__rosidl_typesupport_fastrtps_cpp.so
[0.599s] -- Up-to-date: /home/bodlaire/Desktop/Work/Mocap/install/drive_bridge_msg/include/drive_bridge_msg
[0.599s] -- Up-to-date: /home/bodlaire/Desktop/Work/Mocap/install/drive_bridge_msg/include/drive_bridge_msg/msg
[0.599s] -- Up-to-date: /home/bodlaire/Desktop/Work/Mocap/install/drive_bridge_msg/include/drive_bridge_msg/msg/detail
[0.599s] -- Up-to-date: /home/bodlaire/Desktop/Work/Mocap/install/drive_bridge_msg/include/drive_bridge_msg/msg/detail/input_values__rosidl_typesupport_introspection_c.h
[0.599s] -- Up-to-date: /home/bodlaire/Desktop/Work/Mocap/install/drive_bridge_msg/include/drive_bridge_msg/msg/detail/input_values__type_support.c
[0.600s] -- Up-to-date: /home/bodlaire/Desktop/Work/Mocap/install/drive_bridge_msg/include/drive_bridge_msg/msg/rosidl_typesupport_introspection_c__visibility_control.h
[0.600s] -- Up-to-date: /home/bodlaire/Desktop/Work/Mocap/install/drive_bridge_msg/lib/libdrive_bridge_msg__rosidl_typesupport_introspection_c.so
[0.600s] -- Up-to-date: /home/bodlaire/Desktop/Work/Mocap/install/drive_bridge_msg/lib/libdrive_bridge_msg__rosidl_typesupport_c.so
[0.600s] -- Up-to-date: /home/bodlaire/Desktop/Work/Mocap/install/drive_bridge_msg/include/drive_bridge_msg
[0.600s] -- Up-to-date: /home/bodlaire/Desktop/Work/Mocap/install/drive_bridge_msg/include/drive_bridge_msg/msg
[0.600s] -- Up-to-date: /home/bodlaire/Desktop/Work/Mocap/install/drive_bridge_msg/include/drive_bridge_msg/msg/rosidl_generator_cpp__visibility_control.hpp
[0.600s] -- Up-to-date: /home/bodlaire/Desktop/Work/Mocap/install/drive_bridge_msg/include/drive_bridge_msg/msg/detail
[0.600s] -- Up-to-date: /home/bodlaire/Desktop/Work/Mocap/install/drive_bridge_msg/include/drive_bridge_msg/msg/detail/input_values__builder.hpp
[0.600s] -- Up-to-date: /home/bodlaire/Desktop/Work/Mocap/install/drive_bridge_msg/include/drive_bridge_msg/msg/detail/input_values__traits.hpp
[0.600s] -- Up-to-date: /home/bodlaire/Desktop/Work/Mocap/install/drive_bridge_msg/include/drive_bridge_msg/msg/detail/input_values__struct.hpp
[0.600s] -- Up-to-date: /home/bodlaire/Desktop/Work/Mocap/install/drive_bridge_msg/include/drive_bridge_msg/msg/detail/input_values__type_support.hpp
[0.600s] -- Up-to-date: /home/bodlaire/Desktop/Work/Mocap/install/drive_bridge_msg/include/drive_bridge_msg/msg/input_values.hpp
[0.600s] -- Up-to-date: /home/bodlaire/Desktop/Work/Mocap/install/drive_bridge_msg/include/drive_bridge_msg
[0.600s] -- Up-to-date: /home/bodlaire/Desktop/Work/Mocap/install/drive_bridge_msg/include/drive_bridge_msg/msg
[0.600s] -- Up-to-date: /home/bodlaire/Desktop/Work/Mocap/install/drive_bridge_msg/include/drive_bridge_msg/msg/detail
[0.600s] -- Up-to-date: /home/bodlaire/Desktop/Work/Mocap/install/drive_bridge_msg/include/drive_bridge_msg/msg/detail/input_values__rosidl_typesupport_introspection_cpp.hpp
[0.600s] -- Up-to-date: /home/bodlaire/Desktop/Work/Mocap/install/drive_bridge_msg/include/drive_bridge_msg/msg/detail/input_values__type_support.cpp
[0.600s] -- Up-to-date: /home/bodlaire/Desktop/Work/Mocap/install/drive_bridge_msg/lib/libdrive_bridge_msg__rosidl_typesupport_introspection_cpp.so
[0.600s] -- Up-to-date: /home/bodlaire/Desktop/Work/Mocap/install/drive_bridge_msg/lib/libdrive_bridge_msg__rosidl_typesupport_cpp.so
[0.601s] -- Up-to-date: /home/bodlaire/Desktop/Work/Mocap/install/drive_bridge_msg/share/drive_bridge_msg/environment/pythonpath.sh
[0.601s] -- Up-to-date: /home/bodlaire/Desktop/Work/Mocap/install/drive_bridge_msg/share/drive_bridge_msg/environment/pythonpath.dsv
[0.601s] -- Up-to-date: /home/bodlaire/Desktop/Work/Mocap/install/drive_bridge_msg/lib/python3.8/site-packages/drive_bridge_msg/__init__.py
[0.619s] -- Up-to-date: /home/bodlaire/Desktop/Work/Mocap/install/drive_bridge_msg/lib/python3.8/site-packages/drive_bridge_msg/msg
[0.619s] -- Up-to-date: /home/bodlaire/Desktop/Work/Mocap/install/drive_bridge_msg/lib/python3.8/site-packages/drive_bridge_msg/msg/_input_values_s.c
[0.619s] -- Up-to-date: /home/bodlaire/Desktop/Work/Mocap/install/drive_bridge_msg/lib/python3.8/site-packages/drive_bridge_msg/msg/_input_values.py
[0.619s] -- Up-to-date: /home/bodlaire/Desktop/Work/Mocap/install/drive_bridge_msg/lib/python3.8/site-packages/drive_bridge_msg/msg/__init__.py
[0.620s] -- Up-to-date: /home/bodlaire/Desktop/Work/Mocap/install/drive_bridge_msg/lib/python3.8/site-packages/drive_bridge_msg/drive_bridge_msg_s__rosidl_typesupport_fastrtps_c.cpython-38-x86_64-linux-gnu.so
[0.620s] -- Up-to-date: /home/bodlaire/Desktop/Work/Mocap/install/drive_bridge_msg/lib/python3.8/site-packages/drive_bridge_msg/drive_bridge_msg_s__rosidl_typesupport_introspection_c.cpython-38-x86_64-linux-gnu.so
[0.621s] -- Up-to-date: /home/bodlaire/Desktop/Work/Mocap/install/drive_bridge_msg/lib/python3.8/site-packages/drive_bridge_msg/drive_bridge_msg_s__rosidl_typesupport_c.cpython-38-x86_64-linux-gnu.so
[0.621s] -- Up-to-date: /home/bodlaire/Desktop/Work/Mocap/install/drive_bridge_msg/lib/libdrive_bridge_msg__python.so
[0.622s] -- Up-to-date: /home/bodlaire/Desktop/Work/Mocap/install/drive_bridge_msg/share/drive_bridge_msg/msg/InputValues.idl
[0.622s] -- Up-to-date: /home/bodlaire/Desktop/Work/Mocap/install/drive_bridge_msg/share/drive_bridge_msg/msg/InputValues.msg
[0.622s] -- Up-to-date: /home/bodlaire/Desktop/Work/Mocap/install/drive_bridge_msg/share/ament_index/resource_index/package_run_dependencies/drive_bridge_msg
[0.622s] -- Up-to-date: /home/bodlaire/Desktop/Work/Mocap/install/drive_bridge_msg/share/ament_index/resource_index/parent_prefix_path/drive_bridge_msg
[0.622s] -- Up-to-date: /home/bodlaire/Desktop/Work/Mocap/install/drive_bridge_msg/share/drive_bridge_msg/environment/ament_prefix_path.sh
[0.622s] -- Up-to-date: /home/bodlaire/Desktop/Work/Mocap/install/drive_bridge_msg/share/drive_bridge_msg/environment/ament_prefix_path.dsv
[0.623s] -- Up-to-date: /home/bodlaire/Desktop/Work/Mocap/install/drive_bridge_msg/share/drive_bridge_msg/environment/path.sh
[0.623s] -- Up-to-date: /home/bodlaire/Desktop/Work/Mocap/install/drive_bridge_msg/share/drive_bridge_msg/environment/path.dsv
[0.623s] -- Up-to-date: /home/bodlaire/Desktop/Work/Mocap/install/drive_bridge_msg/share/drive_bridge_msg/local_setup.bash
[0.623s] -- Up-to-date: /home/bodlaire/Desktop/Work/Mocap/install/drive_bridge_msg/share/drive_bridge_msg/local_setup.sh
[0.623s] -- Up-to-date: /home/bodlaire/Desktop/Work/Mocap/install/drive_bridge_msg/share/drive_bridge_msg/local_setup.zsh
[0.623s] -- Up-to-date: /home/bodlaire/Desktop/Work/Mocap/install/drive_bridge_msg/share/drive_bridge_msg/local_setup.dsv
[0.623s] -- Installing: /home/bodlaire/Desktop/Work/Mocap/install/drive_bridge_msg/share/drive_bridge_msg/package.dsv
[0.623s] -- Up-to-date: /home/bodlaire/Desktop/Work/Mocap/install/drive_bridge_msg/share/ament_index/resource_index/packages/drive_bridge_msg
[0.623s] -- Up-to-date: /home/bodlaire/Desktop/Work/Mocap/install/drive_bridge_msg/share/drive_bridge_msg/cmake/drive_bridge_msg__rosidl_generator_cExport.cmake
[0.623s] -- Up-to-date: /home/bodlaire/Desktop/Work/Mocap/install/drive_bridge_msg/share/drive_bridge_msg/cmake/drive_bridge_msg__rosidl_generator_cExport-noconfig.cmake
[0.624s] -- Up-to-date: /home/bodlaire/Desktop/Work/Mocap/install/drive_bridge_msg/share/drive_bridge_msg/cmake/drive_bridge_msg__rosidl_typesupport_introspection_cExport.cmake
[0.624s] -- Up-to-date: /home/bodlaire/Desktop/Work/Mocap/install/drive_bridge_msg/share/drive_bridge_msg/cmake/drive_bridge_msg__rosidl_typesupport_introspection_cExport-noconfig.cmake
[0.624s] -- Up-to-date: /home/bodlaire/Desktop/Work/Mocap/install/drive_bridge_msg/share/drive_bridge_msg/cmake/drive_bridge_msg__rosidl_typesupport_cExport.cmake
[0.624s] -- Up-to-date: /home/bodlaire/Desktop/Work/Mocap/install/drive_bridge_msg/share/drive_bridge_msg/cmake/drive_bridge_msg__rosidl_typesupport_cExport-noconfig.cmake
[0.624s] -- Up-to-date: /home/bodlaire/Desktop/Work/Mocap/install/drive_bridge_msg/share/drive_bridge_msg/cmake/drive_bridge_msg__rosidl_generator_cppExport.cmake
[0.624s] -- Up-to-date: /home/bodlaire/Desktop/Work/Mocap/install/drive_bridge_msg/share/drive_bridge_msg/cmake/drive_bridge_msg__rosidl_typesupport_introspection_cppExport.cmake
[0.624s] -- Up-to-date: /home/bodlaire/Desktop/Work/Mocap/install/drive_bridge_msg/share/drive_bridge_msg/cmake/drive_bridge_msg__rosidl_typesupport_introspection_cppExport-noconfig.cmake
[0.624s] -- Up-to-date: /home/bodlaire/Desktop/Work/Mocap/install/drive_bridge_msg/share/drive_bridge_msg/cmake/drive_bridge_msg__rosidl_typesupport_cppExport.cmake
[0.624s] -- Up-to-date: /home/bodlaire/Desktop/Work/Mocap/install/drive_bridge_msg/share/drive_bridge_msg/cmake/drive_bridge_msg__rosidl_typesupport_cppExport-noconfig.cmake
[0.625s] -- Up-to-date: /home/bodlaire/Desktop/Work/Mocap/install/drive_bridge_msg/share/drive_bridge_msg/cmake/rosidl_cmake-extras.cmake
[0.625s] -- Up-to-date: /home/bodlaire/Desktop/Work/Mocap/install/drive_bridge_msg/share/drive_bridge_msg/cmake/ament_cmake_export_dependencies-extras.cmake
[0.625s] -- Up-to-date: /home/bodlaire/Desktop/Work/Mocap/install/drive_bridge_msg/share/drive_bridge_msg/cmake/ament_cmake_export_libraries-extras.cmake
[0.625s] -- Up-to-date: /home/bodlaire/Desktop/Work/Mocap/install/drive_bridge_msg/share/drive_bridge_msg/cmake/ament_cmake_export_targets-extras.cmake
[0.625s] -- Up-to-date: /home/bodlaire/Desktop/Work/Mocap/install/drive_bridge_msg/share/drive_bridge_msg/cmake/ament_cmake_export_include_directories-extras.cmake
[0.625s] -- Up-to-date: /home/bodlaire/Desktop/Work/Mocap/install/drive_bridge_msg/share/drive_bridge_msg/cmake/rosidl_cmake_export_typesupport_libraries-extras.cmake
[0.625s] -- Up-to-date: /home/bodlaire/Desktop/Work/Mocap/install/drive_bridge_msg/share/drive_bridge_msg/cmake/rosidl_cmake_export_typesupport_targets-extras.cmake
[0.625s] -- Up-to-date: /home/bodlaire/Desktop/Work/Mocap/install/drive_bridge_msg/share/drive_bridge_msg/cmake/drive_bridge_msgConfig.cmake
[0.625s] -- Up-to-date: /home/bodlaire/Desktop/Work/Mocap/install/drive_bridge_msg/share/drive_bridge_msg/cmake/drive_bridge_msgConfig-version.cmake
[0.625s] -- Up-to-date: /home/bodlaire/Desktop/Work/Mocap/install/drive_bridge_msg/share/drive_bridge_msg/package.xml
[0.627s] Invoked command in '/home/bodlaire/Desktop/Work/Mocap/build/drive_bridge_msg' returned '0': CMAKE_PREFIX_PATH=/opt/ros/foxy /usr/bin/cmake --install /home/bodlaire/Desktop/Work/Mocap/build/drive_bridge_msg
