In file included from [01m[K/home/bodlaire/Desktop/Work/Mocap/build/vehicle_state_msgs/rosidl_generator_c/vehicle_state_msgs/msg/detail/input_value__functions.h:19[m[K,
                 from [01m[K/home/bodlaire/Desktop/Work/Mocap/build/vehicle_state_msgs/rosidl_generator_c/vehicle_state_msgs/msg/detail/input_value__functions.c:4[m[K:
[01m[K/home/bodlaire/Desktop/Work/Mocap/build/vehicle_state_msgs/rosidl_generator_c/vehicle_state_msgs/msg/detail/input_value__struct.h:22:10:[m[K [01;31m[Kfatal error: [m[Kvehicle_state_msgs/msg/detail/header__struct.h: No such file or directory
   22 | #include [01;31m[K"vehicle_state_msgs/msg/detail/header__struct.h"[m[K
      |          [01;31m[K^~~~~~~~~~~~~~~~~~~~~~~~~~~~~~~~~~~~~~~~~~~~~~~~[m[K
compilation terminated.
make[2]: *** [CMakeFiles/vehicle_state_msgs__rosidl_generator_c.dir/build.make:124: CMakeFiles/vehicle_state_msgs__rosidl_generator_c.dir/rosidl_generator_c/vehicle_state_msgs/msg/detail/input_value__functions.c.o] Error 1
make[1]: *** [CMakeFiles/Makefile2:302: CMakeFiles/vehicle_state_msgs__rosidl_generator_c.dir/all] Error 2
make[1]: *** Waiting for unfinished jobs....
In file included from [01m[K/home/bodlaire/Desktop/Work/Mocap/build/vehicle_state_msgs/rosidl_typesupport_cpp/vehicle_state_msgs/msg/input_value__type_support.cpp:7[m[K:
[01m[K/home/bodlaire/Desktop/Work/Mocap/build/vehicle_state_msgs/rosidl_generator_cpp/vehicle_state_msgs/msg/detail/input_value__struct.hpp:19:10:[m[K [01;31m[Kfatal error: [m[Kvehicle_state_msgs/msg/detail/header__struct.hpp: No such file or directory
   19 | #include [01;31m[K"vehicle_state_msgs/msg/detail/header__struct.hpp"[m[K
      |          [01;31m[K^~~~~~~~~~~~~~~~~~~~~~~~~~~~~~~~~~~~~~~~~~~~~~~~~~[m[K
compilation terminated.
make[2]: *** [CMakeFiles/vehicle_state_msgs__rosidl_typesupport_cpp.dir/build.make:105: CMakeFiles/vehicle_state_msgs__rosidl_typesupport_cpp.dir/rosidl_typesupport_cpp/vehicle_state_msgs/msg/input_value__type_support.cpp.o] Error 1
make[1]: *** [CMakeFiles/Makefile2:442: CMakeFiles/vehicle_state_msgs__rosidl_typesupport_cpp.dir/all] Error 2
In file included from [01m[K/home/bodlaire/Desktop/Work/Mocap/build/vehicle_state_msgs/rosidl_typesupport_introspection_cpp/vehicle_state_msgs/msg/detail/input_value__type_support.cpp:12[m[K:
[01m[K/home/bodlaire/Desktop/Work/Mocap/build/vehicle_state_msgs/rosidl_generator_cpp/vehicle_state_msgs/msg/detail/input_value__struct.hpp:19:10:[m[K [01;31m[Kfatal error: [m[Kvehicle_state_msgs/msg/detail/header__struct.hpp: No such file or directory
   19 | #include [01;31m[K"vehicle_state_msgs/msg/detail/header__struct.hpp"[m[K
      |          [01;31m[K^~~~~~~~~~~~~~~~~~~~~~~~~~~~~~~~~~~~~~~~~~~~~~~~~~[m[K
compilation terminated.
make[2]: *** [CMakeFiles/vehicle_state_msgs__rosidl_typesupport_introspection_cpp.dir/build.make:110: CMakeFiles/vehicle_state_msgs__rosidl_typesupport_introspection_cpp.dir/rosidl_typesupport_introspection_cpp/vehicle_state_msgs/msg/detail/input_value__type_support.cpp.o] Error 1
make[1]: *** [CMakeFiles/Makefile2:496: CMakeFiles/vehicle_state_msgs__rosidl_typesupport_introspection_cpp.dir/all] Error 2
In file included from [01m[K/home/bodlaire/Desktop/Work/Mocap/build/vehicle_state_msgs/rosidl_typesupport_fastrtps_cpp/vehicle_state_msgs/msg/detail/input_value__rosidl_typesupport_fastrtps_cpp.hpp:11[m[K,
                 from [01m[K/home/bodlaire/Desktop/Work/Mocap/build/vehicle_state_msgs/rosidl_typesupport_fastrtps_cpp/vehicle_state_msgs/msg/detail/dds_fastrtps/input_value__type_support.cpp:4[m[K:
[01m[K/home/bodlaire/Desktop/Work/Mocap/build/vehicle_state_msgs/rosidl_generator_cpp/vehicle_state_msgs/msg/detail/input_value__struct.hpp:19:10:[m[K [01;31m[Kfatal error: [m[Kvehicle_state_msgs/msg/detail/header__struct.hpp: No such file or directory
   19 | #include [01;31m[K"vehicle_state_msgs/msg/detail/header__struct.hpp"[m[K
      |          [01;31m[K^~~~~~~~~~~~~~~~~~~~~~~~~~~~~~~~~~~~~~~~~~~~~~~~~~[m[K
compilation terminated.
make[2]: *** [CMakeFiles/vehicle_state_msgs__rosidl_typesupport_fastrtps_cpp.dir/build.make:110: CMakeFiles/vehicle_state_msgs__rosidl_typesupport_fastrtps_cpp.dir/rosidl_typesupport_fastrtps_cpp/vehicle_state_msgs/msg/detail/dds_fastrtps/input_value__type_support.cpp.o] Error 1
make[1]: *** [CMakeFiles/Makefile2:329: CMakeFiles/vehicle_state_msgs__rosidl_typesupport_fastrtps_cpp.dir/all] Error 2
make: *** [Makefile:141: all] Error 2
