[0.343s] Invoking command in '/home/bodlaire/Desktop/Work/Mocap/build/vehicle_state_msgs': CMAKE_PREFIX_PATH=/opt/ros/foxy /usr/bin/cmake --build /home/bodlaire/Desktop/Work/Mocap/build/vehicle_state_msgs -- -j16 -l16
[0.361s] -- Found ament_cmake: 0.9.12 (/opt/ros/foxy/share/ament_cmake/cmake)
[0.377s] -- Found PythonInterp: /usr/bin/python3 (found suitable version "3.8.10", minimum required is "3") 
[0.378s] -- Using PYTHON_EXECUTABLE: /usr/bin/python3
[0.497s] -- Found rosidl_default_generators: 1.0.1 (/opt/ros/foxy/share/rosidl_default_generators/cmake)
[0.500s] -- Using all available rosidl_typesupport_c: rosidl_typesupport_fastrtps_c;rosidl_typesupport_introspection_c
[0.501s] -- Found rosidl_adapter: 1.3.1 (/opt/ros/foxy/share/rosidl_adapter/cmake)
[0.599s] -- Using all available rosidl_typesupport_cpp: rosidl_typesupport_fastrtps_cpp;rosidl_typesupport_introspection_cpp
[0.622s] -- Found std_msgs: 2.0.5 (/opt/ros/foxy/share/std_msgs/cmake)
[0.660s] -- Found PythonInterp: /usr/bin/python3 (found version "3.8.10") 
[0.758s] -- Found ament_cmake_ros: 0.9.2 (/opt/ros/foxy/share/ament_cmake_ros/cmake)
[0.872s] -- Using all available rosidl_typesupport_c: rosidl_typesupport_fastrtps_c;rosidl_typesupport_introspection_c
[0.913s] -- Using all available rosidl_typesupport_cpp: rosidl_typesupport_fastrtps_cpp;rosidl_typesupport_introspection_cpp
[0.932s] -- Found PythonInterp: /usr/bin/python3 (found suitable version "3.8.10", minimum required is "3.5") 
[0.934s] -- Found python_cmake_module: 0.8.1 (/opt/ros/foxy/share/python_cmake_module/cmake)
[0.954s] -- Using PYTHON_EXECUTABLE: /usr/bin/python3
[0.955s] -- Using PYTHON_INCLUDE_DIRS: /usr/include/python3.8
[0.955s] -- Using PYTHON_LIBRARIES: /usr/lib/x86_64-linux-gnu/libpython3.8.so
[0.978s] -- Found ament_lint_auto: 0.9.8 (/opt/ros/foxy/share/ament_lint_auto/cmake)
[0.984s] -- Added test 'copyright' to check source files copyright and LICENSE
[0.985s] -- Added test 'lint_cmake' to check CMake code style
[0.985s] -- Added test 'xmllint' to check XML markup files
[0.988s] -- Configuring done
[1.018s] -- Generating done
[1.023s] -- Build files have been written to: /home/bodlaire/Desktop/Work/Mocap/build/vehicle_state_msgs
[1.043s] [  3%] [34m[1mGenerating C code for ROS interfaces[0m
[1.051s] [  6%] [34m[1mGenerating C++ code for ROS interfaces[0m
[1.196s] [35m[1mScanning dependencies of target vehicle_state_msgs__rosidl_generator_c[0m
[1.204s] [  9%] [32mBuilding C object CMakeFiles/vehicle_state_msgs__rosidl_generator_c.dir/rosidl_generator_c/vehicle_state_msgs/msg/detail/input_value__functions.c.o[0m
[1.209s] [  9%] Built target vehicle_state_msgs__cpp
[1.217s] [ 19%] [34m[1mGenerating C++ type support for eProsima Fast-RTPS[0m
[1.217s] [ 19%] [34m[1mGenerating C++ type support dispatch for ROS interfaces[0m
[1.217s] [ 19%] [34m[1mGenerating C++ introspection for ROS interfaces[0m
[1.219s] In file included from [01m[K/home/bodlaire/Desktop/Work/Mocap/build/vehicle_state_msgs/rosidl_generator_c/vehicle_state_msgs/msg/detail/input_value__functions.h:19[m[K,
[1.219s]                  from [01m[K/home/bodlaire/Desktop/Work/Mocap/build/vehicle_state_msgs/rosidl_generator_c/vehicle_state_msgs/msg/detail/input_value__functions.c:4[m[K:
[1.220s] [01m[K/home/bodlaire/Desktop/Work/Mocap/build/vehicle_state_msgs/rosidl_generator_c/vehicle_state_msgs/msg/detail/input_value__struct.h:22:10:[m[K [01;31m[Kfatal error: [m[Kvehicle_state_msgs/msg/detail/header__struct.h: No such file or directory
[1.220s]    22 | #include [01;31m[K"vehicle_state_msgs/msg/detail/header__struct.h"[m[K
[1.220s]       |          [01;31m[K^~~~~~~~~~~~~~~~~~~~~~~~~~~~~~~~~~~~~~~~~~~~~~~~[m[K
[1.220s] compilation terminated.
[1.221s] make[2]: *** [CMakeFiles/vehicle_state_msgs__rosidl_generator_c.dir/build.make:124: CMakeFiles/vehicle_state_msgs__rosidl_generator_c.dir/rosidl_generator_c/vehicle_state_msgs/msg/detail/input_value__functions.c.o] Error 1
[1.221s] make[1]: *** [CMakeFiles/Makefile2:302: CMakeFiles/vehicle_state_msgs__rosidl_generator_c.dir/all] Error 2
[1.221s] make[1]: *** Waiting for unfinished jobs....
[1.352s] [35m[1mScanning dependencies of target vehicle_state_msgs__rosidl_typesupport_cpp[0m
[1.359s] [35m[1mScanning dependencies of target vehicle_state_msgs__rosidl_typesupport_introspection_cpp[0m
[1.363s] [ 22%] [32mBuilding CXX object CMakeFiles/vehicle_state_msgs__rosidl_typesupport_cpp.dir/rosidl_typesupport_cpp/vehicle_state_msgs/msg/input_value__type_support.cpp.o[0m
[1.367s] [ 25%] [32mBuilding CXX object CMakeFiles/vehicle_state_msgs__rosidl_typesupport_introspection_cpp.dir/rosidl_typesupport_introspection_cpp/vehicle_state_msgs/msg/detail/input_value__type_support.cpp.o[0m
[1.370s] [35m[1mScanning dependencies of target vehicle_state_msgs__rosidl_typesupport_fastrtps_cpp[0m
[1.384s] [ 29%] [32mBuilding CXX object CMakeFiles/vehicle_state_msgs__rosidl_typesupport_fastrtps_cpp.dir/rosidl_typesupport_fastrtps_cpp/vehicle_state_msgs/msg/detail/dds_fastrtps/input_value__type_support.cpp.o[0m
[1.390s] In file included from [01m[K/home/bodlaire/Desktop/Work/Mocap/build/vehicle_state_msgs/rosidl_typesupport_cpp/vehicle_state_msgs/msg/input_value__type_support.cpp:7[m[K:
[1.390s] [01m[K/home/bodlaire/Desktop/Work/Mocap/build/vehicle_state_msgs/rosidl_generator_cpp/vehicle_state_msgs/msg/detail/input_value__struct.hpp:19:10:[m[K [01;31m[Kfatal error: [m[Kvehicle_state_msgs/msg/detail/header__struct.hpp: No such file or directory
[1.390s]    19 | #include [01;31m[K"vehicle_state_msgs/msg/detail/header__struct.hpp"[m[K
[1.390s]       |          [01;31m[K^~~~~~~~~~~~~~~~~~~~~~~~~~~~~~~~~~~~~~~~~~~~~~~~~~[m[K
[1.391s] compilation terminated.
[1.391s] make[2]: *** [CMakeFiles/vehicle_state_msgs__rosidl_typesupport_cpp.dir/build.make:105: CMakeFiles/vehicle_state_msgs__rosidl_typesupport_cpp.dir/rosidl_typesupport_cpp/vehicle_state_msgs/msg/input_value__type_support.cpp.o] Error 1
[1.392s] make[1]: *** [CMakeFiles/Makefile2:442: CMakeFiles/vehicle_state_msgs__rosidl_typesupport_cpp.dir/all] Error 2
[1.394s] In file included from [01m[K/home/bodlaire/Desktop/Work/Mocap/build/vehicle_state_msgs/rosidl_typesupport_introspection_cpp/vehicle_state_msgs/msg/detail/input_value__type_support.cpp:12[m[K:
[1.394s] [01m[K/home/bodlaire/Desktop/Work/Mocap/build/vehicle_state_msgs/rosidl_generator_cpp/vehicle_state_msgs/msg/detail/input_value__struct.hpp:19:10:[m[K [01;31m[Kfatal error: [m[Kvehicle_state_msgs/msg/detail/header__struct.hpp: No such file or directory
[1.394s]    19 | #include [01;31m[K"vehicle_state_msgs/msg/detail/header__struct.hpp"[m[K
[1.394s]       |          [01;31m[K^~~~~~~~~~~~~~~~~~~~~~~~~~~~~~~~~~~~~~~~~~~~~~~~~~[m[K
[1.394s] compilation terminated.
[1.395s] make[2]: *** [CMakeFiles/vehicle_state_msgs__rosidl_typesupport_introspection_cpp.dir/build.make:110: CMakeFiles/vehicle_state_msgs__rosidl_typesupport_introspection_cpp.dir/rosidl_typesupport_introspection_cpp/vehicle_state_msgs/msg/detail/input_value__type_support.cpp.o] Error 1
[1.395s] make[1]: *** [CMakeFiles/Makefile2:496: CMakeFiles/vehicle_state_msgs__rosidl_typesupport_introspection_cpp.dir/all] Error 2
[1.414s] In file included from [01m[K/home/bodlaire/Desktop/Work/Mocap/build/vehicle_state_msgs/rosidl_typesupport_fastrtps_cpp/vehicle_state_msgs/msg/detail/input_value__rosidl_typesupport_fastrtps_cpp.hpp:11[m[K,
[1.414s]                  from [01m[K/home/bodlaire/Desktop/Work/Mocap/build/vehicle_state_msgs/rosidl_typesupport_fastrtps_cpp/vehicle_state_msgs/msg/detail/dds_fastrtps/input_value__type_support.cpp:4[m[K:
[1.414s] [01m[K/home/bodlaire/Desktop/Work/Mocap/build/vehicle_state_msgs/rosidl_generator_cpp/vehicle_state_msgs/msg/detail/input_value__struct.hpp:19:10:[m[K [01;31m[Kfatal error: [m[Kvehicle_state_msgs/msg/detail/header__struct.hpp: No such file or directory
[1.414s]    19 | #include [01;31m[K"vehicle_state_msgs/msg/detail/header__struct.hpp"[m[K
[1.414s]       |          [01;31m[K^~~~~~~~~~~~~~~~~~~~~~~~~~~~~~~~~~~~~~~~~~~~~~~~~~[m[K
[1.414s] compilation terminated.
[1.415s] make[2]: *** [CMakeFiles/vehicle_state_msgs__rosidl_typesupport_fastrtps_cpp.dir/build.make:110: CMakeFiles/vehicle_state_msgs__rosidl_typesupport_fastrtps_cpp.dir/rosidl_typesupport_fastrtps_cpp/vehicle_state_msgs/msg/detail/dds_fastrtps/input_value__type_support.cpp.o] Error 1
[1.415s] make[1]: *** [CMakeFiles/Makefile2:329: CMakeFiles/vehicle_state_msgs__rosidl_typesupport_fastrtps_cpp.dir/all] Error 2
[1.415s] make: *** [Makefile:141: all] Error 2
[1.417s] Invoked command in '/home/bodlaire/Desktop/Work/Mocap/build/vehicle_state_msgs' returned '2': CMAKE_PREFIX_PATH=/opt/ros/foxy /usr/bin/cmake --build /home/bodlaire/Desktop/Work/Mocap/build/vehicle_state_msgs -- -j16 -l16
