[0.486s] Invoking command in '/home/bodlaire/Desktop/Work/Mocap/build/mocap_msg': CMAKE_PREFIX_PATH=/opt/ros/foxy /usr/bin/cmake --build /home/bodlaire/Desktop/Work/Mocap/build/mocap_msg -- -j16 -l16
[1.159s] [  6%] Built target mocap_msg__cpp
[1.161s] [ 12%] Built target mocap_msg__rosidl_generator_c
[1.162s] [ 38%] Built target mocap_msg__rosidl_typesupport_introspection_c
[1.162s] [ 41%] Built target mocap_msg__rosidl_typesupport_introspection_cpp
[1.163s] [ 41%] Built target mocap_msg__rosidl_typesupport_c
[1.163s] [ 61%] Built target mocap_msg__rosidl_typesupport_cpp
[1.163s] [ 61%] Built target mocap_msg__rosidl_typesupport_fastrtps_cpp
[1.163s] [ 70%] Built target mocap_msg__rosidl_typesupport_fastrtps_c
[1.163s] [ 70%] Built target mocap_msg
[1.164s] [ 74%] Built target mocap_msg__py
[1.164s] [ 80%] Built target mocap_msg__python
[1.166s] [ 93%] Built target mocap_msg__rosidl_typesupport_fastrtps_c__pyext
[1.166s] [ 93%] Built target mocap_msg__rosidl_typesupport_introspection_c__pyext
[1.167s] [100%] Built target mocap_msg__rosidl_typesupport_c__pyext
[1.172s] Invoked command in '/home/bodlaire/Desktop/Work/Mocap/build/mocap_msg' returned '0': CMAKE_PREFIX_PATH=/opt/ros/foxy /usr/bin/cmake --build /home/bodlaire/Desktop/Work/Mocap/build/mocap_msg -- -j16 -l16
[1.207s] Invoking command in '/home/bodlaire/Desktop/Work/Mocap/build/mocap_msg': CMAKE_PREFIX_PATH=/opt/ros/foxy /usr/bin/cmake --install /home/bodlaire/Desktop/Work/Mocap/build/mocap_msg
[1.216s] -- Install configuration: ""
[1.216s] -- Up-to-date: /home/bodlaire/Desktop/Work/Mocap/install/mocap_msg/share/ament_index/resource_index/rosidl_interfaces/mocap_msg
[1.216s] -- Up-to-date: /home/bodlaire/Desktop/Work/Mocap/install/mocap_msg/include/mocap_msg
[1.216s] -- Up-to-date: /home/bodlaire/Desktop/Work/Mocap/install/mocap_msg/include/mocap_msg/msg
[1.216s] -- Up-to-date: /home/bodlaire/Desktop/Work/Mocap/install/mocap_msg/include/mocap_msg/msg/detail
[1.216s] -- Up-to-date: /home/bodlaire/Desktop/Work/Mocap/install/mocap_msg/include/mocap_msg/msg/detail/pos_value__functions.h
[1.217s] -- Up-to-date: /home/bodlaire/Desktop/Work/Mocap/install/mocap_msg/include/mocap_msg/msg/detail/pos_value__functions.c
[1.217s] -- Up-to-date: /home/bodlaire/Desktop/Work/Mocap/install/mocap_msg/include/mocap_msg/msg/detail/pos_value__struct.h
[1.217s] -- Up-to-date: /home/bodlaire/Desktop/Work/Mocap/install/mocap_msg/include/mocap_msg/msg/detail/pos_value__type_support.h
[1.217s] -- Up-to-date: /home/bodlaire/Desktop/Work/Mocap/install/mocap_msg/include/mocap_msg/msg/pos_value.h
[1.217s] -- Up-to-date: /home/bodlaire/Desktop/Work/Mocap/install/mocap_msg/include/mocap_msg/msg/rosidl_generator_c__visibility_control.h
[1.217s] -- Up-to-date: /home/bodlaire/Desktop/Work/Mocap/install/mocap_msg/share/mocap_msg/environment/library_path.sh
[1.217s] -- Up-to-date: /home/bodlaire/Desktop/Work/Mocap/install/mocap_msg/share/mocap_msg/environment/library_path.dsv
[1.217s] -- Up-to-date: /home/bodlaire/Desktop/Work/Mocap/install/mocap_msg/lib/libmocap_msg__rosidl_generator_c.so
[1.218s] -- Up-to-date: /home/bodlaire/Desktop/Work/Mocap/install/mocap_msg/include/mocap_msg
[1.218s] -- Up-to-date: /home/bodlaire/Desktop/Work/Mocap/install/mocap_msg/include/mocap_msg/msg
[1.218s] -- Up-to-date: /home/bodlaire/Desktop/Work/Mocap/install/mocap_msg/include/mocap_msg/msg/detail
[1.218s] -- Up-to-date: /home/bodlaire/Desktop/Work/Mocap/install/mocap_msg/include/mocap_msg/msg/detail/pos_value__rosidl_typesupport_fastrtps_c.h
[1.218s] -- Up-to-date: /home/bodlaire/Desktop/Work/Mocap/install/mocap_msg/include/mocap_msg/msg/rosidl_typesupport_fastrtps_c__visibility_control.h
[1.218s] -- Up-to-date: /home/bodlaire/Desktop/Work/Mocap/install/mocap_msg/lib/libmocap_msg__rosidl_typesupport_fastrtps_c.so
[1.218s] -- Up-to-date: /home/bodlaire/Desktop/Work/Mocap/install/mocap_msg/include/mocap_msg
[1.218s] -- Up-to-date: /home/bodlaire/Desktop/Work/Mocap/install/mocap_msg/include/mocap_msg/msg
[1.218s] -- Up-to-date: /home/bodlaire/Desktop/Work/Mocap/install/mocap_msg/include/mocap_msg/msg/detail
[1.218s] -- Up-to-date: /home/bodlaire/Desktop/Work/Mocap/install/mocap_msg/include/mocap_msg/msg/detail/pos_value__rosidl_typesupport_fastrtps_cpp.hpp
[1.218s] -- Up-to-date: /home/bodlaire/Desktop/Work/Mocap/install/mocap_msg/include/mocap_msg/msg/detail/dds_fastrtps
[1.219s] -- Up-to-date: /home/bodlaire/Desktop/Work/Mocap/install/mocap_msg/include/mocap_msg/msg/rosidl_typesupport_fastrtps_cpp__visibility_control.h
[1.219s] -- Up-to-date: /home/bodlaire/Desktop/Work/Mocap/install/mocap_msg/lib/libmocap_msg__rosidl_typesupport_fastrtps_cpp.so
[1.219s] -- Up-to-date: /home/bodlaire/Desktop/Work/Mocap/install/mocap_msg/include/mocap_msg
[1.220s] -- Up-to-date: /home/bodlaire/Desktop/Work/Mocap/install/mocap_msg/include/mocap_msg/msg
[1.220s] -- Up-to-date: /home/bodlaire/Desktop/Work/Mocap/install/mocap_msg/include/mocap_msg/msg/detail
[1.220s] -- Up-to-date: /home/bodlaire/Desktop/Work/Mocap/install/mocap_msg/include/mocap_msg/msg/detail/pos_value__rosidl_typesupport_introspection_c.h
[1.220s] -- Up-to-date: /home/bodlaire/Desktop/Work/Mocap/install/mocap_msg/include/mocap_msg/msg/detail/pos_value__type_support.c
[1.220s] -- Up-to-date: /home/bodlaire/Desktop/Work/Mocap/install/mocap_msg/include/mocap_msg/msg/rosidl_typesupport_introspection_c__visibility_control.h
[1.220s] -- Up-to-date: /home/bodlaire/Desktop/Work/Mocap/install/mocap_msg/lib/libmocap_msg__rosidl_typesupport_introspection_c.so
[1.220s] -- Up-to-date: /home/bodlaire/Desktop/Work/Mocap/install/mocap_msg/lib/libmocap_msg__rosidl_typesupport_c.so
[1.221s] -- Up-to-date: /home/bodlaire/Desktop/Work/Mocap/install/mocap_msg/include/mocap_msg
[1.221s] -- Up-to-date: /home/bodlaire/Desktop/Work/Mocap/install/mocap_msg/include/mocap_msg/msg
[1.221s] -- Up-to-date: /home/bodlaire/Desktop/Work/Mocap/install/mocap_msg/include/mocap_msg/msg/rosidl_generator_cpp__visibility_control.hpp
[1.221s] -- Up-to-date: /home/bodlaire/Desktop/Work/Mocap/install/mocap_msg/include/mocap_msg/msg/pos_value.hpp
[1.221s] -- Up-to-date: /home/bodlaire/Desktop/Work/Mocap/install/mocap_msg/include/mocap_msg/msg/detail
[1.221s] -- Up-to-date: /home/bodlaire/Desktop/Work/Mocap/install/mocap_msg/include/mocap_msg/msg/detail/pos_value__traits.hpp
[1.221s] -- Up-to-date: /home/bodlaire/Desktop/Work/Mocap/install/mocap_msg/include/mocap_msg/msg/detail/pos_value__type_support.hpp
[1.221s] -- Up-to-date: /home/bodlaire/Desktop/Work/Mocap/install/mocap_msg/include/mocap_msg/msg/detail/pos_value__struct.hpp
[1.221s] -- Up-to-date: /home/bodlaire/Desktop/Work/Mocap/install/mocap_msg/include/mocap_msg/msg/detail/pos_value__builder.hpp
[1.222s] -- Up-to-date: /home/bodlaire/Desktop/Work/Mocap/install/mocap_msg/include/mocap_msg
[1.222s] -- Up-to-date: /home/bodlaire/Desktop/Work/Mocap/install/mocap_msg/include/mocap_msg/msg
[1.222s] -- Up-to-date: /home/bodlaire/Desktop/Work/Mocap/install/mocap_msg/include/mocap_msg/msg/detail
[1.222s] -- Up-to-date: /home/bodlaire/Desktop/Work/Mocap/install/mocap_msg/include/mocap_msg/msg/detail/pos_value__rosidl_typesupport_introspection_cpp.hpp
[1.222s] -- Up-to-date: /home/bodlaire/Desktop/Work/Mocap/install/mocap_msg/include/mocap_msg/msg/detail/pos_value__type_support.cpp
[1.222s] -- Up-to-date: /home/bodlaire/Desktop/Work/Mocap/install/mocap_msg/lib/libmocap_msg__rosidl_typesupport_introspection_cpp.so
[1.222s] -- Up-to-date: /home/bodlaire/Desktop/Work/Mocap/install/mocap_msg/lib/libmocap_msg__rosidl_typesupport_cpp.so
[1.222s] -- Up-to-date: /home/bodlaire/Desktop/Work/Mocap/install/mocap_msg/share/mocap_msg/environment/pythonpath.sh
[1.222s] -- Up-to-date: /home/bodlaire/Desktop/Work/Mocap/install/mocap_msg/share/mocap_msg/environment/pythonpath.dsv
[1.222s] -- Up-to-date: /home/bodlaire/Desktop/Work/Mocap/install/mocap_msg/lib/python3.8/site-packages/mocap_msg/__init__.py
[1.242s] -- Up-to-date: /home/bodlaire/Desktop/Work/Mocap/install/mocap_msg/lib/python3.8/site-packages/mocap_msg/msg
[1.242s] -- Up-to-date: /home/bodlaire/Desktop/Work/Mocap/install/mocap_msg/lib/python3.8/site-packages/mocap_msg/msg/_pos_value.py
[1.242s] -- Up-to-date: /home/bodlaire/Desktop/Work/Mocap/install/mocap_msg/lib/python3.8/site-packages/mocap_msg/msg/_pos_value_s.c
[1.242s] -- Up-to-date: /home/bodlaire/Desktop/Work/Mocap/install/mocap_msg/lib/python3.8/site-packages/mocap_msg/msg/__init__.py
[1.243s] -- Up-to-date: /home/bodlaire/Desktop/Work/Mocap/install/mocap_msg/lib/python3.8/site-packages/mocap_msg/mocap_msg_s__rosidl_typesupport_fastrtps_c.cpython-38-x86_64-linux-gnu.so
[1.246s] -- Up-to-date: /home/bodlaire/Desktop/Work/Mocap/install/mocap_msg/lib/python3.8/site-packages/mocap_msg/mocap_msg_s__rosidl_typesupport_introspection_c.cpython-38-x86_64-linux-gnu.so
[1.246s] -- Up-to-date: /home/bodlaire/Desktop/Work/Mocap/install/mocap_msg/lib/python3.8/site-packages/mocap_msg/mocap_msg_s__rosidl_typesupport_c.cpython-38-x86_64-linux-gnu.so
[1.246s] -- Up-to-date: /home/bodlaire/Desktop/Work/Mocap/install/mocap_msg/lib/libmocap_msg__python.so
[1.246s] -- Up-to-date: /home/bodlaire/Desktop/Work/Mocap/install/mocap_msg/share/mocap_msg/msg/PosValue.idl
[1.246s] -- Up-to-date: /home/bodlaire/Desktop/Work/Mocap/install/mocap_msg/share/mocap_msg/msg/PosValue.msg
[1.246s] -- Up-to-date: /home/bodlaire/Desktop/Work/Mocap/install/mocap_msg/share/ament_index/resource_index/package_run_dependencies/mocap_msg
[1.247s] -- Up-to-date: /home/bodlaire/Desktop/Work/Mocap/install/mocap_msg/share/ament_index/resource_index/parent_prefix_path/mocap_msg
[1.248s] -- Up-to-date: /home/bodlaire/Desktop/Work/Mocap/install/mocap_msg/share/mocap_msg/environment/ament_prefix_path.sh
[1.248s] -- Up-to-date: /home/bodlaire/Desktop/Work/Mocap/install/mocap_msg/share/mocap_msg/environment/ament_prefix_path.dsv
[1.248s] -- Up-to-date: /home/bodlaire/Desktop/Work/Mocap/install/mocap_msg/share/mocap_msg/environment/path.sh
[1.248s] -- Up-to-date: /home/bodlaire/Desktop/Work/Mocap/install/mocap_msg/share/mocap_msg/environment/path.dsv
[1.249s] -- Up-to-date: /home/bodlaire/Desktop/Work/Mocap/install/mocap_msg/share/mocap_msg/local_setup.bash
[1.250s] -- Up-to-date: /home/bodlaire/Desktop/Work/Mocap/install/mocap_msg/share/mocap_msg/local_setup.sh
[1.250s] -- Up-to-date: /home/bodlaire/Desktop/Work/Mocap/install/mocap_msg/share/mocap_msg/local_setup.zsh
[1.251s] -- Up-to-date: /home/bodlaire/Desktop/Work/Mocap/install/mocap_msg/share/mocap_msg/local_setup.dsv
[1.251s] -- Installing: /home/bodlaire/Desktop/Work/Mocap/install/mocap_msg/share/mocap_msg/package.dsv
[1.251s] -- Up-to-date: /home/bodlaire/Desktop/Work/Mocap/install/mocap_msg/share/ament_index/resource_index/packages/mocap_msg
[1.251s] -- Up-to-date: /home/bodlaire/Desktop/Work/Mocap/install/mocap_msg/share/mocap_msg/cmake/mocap_msg__rosidl_generator_cExport.cmake
[1.251s] -- Up-to-date: /home/bodlaire/Desktop/Work/Mocap/install/mocap_msg/share/mocap_msg/cmake/mocap_msg__rosidl_generator_cExport-noconfig.cmake
[1.252s] -- Up-to-date: /home/bodlaire/Desktop/Work/Mocap/install/mocap_msg/share/mocap_msg/cmake/mocap_msg__rosidl_typesupport_introspection_cExport.cmake
[1.253s] -- Up-to-date: /home/bodlaire/Desktop/Work/Mocap/install/mocap_msg/share/mocap_msg/cmake/mocap_msg__rosidl_typesupport_introspection_cExport-noconfig.cmake
[1.253s] -- Up-to-date: /home/bodlaire/Desktop/Work/Mocap/install/mocap_msg/share/mocap_msg/cmake/mocap_msg__rosidl_typesupport_cExport.cmake
[1.253s] -- Up-to-date: /home/bodlaire/Desktop/Work/Mocap/install/mocap_msg/share/mocap_msg/cmake/mocap_msg__rosidl_typesupport_cExport-noconfig.cmake
[1.253s] -- Up-to-date: /home/bodlaire/Desktop/Work/Mocap/install/mocap_msg/share/mocap_msg/cmake/mocap_msg__rosidl_generator_cppExport.cmake
[1.253s] -- Up-to-date: /home/bodlaire/Desktop/Work/Mocap/install/mocap_msg/share/mocap_msg/cmake/mocap_msg__rosidl_typesupport_introspection_cppExport.cmake
[1.253s] -- Up-to-date: /home/bodlaire/Desktop/Work/Mocap/install/mocap_msg/share/mocap_msg/cmake/mocap_msg__rosidl_typesupport_introspection_cppExport-noconfig.cmake
[1.254s] -- Up-to-date: /home/bodlaire/Desktop/Work/Mocap/install/mocap_msg/share/mocap_msg/cmake/mocap_msg__rosidl_typesupport_cppExport.cmake
[1.254s] -- Up-to-date: /home/bodlaire/Desktop/Work/Mocap/install/mocap_msg/share/mocap_msg/cmake/mocap_msg__rosidl_typesupport_cppExport-noconfig.cmake
[1.254s] -- Up-to-date: /home/bodlaire/Desktop/Work/Mocap/install/mocap_msg/share/mocap_msg/cmake/rosidl_cmake-extras.cmake
[1.254s] -- Up-to-date: /home/bodlaire/Desktop/Work/Mocap/install/mocap_msg/share/mocap_msg/cmake/ament_cmake_export_dependencies-extras.cmake
[1.254s] -- Up-to-date: /home/bodlaire/Desktop/Work/Mocap/install/mocap_msg/share/mocap_msg/cmake/ament_cmake_export_libraries-extras.cmake
[1.254s] -- Up-to-date: /home/bodlaire/Desktop/Work/Mocap/install/mocap_msg/share/mocap_msg/cmake/ament_cmake_export_targets-extras.cmake
[1.255s] -- Up-to-date: /home/bodlaire/Desktop/Work/Mocap/install/mocap_msg/share/mocap_msg/cmake/ament_cmake_export_include_directories-extras.cmake
[1.255s] -- Up-to-date: /home/bodlaire/Desktop/Work/Mocap/install/mocap_msg/share/mocap_msg/cmake/rosidl_cmake_export_typesupport_libraries-extras.cmake
[1.255s] -- Up-to-date: /home/bodlaire/Desktop/Work/Mocap/install/mocap_msg/share/mocap_msg/cmake/rosidl_cmake_export_typesupport_targets-extras.cmake
[1.255s] -- Up-to-date: /home/bodlaire/Desktop/Work/Mocap/install/mocap_msg/share/mocap_msg/cmake/mocap_msgConfig.cmake
[1.255s] -- Up-to-date: /home/bodlaire/Desktop/Work/Mocap/install/mocap_msg/share/mocap_msg/cmake/mocap_msgConfig-version.cmake
[1.255s] -- Up-to-date: /home/bodlaire/Desktop/Work/Mocap/install/mocap_msg/share/mocap_msg/package.xml
[1.406s] Invoked command in '/home/bodlaire/Desktop/Work/Mocap/build/mocap_msg' returned '0': CMAKE_PREFIX_PATH=/opt/ros/foxy /usr/bin/cmake --install /home/bodlaire/Desktop/Work/Mocap/build/mocap_msg
