[0.628s] Invoking command in '/home/bodlaire/Desktop/Work/Mocap/build/mocap_msg': CMAKE_PREFIX_PATH=${CMAKE_PREFIX_PATH}:/home/bodlaire/Desktop/Work/Mocap/install/vehicle_state_observer:/home/bodlaire/Desktop/Work/Mocap/install/remote_controller_pkg:/home/bodlaire/Desktop/Work/Mocap/install/mocap_pkg:/opt/ros/foxy /usr/bin/cmake --build /home/bodlaire/Desktop/Work/Mocap/build/mocap_msg -- -j16 -l16
[1.386s] [  3%] Built target mocap_msg__cpp
[1.387s] [ 12%] Built target mocap_msg__rosidl_generator_c
[1.387s] [ 32%] Built target mocap_msg__rosidl_typesupport_introspection_cpp
[1.389s] [ 32%] Built target mocap_msg__rosidl_typesupport_cpp
[1.389s] [ 51%] Built target mocap_msg__rosidl_typesupport_fastrtps_cpp
[1.389s] [ 51%] Built target mocap_msg__rosidl_typesupport_introspection_c
[1.389s] [ 61%] Built target mocap_msg__rosidl_typesupport_c
[1.390s] [ 70%] Built target mocap_msg__rosidl_typesupport_fastrtps_c
[1.391s] [ 70%] Built target mocap_msg
[1.391s] [ 74%] Built target mocap_msg__py
[1.391s] [ 80%] Built target mocap_msg__python
[1.392s] [ 93%] Built target mocap_msg__rosidl_typesupport_c__pyext
[1.393s] [ 93%] Built target mocap_msg__rosidl_typesupport_introspection_c__pyext
[1.394s] [100%] Built target mocap_msg__rosidl_typesupport_fastrtps_c__pyext
[1.404s] Invoked command in '/home/bodlaire/Desktop/Work/Mocap/build/mocap_msg' returned '0': CMAKE_PREFIX_PATH=${CMAKE_PREFIX_PATH}:/home/bodlaire/Desktop/Work/Mocap/install/vehicle_state_observer:/home/bodlaire/Desktop/Work/Mocap/install/remote_controller_pkg:/home/bodlaire/Desktop/Work/Mocap/install/mocap_pkg:/opt/ros/foxy /usr/bin/cmake --build /home/bodlaire/Desktop/Work/Mocap/build/mocap_msg -- -j16 -l16
[1.432s] Invoking command in '/home/bodlaire/Desktop/Work/Mocap/build/mocap_msg': CMAKE_PREFIX_PATH=${CMAKE_PREFIX_PATH}:/home/bodlaire/Desktop/Work/Mocap/install/vehicle_state_observer:/home/bodlaire/Desktop/Work/Mocap/install/remote_controller_pkg:/home/bodlaire/Desktop/Work/Mocap/install/mocap_pkg:/opt/ros/foxy /usr/bin/cmake --install /home/bodlaire/Desktop/Work/Mocap/build/mocap_msg
[1.440s] -- Install configuration: ""
[1.440s] -- Up-to-date: /home/bodlaire/Desktop/Work/Mocap/install/mocap_msg/share/ament_index/resource_index/rosidl_interfaces/mocap_msg
[1.440s] -- Up-to-date: /home/bodlaire/Desktop/Work/Mocap/install/mocap_msg/include/mocap_msg
[1.441s] -- Up-to-date: /home/bodlaire/Desktop/Work/Mocap/install/mocap_msg/include/mocap_msg/msg
[1.442s] -- Up-to-date: /home/bodlaire/Desktop/Work/Mocap/install/mocap_msg/include/mocap_msg/msg/detail
[1.442s] -- Up-to-date: /home/bodlaire/Desktop/Work/Mocap/install/mocap_msg/include/mocap_msg/msg/detail/pos_value__functions.h
[1.442s] -- Up-to-date: /home/bodlaire/Desktop/Work/Mocap/install/mocap_msg/include/mocap_msg/msg/detail/pos_value__functions.c
[1.442s] -- Up-to-date: /home/bodlaire/Desktop/Work/Mocap/install/mocap_msg/include/mocap_msg/msg/detail/pos_value__struct.h
[1.442s] -- Up-to-date: /home/bodlaire/Desktop/Work/Mocap/install/mocap_msg/include/mocap_msg/msg/detail/pos_value__type_support.h
[1.442s] -- Up-to-date: /home/bodlaire/Desktop/Work/Mocap/install/mocap_msg/include/mocap_msg/msg/pos_value.h
[1.442s] -- Up-to-date: /home/bodlaire/Desktop/Work/Mocap/install/mocap_msg/include/mocap_msg/msg/rosidl_generator_c__visibility_control.h
[1.443s] -- Up-to-date: /home/bodlaire/Desktop/Work/Mocap/install/mocap_msg/share/mocap_msg/environment/library_path.sh
[1.443s] -- Up-to-date: /home/bodlaire/Desktop/Work/Mocap/install/mocap_msg/share/mocap_msg/environment/library_path.dsv
[1.443s] -- Up-to-date: /home/bodlaire/Desktop/Work/Mocap/install/mocap_msg/lib/libmocap_msg__rosidl_generator_c.so
[1.443s] -- Up-to-date: /home/bodlaire/Desktop/Work/Mocap/install/mocap_msg/include/mocap_msg
[1.443s] -- Up-to-date: /home/bodlaire/Desktop/Work/Mocap/install/mocap_msg/include/mocap_msg/msg
[1.443s] -- Up-to-date: /home/bodlaire/Desktop/Work/Mocap/install/mocap_msg/include/mocap_msg/msg/detail
[1.443s] -- Up-to-date: /home/bodlaire/Desktop/Work/Mocap/install/mocap_msg/include/mocap_msg/msg/detail/pos_value__rosidl_typesupport_fastrtps_c.h
[1.443s] -- Up-to-date: /home/bodlaire/Desktop/Work/Mocap/install/mocap_msg/include/mocap_msg/msg/rosidl_typesupport_fastrtps_c__visibility_control.h
[1.443s] -- Up-to-date: /home/bodlaire/Desktop/Work/Mocap/install/mocap_msg/lib/libmocap_msg__rosidl_typesupport_fastrtps_c.so
[1.444s] -- Up-to-date: /home/bodlaire/Desktop/Work/Mocap/install/mocap_msg/include/mocap_msg
[1.444s] -- Up-to-date: /home/bodlaire/Desktop/Work/Mocap/install/mocap_msg/include/mocap_msg/msg
[1.444s] -- Up-to-date: /home/bodlaire/Desktop/Work/Mocap/install/mocap_msg/include/mocap_msg/msg/detail
[1.444s] -- Up-to-date: /home/bodlaire/Desktop/Work/Mocap/install/mocap_msg/include/mocap_msg/msg/detail/pos_value__rosidl_typesupport_fastrtps_cpp.hpp
[1.444s] -- Up-to-date: /home/bodlaire/Desktop/Work/Mocap/install/mocap_msg/include/mocap_msg/msg/detail/dds_fastrtps
[1.444s] -- Up-to-date: /home/bodlaire/Desktop/Work/Mocap/install/mocap_msg/include/mocap_msg/msg/rosidl_typesupport_fastrtps_cpp__visibility_control.h
[1.444s] -- Up-to-date: /home/bodlaire/Desktop/Work/Mocap/install/mocap_msg/lib/libmocap_msg__rosidl_typesupport_fastrtps_cpp.so
[1.444s] -- Up-to-date: /home/bodlaire/Desktop/Work/Mocap/install/mocap_msg/include/mocap_msg
[1.444s] -- Up-to-date: /home/bodlaire/Desktop/Work/Mocap/install/mocap_msg/include/mocap_msg/msg
[1.444s] -- Up-to-date: /home/bodlaire/Desktop/Work/Mocap/install/mocap_msg/include/mocap_msg/msg/detail
[1.444s] -- Up-to-date: /home/bodlaire/Desktop/Work/Mocap/install/mocap_msg/include/mocap_msg/msg/detail/pos_value__rosidl_typesupport_introspection_c.h
[1.445s] -- Up-to-date: /home/bodlaire/Desktop/Work/Mocap/install/mocap_msg/include/mocap_msg/msg/detail/pos_value__type_support.c
[1.445s] -- Up-to-date: /home/bodlaire/Desktop/Work/Mocap/install/mocap_msg/include/mocap_msg/msg/rosidl_typesupport_introspection_c__visibility_control.h
[1.445s] -- Up-to-date: /home/bodlaire/Desktop/Work/Mocap/install/mocap_msg/lib/libmocap_msg__rosidl_typesupport_introspection_c.so
[1.445s] -- Up-to-date: /home/bodlaire/Desktop/Work/Mocap/install/mocap_msg/lib/libmocap_msg__rosidl_typesupport_c.so
[1.445s] -- Up-to-date: /home/bodlaire/Desktop/Work/Mocap/install/mocap_msg/include/mocap_msg
[1.445s] -- Up-to-date: /home/bodlaire/Desktop/Work/Mocap/install/mocap_msg/include/mocap_msg/msg
[1.445s] -- Up-to-date: /home/bodlaire/Desktop/Work/Mocap/install/mocap_msg/include/mocap_msg/msg/rosidl_generator_cpp__visibility_control.hpp
[1.445s] -- Up-to-date: /home/bodlaire/Desktop/Work/Mocap/install/mocap_msg/include/mocap_msg/msg/pos_value.hpp
[1.446s] -- Up-to-date: /home/bodlaire/Desktop/Work/Mocap/install/mocap_msg/include/mocap_msg/msg/detail
[1.446s] -- Up-to-date: /home/bodlaire/Desktop/Work/Mocap/install/mocap_msg/include/mocap_msg/msg/detail/pos_value__traits.hpp
[1.446s] -- Up-to-date: /home/bodlaire/Desktop/Work/Mocap/install/mocap_msg/include/mocap_msg/msg/detail/pos_value__type_support.hpp
[1.446s] -- Up-to-date: /home/bodlaire/Desktop/Work/Mocap/install/mocap_msg/include/mocap_msg/msg/detail/pos_value__struct.hpp
[1.446s] -- Up-to-date: /home/bodlaire/Desktop/Work/Mocap/install/mocap_msg/include/mocap_msg/msg/detail/pos_value__builder.hpp
[1.446s] -- Up-to-date: /home/bodlaire/Desktop/Work/Mocap/install/mocap_msg/include/mocap_msg
[1.446s] -- Up-to-date: /home/bodlaire/Desktop/Work/Mocap/install/mocap_msg/include/mocap_msg/msg
[1.446s] -- Up-to-date: /home/bodlaire/Desktop/Work/Mocap/install/mocap_msg/include/mocap_msg/msg/detail
[1.446s] -- Up-to-date: /home/bodlaire/Desktop/Work/Mocap/install/mocap_msg/include/mocap_msg/msg/detail/pos_value__rosidl_typesupport_introspection_cpp.hpp
[1.446s] -- Up-to-date: /home/bodlaire/Desktop/Work/Mocap/install/mocap_msg/include/mocap_msg/msg/detail/pos_value__type_support.cpp
[1.446s] -- Up-to-date: /home/bodlaire/Desktop/Work/Mocap/install/mocap_msg/lib/libmocap_msg__rosidl_typesupport_introspection_cpp.so
[1.446s] -- Up-to-date: /home/bodlaire/Desktop/Work/Mocap/install/mocap_msg/lib/libmocap_msg__rosidl_typesupport_cpp.so
[1.446s] -- Up-to-date: /home/bodlaire/Desktop/Work/Mocap/install/mocap_msg/share/mocap_msg/environment/pythonpath.sh
[1.446s] -- Up-to-date: /home/bodlaire/Desktop/Work/Mocap/install/mocap_msg/share/mocap_msg/environment/pythonpath.dsv
[1.447s] -- Up-to-date: /home/bodlaire/Desktop/Work/Mocap/install/mocap_msg/lib/python3.8/site-packages/mocap_msg/__init__.py
[1.475s] -- Up-to-date: /home/bodlaire/Desktop/Work/Mocap/install/mocap_msg/lib/python3.8/site-packages/mocap_msg/msg
[1.476s] -- Up-to-date: /home/bodlaire/Desktop/Work/Mocap/install/mocap_msg/lib/python3.8/site-packages/mocap_msg/msg/_pos_value.py
[1.476s] -- Up-to-date: /home/bodlaire/Desktop/Work/Mocap/install/mocap_msg/lib/python3.8/site-packages/mocap_msg/msg/_pos_value_s.c
[1.476s] -- Up-to-date: /home/bodlaire/Desktop/Work/Mocap/install/mocap_msg/lib/python3.8/site-packages/mocap_msg/msg/__init__.py
[1.476s] -- Up-to-date: /home/bodlaire/Desktop/Work/Mocap/install/mocap_msg/lib/python3.8/site-packages/mocap_msg/mocap_msg_s__rosidl_typesupport_fastrtps_c.cpython-38-x86_64-linux-gnu.so
[1.478s] -- Up-to-date: /home/bodlaire/Desktop/Work/Mocap/install/mocap_msg/lib/python3.8/site-packages/mocap_msg/mocap_msg_s__rosidl_typesupport_introspection_c.cpython-38-x86_64-linux-gnu.so
[1.479s] -- Up-to-date: /home/bodlaire/Desktop/Work/Mocap/install/mocap_msg/lib/python3.8/site-packages/mocap_msg/mocap_msg_s__rosidl_typesupport_c.cpython-38-x86_64-linux-gnu.so
[1.480s] -- Up-to-date: /home/bodlaire/Desktop/Work/Mocap/install/mocap_msg/lib/libmocap_msg__python.so
[1.480s] -- Up-to-date: /home/bodlaire/Desktop/Work/Mocap/install/mocap_msg/share/mocap_msg/msg/PosValue.idl
[1.480s] -- Up-to-date: /home/bodlaire/Desktop/Work/Mocap/install/mocap_msg/share/mocap_msg/msg/PosValue.msg
[1.481s] -- Up-to-date: /home/bodlaire/Desktop/Work/Mocap/install/mocap_msg/share/ament_index/resource_index/package_run_dependencies/mocap_msg
[1.482s] -- Up-to-date: /home/bodlaire/Desktop/Work/Mocap/install/mocap_msg/share/ament_index/resource_index/parent_prefix_path/mocap_msg
[1.483s] -- Up-to-date: /home/bodlaire/Desktop/Work/Mocap/install/mocap_msg/share/mocap_msg/environment/ament_prefix_path.sh
[1.483s] -- Up-to-date: /home/bodlaire/Desktop/Work/Mocap/install/mocap_msg/share/mocap_msg/environment/ament_prefix_path.dsv
[1.483s] -- Up-to-date: /home/bodlaire/Desktop/Work/Mocap/install/mocap_msg/share/mocap_msg/environment/path.sh
[1.484s] -- Up-to-date: /home/bodlaire/Desktop/Work/Mocap/install/mocap_msg/share/mocap_msg/environment/path.dsv
[1.485s] -- Up-to-date: /home/bodlaire/Desktop/Work/Mocap/install/mocap_msg/share/mocap_msg/local_setup.bash
[1.486s] -- Up-to-date: /home/bodlaire/Desktop/Work/Mocap/install/mocap_msg/share/mocap_msg/local_setup.sh
[1.487s] -- Up-to-date: /home/bodlaire/Desktop/Work/Mocap/install/mocap_msg/share/mocap_msg/local_setup.zsh
[1.488s] -- Up-to-date: /home/bodlaire/Desktop/Work/Mocap/install/mocap_msg/share/mocap_msg/local_setup.dsv
[1.488s] -- Installing: /home/bodlaire/Desktop/Work/Mocap/install/mocap_msg/share/mocap_msg/package.dsv
[1.490s] -- Up-to-date: /home/bodlaire/Desktop/Work/Mocap/install/mocap_msg/share/ament_index/resource_index/packages/mocap_msg
[1.492s] -- Up-to-date: /home/bodlaire/Desktop/Work/Mocap/install/mocap_msg/share/mocap_msg/cmake/mocap_msg__rosidl_generator_cExport.cmake
[1.493s] -- Up-to-date: /home/bodlaire/Desktop/Work/Mocap/install/mocap_msg/share/mocap_msg/cmake/mocap_msg__rosidl_generator_cExport-noconfig.cmake
[1.497s] -- Up-to-date: /home/bodlaire/Desktop/Work/Mocap/install/mocap_msg/share/mocap_msg/cmake/mocap_msg__rosidl_typesupport_introspection_cExport.cmake
[1.500s] -- Up-to-date: /home/bodlaire/Desktop/Work/Mocap/install/mocap_msg/share/mocap_msg/cmake/mocap_msg__rosidl_typesupport_introspection_cExport-noconfig.cmake
[1.501s] -- Up-to-date: /home/bodlaire/Desktop/Work/Mocap/install/mocap_msg/share/mocap_msg/cmake/mocap_msg__rosidl_typesupport_cExport.cmake
[1.501s] -- Up-to-date: /home/bodlaire/Desktop/Work/Mocap/install/mocap_msg/share/mocap_msg/cmake/mocap_msg__rosidl_typesupport_cExport-noconfig.cmake
[1.502s] -- Up-to-date: /home/bodlaire/Desktop/Work/Mocap/install/mocap_msg/share/mocap_msg/cmake/mocap_msg__rosidl_generator_cppExport.cmake
[1.502s] -- Up-to-date: /home/bodlaire/Desktop/Work/Mocap/install/mocap_msg/share/mocap_msg/cmake/mocap_msg__rosidl_typesupport_introspection_cppExport.cmake
[1.503s] -- Up-to-date: /home/bodlaire/Desktop/Work/Mocap/install/mocap_msg/share/mocap_msg/cmake/mocap_msg__rosidl_typesupport_introspection_cppExport-noconfig.cmake
[1.504s] -- Up-to-date: /home/bodlaire/Desktop/Work/Mocap/install/mocap_msg/share/mocap_msg/cmake/mocap_msg__rosidl_typesupport_cppExport.cmake
[1.505s] -- Up-to-date: /home/bodlaire/Desktop/Work/Mocap/install/mocap_msg/share/mocap_msg/cmake/mocap_msg__rosidl_typesupport_cppExport-noconfig.cmake
[1.505s] -- Up-to-date: /home/bodlaire/Desktop/Work/Mocap/install/mocap_msg/share/mocap_msg/cmake/rosidl_cmake-extras.cmake
[1.506s] -- Up-to-date: /home/bodlaire/Desktop/Work/Mocap/install/mocap_msg/share/mocap_msg/cmake/ament_cmake_export_dependencies-extras.cmake
[1.506s] -- Up-to-date: /home/bodlaire/Desktop/Work/Mocap/install/mocap_msg/share/mocap_msg/cmake/ament_cmake_export_libraries-extras.cmake
[1.507s] -- Up-to-date: /home/bodlaire/Desktop/Work/Mocap/install/mocap_msg/share/mocap_msg/cmake/ament_cmake_export_targets-extras.cmake
[1.507s] -- Up-to-date: /home/bodlaire/Desktop/Work/Mocap/install/mocap_msg/share/mocap_msg/cmake/ament_cmake_export_include_directories-extras.cmake
[1.508s] -- Up-to-date: /home/bodlaire/Desktop/Work/Mocap/install/mocap_msg/share/mocap_msg/cmake/rosidl_cmake_export_typesupport_libraries-extras.cmake
[1.509s] -- Up-to-date: /home/bodlaire/Desktop/Work/Mocap/install/mocap_msg/share/mocap_msg/cmake/rosidl_cmake_export_typesupport_targets-extras.cmake
[1.510s] -- Up-to-date: /home/bodlaire/Desktop/Work/Mocap/install/mocap_msg/share/mocap_msg/cmake/mocap_msgConfig.cmake
[1.510s] -- Up-to-date: /home/bodlaire/Desktop/Work/Mocap/install/mocap_msg/share/mocap_msg/cmake/mocap_msgConfig-version.cmake
[1.510s] -- Up-to-date: /home/bodlaire/Desktop/Work/Mocap/install/mocap_msg/share/mocap_msg/package.xml
[1.764s] Invoked command in '/home/bodlaire/Desktop/Work/Mocap/build/mocap_msg' returned '0': CMAKE_PREFIX_PATH=${CMAKE_PREFIX_PATH}:/home/bodlaire/Desktop/Work/Mocap/install/vehicle_state_observer:/home/bodlaire/Desktop/Work/Mocap/install/remote_controller_pkg:/home/bodlaire/Desktop/Work/Mocap/install/mocap_pkg:/opt/ros/foxy /usr/bin/cmake --install /home/bodlaire/Desktop/Work/Mocap/build/mocap_msg
