[1.300s] Invoking command in '/home/bodlaire/Desktop/Work/Mocap/src/vehicle_state_observer': PYTHONPATH=/home/bodlaire/Desktop/Work/Mocap/build/vehicle_state_observer/prefix_override:/home/bodlaire/Desktop/Work/Mocap/install/vehicle_state_observer/lib/python3.8/site-packages:${PYTHONPATH} /usr/bin/python3 setup.py egg_info --egg-base ../../build/vehicle_state_observer build --build-base /home/bodlaire/Desktop/Work/Mocap/build/vehicle_state_observer/build install --record /home/bodlaire/Desktop/Work/Mocap/build/vehicle_state_observer/install.log --install-scripts $base/lib/vehicle_state_observer --single-version-externally-managed
[1.475s] running egg_info
[1.476s] writing ../../build/vehicle_state_observer/vehicle_state_observer.egg-info/PKG-INFO
[1.476s] writing dependency_links to ../../build/vehicle_state_observer/vehicle_state_observer.egg-info/dependency_links.txt
[1.476s] writing entry points to ../../build/vehicle_state_observer/vehicle_state_observer.egg-info/entry_points.txt
[1.476s] writing requirements to ../../build/vehicle_state_observer/vehicle_state_observer.egg-info/requires.txt
[1.476s] writing top-level names to ../../build/vehicle_state_observer/vehicle_state_observer.egg-info/top_level.txt
[1.476s] reading manifest file '../../build/vehicle_state_observer/vehicle_state_observer.egg-info/SOURCES.txt'
[1.476s] writing manifest file '../../build/vehicle_state_observer/vehicle_state_observer.egg-info/SOURCES.txt'
[1.476s] running build
[1.476s] running build_py
[1.476s] running install
[1.476s] running install_lib
[1.476s] running install_data
[1.476s] copying launch/launch.py -> /home/bodlaire/Desktop/Work/Mocap/install/vehicle_state_observer/share/vehicle_state_observer
[1.476s] running install_egg_info
[1.476s] removing '/home/bodlaire/Desktop/Work/Mocap/install/vehicle_state_observer/lib/python3.8/site-packages/vehicle_state_observer-0.0.0-py3.8.egg-info' (and everything under it)
[1.477s] Copying ../../build/vehicle_state_observer/vehicle_state_observer.egg-info to /home/bodlaire/Desktop/Work/Mocap/install/vehicle_state_observer/lib/python3.8/site-packages/vehicle_state_observer-0.0.0-py3.8.egg-info
[1.477s] running install_scripts
[1.489s] Installing optitrack_state_observer_node script to /home/bodlaire/Desktop/Work/Mocap/install/vehicle_state_observer/lib/vehicle_state_observer
[1.489s] writing list of installed files to '/home/bodlaire/Desktop/Work/Mocap/build/vehicle_state_observer/install.log'
[1.788s] Invoked command in '/home/bodlaire/Desktop/Work/Mocap/src/vehicle_state_observer' returned '0': PYTHONPATH=/home/bodlaire/Desktop/Work/Mocap/build/vehicle_state_observer/prefix_override:/home/bodlaire/Desktop/Work/Mocap/install/vehicle_state_observer/lib/python3.8/site-packages:${PYTHONPATH} /usr/bin/python3 setup.py egg_info --egg-base ../../build/vehicle_state_observer build --build-base /home/bodlaire/Desktop/Work/Mocap/build/vehicle_state_observer/build install --record /home/bodlaire/Desktop/Work/Mocap/build/vehicle_state_observer/install.log --install-scripts $base/lib/vehicle_state_observer --single-version-externally-managed
