running egg_info
creating ../../build/mocap_pkg/mocap_pkg.egg-info
writing ../../build/mocap_pkg/mocap_pkg.egg-info/PKG-INFO
writing dependency_links to ../../build/mocap_pkg/mocap_pkg.egg-info/dependency_links.txt
writing entry points to ../../build/mocap_pkg/mocap_pkg.egg-info/entry_points.txt
writing requirements to ../../build/mocap_pkg/mocap_pkg.egg-info/requires.txt
writing top-level names to ../../build/mocap_pkg/mocap_pkg.egg-info/top_level.txt
writing manifest file '../../build/mocap_pkg/mocap_pkg.egg-info/SOURCES.txt'
reading manifest file '../../build/mocap_pkg/mocap_pkg.egg-info/SOURCES.txt'
writing manifest file '../../build/mocap_pkg/mocap_pkg.egg-info/SOURCES.txt'
running build
running build_py
creating /home/bodlaire/Desktop/Work/Mocap/build/mocap_pkg/build
creating /home/bodlaire/Desktop/Work/Mocap/build/mocap_pkg/build/lib
creating /home/bodlaire/Desktop/Work/Mocap/build/mocap_pkg/build/lib/mocap_pkg
copying mocap_pkg/mocap_node.py -> /home/bodlaire/Desktop/Work/Mocap/build/mocap_pkg/build/lib/mocap_pkg
copying mocap_pkg/__init__.py -> /home/bodlaire/Desktop/Work/Mocap/build/mocap_pkg/build/lib/mocap_pkg
running install
running install_lib
creating /home/bodlaire/Desktop/Work/Mocap/install/mocap_pkg/lib/python3.8/site-packages/mocap_pkg
copying /home/bodlaire/Desktop/Work/Mocap/build/mocap_pkg/build/lib/mocap_pkg/mocap_node.py -> /home/bodlaire/Desktop/Work/Mocap/install/mocap_pkg/lib/python3.8/site-packages/mocap_pkg
copying /home/bodlaire/Desktop/Work/Mocap/build/mocap_pkg/build/lib/mocap_pkg/__init__.py -> /home/bodlaire/Desktop/Work/Mocap/install/mocap_pkg/lib/python3.8/site-packages/mocap_pkg
byte-compiling /home/bodlaire/Desktop/Work/Mocap/install/mocap_pkg/lib/python3.8/site-packages/mocap_pkg/mocap_node.py to mocap_node.cpython-38.pyc
byte-compiling /home/bodlaire/Desktop/Work/Mocap/install/mocap_pkg/lib/python3.8/site-packages/mocap_pkg/__init__.py to __init__.cpython-38.pyc
running install_data
creating /home/bodlaire/Desktop/Work/Mocap/install/mocap_pkg/share/ament_index
creating /home/bodlaire/Desktop/Work/Mocap/install/mocap_pkg/share/ament_index/resource_index
creating /home/bodlaire/Desktop/Work/Mocap/install/mocap_pkg/share/ament_index/resource_index/packages
copying resource/mocap_pkg -> /home/bodlaire/Desktop/Work/Mocap/install/mocap_pkg/share/ament_index/resource_index/packages
copying package.xml -> /home/bodlaire/Desktop/Work/Mocap/install/mocap_pkg/share/mocap_pkg
copying launch/launch.py -> /home/bodlaire/Desktop/Work/Mocap/install/mocap_pkg/share/mocap_pkg
copying config/param.yaml -> /home/bodlaire/Desktop/Work/Mocap/install/mocap_pkg/share/mocap_pkg
running install_egg_info
Copying ../../build/mocap_pkg/mocap_pkg.egg-info to /home/bodlaire/Desktop/Work/Mocap/install/mocap_pkg/lib/python3.8/site-packages/mocap_pkg-0.0.0-py3.8.egg-info
running install_scripts
Installing mocap_node script to /home/bodlaire/Desktop/Work/Mocap/install/mocap_pkg/lib/mocap_pkg
writing list of installed files to '/home/bodlaire/Desktop/Work/Mocap/build/mocap_pkg/install.log'
