[0.772s] Invoking command in '/home/bodlaire/Desktop/Work/Mocap/src/mocap_pkg': PYTHONPATH=/home/bodlaire/Desktop/Work/Mocap/build/mocap_pkg/prefix_override:/home/bodlaire/Desktop/Work/Mocap/install/mocap_pkg/lib/python3.8/site-packages:${PYTHONPATH} /usr/bin/python3 setup.py egg_info --egg-base ../../build/mocap_pkg build --build-base /home/bodlaire/Desktop/Work/Mocap/build/mocap_pkg/build install --record /home/bodlaire/Desktop/Work/Mocap/build/mocap_pkg/install.log --install-scripts $base/lib/mocap_pkg --single-version-externally-managed
[0.917s] running egg_info
[0.917s] writing ../../build/mocap_pkg/mocap_pkg.egg-info/PKG-INFO
[0.917s] writing dependency_links to ../../build/mocap_pkg/mocap_pkg.egg-info/dependency_links.txt
[0.917s] writing entry points to ../../build/mocap_pkg/mocap_pkg.egg-info/entry_points.txt
[0.918s] writing requirements to ../../build/mocap_pkg/mocap_pkg.egg-info/requires.txt
[0.918s] writing top-level names to ../../build/mocap_pkg/mocap_pkg.egg-info/top_level.txt
[0.930s] reading manifest file '../../build/mocap_pkg/mocap_pkg.egg-info/SOURCES.txt'
[0.931s] writing manifest file '../../build/mocap_pkg/mocap_pkg.egg-info/SOURCES.txt'
[0.932s] running build
[0.933s] running build_py
[0.933s] running install
[0.933s] running install_lib
[0.934s] running install_data
[0.934s] running install_egg_info
[0.935s] removing '/home/bodlaire/Desktop/Work/Mocap/install/mocap_pkg/lib/python3.8/site-packages/mocap_pkg-0.0.0-py3.8.egg-info' (and everything under it)
[0.936s] Copying ../../build/mocap_pkg/mocap_pkg.egg-info to /home/bodlaire/Desktop/Work/Mocap/install/mocap_pkg/lib/python3.8/site-packages/mocap_pkg-0.0.0-py3.8.egg-info
[0.937s] running install_scripts
[0.943s] Installing mocap_node script to /home/bodlaire/Desktop/Work/Mocap/install/mocap_pkg/lib/mocap_pkg
[0.943s] writing list of installed files to '/home/bodlaire/Desktop/Work/Mocap/build/mocap_pkg/install.log'
[1.068s] Invoked command in '/home/bodlaire/Desktop/Work/Mocap/src/mocap_pkg' returned '0': PYTHONPATH=/home/bodlaire/Desktop/Work/Mocap/build/mocap_pkg/prefix_override:/home/bodlaire/Desktop/Work/Mocap/install/mocap_pkg/lib/python3.8/site-packages:${PYTHONPATH} /usr/bin/python3 setup.py egg_info --egg-base ../../build/mocap_pkg build --build-base /home/bodlaire/Desktop/Work/Mocap/build/mocap_pkg/build install --record /home/bodlaire/Desktop/Work/Mocap/build/mocap_pkg/install.log --install-scripts $base/lib/mocap_pkg --single-version-externally-managed
