[0.592s] Invoking command in '/home/bodlaire/Desktop/Work/Mocap/build/drive_bridge_msg': CMAKE_PREFIX_PATH=${CMAKE_PREFIX_PATH}:/home/bodlaire/Desktop/Work/Mocap/install/vehicle_state_observer:/home/bodlaire/Desktop/Work/Mocap/install/mocap_pkg:/opt/ros/foxy /usr/bin/cmake --build /home/bodlaire/Desktop/Work/Mocap/build/drive_bridge_msg -- -j16 -l16
[1.131s] [  9%] Built target drive_bridge_msg__cpp
[1.132s] [ 12%] Built target drive_bridge_msg__rosidl_generator_c
[1.132s] [ 25%] Built target drive_bridge_msg__rosidl_typesupport_introspection_cpp
[1.133s] [ 32%] Built target drive_bridge_msg__rosidl_typesupport_cpp
[1.134s] [ 41%] Built target drive_bridge_msg__rosidl_typesupport_c
[1.134s] [ 51%] Built target drive_bridge_msg__rosidl_typesupport_introspection_c
[1.135s] [ 61%] Built target drive_bridge_msg__rosidl_typesupport_fastrtps_cpp
[1.135s] [ 70%] Built target drive_bridge_msg__rosidl_typesupport_fastrtps_c
[1.135s] [ 70%] Built target drive_bridge_msg
[1.136s] [ 74%] Built target drive_bridge_msg__py
[1.136s] [ 80%] Built target drive_bridge_msg__python
[1.136s] [ 87%] Built target drive_bridge_msg__rosidl_typesupport_c__pyext
[1.136s] [100%] Built target drive_bridge_msg__rosidl_typesupport_introspection_c__pyext
[1.137s] [100%] Built target drive_bridge_msg__rosidl_typesupport_fastrtps_c__pyext
[1.146s] Invoked command in '/home/bodlaire/Desktop/Work/Mocap/build/drive_bridge_msg' returned '0': CMAKE_PREFIX_PATH=${CMAKE_PREFIX_PATH}:/home/bodlaire/Desktop/Work/Mocap/install/vehicle_state_observer:/home/bodlaire/Desktop/Work/Mocap/install/mocap_pkg:/opt/ros/foxy /usr/bin/cmake --build /home/bodlaire/Desktop/Work/Mocap/build/drive_bridge_msg -- -j16 -l16
[1.181s] Invoking command in '/home/bodlaire/Desktop/Work/Mocap/build/drive_bridge_msg': CMAKE_PREFIX_PATH=${CMAKE_PREFIX_PATH}:/home/bodlaire/Desktop/Work/Mocap/install/vehicle_state_observer:/home/bodlaire/Desktop/Work/Mocap/install/mocap_pkg:/opt/ros/foxy /usr/bin/cmake --install /home/bodlaire/Desktop/Work/Mocap/build/drive_bridge_msg
[1.194s] -- Install configuration: ""
[1.194s] -- Up-to-date: /home/bodlaire/Desktop/Work/Mocap/install/drive_bridge_msg/share/ament_index/resource_index/rosidl_interfaces/drive_bridge_msg
[1.194s] -- Up-to-date: /home/bodlaire/Desktop/Work/Mocap/install/drive_bridge_msg/include/drive_bridge_msg
[1.194s] -- Up-to-date: /home/bodlaire/Desktop/Work/Mocap/install/drive_bridge_msg/include/drive_bridge_msg/msg
[1.194s] -- Up-to-date: /home/bodlaire/Desktop/Work/Mocap/install/drive_bridge_msg/include/drive_bridge_msg/msg/detail
[1.194s] -- Up-to-date: /home/bodlaire/Desktop/Work/Mocap/install/drive_bridge_msg/include/drive_bridge_msg/msg/detail/input_values__struct.h
[1.194s] -- Up-to-date: /home/bodlaire/Desktop/Work/Mocap/install/drive_bridge_msg/include/drive_bridge_msg/msg/detail/input_values__type_support.h
[1.194s] -- Up-to-date: /home/bodlaire/Desktop/Work/Mocap/install/drive_bridge_msg/include/drive_bridge_msg/msg/detail/input_values__functions.c
[1.194s] -- Up-to-date: /home/bodlaire/Desktop/Work/Mocap/install/drive_bridge_msg/include/drive_bridge_msg/msg/detail/input_values__functions.h
[1.194s] -- Up-to-date: /home/bodlaire/Desktop/Work/Mocap/install/drive_bridge_msg/include/drive_bridge_msg/msg/rosidl_generator_c__visibility_control.h
[1.195s] -- Up-to-date: /home/bodlaire/Desktop/Work/Mocap/install/drive_bridge_msg/include/drive_bridge_msg/msg/input_values.h
[1.195s] -- Up-to-date: /home/bodlaire/Desktop/Work/Mocap/install/drive_bridge_msg/share/drive_bridge_msg/environment/library_path.sh
[1.195s] -- Up-to-date: /home/bodlaire/Desktop/Work/Mocap/install/drive_bridge_msg/share/drive_bridge_msg/environment/library_path.dsv
[1.195s] -- Up-to-date: /home/bodlaire/Desktop/Work/Mocap/install/drive_bridge_msg/lib/libdrive_bridge_msg__rosidl_generator_c.so
[1.195s] -- Up-to-date: /home/bodlaire/Desktop/Work/Mocap/install/drive_bridge_msg/include/drive_bridge_msg
[1.195s] -- Up-to-date: /home/bodlaire/Desktop/Work/Mocap/install/drive_bridge_msg/include/drive_bridge_msg/msg
[1.195s] -- Up-to-date: /home/bodlaire/Desktop/Work/Mocap/install/drive_bridge_msg/include/drive_bridge_msg/msg/detail
[1.195s] -- Up-to-date: /home/bodlaire/Desktop/Work/Mocap/install/drive_bridge_msg/include/drive_bridge_msg/msg/detail/input_values__rosidl_typesupport_fastrtps_c.h
[1.195s] -- Up-to-date: /home/bodlaire/Desktop/Work/Mocap/install/drive_bridge_msg/include/drive_bridge_msg/msg/rosidl_typesupport_fastrtps_c__visibility_control.h
[1.195s] -- Up-to-date: /home/bodlaire/Desktop/Work/Mocap/install/drive_bridge_msg/lib/libdrive_bridge_msg__rosidl_typesupport_fastrtps_c.so
[1.195s] -- Up-to-date: /home/bodlaire/Desktop/Work/Mocap/install/drive_bridge_msg/include/drive_bridge_msg
[1.195s] -- Up-to-date: /home/bodlaire/Desktop/Work/Mocap/install/drive_bridge_msg/include/drive_bridge_msg/msg
[1.195s] -- Up-to-date: /home/bodlaire/Desktop/Work/Mocap/install/drive_bridge_msg/include/drive_bridge_msg/msg/detail
[1.195s] -- Up-to-date: /home/bodlaire/Desktop/Work/Mocap/install/drive_bridge_msg/include/drive_bridge_msg/msg/detail/input_values__rosidl_typesupport_fastrtps_cpp.hpp
[1.196s] -- Up-to-date: /home/bodlaire/Desktop/Work/Mocap/install/drive_bridge_msg/include/drive_bridge_msg/msg/detail/dds_fastrtps
[1.196s] -- Up-to-date: /home/bodlaire/Desktop/Work/Mocap/install/drive_bridge_msg/include/drive_bridge_msg/msg/rosidl_typesupport_fastrtps_cpp__visibility_control.h
[1.196s] -- Up-to-date: /home/bodlaire/Desktop/Work/Mocap/install/drive_bridge_msg/lib/libdrive_bridge_msg__rosidl_typesupport_fastrtps_cpp.so
[1.196s] -- Up-to-date: /home/bodlaire/Desktop/Work/Mocap/install/drive_bridge_msg/include/drive_bridge_msg
[1.196s] -- Up-to-date: /home/bodlaire/Desktop/Work/Mocap/install/drive_bridge_msg/include/drive_bridge_msg/msg
[1.196s] -- Up-to-date: /home/bodlaire/Desktop/Work/Mocap/install/drive_bridge_msg/include/drive_bridge_msg/msg/detail
[1.196s] -- Up-to-date: /home/bodlaire/Desktop/Work/Mocap/install/drive_bridge_msg/include/drive_bridge_msg/msg/detail/input_values__rosidl_typesupport_introspection_c.h
[1.196s] -- Up-to-date: /home/bodlaire/Desktop/Work/Mocap/install/drive_bridge_msg/include/drive_bridge_msg/msg/detail/input_values__type_support.c
[1.196s] -- Up-to-date: /home/bodlaire/Desktop/Work/Mocap/install/drive_bridge_msg/include/drive_bridge_msg/msg/rosidl_typesupport_introspection_c__visibility_control.h
[1.197s] -- Up-to-date: /home/bodlaire/Desktop/Work/Mocap/install/drive_bridge_msg/lib/libdrive_bridge_msg__rosidl_typesupport_introspection_c.so
[1.197s] -- Up-to-date: /home/bodlaire/Desktop/Work/Mocap/install/drive_bridge_msg/lib/libdrive_bridge_msg__rosidl_typesupport_c.so
[1.197s] -- Up-to-date: /home/bodlaire/Desktop/Work/Mocap/install/drive_bridge_msg/include/drive_bridge_msg
[1.197s] -- Up-to-date: /home/bodlaire/Desktop/Work/Mocap/install/drive_bridge_msg/include/drive_bridge_msg/msg
[1.198s] -- Up-to-date: /home/bodlaire/Desktop/Work/Mocap/install/drive_bridge_msg/include/drive_bridge_msg/msg/rosidl_generator_cpp__visibility_control.hpp
[1.198s] -- Up-to-date: /home/bodlaire/Desktop/Work/Mocap/install/drive_bridge_msg/include/drive_bridge_msg/msg/detail
[1.198s] -- Up-to-date: /home/bodlaire/Desktop/Work/Mocap/install/drive_bridge_msg/include/drive_bridge_msg/msg/detail/input_values__builder.hpp
[1.198s] -- Up-to-date: /home/bodlaire/Desktop/Work/Mocap/install/drive_bridge_msg/include/drive_bridge_msg/msg/detail/input_values__traits.hpp
[1.198s] -- Up-to-date: /home/bodlaire/Desktop/Work/Mocap/install/drive_bridge_msg/include/drive_bridge_msg/msg/detail/input_values__struct.hpp
[1.198s] -- Up-to-date: /home/bodlaire/Desktop/Work/Mocap/install/drive_bridge_msg/include/drive_bridge_msg/msg/detail/input_values__type_support.hpp
[1.198s] -- Up-to-date: /home/bodlaire/Desktop/Work/Mocap/install/drive_bridge_msg/include/drive_bridge_msg/msg/input_values.hpp
[1.198s] -- Up-to-date: /home/bodlaire/Desktop/Work/Mocap/install/drive_bridge_msg/include/drive_bridge_msg
[1.198s] -- Up-to-date: /home/bodlaire/Desktop/Work/Mocap/install/drive_bridge_msg/include/drive_bridge_msg/msg
[1.198s] -- Up-to-date: /home/bodlaire/Desktop/Work/Mocap/install/drive_bridge_msg/include/drive_bridge_msg/msg/detail
[1.198s] -- Up-to-date: /home/bodlaire/Desktop/Work/Mocap/install/drive_bridge_msg/include/drive_bridge_msg/msg/detail/input_values__rosidl_typesupport_introspection_cpp.hpp
[1.198s] -- Up-to-date: /home/bodlaire/Desktop/Work/Mocap/install/drive_bridge_msg/include/drive_bridge_msg/msg/detail/input_values__type_support.cpp
[1.198s] -- Up-to-date: /home/bodlaire/Desktop/Work/Mocap/install/drive_bridge_msg/lib/libdrive_bridge_msg__rosidl_typesupport_introspection_cpp.so
[1.199s] -- Up-to-date: /home/bodlaire/Desktop/Work/Mocap/install/drive_bridge_msg/lib/libdrive_bridge_msg__rosidl_typesupport_cpp.so
[1.199s] -- Up-to-date: /home/bodlaire/Desktop/Work/Mocap/install/drive_bridge_msg/share/drive_bridge_msg/environment/pythonpath.sh
[1.199s] -- Up-to-date: /home/bodlaire/Desktop/Work/Mocap/install/drive_bridge_msg/share/drive_bridge_msg/environment/pythonpath.dsv
[1.199s] -- Up-to-date: /home/bodlaire/Desktop/Work/Mocap/install/drive_bridge_msg/lib/python3.8/site-packages/drive_bridge_msg/__init__.py
[1.218s] -- Up-to-date: /home/bodlaire/Desktop/Work/Mocap/install/drive_bridge_msg/lib/python3.8/site-packages/drive_bridge_msg/msg
[1.218s] -- Up-to-date: /home/bodlaire/Desktop/Work/Mocap/install/drive_bridge_msg/lib/python3.8/site-packages/drive_bridge_msg/msg/_input_values_s.c
[1.218s] -- Up-to-date: /home/bodlaire/Desktop/Work/Mocap/install/drive_bridge_msg/lib/python3.8/site-packages/drive_bridge_msg/msg/_input_values.py
[1.218s] -- Up-to-date: /home/bodlaire/Desktop/Work/Mocap/install/drive_bridge_msg/lib/python3.8/site-packages/drive_bridge_msg/msg/__init__.py
[1.219s] -- Up-to-date: /home/bodlaire/Desktop/Work/Mocap/install/drive_bridge_msg/lib/python3.8/site-packages/drive_bridge_msg/drive_bridge_msg_s__rosidl_typesupport_fastrtps_c.cpython-38-x86_64-linux-gnu.so
[1.220s] -- Up-to-date: /home/bodlaire/Desktop/Work/Mocap/install/drive_bridge_msg/lib/python3.8/site-packages/drive_bridge_msg/drive_bridge_msg_s__rosidl_typesupport_introspection_c.cpython-38-x86_64-linux-gnu.so
[1.221s] -- Up-to-date: /home/bodlaire/Desktop/Work/Mocap/install/drive_bridge_msg/lib/python3.8/site-packages/drive_bridge_msg/drive_bridge_msg_s__rosidl_typesupport_c.cpython-38-x86_64-linux-gnu.so
[1.222s] -- Up-to-date: /home/bodlaire/Desktop/Work/Mocap/install/drive_bridge_msg/lib/libdrive_bridge_msg__python.so
[1.222s] -- Up-to-date: /home/bodlaire/Desktop/Work/Mocap/install/drive_bridge_msg/share/drive_bridge_msg/msg/InputValues.idl
[1.222s] -- Up-to-date: /home/bodlaire/Desktop/Work/Mocap/install/drive_bridge_msg/share/drive_bridge_msg/msg/InputValues.msg
[1.222s] -- Up-to-date: /home/bodlaire/Desktop/Work/Mocap/install/drive_bridge_msg/share/ament_index/resource_index/package_run_dependencies/drive_bridge_msg
[1.223s] -- Up-to-date: /home/bodlaire/Desktop/Work/Mocap/install/drive_bridge_msg/share/ament_index/resource_index/parent_prefix_path/drive_bridge_msg
[1.223s] -- Up-to-date: /home/bodlaire/Desktop/Work/Mocap/install/drive_bridge_msg/share/drive_bridge_msg/environment/ament_prefix_path.sh
[1.223s] -- Up-to-date: /home/bodlaire/Desktop/Work/Mocap/install/drive_bridge_msg/share/drive_bridge_msg/environment/ament_prefix_path.dsv
[1.223s] -- Up-to-date: /home/bodlaire/Desktop/Work/Mocap/install/drive_bridge_msg/share/drive_bridge_msg/environment/path.sh
[1.223s] -- Up-to-date: /home/bodlaire/Desktop/Work/Mocap/install/drive_bridge_msg/share/drive_bridge_msg/environment/path.dsv
[1.223s] -- Up-to-date: /home/bodlaire/Desktop/Work/Mocap/install/drive_bridge_msg/share/drive_bridge_msg/local_setup.bash
[1.223s] -- Up-to-date: /home/bodlaire/Desktop/Work/Mocap/install/drive_bridge_msg/share/drive_bridge_msg/local_setup.sh
[1.224s] -- Up-to-date: /home/bodlaire/Desktop/Work/Mocap/install/drive_bridge_msg/share/drive_bridge_msg/local_setup.zsh
[1.224s] -- Up-to-date: /home/bodlaire/Desktop/Work/Mocap/install/drive_bridge_msg/share/drive_bridge_msg/local_setup.dsv
[1.224s] -- Installing: /home/bodlaire/Desktop/Work/Mocap/install/drive_bridge_msg/share/drive_bridge_msg/package.dsv
[1.225s] -- Up-to-date: /home/bodlaire/Desktop/Work/Mocap/install/drive_bridge_msg/share/ament_index/resource_index/packages/drive_bridge_msg
[1.225s] -- Up-to-date: /home/bodlaire/Desktop/Work/Mocap/install/drive_bridge_msg/share/drive_bridge_msg/cmake/drive_bridge_msg__rosidl_generator_cExport.cmake
[1.225s] -- Up-to-date: /home/bodlaire/Desktop/Work/Mocap/install/drive_bridge_msg/share/drive_bridge_msg/cmake/drive_bridge_msg__rosidl_generator_cExport-noconfig.cmake
[1.226s] -- Up-to-date: /home/bodlaire/Desktop/Work/Mocap/install/drive_bridge_msg/share/drive_bridge_msg/cmake/drive_bridge_msg__rosidl_typesupport_introspection_cExport.cmake
[1.226s] -- Up-to-date: /home/bodlaire/Desktop/Work/Mocap/install/drive_bridge_msg/share/drive_bridge_msg/cmake/drive_bridge_msg__rosidl_typesupport_introspection_cExport-noconfig.cmake
[1.226s] -- Up-to-date: /home/bodlaire/Desktop/Work/Mocap/install/drive_bridge_msg/share/drive_bridge_msg/cmake/drive_bridge_msg__rosidl_typesupport_cExport.cmake
[1.226s] -- Up-to-date: /home/bodlaire/Desktop/Work/Mocap/install/drive_bridge_msg/share/drive_bridge_msg/cmake/drive_bridge_msg__rosidl_typesupport_cExport-noconfig.cmake
[1.226s] -- Up-to-date: /home/bodlaire/Desktop/Work/Mocap/install/drive_bridge_msg/share/drive_bridge_msg/cmake/drive_bridge_msg__rosidl_generator_cppExport.cmake
[1.226s] -- Up-to-date: /home/bodlaire/Desktop/Work/Mocap/install/drive_bridge_msg/share/drive_bridge_msg/cmake/drive_bridge_msg__rosidl_typesupport_introspection_cppExport.cmake
[1.226s] -- Up-to-date: /home/bodlaire/Desktop/Work/Mocap/install/drive_bridge_msg/share/drive_bridge_msg/cmake/drive_bridge_msg__rosidl_typesupport_introspection_cppExport-noconfig.cmake
[1.226s] -- Up-to-date: /home/bodlaire/Desktop/Work/Mocap/install/drive_bridge_msg/share/drive_bridge_msg/cmake/drive_bridge_msg__rosidl_typesupport_cppExport.cmake
[1.226s] -- Up-to-date: /home/bodlaire/Desktop/Work/Mocap/install/drive_bridge_msg/share/drive_bridge_msg/cmake/drive_bridge_msg__rosidl_typesupport_cppExport-noconfig.cmake
[1.226s] -- Up-to-date: /home/bodlaire/Desktop/Work/Mocap/install/drive_bridge_msg/share/drive_bridge_msg/cmake/rosidl_cmake-extras.cmake
[1.226s] -- Up-to-date: /home/bodlaire/Desktop/Work/Mocap/install/drive_bridge_msg/share/drive_bridge_msg/cmake/ament_cmake_export_dependencies-extras.cmake
[1.226s] -- Up-to-date: /home/bodlaire/Desktop/Work/Mocap/install/drive_bridge_msg/share/drive_bridge_msg/cmake/ament_cmake_export_libraries-extras.cmake
[1.226s] -- Up-to-date: /home/bodlaire/Desktop/Work/Mocap/install/drive_bridge_msg/share/drive_bridge_msg/cmake/ament_cmake_export_targets-extras.cmake
[1.226s] -- Up-to-date: /home/bodlaire/Desktop/Work/Mocap/install/drive_bridge_msg/share/drive_bridge_msg/cmake/ament_cmake_export_include_directories-extras.cmake
[1.227s] -- Up-to-date: /home/bodlaire/Desktop/Work/Mocap/install/drive_bridge_msg/share/drive_bridge_msg/cmake/rosidl_cmake_export_typesupport_libraries-extras.cmake
[1.227s] -- Up-to-date: /home/bodlaire/Desktop/Work/Mocap/install/drive_bridge_msg/share/drive_bridge_msg/cmake/rosidl_cmake_export_typesupport_targets-extras.cmake
[1.227s] -- Up-to-date: /home/bodlaire/Desktop/Work/Mocap/install/drive_bridge_msg/share/drive_bridge_msg/cmake/drive_bridge_msgConfig.cmake
[1.227s] -- Up-to-date: /home/bodlaire/Desktop/Work/Mocap/install/drive_bridge_msg/share/drive_bridge_msg/cmake/drive_bridge_msgConfig-version.cmake
[1.227s] -- Up-to-date: /home/bodlaire/Desktop/Work/Mocap/install/drive_bridge_msg/share/drive_bridge_msg/package.xml
[1.360s] Invoked command in '/home/bodlaire/Desktop/Work/Mocap/build/drive_bridge_msg' returned '0': CMAKE_PREFIX_PATH=${CMAKE_PREFIX_PATH}:/home/bodlaire/Desktop/Work/Mocap/install/vehicle_state_observer:/home/bodlaire/Desktop/Work/Mocap/install/mocap_pkg:/opt/ros/foxy /usr/bin/cmake --install /home/bodlaire/Desktop/Work/Mocap/build/drive_bridge_msg
