[0.481s] Invoking command in '/home/bodlaire/Desktop/Work/Mocap/build/drive_bridge_msg': CMAKE_PREFIX_PATH=/opt/ros/foxy /usr/bin/cmake --build /home/bodlaire/Desktop/Work/Mocap/build/drive_bridge_msg -- -j16 -l16
[0.945s] [  3%] Built target drive_bridge_msg__cpp
[0.946s] [ 12%] Built target drive_bridge_msg__rosidl_generator_c
[0.947s] [ 22%] Built target drive_bridge_msg__rosidl_typesupport_introspection_cpp
[0.947s] [ 32%] Built target drive_bridge_msg__rosidl_typesupport_introspection_c
[0.947s] [ 41%] Built target drive_bridge_msg__rosidl_typesupport_fastrtps_cpp
[0.947s] [ 51%] Built target drive_bridge_msg__rosidl_typesupport_cpp
[0.947s] [ 61%] Built target drive_bridge_msg__rosidl_typesupport_c
[0.948s] [ 70%] Built target drive_bridge_msg__rosidl_typesupport_fastrtps_c
[0.949s] [ 70%] Built target drive_bridge_msg
[0.949s] [ 74%] Built target drive_bridge_msg__py
[0.950s] [ 80%] Built target drive_bridge_msg__python
[0.950s] [ 87%] Built target drive_bridge_msg__rosidl_typesupport_c__pyext
[0.951s] [ 93%] Built target drive_bridge_msg__rosidl_typesupport_introspection_c__pyext
[0.951s] [100%] Built target drive_bridge_msg__rosidl_typesupport_fastrtps_c__pyext
[0.965s] Invoked command in '/home/bodlaire/Desktop/Work/Mocap/build/drive_bridge_msg' returned '0': CMAKE_PREFIX_PATH=/opt/ros/foxy /usr/bin/cmake --build /home/bodlaire/Desktop/Work/Mocap/build/drive_bridge_msg -- -j16 -l16
[0.987s] Invoking command in '/home/bodlaire/Desktop/Work/Mocap/build/drive_bridge_msg': CMAKE_PREFIX_PATH=/opt/ros/foxy /usr/bin/cmake --install /home/bodlaire/Desktop/Work/Mocap/build/drive_bridge_msg
[0.996s] -- Install configuration: ""
[0.997s] -- Up-to-date: /home/bodlaire/Desktop/Work/Mocap/install/drive_bridge_msg/share/ament_index/resource_index/rosidl_interfaces/drive_bridge_msg
[0.997s] -- Up-to-date: /home/bodlaire/Desktop/Work/Mocap/install/drive_bridge_msg/include/drive_bridge_msg
[0.997s] -- Up-to-date: /home/bodlaire/Desktop/Work/Mocap/install/drive_bridge_msg/include/drive_bridge_msg/msg
[0.997s] -- Up-to-date: /home/bodlaire/Desktop/Work/Mocap/install/drive_bridge_msg/include/drive_bridge_msg/msg/detail
[0.998s] -- Up-to-date: /home/bodlaire/Desktop/Work/Mocap/install/drive_bridge_msg/include/drive_bridge_msg/msg/detail/input_values__struct.h
[0.998s] -- Up-to-date: /home/bodlaire/Desktop/Work/Mocap/install/drive_bridge_msg/include/drive_bridge_msg/msg/detail/input_values__type_support.h
[0.998s] -- Up-to-date: /home/bodlaire/Desktop/Work/Mocap/install/drive_bridge_msg/include/drive_bridge_msg/msg/detail/input_values__functions.c
[0.998s] -- Up-to-date: /home/bodlaire/Desktop/Work/Mocap/install/drive_bridge_msg/include/drive_bridge_msg/msg/detail/input_values__functions.h
[0.998s] -- Up-to-date: /home/bodlaire/Desktop/Work/Mocap/install/drive_bridge_msg/include/drive_bridge_msg/msg/rosidl_generator_c__visibility_control.h
[0.998s] -- Up-to-date: /home/bodlaire/Desktop/Work/Mocap/install/drive_bridge_msg/include/drive_bridge_msg/msg/input_values.h
[0.999s] -- Up-to-date: /home/bodlaire/Desktop/Work/Mocap/install/drive_bridge_msg/share/drive_bridge_msg/environment/library_path.sh
[0.999s] -- Up-to-date: /home/bodlaire/Desktop/Work/Mocap/install/drive_bridge_msg/share/drive_bridge_msg/environment/library_path.dsv
[0.999s] -- Up-to-date: /home/bodlaire/Desktop/Work/Mocap/install/drive_bridge_msg/lib/libdrive_bridge_msg__rosidl_generator_c.so
[0.999s] -- Up-to-date: /home/bodlaire/Desktop/Work/Mocap/install/drive_bridge_msg/include/drive_bridge_msg
[0.999s] -- Up-to-date: /home/bodlaire/Desktop/Work/Mocap/install/drive_bridge_msg/include/drive_bridge_msg/msg
[0.999s] -- Up-to-date: /home/bodlaire/Desktop/Work/Mocap/install/drive_bridge_msg/include/drive_bridge_msg/msg/detail
[1.000s] -- Up-to-date: /home/bodlaire/Desktop/Work/Mocap/install/drive_bridge_msg/include/drive_bridge_msg/msg/detail/input_values__rosidl_typesupport_fastrtps_c.h
[1.000s] -- Up-to-date: /home/bodlaire/Desktop/Work/Mocap/install/drive_bridge_msg/include/drive_bridge_msg/msg/rosidl_typesupport_fastrtps_c__visibility_control.h
[1.000s] -- Up-to-date: /home/bodlaire/Desktop/Work/Mocap/install/drive_bridge_msg/lib/libdrive_bridge_msg__rosidl_typesupport_fastrtps_c.so
[1.000s] -- Up-to-date: /home/bodlaire/Desktop/Work/Mocap/install/drive_bridge_msg/include/drive_bridge_msg
[1.000s] -- Up-to-date: /home/bodlaire/Desktop/Work/Mocap/install/drive_bridge_msg/include/drive_bridge_msg/msg
[1.000s] -- Up-to-date: /home/bodlaire/Desktop/Work/Mocap/install/drive_bridge_msg/include/drive_bridge_msg/msg/detail
[1.000s] -- Up-to-date: /home/bodlaire/Desktop/Work/Mocap/install/drive_bridge_msg/include/drive_bridge_msg/msg/detail/input_values__rosidl_typesupport_fastrtps_cpp.hpp
[1.000s] -- Up-to-date: /home/bodlaire/Desktop/Work/Mocap/install/drive_bridge_msg/include/drive_bridge_msg/msg/detail/dds_fastrtps
[1.000s] -- Up-to-date: /home/bodlaire/Desktop/Work/Mocap/install/drive_bridge_msg/include/drive_bridge_msg/msg/rosidl_typesupport_fastrtps_cpp__visibility_control.h
[1.000s] -- Up-to-date: /home/bodlaire/Desktop/Work/Mocap/install/drive_bridge_msg/lib/libdrive_bridge_msg__rosidl_typesupport_fastrtps_cpp.so
[1.000s] -- Up-to-date: /home/bodlaire/Desktop/Work/Mocap/install/drive_bridge_msg/include/drive_bridge_msg
[1.001s] -- Up-to-date: /home/bodlaire/Desktop/Work/Mocap/install/drive_bridge_msg/include/drive_bridge_msg/msg
[1.001s] -- Up-to-date: /home/bodlaire/Desktop/Work/Mocap/install/drive_bridge_msg/include/drive_bridge_msg/msg/detail
[1.001s] -- Up-to-date: /home/bodlaire/Desktop/Work/Mocap/install/drive_bridge_msg/include/drive_bridge_msg/msg/detail/input_values__rosidl_typesupport_introspection_c.h
[1.001s] -- Up-to-date: /home/bodlaire/Desktop/Work/Mocap/install/drive_bridge_msg/include/drive_bridge_msg/msg/detail/input_values__type_support.c
[1.001s] -- Up-to-date: /home/bodlaire/Desktop/Work/Mocap/install/drive_bridge_msg/include/drive_bridge_msg/msg/rosidl_typesupport_introspection_c__visibility_control.h
[1.001s] -- Up-to-date: /home/bodlaire/Desktop/Work/Mocap/install/drive_bridge_msg/lib/libdrive_bridge_msg__rosidl_typesupport_introspection_c.so
[1.001s] -- Up-to-date: /home/bodlaire/Desktop/Work/Mocap/install/drive_bridge_msg/lib/libdrive_bridge_msg__rosidl_typesupport_c.so
[1.001s] -- Up-to-date: /home/bodlaire/Desktop/Work/Mocap/install/drive_bridge_msg/include/drive_bridge_msg
[1.001s] -- Up-to-date: /home/bodlaire/Desktop/Work/Mocap/install/drive_bridge_msg/include/drive_bridge_msg/msg
[1.001s] -- Up-to-date: /home/bodlaire/Desktop/Work/Mocap/install/drive_bridge_msg/include/drive_bridge_msg/msg/rosidl_generator_cpp__visibility_control.hpp
[1.001s] -- Up-to-date: /home/bodlaire/Desktop/Work/Mocap/install/drive_bridge_msg/include/drive_bridge_msg/msg/detail
[1.001s] -- Up-to-date: /home/bodlaire/Desktop/Work/Mocap/install/drive_bridge_msg/include/drive_bridge_msg/msg/detail/input_values__builder.hpp
[1.001s] -- Up-to-date: /home/bodlaire/Desktop/Work/Mocap/install/drive_bridge_msg/include/drive_bridge_msg/msg/detail/input_values__traits.hpp
[1.002s] -- Up-to-date: /home/bodlaire/Desktop/Work/Mocap/install/drive_bridge_msg/include/drive_bridge_msg/msg/detail/input_values__struct.hpp
[1.002s] -- Up-to-date: /home/bodlaire/Desktop/Work/Mocap/install/drive_bridge_msg/include/drive_bridge_msg/msg/detail/input_values__type_support.hpp
[1.002s] -- Up-to-date: /home/bodlaire/Desktop/Work/Mocap/install/drive_bridge_msg/include/drive_bridge_msg/msg/input_values.hpp
[1.002s] -- Up-to-date: /home/bodlaire/Desktop/Work/Mocap/install/drive_bridge_msg/include/drive_bridge_msg
[1.002s] -- Up-to-date: /home/bodlaire/Desktop/Work/Mocap/install/drive_bridge_msg/include/drive_bridge_msg/msg
[1.002s] -- Up-to-date: /home/bodlaire/Desktop/Work/Mocap/install/drive_bridge_msg/include/drive_bridge_msg/msg/detail
[1.002s] -- Up-to-date: /home/bodlaire/Desktop/Work/Mocap/install/drive_bridge_msg/include/drive_bridge_msg/msg/detail/input_values__rosidl_typesupport_introspection_cpp.hpp
[1.002s] -- Up-to-date: /home/bodlaire/Desktop/Work/Mocap/install/drive_bridge_msg/include/drive_bridge_msg/msg/detail/input_values__type_support.cpp
[1.002s] -- Up-to-date: /home/bodlaire/Desktop/Work/Mocap/install/drive_bridge_msg/lib/libdrive_bridge_msg__rosidl_typesupport_introspection_cpp.so
[1.003s] -- Up-to-date: /home/bodlaire/Desktop/Work/Mocap/install/drive_bridge_msg/lib/libdrive_bridge_msg__rosidl_typesupport_cpp.so
[1.003s] -- Up-to-date: /home/bodlaire/Desktop/Work/Mocap/install/drive_bridge_msg/share/drive_bridge_msg/environment/pythonpath.sh
[1.003s] -- Up-to-date: /home/bodlaire/Desktop/Work/Mocap/install/drive_bridge_msg/share/drive_bridge_msg/environment/pythonpath.dsv
[1.003s] -- Up-to-date: /home/bodlaire/Desktop/Work/Mocap/install/drive_bridge_msg/lib/python3.8/site-packages/drive_bridge_msg/__init__.py
[1.024s] -- Up-to-date: /home/bodlaire/Desktop/Work/Mocap/install/drive_bridge_msg/lib/python3.8/site-packages/drive_bridge_msg/msg
[1.024s] -- Up-to-date: /home/bodlaire/Desktop/Work/Mocap/install/drive_bridge_msg/lib/python3.8/site-packages/drive_bridge_msg/msg/_input_values_s.c
[1.024s] -- Up-to-date: /home/bodlaire/Desktop/Work/Mocap/install/drive_bridge_msg/lib/python3.8/site-packages/drive_bridge_msg/msg/_input_values.py
[1.024s] -- Up-to-date: /home/bodlaire/Desktop/Work/Mocap/install/drive_bridge_msg/lib/python3.8/site-packages/drive_bridge_msg/msg/__init__.py
[1.024s] -- Up-to-date: /home/bodlaire/Desktop/Work/Mocap/install/drive_bridge_msg/lib/python3.8/site-packages/drive_bridge_msg/drive_bridge_msg_s__rosidl_typesupport_fastrtps_c.cpython-38-x86_64-linux-gnu.so
[1.025s] -- Up-to-date: /home/bodlaire/Desktop/Work/Mocap/install/drive_bridge_msg/lib/python3.8/site-packages/drive_bridge_msg/drive_bridge_msg_s__rosidl_typesupport_introspection_c.cpython-38-x86_64-linux-gnu.so
[1.026s] -- Up-to-date: /home/bodlaire/Desktop/Work/Mocap/install/drive_bridge_msg/lib/python3.8/site-packages/drive_bridge_msg/drive_bridge_msg_s__rosidl_typesupport_c.cpython-38-x86_64-linux-gnu.so
[1.027s] -- Up-to-date: /home/bodlaire/Desktop/Work/Mocap/install/drive_bridge_msg/lib/libdrive_bridge_msg__python.so
[1.027s] -- Up-to-date: /home/bodlaire/Desktop/Work/Mocap/install/drive_bridge_msg/share/drive_bridge_msg/msg/InputValues.idl
[1.027s] -- Up-to-date: /home/bodlaire/Desktop/Work/Mocap/install/drive_bridge_msg/share/drive_bridge_msg/msg/InputValues.msg
[1.027s] -- Up-to-date: /home/bodlaire/Desktop/Work/Mocap/install/drive_bridge_msg/share/ament_index/resource_index/package_run_dependencies/drive_bridge_msg
[1.027s] -- Up-to-date: /home/bodlaire/Desktop/Work/Mocap/install/drive_bridge_msg/share/ament_index/resource_index/parent_prefix_path/drive_bridge_msg
[1.027s] -- Up-to-date: /home/bodlaire/Desktop/Work/Mocap/install/drive_bridge_msg/share/drive_bridge_msg/environment/ament_prefix_path.sh
[1.027s] -- Up-to-date: /home/bodlaire/Desktop/Work/Mocap/install/drive_bridge_msg/share/drive_bridge_msg/environment/ament_prefix_path.dsv
[1.028s] -- Up-to-date: /home/bodlaire/Desktop/Work/Mocap/install/drive_bridge_msg/share/drive_bridge_msg/environment/path.sh
[1.028s] -- Up-to-date: /home/bodlaire/Desktop/Work/Mocap/install/drive_bridge_msg/share/drive_bridge_msg/environment/path.dsv
[1.028s] -- Up-to-date: /home/bodlaire/Desktop/Work/Mocap/install/drive_bridge_msg/share/drive_bridge_msg/local_setup.bash
[1.028s] -- Up-to-date: /home/bodlaire/Desktop/Work/Mocap/install/drive_bridge_msg/share/drive_bridge_msg/local_setup.sh
[1.028s] -- Up-to-date: /home/bodlaire/Desktop/Work/Mocap/install/drive_bridge_msg/share/drive_bridge_msg/local_setup.zsh
[1.028s] -- Up-to-date: /home/bodlaire/Desktop/Work/Mocap/install/drive_bridge_msg/share/drive_bridge_msg/local_setup.dsv
[1.028s] -- Installing: /home/bodlaire/Desktop/Work/Mocap/install/drive_bridge_msg/share/drive_bridge_msg/package.dsv
[1.028s] -- Up-to-date: /home/bodlaire/Desktop/Work/Mocap/install/drive_bridge_msg/share/ament_index/resource_index/packages/drive_bridge_msg
[1.028s] -- Up-to-date: /home/bodlaire/Desktop/Work/Mocap/install/drive_bridge_msg/share/drive_bridge_msg/cmake/drive_bridge_msg__rosidl_generator_cExport.cmake
[1.028s] -- Up-to-date: /home/bodlaire/Desktop/Work/Mocap/install/drive_bridge_msg/share/drive_bridge_msg/cmake/drive_bridge_msg__rosidl_generator_cExport-noconfig.cmake
[1.029s] -- Up-to-date: /home/bodlaire/Desktop/Work/Mocap/install/drive_bridge_msg/share/drive_bridge_msg/cmake/drive_bridge_msg__rosidl_typesupport_introspection_cExport.cmake
[1.029s] -- Up-to-date: /home/bodlaire/Desktop/Work/Mocap/install/drive_bridge_msg/share/drive_bridge_msg/cmake/drive_bridge_msg__rosidl_typesupport_introspection_cExport-noconfig.cmake
[1.029s] -- Up-to-date: /home/bodlaire/Desktop/Work/Mocap/install/drive_bridge_msg/share/drive_bridge_msg/cmake/drive_bridge_msg__rosidl_typesupport_cExport.cmake
[1.029s] -- Up-to-date: /home/bodlaire/Desktop/Work/Mocap/install/drive_bridge_msg/share/drive_bridge_msg/cmake/drive_bridge_msg__rosidl_typesupport_cExport-noconfig.cmake
[1.030s] -- Up-to-date: /home/bodlaire/Desktop/Work/Mocap/install/drive_bridge_msg/share/drive_bridge_msg/cmake/drive_bridge_msg__rosidl_generator_cppExport.cmake
[1.030s] -- Up-to-date: /home/bodlaire/Desktop/Work/Mocap/install/drive_bridge_msg/share/drive_bridge_msg/cmake/drive_bridge_msg__rosidl_typesupport_introspection_cppExport.cmake
[1.030s] -- Up-to-date: /home/bodlaire/Desktop/Work/Mocap/install/drive_bridge_msg/share/drive_bridge_msg/cmake/drive_bridge_msg__rosidl_typesupport_introspection_cppExport-noconfig.cmake
[1.030s] -- Up-to-date: /home/bodlaire/Desktop/Work/Mocap/install/drive_bridge_msg/share/drive_bridge_msg/cmake/drive_bridge_msg__rosidl_typesupport_cppExport.cmake
[1.030s] -- Up-to-date: /home/bodlaire/Desktop/Work/Mocap/install/drive_bridge_msg/share/drive_bridge_msg/cmake/drive_bridge_msg__rosidl_typesupport_cppExport-noconfig.cmake
[1.030s] -- Up-to-date: /home/bodlaire/Desktop/Work/Mocap/install/drive_bridge_msg/share/drive_bridge_msg/cmake/rosidl_cmake-extras.cmake
[1.031s] -- Up-to-date: /home/bodlaire/Desktop/Work/Mocap/install/drive_bridge_msg/share/drive_bridge_msg/cmake/ament_cmake_export_dependencies-extras.cmake
[1.031s] -- Up-to-date: /home/bodlaire/Desktop/Work/Mocap/install/drive_bridge_msg/share/drive_bridge_msg/cmake/ament_cmake_export_libraries-extras.cmake
[1.031s] -- Up-to-date: /home/bodlaire/Desktop/Work/Mocap/install/drive_bridge_msg/share/drive_bridge_msg/cmake/ament_cmake_export_targets-extras.cmake
[1.031s] -- Up-to-date: /home/bodlaire/Desktop/Work/Mocap/install/drive_bridge_msg/share/drive_bridge_msg/cmake/ament_cmake_export_include_directories-extras.cmake
[1.031s] -- Up-to-date: /home/bodlaire/Desktop/Work/Mocap/install/drive_bridge_msg/share/drive_bridge_msg/cmake/rosidl_cmake_export_typesupport_libraries-extras.cmake
[1.031s] -- Up-to-date: /home/bodlaire/Desktop/Work/Mocap/install/drive_bridge_msg/share/drive_bridge_msg/cmake/rosidl_cmake_export_typesupport_targets-extras.cmake
[1.031s] -- Up-to-date: /home/bodlaire/Desktop/Work/Mocap/install/drive_bridge_msg/share/drive_bridge_msg/cmake/drive_bridge_msgConfig.cmake
[1.031s] -- Up-to-date: /home/bodlaire/Desktop/Work/Mocap/install/drive_bridge_msg/share/drive_bridge_msg/cmake/drive_bridge_msgConfig-version.cmake
[1.031s] -- Up-to-date: /home/bodlaire/Desktop/Work/Mocap/install/drive_bridge_msg/share/drive_bridge_msg/package.xml
[1.033s] Invoked command in '/home/bodlaire/Desktop/Work/Mocap/build/drive_bridge_msg' returned '0': CMAKE_PREFIX_PATH=/opt/ros/foxy /usr/bin/cmake --install /home/bodlaire/Desktop/Work/Mocap/build/drive_bridge_msg
