[0.301s] Invoking command in '/home/bodlaire/Desktop/Work/Mocap/build/drive_bridge_msg': CMAKE_PREFIX_PATH=/opt/ros/foxy /usr/bin/cmake /home/bodlaire/Desktop/Work/Mocap/src/drive_bridge_msg -DCMAKE_INSTALL_PREFIX=/home/bodlaire/Desktop/Work/Mocap/install/drive_bridge_msg
[0.535s] -- The C compiler identification is GNU 9.4.0
[0.535s] -- The CXX compiler identification is GNU 9.4.0
[0.535s] -- Check for working C compiler: /usr/bin/cc
[0.535s] -- Check for working C compiler: /usr/bin/cc -- works
[0.535s] -- Detecting C compiler ABI info
[0.535s] -- Detecting C compiler ABI info - done
[0.540s] -- Detecting C compile features
[0.541s] -- Detecting C compile features - done
[0.541s] -- Check for working CXX compiler: /usr/bin/c++
[0.598s] -- Check for working CXX compiler: /usr/bin/c++ -- works
[0.599s] -- Detecting CXX compiler ABI info
[0.671s] -- Detecting CXX compiler ABI info - done
[0.682s] -- Detecting CXX compile features
[0.683s] -- Detecting CXX compile features - done
[0.684s] -- Found ament_cmake: 0.9.12 (/opt/ros/foxy/share/ament_cmake/cmake)
[0.706s] -- Found PythonInterp: /usr/bin/python3 (found suitable version "3.8.10", minimum required is "3") 
[0.706s] -- Using PYTHON_EXECUTABLE: /usr/bin/python3
[0.855s] -- Found rosidl_default_generators: 1.0.1 (/opt/ros/foxy/share/rosidl_default_generators/cmake)
[0.857s] -- Using all available rosidl_typesupport_c: rosidl_typesupport_fastrtps_c;rosidl_typesupport_introspection_c
[0.860s] -- Found rosidl_adapter: 1.3.1 (/opt/ros/foxy/share/rosidl_adapter/cmake)
[0.931s] -- Found OpenSSL: /usr/lib/x86_64-linux-gnu/libcrypto.so (found version "1.1.1f")  
[0.952s] -- Found FastRTPS: /opt/ros/foxy/include  
[1.004s] -- Using all available rosidl_typesupport_cpp: rosidl_typesupport_fastrtps_cpp;rosidl_typesupport_introspection_cpp
[1.040s] -- Found PythonInterp: /usr/bin/python3 (found version "3.8.10") 
[1.127s] -- Found ament_cmake_ros: 0.9.2 (/opt/ros/foxy/share/ament_cmake_ros/cmake)
[1.189s] -- Using all available rosidl_typesupport_c: rosidl_typesupport_fastrtps_c;rosidl_typesupport_introspection_c
[1.194s] -- Using all available rosidl_typesupport_cpp: rosidl_typesupport_fastrtps_cpp;rosidl_typesupport_introspection_cpp
[1.213s] -- Found PythonInterp: /usr/bin/python3 (found suitable version "3.8.10", minimum required is "3.5") 
[1.213s] -- Found python_cmake_module: 0.8.1 (/opt/ros/foxy/share/python_cmake_module/cmake)
[1.235s] -- Found PythonLibs: /usr/lib/x86_64-linux-gnu/libpython3.8.so (found suitable version "3.8.10", minimum required is "3.5") 
[1.235s] -- Using PYTHON_EXECUTABLE: /usr/bin/python3
[1.235s] -- Using PYTHON_INCLUDE_DIRS: /usr/include/python3.8
[1.236s] -- Using PYTHON_LIBRARIES: /usr/lib/x86_64-linux-gnu/libpython3.8.so
[1.250s] -- Found PythonExtra: .so  
[1.279s] -- Found ament_lint_auto: 0.9.8 (/opt/ros/foxy/share/ament_lint_auto/cmake)
[1.291s] -- Added test 'lint_cmake' to check CMake code style
[1.291s] -- Added test 'xmllint' to check XML markup files
[1.294s] -- Configuring done
[1.321s] -- Generating done
[1.322s] -- Build files have been written to: /home/bodlaire/Desktop/Work/Mocap/build/drive_bridge_msg
[1.330s] Invoked command in '/home/bodlaire/Desktop/Work/Mocap/build/drive_bridge_msg' returned '0': CMAKE_PREFIX_PATH=/opt/ros/foxy /usr/bin/cmake /home/bodlaire/Desktop/Work/Mocap/src/drive_bridge_msg -DCMAKE_INSTALL_PREFIX=/home/bodlaire/Desktop/Work/Mocap/install/drive_bridge_msg
[1.333s] Invoking command in '/home/bodlaire/Desktop/Work/Mocap/build/drive_bridge_msg': CMAKE_PREFIX_PATH=/opt/ros/foxy /usr/bin/cmake --build /home/bodlaire/Desktop/Work/Mocap/build/drive_bridge_msg -- -j16 -l16
[1.364s] [35m[1mScanning dependencies of target drive_bridge_msg__cpp[0m
[1.366s] [  3%] [34m[1mGenerating C code for ROS interfaces[0m
[1.371s] [  6%] [34m[1mGenerating C++ code for ROS interfaces[0m
[1.520s] [  6%] Built target drive_bridge_msg__cpp
[1.527s] [  9%] [34m[1mGenerating C++ type support dispatch for ROS interfaces[0m
[1.528s] [35m[1mScanning dependencies of target drive_bridge_msg__rosidl_generator_c[0m
[1.528s] [ 12%] [34m[1mGenerating C++ introspection for ROS interfaces[0m
[1.528s] [ 16%] [34m[1mGenerating C++ type support for eProsima Fast-RTPS[0m
[1.539s] [ 19%] [32mBuilding C object CMakeFiles/drive_bridge_msg__rosidl_generator_c.dir/rosidl_generator_c/drive_bridge_msg/msg/detail/input_values__functions.c.o[0m
[1.587s] [ 22%] [32m[1mLinking C shared library libdrive_bridge_msg__rosidl_generator_c.so[0m
[1.612s] [ 22%] Built target drive_bridge_msg__rosidl_generator_c
[1.621s] [ 25%] [34m[1mGenerating C introspection for ROS interfaces[0m
[1.621s] [ 29%] [34m[1mGenerating C type support dispatch for ROS interfaces[0m
[1.674s] [35m[1mScanning dependencies of target drive_bridge_msg__rosidl_typesupport_cpp[0m
[1.684s] [ 32%] [32mBuilding CXX object CMakeFiles/drive_bridge_msg__rosidl_typesupport_cpp.dir/rosidl_typesupport_cpp/drive_bridge_msg/msg/input_values__type_support.cpp.o[0m
[1.700s] [35m[1mScanning dependencies of target drive_bridge_msg__rosidl_typesupport_fastrtps_cpp[0m
[1.712s] [ 35%] [32mBuilding CXX object CMakeFiles/drive_bridge_msg__rosidl_typesupport_fastrtps_cpp.dir/rosidl_typesupport_fastrtps_cpp/drive_bridge_msg/msg/detail/dds_fastrtps/input_values__type_support.cpp.o[0m
[1.730s] [35m[1mScanning dependencies of target drive_bridge_msg__rosidl_typesupport_introspection_cpp[0m
[1.740s] [ 38%] [32mBuilding CXX object CMakeFiles/drive_bridge_msg__rosidl_typesupport_introspection_cpp.dir/rosidl_typesupport_introspection_cpp/drive_bridge_msg/msg/detail/input_values__type_support.cpp.o[0m
[1.817s] [35m[1mScanning dependencies of target drive_bridge_msg__rosidl_typesupport_introspection_c[0m
[1.826s] [ 41%] [32mBuilding C object CMakeFiles/drive_bridge_msg__rosidl_typesupport_introspection_c.dir/rosidl_typesupport_introspection_c/drive_bridge_msg/msg/detail/input_values__type_support.c.o[0m
[1.847s] [35m[1mScanning dependencies of target drive_bridge_msg__rosidl_typesupport_c[0m
[1.848s] [ 45%] [32m[1mLinking C shared library libdrive_bridge_msg__rosidl_typesupport_introspection_c.so[0m
[1.855s] [ 48%] [32mBuilding CXX object CMakeFiles/drive_bridge_msg__rosidl_typesupport_c.dir/rosidl_typesupport_c/drive_bridge_msg/msg/input_values__type_support.cpp.o[0m
[1.869s] [ 48%] Built target drive_bridge_msg__rosidl_typesupport_introspection_c
[1.876s] [ 51%] [32m[1mLinking CXX shared library libdrive_bridge_msg__rosidl_typesupport_c.so[0m
[1.905s] [ 51%] Built target drive_bridge_msg__rosidl_typesupport_c
[1.915s] [ 54%] [32m[1mLinking CXX shared library libdrive_bridge_msg__rosidl_typesupport_cpp.so[0m
[1.944s] [ 54%] Built target drive_bridge_msg__rosidl_typesupport_cpp
[2.008s] [ 58%] [32m[1mLinking CXX shared library libdrive_bridge_msg__rosidl_typesupport_introspection_cpp.so[0m
[2.052s] [ 58%] Built target drive_bridge_msg__rosidl_typesupport_introspection_cpp
[2.055s] [ 61%] [32m[1mLinking CXX shared library libdrive_bridge_msg__rosidl_typesupport_fastrtps_cpp.so[0m
[2.135s] [ 61%] Built target drive_bridge_msg__rosidl_typesupport_fastrtps_cpp
[2.146s] [ 64%] [34m[1mGenerating C type support for eProsima Fast-RTPS[0m
[2.288s] [35m[1mScanning dependencies of target drive_bridge_msg__rosidl_typesupport_fastrtps_c[0m
[2.298s] [ 67%] [32mBuilding CXX object CMakeFiles/drive_bridge_msg__rosidl_typesupport_fastrtps_c.dir/rosidl_typesupport_fastrtps_c/drive_bridge_msg/msg/detail/input_values__type_support_c.cpp.o[0m
[2.545s] [ 70%] [32m[1mLinking CXX shared library libdrive_bridge_msg__rosidl_typesupport_fastrtps_c.so[0m
[2.614s] [ 70%] Built target drive_bridge_msg__rosidl_typesupport_fastrtps_c
[2.624s] [35m[1mScanning dependencies of target drive_bridge_msg[0m
[2.636s] [ 70%] Built target drive_bridge_msg
[2.643s] [35m[1mScanning dependencies of target drive_bridge_msg__py[0m
[2.652s] [ 74%] [34m[1mGenerating Python code for ROS interfaces[0m
[2.938s] [ 74%] Built target drive_bridge_msg__py
[2.945s] [35m[1mScanning dependencies of target drive_bridge_msg__python[0m
[2.959s] [ 77%] [32mBuilding C object CMakeFiles/drive_bridge_msg__python.dir/rosidl_generator_py/drive_bridge_msg/msg/_input_values_s.c.o[0m
[3.028s] [ 80%] [32m[1mLinking C shared library rosidl_generator_py/drive_bridge_msg/libdrive_bridge_msg__python.so[0m
[3.056s] [ 80%] Built target drive_bridge_msg__python
[3.064s] [35m[1mScanning dependencies of target drive_bridge_msg__rosidl_typesupport_fastrtps_c__pyext[0m
[3.064s] [35m[1mScanning dependencies of target drive_bridge_msg__rosidl_typesupport_c__pyext[0m
[3.064s] [35m[1mScanning dependencies of target drive_bridge_msg__rosidl_typesupport_introspection_c__pyext[0m
[3.078s] [ 90%] [32mBuilding C object CMakeFiles/drive_bridge_msg__rosidl_typesupport_fastrtps_c__pyext.dir/rosidl_generator_py/drive_bridge_msg/_drive_bridge_msg_s.ep.rosidl_typesupport_fastrtps_c.c.o[0m
[3.078s] [ 90%] [32mBuilding C object CMakeFiles/drive_bridge_msg__rosidl_typesupport_introspection_c__pyext.dir/rosidl_generator_py/drive_bridge_msg/_drive_bridge_msg_s.ep.rosidl_typesupport_introspection_c.c.o[0m
[3.078s] [ 90%] [32mBuilding C object CMakeFiles/drive_bridge_msg__rosidl_typesupport_c__pyext.dir/rosidl_generator_py/drive_bridge_msg/_drive_bridge_msg_s.ep.rosidl_typesupport_c.c.o[0m
[3.135s] [ 93%] [32m[1mLinking C shared library rosidl_generator_py/drive_bridge_msg/drive_bridge_msg_s__rosidl_typesupport_introspection_c.cpython-38-x86_64-linux-gnu.so[0m
[3.135s] [ 96%] [32m[1mLinking CXX shared library rosidl_generator_py/drive_bridge_msg/drive_bridge_msg_s__rosidl_typesupport_fastrtps_c.cpython-38-x86_64-linux-gnu.so[0m
[3.136s] [100%] [32m[1mLinking C shared library rosidl_generator_py/drive_bridge_msg/drive_bridge_msg_s__rosidl_typesupport_c.cpython-38-x86_64-linux-gnu.so[0m
[3.160s] [100%] Built target drive_bridge_msg__rosidl_typesupport_introspection_c__pyext
[3.165s] [100%] Built target drive_bridge_msg__rosidl_typesupport_c__pyext
[3.177s] [100%] Built target drive_bridge_msg__rosidl_typesupport_fastrtps_c__pyext
