[0.317s] Invoking command in '/home/bodlaire/Desktop/Work/Mocap/build/vesc_msgs': CMAKE_PREFIX_PATH=/opt/ros/foxy /usr/bin/cmake /home/bodlaire/Desktop/Work/Mocap/src/vesc_msgs -DCMAKE_INSTALL_PREFIX=/home/bodlaire/Desktop/Work/Mocap/install/vesc_msgs
[0.347s] -- The C compiler identification is GNU 9.4.0
[0.399s] -- The CXX compiler identification is GNU 9.4.0
[0.399s] -- Check for working C compiler: /usr/bin/cc
[0.446s] -- Check for working C compiler: /usr/bin/cc -- works
[0.448s] -- Detecting C compiler ABI info
[0.501s] -- Detecting C compiler ABI info - done
[0.511s] -- Detecting C compile features
[0.512s] -- Detecting C compile features - done
[0.514s] -- Check for working CXX compiler: /usr/bin/c++
[0.581s] -- Check for working CXX compiler: /usr/bin/c++ -- works
[0.582s] -- Detecting CXX compiler ABI info
[0.657s] -- Detecting CXX compiler ABI info - done
[0.665s] -- Detecting CXX compile features
[0.666s] -- Detecting CXX compile features - done
[0.667s] -- Found ament_cmake_auto: 0.9.12 (/opt/ros/foxy/share/ament_cmake_auto/cmake)
[0.687s] -- Found PythonInterp: /usr/bin/python3 (found suitable version "3.8.10", minimum required is "3") 
[0.687s] -- Using PYTHON_EXECUTABLE: /usr/bin/python3
[0.864s] -- Using all available rosidl_typesupport_c: rosidl_typesupport_fastrtps_c;rosidl_typesupport_introspection_c
[0.873s] -- Found rosidl_adapter: 1.3.1 (/opt/ros/foxy/share/rosidl_adapter/cmake)
[0.939s] -- Found OpenSSL: /usr/lib/x86_64-linux-gnu/libcrypto.so (found version "1.1.1f")  
[0.957s] -- Found FastRTPS: /opt/ros/foxy/include  
[1.010s] -- Using all available rosidl_typesupport_cpp: rosidl_typesupport_fastrtps_cpp;rosidl_typesupport_introspection_cpp
[1.092s] -- Found PythonInterp: /usr/bin/python3 (found version "3.8.10") 
[1.188s] -- Found ament_cmake_ros: 0.9.2 (/opt/ros/foxy/share/ament_cmake_ros/cmake)
[1.347s] -- Using all available rosidl_typesupport_c: rosidl_typesupport_fastrtps_c;rosidl_typesupport_introspection_c
[1.424s] -- Using all available rosidl_typesupport_cpp: rosidl_typesupport_fastrtps_cpp;rosidl_typesupport_introspection_cpp
[1.446s] -- Found PythonInterp: /usr/bin/python3 (found suitable version "3.8.10", minimum required is "3.5") 
[1.447s] -- Found python_cmake_module: 0.8.1 (/opt/ros/foxy/share/python_cmake_module/cmake)
[1.467s] -- Found PythonLibs: /usr/lib/x86_64-linux-gnu/libpython3.8.so (found suitable version "3.8.10", minimum required is "3.5") 
[1.467s] -- Using PYTHON_EXECUTABLE: /usr/bin/python3
[1.468s] -- Using PYTHON_INCLUDE_DIRS: /usr/include/python3.8
[1.468s] -- Using PYTHON_LIBRARIES: /usr/lib/x86_64-linux-gnu/libpython3.8.so
[1.487s] -- Found PythonExtra: .so  
[1.552s] -- Found ament_lint_auto: 0.9.8 (/opt/ros/foxy/share/ament_lint_auto/cmake)
[1.565s] -- Added test 'copyright' to check source files copyright and LICENSE
[1.566s] -- Added test 'lint_cmake' to check CMake code style
[1.566s] -- Added test 'xmllint' to check XML markup files
[1.569s] -- Configuring done
[1.607s] -- Generating done
[1.609s] -- Build files have been written to: /home/bodlaire/Desktop/Work/Mocap/build/vesc_msgs
[1.617s] Invoked command in '/home/bodlaire/Desktop/Work/Mocap/build/vesc_msgs' returned '0': CMAKE_PREFIX_PATH=/opt/ros/foxy /usr/bin/cmake /home/bodlaire/Desktop/Work/Mocap/src/vesc_msgs -DCMAKE_INSTALL_PREFIX=/home/bodlaire/Desktop/Work/Mocap/install/vesc_msgs
[1.620s] Invoking command in '/home/bodlaire/Desktop/Work/Mocap/build/vesc_msgs': CMAKE_PREFIX_PATH=/opt/ros/foxy /usr/bin/cmake --build /home/bodlaire/Desktop/Work/Mocap/build/vesc_msgs -- -j16 -l16
[1.655s] [  1%] [34m[1mGenerating C code for ROS interfaces[0m
[1.655s] [35m[1mScanning dependencies of target vesc_msgs__cpp[0m
[1.663s] [  3%] [34m[1mGenerating C++ code for ROS interfaces[0m
[2.019s] [  3%] Built target vesc_msgs__cpp
[2.025s] [  7%] [34m[1mGenerating C++ type support for eProsima Fast-RTPS[0m
[2.025s] [  7%] [34m[1mGenerating C++ type support dispatch for ROS interfaces[0m
[2.025s] [  9%] [34m[1mGenerating C++ introspection for ROS interfaces[0m
[2.026s] [35m[1mScanning dependencies of target vesc_msgs__rosidl_generator_c[0m
[2.037s] [ 14%] [32mBuilding C object CMakeFiles/vesc_msgs__rosidl_generator_c.dir/rosidl_generator_c/vesc_msgs/msg/detail/vesc_imu__functions.c.o[0m
[2.037s] [ 14%] [32mBuilding C object CMakeFiles/vesc_msgs__rosidl_generator_c.dir/rosidl_generator_c/vesc_msgs/msg/detail/vesc_state__functions.c.o[0m
[2.037s] [ 14%] [32mBuilding C object CMakeFiles/vesc_msgs__rosidl_generator_c.dir/rosidl_generator_c/vesc_msgs/msg/detail/vesc_state_stamped__functions.c.o[0m
[2.043s] [ 16%] [32mBuilding C object CMakeFiles/vesc_msgs__rosidl_generator_c.dir/rosidl_generator_c/vesc_msgs/msg/detail/vesc_imu_stamped__functions.c.o[0m
[2.077s] [ 18%] [32m[1mLinking C shared library libvesc_msgs__rosidl_generator_c.so[0m
[2.113s] [ 18%] Built target vesc_msgs__rosidl_generator_c
[2.121s] [ 20%] [34m[1mGenerating C introspection for ROS interfaces[0m
[2.125s] [ 21%] [34m[1mGenerating C type support dispatch for ROS interfaces[0m
[2.338s] [35m[1mScanning dependencies of target vesc_msgs__rosidl_typesupport_cpp[0m
[2.350s] [ 23%] [32mBuilding CXX object CMakeFiles/vesc_msgs__rosidl_typesupport_cpp.dir/rosidl_typesupport_cpp/vesc_msgs/msg/vesc_state__type_support.cpp.o[0m
[2.351s] [ 25%] [32mBuilding CXX object CMakeFiles/vesc_msgs__rosidl_typesupport_cpp.dir/rosidl_typesupport_cpp/vesc_msgs/msg/vesc_imu_stamped__type_support.cpp.o[0m
[2.351s] [ 27%] [32mBuilding CXX object CMakeFiles/vesc_msgs__rosidl_typesupport_cpp.dir/rosidl_typesupport_cpp/vesc_msgs/msg/vesc_state_stamped__type_support.cpp.o[0m
[2.352s] [ 29%] [32mBuilding CXX object CMakeFiles/vesc_msgs__rosidl_typesupport_cpp.dir/rosidl_typesupport_cpp/vesc_msgs/msg/vesc_imu__type_support.cpp.o[0m
[2.358s] [35m[1mScanning dependencies of target vesc_msgs__rosidl_typesupport_introspection_cpp[0m
[2.370s] [ 34%] [32mBuilding CXX object CMakeFiles/vesc_msgs__rosidl_typesupport_introspection_cpp.dir/rosidl_typesupport_introspection_cpp/vesc_msgs/msg/detail/vesc_state__type_support.cpp.o[0m
[2.370s] [ 34%] [32mBuilding CXX object CMakeFiles/vesc_msgs__rosidl_typesupport_introspection_cpp.dir/rosidl_typesupport_introspection_cpp/vesc_msgs/msg/detail/vesc_state_stamped__type_support.cpp.o[0m
[2.370s] [ 34%] [32mBuilding CXX object CMakeFiles/vesc_msgs__rosidl_typesupport_introspection_cpp.dir/rosidl_typesupport_introspection_cpp/vesc_msgs/msg/detail/vesc_imu_stamped__type_support.cpp.o[0m
[2.370s] [ 36%] [32mBuilding CXX object CMakeFiles/vesc_msgs__rosidl_typesupport_introspection_cpp.dir/rosidl_typesupport_introspection_cpp/vesc_msgs/msg/detail/vesc_imu__type_support.cpp.o[0m
[2.397s] [35m[1mScanning dependencies of target vesc_msgs__rosidl_typesupport_fastrtps_cpp[0m
[2.411s] [ 40%] [32mBuilding CXX object CMakeFiles/vesc_msgs__rosidl_typesupport_fastrtps_cpp.dir/rosidl_typesupport_fastrtps_cpp/vesc_msgs/msg/detail/dds_fastrtps/vesc_imu_stamped__type_support.cpp.o[0m
[2.412s] [ 40%] [32mBuilding CXX object CMakeFiles/vesc_msgs__rosidl_typesupport_fastrtps_cpp.dir/rosidl_typesupport_fastrtps_cpp/vesc_msgs/msg/detail/dds_fastrtps/vesc_state__type_support.cpp.o[0m
[2.412s] [ 41%] [32mBuilding CXX object CMakeFiles/vesc_msgs__rosidl_typesupport_fastrtps_cpp.dir/rosidl_typesupport_fastrtps_cpp/vesc_msgs/msg/detail/dds_fastrtps/vesc_state_stamped__type_support.cpp.o[0m
[2.412s] [ 43%] [32mBuilding CXX object CMakeFiles/vesc_msgs__rosidl_typesupport_fastrtps_cpp.dir/rosidl_typesupport_fastrtps_cpp/vesc_msgs/msg/detail/dds_fastrtps/vesc_imu__type_support.cpp.o[0m
[2.477s] [35m[1mScanning dependencies of target vesc_msgs__rosidl_typesupport_c[0m
[2.498s] [ 45%] [32mBuilding CXX object CMakeFiles/vesc_msgs__rosidl_typesupport_c.dir/rosidl_typesupport_c/vesc_msgs/msg/vesc_state__type_support.cpp.o[0m
[2.514s] [ 47%] [32mBuilding CXX object CMakeFiles/vesc_msgs__rosidl_typesupport_c.dir/rosidl_typesupport_c/vesc_msgs/msg/vesc_state_stamped__type_support.cpp.o[0m
[2.546s] [ 49%] [32mBuilding CXX object CMakeFiles/vesc_msgs__rosidl_typesupport_c.dir/rosidl_typesupport_c/vesc_msgs/msg/vesc_imu__type_support.cpp.o[0m
[2.553s] [35m[1mScanning dependencies of target vesc_msgs__rosidl_typesupport_introspection_c[0m
[2.573s] [ 50%] [32mBuilding CXX object CMakeFiles/vesc_msgs__rosidl_typesupport_c.dir/rosidl_typesupport_c/vesc_msgs/msg/vesc_imu_stamped__type_support.cpp.o[0m
[2.574s] [ 52%] [32mBuilding C object CMakeFiles/vesc_msgs__rosidl_typesupport_introspection_c.dir/rosidl_typesupport_introspection_c/vesc_msgs/msg/detail/vesc_state__type_support.c.o[0m
[2.594s] [ 54%] [32mBuilding C object CMakeFiles/vesc_msgs__rosidl_typesupport_introspection_c.dir/rosidl_typesupport_introspection_c/vesc_msgs/msg/detail/vesc_state_stamped__type_support.c.o[0m
[2.626s] [ 56%] [32mBuilding C object CMakeFiles/vesc_msgs__rosidl_typesupport_introspection_c.dir/rosidl_typesupport_introspection_c/vesc_msgs/msg/detail/vesc_imu__type_support.c.o[0m
[2.636s] [ 58%] [32m[1mLinking CXX shared library libvesc_msgs__rosidl_typesupport_c.so[0m
[2.640s] [ 60%] [32mBuilding C object CMakeFiles/vesc_msgs__rosidl_typesupport_introspection_c.dir/rosidl_typesupport_introspection_c/vesc_msgs/msg/detail/vesc_imu_stamped__type_support.c.o[0m
[2.684s] [ 61%] [32m[1mLinking CXX shared library libvesc_msgs__rosidl_typesupport_cpp.so[0m
[2.689s] [ 63%] [32m[1mLinking C shared library libvesc_msgs__rosidl_typesupport_introspection_c.so[0m
[2.691s] [ 63%] Built target vesc_msgs__rosidl_typesupport_c
[2.709s] [ 65%] [32m[1mLinking CXX shared library libvesc_msgs__rosidl_typesupport_introspection_cpp.so[0m
[2.715s] [ 65%] Built target vesc_msgs__rosidl_typesupport_introspection_c
[2.715s] [ 65%] Built target vesc_msgs__rosidl_typesupport_cpp
[2.767s] [ 65%] Built target vesc_msgs__rosidl_typesupport_introspection_cpp
[2.849s] [ 67%] [32m[1mLinking CXX shared library libvesc_msgs__rosidl_typesupport_fastrtps_cpp.so[0m
[2.916s] [ 67%] Built target vesc_msgs__rosidl_typesupport_fastrtps_cpp
[2.929s] [ 69%] [34m[1mGenerating C type support for eProsima Fast-RTPS[0m
[3.259s] [35m[1mScanning dependencies of target vesc_msgs__rosidl_typesupport_fastrtps_c[0m
[3.273s] [ 72%] [32mBuilding CXX object CMakeFiles/vesc_msgs__rosidl_typesupport_fastrtps_c.dir/rosidl_typesupport_fastrtps_c/vesc_msgs/msg/detail/vesc_imu__type_support_c.cpp.o[0m
[3.274s] [ 72%] [32mBuilding CXX object CMakeFiles/vesc_msgs__rosidl_typesupport_fastrtps_c.dir/rosidl_typesupport_fastrtps_c/vesc_msgs/msg/detail/vesc_state__type_support_c.cpp.o[0m
[3.274s] [ 74%] [32mBuilding CXX object CMakeFiles/vesc_msgs__rosidl_typesupport_fastrtps_c.dir/rosidl_typesupport_fastrtps_c/vesc_msgs/msg/detail/vesc_state_stamped__type_support_c.cpp.o[0m
[3.275s] [ 76%] [32mBuilding CXX object CMakeFiles/vesc_msgs__rosidl_typesupport_fastrtps_c.dir/rosidl_typesupport_fastrtps_c/vesc_msgs/msg/detail/vesc_imu_stamped__type_support_c.cpp.o[0m
[3.528s] [ 78%] [32m[1mLinking CXX shared library libvesc_msgs__rosidl_typesupport_fastrtps_c.so[0m
[3.592s] [ 78%] Built target vesc_msgs__rosidl_typesupport_fastrtps_c
[3.604s] [35m[1mScanning dependencies of target vesc_msgs[0m
[3.610s] [ 78%] Built target vesc_msgs
[3.622s] [35m[1mScanning dependencies of target vesc_msgs__py[0m
[3.634s] [ 80%] [34m[1mGenerating Python code for ROS interfaces[0m
[4.270s] [ 80%] Built target vesc_msgs__py
[4.281s] [35m[1mScanning dependencies of target vesc_msgs__python[0m
[4.304s] [ 85%] [32mBuilding C object CMakeFiles/vesc_msgs__python.dir/rosidl_generator_py/vesc_msgs/msg/_vesc_imu_stamped_s.c.o[0m
[4.305s] [ 85%] [32mBuilding C object CMakeFiles/vesc_msgs__python.dir/rosidl_generator_py/vesc_msgs/msg/_vesc_state_stamped_s.c.o[0m
[4.305s] [ 85%] [32mBuilding C object CMakeFiles/vesc_msgs__python.dir/rosidl_generator_py/vesc_msgs/msg/_vesc_state_s.c.o[0m
[4.305s] [ 87%] [32mBuilding C object CMakeFiles/vesc_msgs__python.dir/rosidl_generator_py/vesc_msgs/msg/_vesc_imu_s.c.o[0m
[4.389s] [ 89%] [32m[1mLinking C shared library rosidl_generator_py/vesc_msgs/libvesc_msgs__python.so[0m
[4.428s] [ 89%] Built target vesc_msgs__python
[4.435s] [35m[1mScanning dependencies of target vesc_msgs__rosidl_typesupport_fastrtps_c__pyext[0m
[4.438s] [35m[1mScanning dependencies of target vesc_msgs__rosidl_typesupport_c__pyext[0m
[4.438s] [35m[1mScanning dependencies of target vesc_msgs__rosidl_typesupport_introspection_c__pyext[0m
[4.449s] [ 90%] [32mBuilding C object CMakeFiles/vesc_msgs__rosidl_typesupport_fastrtps_c__pyext.dir/rosidl_generator_py/vesc_msgs/_vesc_msgs_s.ep.rosidl_typesupport_fastrtps_c.c.o[0m
[4.453s] [ 92%] [32mBuilding C object CMakeFiles/vesc_msgs__rosidl_typesupport_introspection_c__pyext.dir/rosidl_generator_py/vesc_msgs/_vesc_msgs_s.ep.rosidl_typesupport_introspection_c.c.o[0m
[4.453s] [ 94%] [32mBuilding C object CMakeFiles/vesc_msgs__rosidl_typesupport_c__pyext.dir/rosidl_generator_py/vesc_msgs/_vesc_msgs_s.ep.rosidl_typesupport_c.c.o[0m
[4.511s] [ 98%] [32m[1mLinking C shared library rosidl_generator_py/vesc_msgs/vesc_msgs_s__rosidl_typesupport_introspection_c.cpython-38-x86_64-linux-gnu.so[0m
[4.511s] [ 98%] [32m[1mLinking CXX shared library rosidl_generator_py/vesc_msgs/vesc_msgs_s__rosidl_typesupport_fastrtps_c.cpython-38-x86_64-linux-gnu.so[0m
[4.529s] [100%] [32m[1mLinking C shared library rosidl_generator_py/vesc_msgs/vesc_msgs_s__rosidl_typesupport_c.cpython-38-x86_64-linux-gnu.so[0m
[4.542s] [100%] Built target vesc_msgs__rosidl_typesupport_introspection_c__pyext
[4.558s] [100%] Built target vesc_msgs__rosidl_typesupport_c__pyext
[4.560s] [100%] Built target vesc_msgs__rosidl_typesupport_fastrtps_c__pyext
[4.573s] Invoked command in '/home/bodlaire/Desktop/Work/Mocap/build/vesc_msgs' returned '0': CMAKE_PREFIX_PATH=/opt/ros/foxy /usr/bin/cmake --build /home/bodlaire/Desktop/Work/Mocap/build/vesc_msgs -- -j16 -l16
[4.638s] Invoking command in '/home/bodlaire/Desktop/Work/Mocap/build/vesc_msgs': CMAKE_PREFIX_PATH=/opt/ros/foxy /usr/bin/cmake --install /home/bodlaire/Desktop/Work/Mocap/build/vesc_msgs
[4.644s] -- Install configuration: ""
[4.645s] -- Installing: /home/bodlaire/Desktop/Work/Mocap/install/vesc_msgs/share/ament_index/resource_index/rosidl_interfaces/vesc_msgs
[4.645s] -- Installing: /home/bodlaire/Desktop/Work/Mocap/install/vesc_msgs/include/vesc_msgs
[4.645s] -- Installing: /home/bodlaire/Desktop/Work/Mocap/install/vesc_msgs/include/vesc_msgs/msg
[4.645s] -- Installing: /home/bodlaire/Desktop/Work/Mocap/install/vesc_msgs/include/vesc_msgs/msg/vesc_state.h
[4.645s] -- Installing: /home/bodlaire/Desktop/Work/Mocap/install/vesc_msgs/include/vesc_msgs/msg/detail
[4.646s] -- Installing: /home/bodlaire/Desktop/Work/Mocap/install/vesc_msgs/include/vesc_msgs/msg/detail/vesc_state_stamped__struct.h
[4.646s] -- Installing: /home/bodlaire/Desktop/Work/Mocap/install/vesc_msgs/include/vesc_msgs/msg/detail/vesc_imu_stamped__type_support.h
[4.646s] -- Installing: /home/bodlaire/Desktop/Work/Mocap/install/vesc_msgs/include/vesc_msgs/msg/detail/vesc_state__functions.c
[4.646s] -- Installing: /home/bodlaire/Desktop/Work/Mocap/install/vesc_msgs/include/vesc_msgs/msg/detail/vesc_imu__functions.c
[4.646s] -- Installing: /home/bodlaire/Desktop/Work/Mocap/install/vesc_msgs/include/vesc_msgs/msg/detail/vesc_state_stamped__functions.h
[4.646s] -- Installing: /home/bodlaire/Desktop/Work/Mocap/install/vesc_msgs/include/vesc_msgs/msg/detail/vesc_imu_stamped__functions.h
[4.647s] -- Installing: /home/bodlaire/Desktop/Work/Mocap/install/vesc_msgs/include/vesc_msgs/msg/detail/vesc_imu__type_support.h
[4.647s] -- Installing: /home/bodlaire/Desktop/Work/Mocap/install/vesc_msgs/include/vesc_msgs/msg/detail/vesc_state_stamped__type_support.h
[4.647s] -- Installing: /home/bodlaire/Desktop/Work/Mocap/install/vesc_msgs/include/vesc_msgs/msg/detail/vesc_state__functions.h
[4.647s] -- Installing: /home/bodlaire/Desktop/Work/Mocap/install/vesc_msgs/include/vesc_msgs/msg/detail/vesc_imu_stamped__struct.h
[4.647s] -- Installing: /home/bodlaire/Desktop/Work/Mocap/install/vesc_msgs/include/vesc_msgs/msg/detail/vesc_state_stamped__functions.c
[4.647s] -- Installing: /home/bodlaire/Desktop/Work/Mocap/install/vesc_msgs/include/vesc_msgs/msg/detail/vesc_imu_stamped__functions.c
[4.647s] -- Installing: /home/bodlaire/Desktop/Work/Mocap/install/vesc_msgs/include/vesc_msgs/msg/detail/vesc_imu__struct.h
[4.648s] -- Installing: /home/bodlaire/Desktop/Work/Mocap/install/vesc_msgs/include/vesc_msgs/msg/detail/vesc_state__type_support.h
[4.648s] -- Installing: /home/bodlaire/Desktop/Work/Mocap/install/vesc_msgs/include/vesc_msgs/msg/detail/vesc_imu__functions.h
[4.648s] -- Installing: /home/bodlaire/Desktop/Work/Mocap/install/vesc_msgs/include/vesc_msgs/msg/detail/vesc_state__struct.h
[4.648s] -- Installing: /home/bodlaire/Desktop/Work/Mocap/install/vesc_msgs/include/vesc_msgs/msg/rosidl_generator_c__visibility_control.h
[4.648s] -- Installing: /home/bodlaire/Desktop/Work/Mocap/install/vesc_msgs/include/vesc_msgs/msg/vesc_imu.h
[4.648s] -- Installing: /home/bodlaire/Desktop/Work/Mocap/install/vesc_msgs/include/vesc_msgs/msg/vesc_imu_stamped.h
[4.648s] -- Installing: /home/bodlaire/Desktop/Work/Mocap/install/vesc_msgs/include/vesc_msgs/msg/vesc_state_stamped.h
[4.649s] -- Installing: /home/bodlaire/Desktop/Work/Mocap/install/vesc_msgs/share/vesc_msgs/environment/library_path.sh
[4.649s] -- Installing: /home/bodlaire/Desktop/Work/Mocap/install/vesc_msgs/share/vesc_msgs/environment/library_path.dsv
[4.649s] -- Installing: /home/bodlaire/Desktop/Work/Mocap/install/vesc_msgs/lib/libvesc_msgs__rosidl_generator_c.so
[4.649s] -- Set runtime path of "/home/bodlaire/Desktop/Work/Mocap/install/vesc_msgs/lib/libvesc_msgs__rosidl_generator_c.so" to ""
[4.649s] -- Up-to-date: /home/bodlaire/Desktop/Work/Mocap/install/vesc_msgs/include/vesc_msgs
[4.650s] -- Up-to-date: /home/bodlaire/Desktop/Work/Mocap/install/vesc_msgs/include/vesc_msgs/msg
[4.650s] -- Up-to-date: /home/bodlaire/Desktop/Work/Mocap/install/vesc_msgs/include/vesc_msgs/msg/detail
[4.650s] -- Installing: /home/bodlaire/Desktop/Work/Mocap/install/vesc_msgs/include/vesc_msgs/msg/detail/vesc_imu_stamped__rosidl_typesupport_fastrtps_c.h
[4.650s] -- Installing: /home/bodlaire/Desktop/Work/Mocap/install/vesc_msgs/include/vesc_msgs/msg/detail/vesc_imu__rosidl_typesupport_fastrtps_c.h
[4.650s] -- Installing: /home/bodlaire/Desktop/Work/Mocap/install/vesc_msgs/include/vesc_msgs/msg/detail/vesc_state_stamped__rosidl_typesupport_fastrtps_c.h
[4.650s] -- Installing: /home/bodlaire/Desktop/Work/Mocap/install/vesc_msgs/include/vesc_msgs/msg/detail/vesc_state__rosidl_typesupport_fastrtps_c.h
[4.651s] -- Installing: /home/bodlaire/Desktop/Work/Mocap/install/vesc_msgs/include/vesc_msgs/msg/rosidl_typesupport_fastrtps_c__visibility_control.h
[4.651s] -- Installing: /home/bodlaire/Desktop/Work/Mocap/install/vesc_msgs/lib/libvesc_msgs__rosidl_typesupport_fastrtps_c.so
[4.651s] -- Set runtime path of "/home/bodlaire/Desktop/Work/Mocap/install/vesc_msgs/lib/libvesc_msgs__rosidl_typesupport_fastrtps_c.so" to ""
[4.651s] -- Up-to-date: /home/bodlaire/Desktop/Work/Mocap/install/vesc_msgs/include/vesc_msgs
[4.651s] -- Up-to-date: /home/bodlaire/Desktop/Work/Mocap/install/vesc_msgs/include/vesc_msgs/msg
[4.651s] -- Up-to-date: /home/bodlaire/Desktop/Work/Mocap/install/vesc_msgs/include/vesc_msgs/msg/detail
[4.651s] -- Installing: /home/bodlaire/Desktop/Work/Mocap/install/vesc_msgs/include/vesc_msgs/msg/detail/vesc_imu_stamped__rosidl_typesupport_fastrtps_cpp.hpp
[4.651s] -- Installing: /home/bodlaire/Desktop/Work/Mocap/install/vesc_msgs/include/vesc_msgs/msg/detail/vesc_state_stamped__rosidl_typesupport_fastrtps_cpp.hpp
[4.651s] -- Installing: /home/bodlaire/Desktop/Work/Mocap/install/vesc_msgs/include/vesc_msgs/msg/detail/vesc_state__rosidl_typesupport_fastrtps_cpp.hpp
[4.652s] -- Installing: /home/bodlaire/Desktop/Work/Mocap/install/vesc_msgs/include/vesc_msgs/msg/detail/dds_fastrtps
[4.652s] -- Installing: /home/bodlaire/Desktop/Work/Mocap/install/vesc_msgs/include/vesc_msgs/msg/detail/vesc_imu__rosidl_typesupport_fastrtps_cpp.hpp
[4.652s] -- Installing: /home/bodlaire/Desktop/Work/Mocap/install/vesc_msgs/include/vesc_msgs/msg/rosidl_typesupport_fastrtps_cpp__visibility_control.h
[4.652s] -- Installing: /home/bodlaire/Desktop/Work/Mocap/install/vesc_msgs/lib/libvesc_msgs__rosidl_typesupport_fastrtps_cpp.so
[4.652s] -- Set runtime path of "/home/bodlaire/Desktop/Work/Mocap/install/vesc_msgs/lib/libvesc_msgs__rosidl_typesupport_fastrtps_cpp.so" to ""
[4.652s] -- Up-to-date: /home/bodlaire/Desktop/Work/Mocap/install/vesc_msgs/include/vesc_msgs
[4.652s] -- Up-to-date: /home/bodlaire/Desktop/Work/Mocap/install/vesc_msgs/include/vesc_msgs/msg
[4.652s] -- Up-to-date: /home/bodlaire/Desktop/Work/Mocap/install/vesc_msgs/include/vesc_msgs/msg/detail
[4.652s] -- Installing: /home/bodlaire/Desktop/Work/Mocap/install/vesc_msgs/include/vesc_msgs/msg/detail/vesc_state__type_support.c
[4.652s] -- Installing: /home/bodlaire/Desktop/Work/Mocap/install/vesc_msgs/include/vesc_msgs/msg/detail/vesc_imu_stamped__type_support.c
[4.652s] -- Installing: /home/bodlaire/Desktop/Work/Mocap/install/vesc_msgs/include/vesc_msgs/msg/detail/vesc_imu__rosidl_typesupport_introspection_c.h
[4.652s] -- Installing: /home/bodlaire/Desktop/Work/Mocap/install/vesc_msgs/include/vesc_msgs/msg/detail/vesc_imu__type_support.c
[4.653s] -- Installing: /home/bodlaire/Desktop/Work/Mocap/install/vesc_msgs/include/vesc_msgs/msg/detail/vesc_state__rosidl_typesupport_introspection_c.h
[4.653s] -- Installing: /home/bodlaire/Desktop/Work/Mocap/install/vesc_msgs/include/vesc_msgs/msg/detail/vesc_state_stamped__type_support.c
[4.653s] -- Installing: /home/bodlaire/Desktop/Work/Mocap/install/vesc_msgs/include/vesc_msgs/msg/detail/vesc_state_stamped__rosidl_typesupport_introspection_c.h
[4.653s] -- Installing: /home/bodlaire/Desktop/Work/Mocap/install/vesc_msgs/include/vesc_msgs/msg/detail/vesc_imu_stamped__rosidl_typesupport_introspection_c.h
[4.653s] -- Installing: /home/bodlaire/Desktop/Work/Mocap/install/vesc_msgs/include/vesc_msgs/msg/rosidl_typesupport_introspection_c__visibility_control.h
[4.653s] -- Installing: /home/bodlaire/Desktop/Work/Mocap/install/vesc_msgs/lib/libvesc_msgs__rosidl_typesupport_introspection_c.so
[4.653s] -- Set runtime path of "/home/bodlaire/Desktop/Work/Mocap/install/vesc_msgs/lib/libvesc_msgs__rosidl_typesupport_introspection_c.so" to ""
[4.653s] -- Installing: /home/bodlaire/Desktop/Work/Mocap/install/vesc_msgs/lib/libvesc_msgs__rosidl_typesupport_c.so
[4.653s] -- Set runtime path of "/home/bodlaire/Desktop/Work/Mocap/install/vesc_msgs/lib/libvesc_msgs__rosidl_typesupport_c.so" to ""
[4.653s] -- Up-to-date: /home/bodlaire/Desktop/Work/Mocap/install/vesc_msgs/include/vesc_msgs
[4.653s] -- Up-to-date: /home/bodlaire/Desktop/Work/Mocap/install/vesc_msgs/include/vesc_msgs/msg
[4.653s] -- Installing: /home/bodlaire/Desktop/Work/Mocap/install/vesc_msgs/include/vesc_msgs/msg/rosidl_generator_cpp__visibility_control.hpp
[4.654s] -- Up-to-date: /home/bodlaire/Desktop/Work/Mocap/install/vesc_msgs/include/vesc_msgs/msg/detail
[4.654s] -- Installing: /home/bodlaire/Desktop/Work/Mocap/install/vesc_msgs/include/vesc_msgs/msg/detail/vesc_imu__struct.hpp
[4.654s] -- Installing: /home/bodlaire/Desktop/Work/Mocap/install/vesc_msgs/include/vesc_msgs/msg/detail/vesc_state_stamped__type_support.hpp
[4.654s] -- Installing: /home/bodlaire/Desktop/Work/Mocap/install/vesc_msgs/include/vesc_msgs/msg/detail/vesc_state__traits.hpp
[4.654s] -- Installing: /home/bodlaire/Desktop/Work/Mocap/install/vesc_msgs/include/vesc_msgs/msg/detail/vesc_imu_stamped__type_support.hpp
[4.654s] -- Installing: /home/bodlaire/Desktop/Work/Mocap/install/vesc_msgs/include/vesc_msgs/msg/detail/vesc_imu__builder.hpp
[4.654s] -- Installing: /home/bodlaire/Desktop/Work/Mocap/install/vesc_msgs/include/vesc_msgs/msg/detail/vesc_imu_stamped__struct.hpp
[4.654s] -- Installing: /home/bodlaire/Desktop/Work/Mocap/install/vesc_msgs/include/vesc_msgs/msg/detail/vesc_imu__type_support.hpp
[4.654s] -- Installing: /home/bodlaire/Desktop/Work/Mocap/install/vesc_msgs/include/vesc_msgs/msg/detail/vesc_state_stamped__struct.hpp
[4.654s] -- Installing: /home/bodlaire/Desktop/Work/Mocap/install/vesc_msgs/include/vesc_msgs/msg/detail/vesc_imu_stamped__traits.hpp
[4.655s] -- Installing: /home/bodlaire/Desktop/Work/Mocap/install/vesc_msgs/include/vesc_msgs/msg/detail/vesc_state__struct.hpp
[4.655s] -- Installing: /home/bodlaire/Desktop/Work/Mocap/install/vesc_msgs/include/vesc_msgs/msg/detail/vesc_imu_stamped__builder.hpp
[4.655s] -- Installing: /home/bodlaire/Desktop/Work/Mocap/install/vesc_msgs/include/vesc_msgs/msg/detail/vesc_imu__traits.hpp
[4.655s] -- Installing: /home/bodlaire/Desktop/Work/Mocap/install/vesc_msgs/include/vesc_msgs/msg/detail/vesc_state_stamped__builder.hpp
[4.655s] -- Installing: /home/bodlaire/Desktop/Work/Mocap/install/vesc_msgs/include/vesc_msgs/msg/detail/vesc_state__type_support.hpp
[4.655s] -- Installing: /home/bodlaire/Desktop/Work/Mocap/install/vesc_msgs/include/vesc_msgs/msg/detail/vesc_state__builder.hpp
[4.655s] -- Installing: /home/bodlaire/Desktop/Work/Mocap/install/vesc_msgs/include/vesc_msgs/msg/detail/vesc_state_stamped__traits.hpp
[4.655s] -- Installing: /home/bodlaire/Desktop/Work/Mocap/install/vesc_msgs/include/vesc_msgs/msg/vesc_imu_stamped.hpp
[4.655s] -- Installing: /home/bodlaire/Desktop/Work/Mocap/install/vesc_msgs/include/vesc_msgs/msg/vesc_state.hpp
[4.655s] -- Installing: /home/bodlaire/Desktop/Work/Mocap/install/vesc_msgs/include/vesc_msgs/msg/vesc_state_stamped.hpp
[4.655s] -- Installing: /home/bodlaire/Desktop/Work/Mocap/install/vesc_msgs/include/vesc_msgs/msg/vesc_imu.hpp
[4.656s] -- Up-to-date: /home/bodlaire/Desktop/Work/Mocap/install/vesc_msgs/include/vesc_msgs
[4.656s] -- Up-to-date: /home/bodlaire/Desktop/Work/Mocap/install/vesc_msgs/include/vesc_msgs/msg
[4.656s] -- Up-to-date: /home/bodlaire/Desktop/Work/Mocap/install/vesc_msgs/include/vesc_msgs/msg/detail
[4.656s] -- Installing: /home/bodlaire/Desktop/Work/Mocap/install/vesc_msgs/include/vesc_msgs/msg/detail/vesc_imu_stamped__type_support.cpp
[4.656s] -- Installing: /home/bodlaire/Desktop/Work/Mocap/install/vesc_msgs/include/vesc_msgs/msg/detail/vesc_state__type_support.cpp
[4.656s] -- Installing: /home/bodlaire/Desktop/Work/Mocap/install/vesc_msgs/include/vesc_msgs/msg/detail/vesc_state__rosidl_typesupport_introspection_cpp.hpp
[4.656s] -- Installing: /home/bodlaire/Desktop/Work/Mocap/install/vesc_msgs/include/vesc_msgs/msg/detail/vesc_state_stamped__rosidl_typesupport_introspection_cpp.hpp
[4.656s] -- Installing: /home/bodlaire/Desktop/Work/Mocap/install/vesc_msgs/include/vesc_msgs/msg/detail/vesc_state_stamped__type_support.cpp
[4.656s] -- Installing: /home/bodlaire/Desktop/Work/Mocap/install/vesc_msgs/include/vesc_msgs/msg/detail/vesc_imu__type_support.cpp
[4.656s] -- Installing: /home/bodlaire/Desktop/Work/Mocap/install/vesc_msgs/include/vesc_msgs/msg/detail/vesc_imu_stamped__rosidl_typesupport_introspection_cpp.hpp
[4.656s] -- Installing: /home/bodlaire/Desktop/Work/Mocap/install/vesc_msgs/include/vesc_msgs/msg/detail/vesc_imu__rosidl_typesupport_introspection_cpp.hpp
[4.656s] -- Installing: /home/bodlaire/Desktop/Work/Mocap/install/vesc_msgs/lib/libvesc_msgs__rosidl_typesupport_introspection_cpp.so
[4.656s] -- Set runtime path of "/home/bodlaire/Desktop/Work/Mocap/install/vesc_msgs/lib/libvesc_msgs__rosidl_typesupport_introspection_cpp.so" to ""
[4.656s] -- Installing: /home/bodlaire/Desktop/Work/Mocap/install/vesc_msgs/lib/libvesc_msgs__rosidl_typesupport_cpp.so
[4.656s] -- Set runtime path of "/home/bodlaire/Desktop/Work/Mocap/install/vesc_msgs/lib/libvesc_msgs__rosidl_typesupport_cpp.so" to ""
[4.657s] -- Installing: /home/bodlaire/Desktop/Work/Mocap/install/vesc_msgs/share/vesc_msgs/environment/pythonpath.sh
[4.657s] -- Installing: /home/bodlaire/Desktop/Work/Mocap/install/vesc_msgs/share/vesc_msgs/environment/pythonpath.dsv
[4.657s] -- Installing: /home/bodlaire/Desktop/Work/Mocap/install/vesc_msgs/lib/python3.8/site-packages/vesc_msgs/__init__.py
[4.676s] Compiling '/home/bodlaire/Desktop/Work/Mocap/install/vesc_msgs/lib/python3.8/site-packages/vesc_msgs/__init__.py'...
[4.678s] -- Installing: /home/bodlaire/Desktop/Work/Mocap/install/vesc_msgs/lib/python3.8/site-packages/vesc_msgs/msg
[4.679s] -- Installing: /home/bodlaire/Desktop/Work/Mocap/install/vesc_msgs/lib/python3.8/site-packages/vesc_msgs/msg/_vesc_state_s.c
[4.679s] -- Installing: /home/bodlaire/Desktop/Work/Mocap/install/vesc_msgs/lib/python3.8/site-packages/vesc_msgs/msg/_vesc_state_stamped_s.c
[4.679s] -- Installing: /home/bodlaire/Desktop/Work/Mocap/install/vesc_msgs/lib/python3.8/site-packages/vesc_msgs/msg/_vesc_imu.py
[4.679s] -- Installing: /home/bodlaire/Desktop/Work/Mocap/install/vesc_msgs/lib/python3.8/site-packages/vesc_msgs/msg/_vesc_state.py
[4.679s] -- Installing: /home/bodlaire/Desktop/Work/Mocap/install/vesc_msgs/lib/python3.8/site-packages/vesc_msgs/msg/_vesc_state_stamped.py
[4.679s] -- Installing: /home/bodlaire/Desktop/Work/Mocap/install/vesc_msgs/lib/python3.8/site-packages/vesc_msgs/msg/_vesc_imu_s.c
[4.680s] -- Installing: /home/bodlaire/Desktop/Work/Mocap/install/vesc_msgs/lib/python3.8/site-packages/vesc_msgs/msg/_vesc_imu_stamped_s.c
[4.680s] -- Installing: /home/bodlaire/Desktop/Work/Mocap/install/vesc_msgs/lib/python3.8/site-packages/vesc_msgs/msg/__init__.py
[4.680s] -- Installing: /home/bodlaire/Desktop/Work/Mocap/install/vesc_msgs/lib/python3.8/site-packages/vesc_msgs/msg/_vesc_imu_stamped.py
[4.680s] -- Installing: /home/bodlaire/Desktop/Work/Mocap/install/vesc_msgs/lib/python3.8/site-packages/vesc_msgs/vesc_msgs_s__rosidl_typesupport_fastrtps_c.cpython-38-x86_64-linux-gnu.so
[4.681s] -- Set runtime path of "/home/bodlaire/Desktop/Work/Mocap/install/vesc_msgs/lib/python3.8/site-packages/vesc_msgs/vesc_msgs_s__rosidl_typesupport_fastrtps_c.cpython-38-x86_64-linux-gnu.so" to ""
[4.681s] -- Installing: /home/bodlaire/Desktop/Work/Mocap/install/vesc_msgs/lib/python3.8/site-packages/vesc_msgs/vesc_msgs_s__rosidl_typesupport_introspection_c.cpython-38-x86_64-linux-gnu.so
[4.682s] -- Set runtime path of "/home/bodlaire/Desktop/Work/Mocap/install/vesc_msgs/lib/python3.8/site-packages/vesc_msgs/vesc_msgs_s__rosidl_typesupport_introspection_c.cpython-38-x86_64-linux-gnu.so" to ""
[4.682s] -- Installing: /home/bodlaire/Desktop/Work/Mocap/install/vesc_msgs/lib/python3.8/site-packages/vesc_msgs/vesc_msgs_s__rosidl_typesupport_c.cpython-38-x86_64-linux-gnu.so
[4.683s] -- Set runtime path of "/home/bodlaire/Desktop/Work/Mocap/install/vesc_msgs/lib/python3.8/site-packages/vesc_msgs/vesc_msgs_s__rosidl_typesupport_c.cpython-38-x86_64-linux-gnu.so" to ""
[4.683s] -- Installing: /home/bodlaire/Desktop/Work/Mocap/install/vesc_msgs/lib/libvesc_msgs__python.so
[4.684s] -- Set runtime path of "/home/bodlaire/Desktop/Work/Mocap/install/vesc_msgs/lib/libvesc_msgs__python.so" to ""
[4.684s] -- Installing: /home/bodlaire/Desktop/Work/Mocap/install/vesc_msgs/share/vesc_msgs/msg/VescState.idl
[4.684s] -- Installing: /home/bodlaire/Desktop/Work/Mocap/install/vesc_msgs/share/vesc_msgs/msg/VescStateStamped.idl
[4.685s] -- Installing: /home/bodlaire/Desktop/Work/Mocap/install/vesc_msgs/share/vesc_msgs/msg/VescImu.idl
[4.685s] -- Installing: /home/bodlaire/Desktop/Work/Mocap/install/vesc_msgs/share/vesc_msgs/msg/VescImuStamped.idl
[4.685s] -- Installing: /home/bodlaire/Desktop/Work/Mocap/install/vesc_msgs/share/vesc_msgs/msg/VescState.msg
[4.686s] -- Installing: /home/bodlaire/Desktop/Work/Mocap/install/vesc_msgs/share/vesc_msgs/msg/VescStateStamped.msg
[4.686s] -- Installing: /home/bodlaire/Desktop/Work/Mocap/install/vesc_msgs/share/vesc_msgs/msg/VescImu.msg
[4.686s] -- Installing: /home/bodlaire/Desktop/Work/Mocap/install/vesc_msgs/share/vesc_msgs/msg/VescImuStamped.msg
[4.687s] -- Installing: /home/bodlaire/Desktop/Work/Mocap/install/vesc_msgs/share/ament_index/resource_index/package_run_dependencies/vesc_msgs
[4.687s] -- Installing: /home/bodlaire/Desktop/Work/Mocap/install/vesc_msgs/share/ament_index/resource_index/parent_prefix_path/vesc_msgs
[4.688s] -- Installing: /home/bodlaire/Desktop/Work/Mocap/install/vesc_msgs/share/vesc_msgs/environment/ament_prefix_path.sh
[4.688s] -- Installing: /home/bodlaire/Desktop/Work/Mocap/install/vesc_msgs/share/vesc_msgs/environment/ament_prefix_path.dsv
[4.688s] -- Installing: /home/bodlaire/Desktop/Work/Mocap/install/vesc_msgs/share/vesc_msgs/environment/path.sh
[4.688s] -- Installing: /home/bodlaire/Desktop/Work/Mocap/install/vesc_msgs/share/vesc_msgs/environment/path.dsv
[4.688s] -- Installing: /home/bodlaire/Desktop/Work/Mocap/install/vesc_msgs/share/vesc_msgs/local_setup.bash
[4.688s] -- Installing: /home/bodlaire/Desktop/Work/Mocap/install/vesc_msgs/share/vesc_msgs/local_setup.sh
[4.688s] -- Installing: /home/bodlaire/Desktop/Work/Mocap/install/vesc_msgs/share/vesc_msgs/local_setup.zsh
[4.688s] -- Installing: /home/bodlaire/Desktop/Work/Mocap/install/vesc_msgs/share/vesc_msgs/local_setup.dsv
[4.689s] -- Installing: /home/bodlaire/Desktop/Work/Mocap/install/vesc_msgs/share/vesc_msgs/package.dsv
[4.689s] -- Installing: /home/bodlaire/Desktop/Work/Mocap/install/vesc_msgs/share/ament_index/resource_index/packages/vesc_msgs
[4.689s] -- Installing: /home/bodlaire/Desktop/Work/Mocap/install/vesc_msgs/share/vesc_msgs/cmake/vesc_msgs__rosidl_generator_cExport.cmake
[4.689s] -- Installing: /home/bodlaire/Desktop/Work/Mocap/install/vesc_msgs/share/vesc_msgs/cmake/vesc_msgs__rosidl_generator_cExport-noconfig.cmake
[4.689s] -- Installing: /home/bodlaire/Desktop/Work/Mocap/install/vesc_msgs/share/vesc_msgs/cmake/vesc_msgs__rosidl_typesupport_introspection_cExport.cmake
[4.689s] -- Installing: /home/bodlaire/Desktop/Work/Mocap/install/vesc_msgs/share/vesc_msgs/cmake/vesc_msgs__rosidl_typesupport_introspection_cExport-noconfig.cmake
[4.689s] -- Installing: /home/bodlaire/Desktop/Work/Mocap/install/vesc_msgs/share/vesc_msgs/cmake/vesc_msgs__rosidl_typesupport_cExport.cmake
[4.690s] -- Installing: /home/bodlaire/Desktop/Work/Mocap/install/vesc_msgs/share/vesc_msgs/cmake/vesc_msgs__rosidl_typesupport_cExport-noconfig.cmake
[4.690s] -- Installing: /home/bodlaire/Desktop/Work/Mocap/install/vesc_msgs/share/vesc_msgs/cmake/vesc_msgs__rosidl_generator_cppExport.cmake
[4.690s] -- Installing: /home/bodlaire/Desktop/Work/Mocap/install/vesc_msgs/share/vesc_msgs/cmake/vesc_msgs__rosidl_typesupport_introspection_cppExport.cmake
[4.690s] -- Installing: /home/bodlaire/Desktop/Work/Mocap/install/vesc_msgs/share/vesc_msgs/cmake/vesc_msgs__rosidl_typesupport_introspection_cppExport-noconfig.cmake
[4.690s] -- Installing: /home/bodlaire/Desktop/Work/Mocap/install/vesc_msgs/share/vesc_msgs/cmake/vesc_msgs__rosidl_typesupport_cppExport.cmake
[4.690s] -- Installing: /home/bodlaire/Desktop/Work/Mocap/install/vesc_msgs/share/vesc_msgs/cmake/vesc_msgs__rosidl_typesupport_cppExport-noconfig.cmake
[4.690s] -- Installing: /home/bodlaire/Desktop/Work/Mocap/install/vesc_msgs/share/vesc_msgs/cmake/rosidl_cmake-extras.cmake
[4.691s] -- Installing: /home/bodlaire/Desktop/Work/Mocap/install/vesc_msgs/share/vesc_msgs/cmake/ament_cmake_export_dependencies-extras.cmake
[4.691s] -- Installing: /home/bodlaire/Desktop/Work/Mocap/install/vesc_msgs/share/vesc_msgs/cmake/ament_cmake_export_libraries-extras.cmake
[4.691s] -- Installing: /home/bodlaire/Desktop/Work/Mocap/install/vesc_msgs/share/vesc_msgs/cmake/ament_cmake_export_targets-extras.cmake
[4.691s] -- Installing: /home/bodlaire/Desktop/Work/Mocap/install/vesc_msgs/share/vesc_msgs/cmake/ament_cmake_export_include_directories-extras.cmake
[4.691s] -- Installing: /home/bodlaire/Desktop/Work/Mocap/install/vesc_msgs/share/vesc_msgs/cmake/rosidl_cmake_export_typesupport_libraries-extras.cmake
[4.691s] -- Installing: /home/bodlaire/Desktop/Work/Mocap/install/vesc_msgs/share/vesc_msgs/cmake/rosidl_cmake_export_typesupport_targets-extras.cmake
[4.691s] -- Installing: /home/bodlaire/Desktop/Work/Mocap/install/vesc_msgs/share/vesc_msgs/cmake/vesc_msgsConfig.cmake
[4.691s] -- Installing: /home/bodlaire/Desktop/Work/Mocap/install/vesc_msgs/share/vesc_msgs/cmake/vesc_msgsConfig-version.cmake
[4.692s] -- Installing: /home/bodlaire/Desktop/Work/Mocap/install/vesc_msgs/share/vesc_msgs/package.xml
[4.694s] Invoked command in '/home/bodlaire/Desktop/Work/Mocap/build/vesc_msgs' returned '0': CMAKE_PREFIX_PATH=/opt/ros/foxy /usr/bin/cmake --install /home/bodlaire/Desktop/Work/Mocap/build/vesc_msgs
