[0.308s] Invoking command in '/home/bodlaire/Desktop/Work/Mocap/build/mocap_msg': CMAKE_PREFIX_PATH=/opt/ros/foxy /usr/bin/cmake --build /home/bodlaire/Desktop/Work/Mocap/build/mocap_msg -- -j16 -l16
[0.544s] [  3%] Built target mocap_msg__cpp
[0.545s] [ 12%] Built target mocap_msg__rosidl_generator_c
[0.546s] [ 22%] Built target mocap_msg__rosidl_typesupport_cpp
[0.546s] [ 32%] Built target mocap_msg__rosidl_typesupport_introspection_cpp
[0.547s] [ 41%] Built target mocap_msg__rosidl_typesupport_fastrtps_cpp
[0.547s] [ 51%] Built target mocap_msg__rosidl_typesupport_c
[0.547s] [ 61%] Built target mocap_msg__rosidl_typesupport_introspection_c
[0.547s] [ 70%] Built target mocap_msg__rosidl_typesupport_fastrtps_c
[0.547s] [ 70%] Built target mocap_msg
[0.547s] [ 74%] Built target mocap_msg__py
[0.547s] [ 80%] Built target mocap_msg__python
[0.547s] [ 93%] Built target mocap_msg__rosidl_typesupport_fastrtps_c__pyext
[0.548s] [ 93%] Built target mocap_msg__rosidl_typesupport_introspection_c__pyext
[0.548s] [100%] Built target mocap_msg__rosidl_typesupport_c__pyext
[0.550s] Invoked command in '/home/bodlaire/Desktop/Work/Mocap/build/mocap_msg' returned '0': CMAKE_PREFIX_PATH=/opt/ros/foxy /usr/bin/cmake --build /home/bodlaire/Desktop/Work/Mocap/build/mocap_msg -- -j16 -l16
[0.582s] Invoking command in '/home/bodlaire/Desktop/Work/Mocap/build/mocap_msg': CMAKE_PREFIX_PATH=/opt/ros/foxy /usr/bin/cmake --install /home/bodlaire/Desktop/Work/Mocap/build/mocap_msg
[0.591s] -- Install configuration: ""
[0.591s] -- Up-to-date: /home/bodlaire/Desktop/Work/Mocap/install/mocap_msg/share/ament_index/resource_index/rosidl_interfaces/mocap_msg
[0.591s] -- Up-to-date: /home/bodlaire/Desktop/Work/Mocap/install/mocap_msg/include/mocap_msg
[0.591s] -- Up-to-date: /home/bodlaire/Desktop/Work/Mocap/install/mocap_msg/include/mocap_msg/msg
[0.591s] -- Up-to-date: /home/bodlaire/Desktop/Work/Mocap/install/mocap_msg/include/mocap_msg/msg/detail
[0.591s] -- Up-to-date: /home/bodlaire/Desktop/Work/Mocap/install/mocap_msg/include/mocap_msg/msg/detail/pos_value__functions.h
[0.592s] -- Up-to-date: /home/bodlaire/Desktop/Work/Mocap/install/mocap_msg/include/mocap_msg/msg/detail/pos_value__functions.c
[0.592s] -- Up-to-date: /home/bodlaire/Desktop/Work/Mocap/install/mocap_msg/include/mocap_msg/msg/detail/pos_value__struct.h
[0.592s] -- Up-to-date: /home/bodlaire/Desktop/Work/Mocap/install/mocap_msg/include/mocap_msg/msg/detail/pos_value__type_support.h
[0.592s] -- Up-to-date: /home/bodlaire/Desktop/Work/Mocap/install/mocap_msg/include/mocap_msg/msg/pos_value.h
[0.592s] -- Up-to-date: /home/bodlaire/Desktop/Work/Mocap/install/mocap_msg/include/mocap_msg/msg/rosidl_generator_c__visibility_control.h
[0.592s] -- Up-to-date: /home/bodlaire/Desktop/Work/Mocap/install/mocap_msg/share/mocap_msg/environment/library_path.sh
[0.592s] -- Up-to-date: /home/bodlaire/Desktop/Work/Mocap/install/mocap_msg/share/mocap_msg/environment/library_path.dsv
[0.592s] -- Up-to-date: /home/bodlaire/Desktop/Work/Mocap/install/mocap_msg/lib/libmocap_msg__rosidl_generator_c.so
[0.592s] -- Up-to-date: /home/bodlaire/Desktop/Work/Mocap/install/mocap_msg/include/mocap_msg
[0.592s] -- Up-to-date: /home/bodlaire/Desktop/Work/Mocap/install/mocap_msg/include/mocap_msg/msg
[0.593s] -- Up-to-date: /home/bodlaire/Desktop/Work/Mocap/install/mocap_msg/include/mocap_msg/msg/detail
[0.593s] -- Up-to-date: /home/bodlaire/Desktop/Work/Mocap/install/mocap_msg/include/mocap_msg/msg/detail/pos_value__rosidl_typesupport_fastrtps_c.h
[0.593s] -- Up-to-date: /home/bodlaire/Desktop/Work/Mocap/install/mocap_msg/include/mocap_msg/msg/rosidl_typesupport_fastrtps_c__visibility_control.h
[0.593s] -- Up-to-date: /home/bodlaire/Desktop/Work/Mocap/install/mocap_msg/lib/libmocap_msg__rosidl_typesupport_fastrtps_c.so
[0.593s] -- Up-to-date: /home/bodlaire/Desktop/Work/Mocap/install/mocap_msg/include/mocap_msg
[0.593s] -- Up-to-date: /home/bodlaire/Desktop/Work/Mocap/install/mocap_msg/include/mocap_msg/msg
[0.593s] -- Up-to-date: /home/bodlaire/Desktop/Work/Mocap/install/mocap_msg/include/mocap_msg/msg/detail
[0.593s] -- Up-to-date: /home/bodlaire/Desktop/Work/Mocap/install/mocap_msg/include/mocap_msg/msg/detail/pos_value__rosidl_typesupport_fastrtps_cpp.hpp
[0.593s] -- Up-to-date: /home/bodlaire/Desktop/Work/Mocap/install/mocap_msg/include/mocap_msg/msg/detail/dds_fastrtps
[0.593s] -- Up-to-date: /home/bodlaire/Desktop/Work/Mocap/install/mocap_msg/include/mocap_msg/msg/rosidl_typesupport_fastrtps_cpp__visibility_control.h
[0.594s] -- Up-to-date: /home/bodlaire/Desktop/Work/Mocap/install/mocap_msg/lib/libmocap_msg__rosidl_typesupport_fastrtps_cpp.so
[0.594s] -- Up-to-date: /home/bodlaire/Desktop/Work/Mocap/install/mocap_msg/include/mocap_msg
[0.594s] -- Up-to-date: /home/bodlaire/Desktop/Work/Mocap/install/mocap_msg/include/mocap_msg/msg
[0.594s] -- Up-to-date: /home/bodlaire/Desktop/Work/Mocap/install/mocap_msg/include/mocap_msg/msg/detail
[0.594s] -- Up-to-date: /home/bodlaire/Desktop/Work/Mocap/install/mocap_msg/include/mocap_msg/msg/detail/pos_value__rosidl_typesupport_introspection_c.h
[0.594s] -- Up-to-date: /home/bodlaire/Desktop/Work/Mocap/install/mocap_msg/include/mocap_msg/msg/detail/pos_value__type_support.c
[0.594s] -- Up-to-date: /home/bodlaire/Desktop/Work/Mocap/install/mocap_msg/include/mocap_msg/msg/rosidl_typesupport_introspection_c__visibility_control.h
[0.594s] -- Up-to-date: /home/bodlaire/Desktop/Work/Mocap/install/mocap_msg/lib/libmocap_msg__rosidl_typesupport_introspection_c.so
[0.594s] -- Up-to-date: /home/bodlaire/Desktop/Work/Mocap/install/mocap_msg/lib/libmocap_msg__rosidl_typesupport_c.so
[0.594s] -- Up-to-date: /home/bodlaire/Desktop/Work/Mocap/install/mocap_msg/include/mocap_msg
[0.595s] -- Up-to-date: /home/bodlaire/Desktop/Work/Mocap/install/mocap_msg/include/mocap_msg/msg
[0.595s] -- Up-to-date: /home/bodlaire/Desktop/Work/Mocap/install/mocap_msg/include/mocap_msg/msg/rosidl_generator_cpp__visibility_control.hpp
[0.595s] -- Up-to-date: /home/bodlaire/Desktop/Work/Mocap/install/mocap_msg/include/mocap_msg/msg/pos_value.hpp
[0.595s] -- Up-to-date: /home/bodlaire/Desktop/Work/Mocap/install/mocap_msg/include/mocap_msg/msg/detail
[0.595s] -- Up-to-date: /home/bodlaire/Desktop/Work/Mocap/install/mocap_msg/include/mocap_msg/msg/detail/pos_value__traits.hpp
[0.595s] -- Up-to-date: /home/bodlaire/Desktop/Work/Mocap/install/mocap_msg/include/mocap_msg/msg/detail/pos_value__type_support.hpp
[0.595s] -- Up-to-date: /home/bodlaire/Desktop/Work/Mocap/install/mocap_msg/include/mocap_msg/msg/detail/pos_value__struct.hpp
[0.595s] -- Up-to-date: /home/bodlaire/Desktop/Work/Mocap/install/mocap_msg/include/mocap_msg/msg/detail/pos_value__builder.hpp
[0.595s] -- Up-to-date: /home/bodlaire/Desktop/Work/Mocap/install/mocap_msg/include/mocap_msg
[0.595s] -- Up-to-date: /home/bodlaire/Desktop/Work/Mocap/install/mocap_msg/include/mocap_msg/msg
[0.595s] -- Up-to-date: /home/bodlaire/Desktop/Work/Mocap/install/mocap_msg/include/mocap_msg/msg/detail
[0.595s] -- Up-to-date: /home/bodlaire/Desktop/Work/Mocap/install/mocap_msg/include/mocap_msg/msg/detail/pos_value__rosidl_typesupport_introspection_cpp.hpp
[0.596s] -- Up-to-date: /home/bodlaire/Desktop/Work/Mocap/install/mocap_msg/include/mocap_msg/msg/detail/pos_value__type_support.cpp
[0.596s] -- Up-to-date: /home/bodlaire/Desktop/Work/Mocap/install/mocap_msg/lib/libmocap_msg__rosidl_typesupport_introspection_cpp.so
[0.596s] -- Up-to-date: /home/bodlaire/Desktop/Work/Mocap/install/mocap_msg/lib/libmocap_msg__rosidl_typesupport_cpp.so
[0.596s] -- Up-to-date: /home/bodlaire/Desktop/Work/Mocap/install/mocap_msg/share/mocap_msg/environment/pythonpath.sh
[0.596s] -- Up-to-date: /home/bodlaire/Desktop/Work/Mocap/install/mocap_msg/share/mocap_msg/environment/pythonpath.dsv
[0.596s] -- Up-to-date: /home/bodlaire/Desktop/Work/Mocap/install/mocap_msg/lib/python3.8/site-packages/mocap_msg/__init__.py
[0.617s] -- Up-to-date: /home/bodlaire/Desktop/Work/Mocap/install/mocap_msg/lib/python3.8/site-packages/mocap_msg/msg
[0.617s] -- Up-to-date: /home/bodlaire/Desktop/Work/Mocap/install/mocap_msg/lib/python3.8/site-packages/mocap_msg/msg/_pos_value.py
[0.618s] -- Up-to-date: /home/bodlaire/Desktop/Work/Mocap/install/mocap_msg/lib/python3.8/site-packages/mocap_msg/msg/_pos_value_s.c
[0.618s] -- Up-to-date: /home/bodlaire/Desktop/Work/Mocap/install/mocap_msg/lib/python3.8/site-packages/mocap_msg/msg/__init__.py
[0.619s] -- Up-to-date: /home/bodlaire/Desktop/Work/Mocap/install/mocap_msg/lib/python3.8/site-packages/mocap_msg/mocap_msg_s__rosidl_typesupport_fastrtps_c.cpython-38-x86_64-linux-gnu.so
[0.619s] -- Up-to-date: /home/bodlaire/Desktop/Work/Mocap/install/mocap_msg/lib/python3.8/site-packages/mocap_msg/mocap_msg_s__rosidl_typesupport_introspection_c.cpython-38-x86_64-linux-gnu.so
[0.619s] -- Up-to-date: /home/bodlaire/Desktop/Work/Mocap/install/mocap_msg/lib/python3.8/site-packages/mocap_msg/mocap_msg_s__rosidl_typesupport_c.cpython-38-x86_64-linux-gnu.so
[0.619s] -- Up-to-date: /home/bodlaire/Desktop/Work/Mocap/install/mocap_msg/lib/libmocap_msg__python.so
[0.619s] -- Up-to-date: /home/bodlaire/Desktop/Work/Mocap/install/mocap_msg/share/mocap_msg/msg/PosValue.idl
[0.619s] -- Up-to-date: /home/bodlaire/Desktop/Work/Mocap/install/mocap_msg/share/mocap_msg/msg/PosValue.msg
[0.619s] -- Up-to-date: /home/bodlaire/Desktop/Work/Mocap/install/mocap_msg/share/ament_index/resource_index/package_run_dependencies/mocap_msg
[0.620s] -- Up-to-date: /home/bodlaire/Desktop/Work/Mocap/install/mocap_msg/share/ament_index/resource_index/parent_prefix_path/mocap_msg
[0.620s] -- Up-to-date: /home/bodlaire/Desktop/Work/Mocap/install/mocap_msg/share/mocap_msg/environment/ament_prefix_path.sh
[0.620s] -- Up-to-date: /home/bodlaire/Desktop/Work/Mocap/install/mocap_msg/share/mocap_msg/environment/ament_prefix_path.dsv
[0.621s] -- Up-to-date: /home/bodlaire/Desktop/Work/Mocap/install/mocap_msg/share/mocap_msg/environment/path.sh
[0.621s] -- Up-to-date: /home/bodlaire/Desktop/Work/Mocap/install/mocap_msg/share/mocap_msg/environment/path.dsv
[0.621s] -- Up-to-date: /home/bodlaire/Desktop/Work/Mocap/install/mocap_msg/share/mocap_msg/local_setup.bash
[0.621s] -- Up-to-date: /home/bodlaire/Desktop/Work/Mocap/install/mocap_msg/share/mocap_msg/local_setup.sh
[0.621s] -- Up-to-date: /home/bodlaire/Desktop/Work/Mocap/install/mocap_msg/share/mocap_msg/local_setup.zsh
[0.621s] -- Up-to-date: /home/bodlaire/Desktop/Work/Mocap/install/mocap_msg/share/mocap_msg/local_setup.dsv
[0.621s] -- Installing: /home/bodlaire/Desktop/Work/Mocap/install/mocap_msg/share/mocap_msg/package.dsv
[0.622s] -- Up-to-date: /home/bodlaire/Desktop/Work/Mocap/install/mocap_msg/share/ament_index/resource_index/packages/mocap_msg
[0.622s] -- Up-to-date: /home/bodlaire/Desktop/Work/Mocap/install/mocap_msg/share/mocap_msg/cmake/mocap_msg__rosidl_generator_cExport.cmake
[0.622s] -- Up-to-date: /home/bodlaire/Desktop/Work/Mocap/install/mocap_msg/share/mocap_msg/cmake/mocap_msg__rosidl_generator_cExport-noconfig.cmake
[0.623s] -- Up-to-date: /home/bodlaire/Desktop/Work/Mocap/install/mocap_msg/share/mocap_msg/cmake/mocap_msg__rosidl_typesupport_introspection_cExport.cmake
[0.623s] -- Up-to-date: /home/bodlaire/Desktop/Work/Mocap/install/mocap_msg/share/mocap_msg/cmake/mocap_msg__rosidl_typesupport_introspection_cExport-noconfig.cmake
[0.623s] -- Up-to-date: /home/bodlaire/Desktop/Work/Mocap/install/mocap_msg/share/mocap_msg/cmake/mocap_msg__rosidl_typesupport_cExport.cmake
[0.623s] -- Up-to-date: /home/bodlaire/Desktop/Work/Mocap/install/mocap_msg/share/mocap_msg/cmake/mocap_msg__rosidl_typesupport_cExport-noconfig.cmake
[0.624s] -- Up-to-date: /home/bodlaire/Desktop/Work/Mocap/install/mocap_msg/share/mocap_msg/cmake/mocap_msg__rosidl_generator_cppExport.cmake
[0.624s] -- Up-to-date: /home/bodlaire/Desktop/Work/Mocap/install/mocap_msg/share/mocap_msg/cmake/mocap_msg__rosidl_typesupport_introspection_cppExport.cmake
[0.625s] -- Up-to-date: /home/bodlaire/Desktop/Work/Mocap/install/mocap_msg/share/mocap_msg/cmake/mocap_msg__rosidl_typesupport_introspection_cppExport-noconfig.cmake
[0.626s] -- Up-to-date: /home/bodlaire/Desktop/Work/Mocap/install/mocap_msg/share/mocap_msg/cmake/mocap_msg__rosidl_typesupport_cppExport.cmake
[0.626s] -- Up-to-date: /home/bodlaire/Desktop/Work/Mocap/install/mocap_msg/share/mocap_msg/cmake/mocap_msg__rosidl_typesupport_cppExport-noconfig.cmake
[0.627s] -- Up-to-date: /home/bodlaire/Desktop/Work/Mocap/install/mocap_msg/share/mocap_msg/cmake/rosidl_cmake-extras.cmake
[0.627s] -- Up-to-date: /home/bodlaire/Desktop/Work/Mocap/install/mocap_msg/share/mocap_msg/cmake/ament_cmake_export_dependencies-extras.cmake
[0.628s] -- Up-to-date: /home/bodlaire/Desktop/Work/Mocap/install/mocap_msg/share/mocap_msg/cmake/ament_cmake_export_libraries-extras.cmake
[0.628s] -- Up-to-date: /home/bodlaire/Desktop/Work/Mocap/install/mocap_msg/share/mocap_msg/cmake/ament_cmake_export_targets-extras.cmake
[0.629s] -- Up-to-date: /home/bodlaire/Desktop/Work/Mocap/install/mocap_msg/share/mocap_msg/cmake/ament_cmake_export_include_directories-extras.cmake
[0.629s] -- Up-to-date: /home/bodlaire/Desktop/Work/Mocap/install/mocap_msg/share/mocap_msg/cmake/rosidl_cmake_export_typesupport_libraries-extras.cmake
[0.630s] -- Up-to-date: /home/bodlaire/Desktop/Work/Mocap/install/mocap_msg/share/mocap_msg/cmake/rosidl_cmake_export_typesupport_targets-extras.cmake
[0.630s] -- Up-to-date: /home/bodlaire/Desktop/Work/Mocap/install/mocap_msg/share/mocap_msg/cmake/mocap_msgConfig.cmake
[0.631s] -- Up-to-date: /home/bodlaire/Desktop/Work/Mocap/install/mocap_msg/share/mocap_msg/cmake/mocap_msgConfig-version.cmake
[0.631s] -- Up-to-date: /home/bodlaire/Desktop/Work/Mocap/install/mocap_msg/share/mocap_msg/package.xml
[0.755s] Invoked command in '/home/bodlaire/Desktop/Work/Mocap/build/mocap_msg' returned '0': CMAKE_PREFIX_PATH=/opt/ros/foxy /usr/bin/cmake --install /home/bodlaire/Desktop/Work/Mocap/build/mocap_msg
