[0.236s] Invoking command in '/home/bodlaire/Desktop/Work/Mocap/build/mocap_msg': CMAKE_PREFIX_PATH=/opt/ros/foxy /usr/bin/cmake /home/bodlaire/Desktop/Work/Mocap/src/mocap_msg -DCMAKE_INSTALL_PREFIX=/home/bodlaire/Desktop/Work/Mocap/install/mocap_msg
[0.469s] -- The C compiler identification is GNU 9.4.0
[0.470s] -- The CXX compiler identification is GNU 9.4.0
[0.470s] -- Check for working C compiler: /usr/bin/cc
[0.470s] -- Check for working C compiler: /usr/bin/cc -- works
[0.471s] -- Detecting C compiler ABI info
[0.471s] -- Detecting C compiler ABI info - done
[0.471s] -- Detecting C compile features
[0.472s] -- Detecting C compile features - done
[0.473s] -- Check for working CXX compiler: /usr/bin/c++
[0.532s] -- Check for working CXX compiler: /usr/bin/c++ -- works
[0.533s] -- Detecting CXX compiler ABI info
[0.596s] -- Detecting CXX compiler ABI info - done
[0.607s] -- Detecting CXX compile features
[0.608s] -- Detecting CXX compile features - done
[0.610s] -- Found ament_cmake: 0.9.12 (/opt/ros/foxy/share/ament_cmake/cmake)
[0.630s] -- Found PythonInterp: /usr/bin/python3 (found suitable version "3.8.10", minimum required is "3") 
[0.630s] -- Using PYTHON_EXECUTABLE: /usr/bin/python3
[0.792s] -- Found rosidl_default_generators: 1.0.1 (/opt/ros/foxy/share/rosidl_default_generators/cmake)
[0.794s] -- Using all available rosidl_typesupport_c: rosidl_typesupport_fastrtps_c;rosidl_typesupport_introspection_c
[0.798s] -- Found rosidl_adapter: 1.3.1 (/opt/ros/foxy/share/rosidl_adapter/cmake)
[0.868s] -- Found OpenSSL: /usr/lib/x86_64-linux-gnu/libcrypto.so (found version "1.1.1f")  
[0.887s] -- Found FastRTPS: /opt/ros/foxy/include  
[0.937s] -- Using all available rosidl_typesupport_cpp: rosidl_typesupport_fastrtps_cpp;rosidl_typesupport_introspection_cpp
[0.973s] -- Found PythonInterp: /usr/bin/python3 (found version "3.8.10") 
[1.056s] -- Found ament_cmake_ros: 0.9.2 (/opt/ros/foxy/share/ament_cmake_ros/cmake)
[1.120s] -- Using all available rosidl_typesupport_c: rosidl_typesupport_fastrtps_c;rosidl_typesupport_introspection_c
[1.124s] -- Using all available rosidl_typesupport_cpp: rosidl_typesupport_fastrtps_cpp;rosidl_typesupport_introspection_cpp
[1.147s] -- Found PythonInterp: /usr/bin/python3 (found suitable version "3.8.10", minimum required is "3.5") 
[1.148s] -- Found python_cmake_module: 0.8.1 (/opt/ros/foxy/share/python_cmake_module/cmake)
[1.168s] -- Found PythonLibs: /usr/lib/x86_64-linux-gnu/libpython3.8.so (found suitable version "3.8.10", minimum required is "3.5") 
[1.168s] -- Using PYTHON_EXECUTABLE: /usr/bin/python3
[1.168s] -- Using PYTHON_INCLUDE_DIRS: /usr/include/python3.8
[1.168s] -- Using PYTHON_LIBRARIES: /usr/lib/x86_64-linux-gnu/libpython3.8.so
[1.183s] -- Found PythonExtra: .so  
[1.214s] -- Found ament_lint_auto: 0.9.8 (/opt/ros/foxy/share/ament_lint_auto/cmake)
[1.225s] -- Added test 'lint_cmake' to check CMake code style
[1.225s] -- Added test 'xmllint' to check XML markup files
[1.228s] -- Configuring done
[1.247s] -- Generating done
[1.249s] -- Build files have been written to: /home/bodlaire/Desktop/Work/Mocap/build/mocap_msg
[1.257s] Invoked command in '/home/bodlaire/Desktop/Work/Mocap/build/mocap_msg' returned '0': CMAKE_PREFIX_PATH=/opt/ros/foxy /usr/bin/cmake /home/bodlaire/Desktop/Work/Mocap/src/mocap_msg -DCMAKE_INSTALL_PREFIX=/home/bodlaire/Desktop/Work/Mocap/install/mocap_msg
[1.261s] Invoking command in '/home/bodlaire/Desktop/Work/Mocap/build/mocap_msg': CMAKE_PREFIX_PATH=/opt/ros/foxy /usr/bin/cmake --build /home/bodlaire/Desktop/Work/Mocap/build/mocap_msg -- -j16 -l16
[1.291s] [  3%] [34m[1mGenerating C code for ROS interfaces[0m
[1.291s] [35m[1mScanning dependencies of target mocap_msg__cpp[0m
[1.298s] [  6%] [34m[1mGenerating C++ code for ROS interfaces[0m
[1.465s] [  6%] Built target mocap_msg__cpp
[1.472s] [ 12%] [34m[1mGenerating C++ type support dispatch for ROS interfaces[0m
[1.472s] [ 12%] [34m[1mGenerating C++ introspection for ROS interfaces[0m
[1.472s] [ 16%] [34m[1mGenerating C++ type support for eProsima Fast-RTPS[0m
[1.474s] [35m[1mScanning dependencies of target mocap_msg__rosidl_generator_c[0m
[1.483s] [ 19%] [32mBuilding C object CMakeFiles/mocap_msg__rosidl_generator_c.dir/rosidl_generator_c/mocap_msg/msg/detail/pos_value__functions.c.o[0m
[1.518s] [ 22%] [32m[1mLinking C shared library libmocap_msg__rosidl_generator_c.so[0m
[1.545s] [ 22%] Built target mocap_msg__rosidl_generator_c
[1.553s] [ 29%] [34m[1mGenerating C type support dispatch for ROS interfaces[0m
[1.553s] [ 29%] [34m[1mGenerating C introspection for ROS interfaces[0m
[1.638s] [35m[1mScanning dependencies of target mocap_msg__rosidl_typesupport_fastrtps_cpp[0m
[1.645s] [35m[1mScanning dependencies of target mocap_msg__rosidl_typesupport_cpp[0m
[1.652s] [ 32%] [32mBuilding CXX object CMakeFiles/mocap_msg__rosidl_typesupport_fastrtps_cpp.dir/rosidl_typesupport_fastrtps_cpp/mocap_msg/msg/detail/dds_fastrtps/pos_value__type_support.cpp.o[0m
[1.653s] [ 35%] [32mBuilding CXX object CMakeFiles/mocap_msg__rosidl_typesupport_cpp.dir/rosidl_typesupport_cpp/mocap_msg/msg/pos_value__type_support.cpp.o[0m
[1.675s] [35m[1mScanning dependencies of target mocap_msg__rosidl_typesupport_introspection_cpp[0m
[1.687s] [ 38%] [32mBuilding CXX object CMakeFiles/mocap_msg__rosidl_typesupport_introspection_cpp.dir/rosidl_typesupport_introspection_cpp/mocap_msg/msg/detail/pos_value__type_support.cpp.o[0m
[1.724s] [35m[1mScanning dependencies of target mocap_msg__rosidl_typesupport_introspection_c[0m
[1.734s] [ 41%] [32mBuilding C object CMakeFiles/mocap_msg__rosidl_typesupport_introspection_c.dir/rosidl_typesupport_introspection_c/mocap_msg/msg/detail/pos_value__type_support.c.o[0m
[1.742s] [35m[1mScanning dependencies of target mocap_msg__rosidl_typesupport_c[0m
[1.755s] [ 45%] [32mBuilding CXX object CMakeFiles/mocap_msg__rosidl_typesupport_c.dir/rosidl_typesupport_c/mocap_msg/msg/pos_value__type_support.cpp.o[0m
[1.758s] [ 48%] [32m[1mLinking C shared library libmocap_msg__rosidl_typesupport_introspection_c.so[0m
[1.780s] [ 48%] Built target mocap_msg__rosidl_typesupport_introspection_c
[1.788s] [ 51%] [32m[1mLinking CXX shared library libmocap_msg__rosidl_typesupport_c.so[0m
[1.834s] [ 51%] Built target mocap_msg__rosidl_typesupport_c
[1.908s] [ 54%] [32m[1mLinking CXX shared library libmocap_msg__rosidl_typesupport_cpp.so[0m
[1.921s] [ 58%] [32m[1mLinking CXX shared library libmocap_msg__rosidl_typesupport_introspection_cpp.so[0m
[1.942s] [ 58%] Built target mocap_msg__rosidl_typesupport_cpp
[1.966s] [ 58%] Built target mocap_msg__rosidl_typesupport_introspection_cpp
[1.988s] [ 61%] [32m[1mLinking CXX shared library libmocap_msg__rosidl_typesupport_fastrtps_cpp.so[0m
[2.050s] [ 61%] Built target mocap_msg__rosidl_typesupport_fastrtps_cpp
[2.061s] [ 64%] [34m[1mGenerating C type support for eProsima Fast-RTPS[0m
[2.221s] [35m[1mScanning dependencies of target mocap_msg__rosidl_typesupport_fastrtps_c[0m
[2.231s] [ 67%] [32mBuilding CXX object CMakeFiles/mocap_msg__rosidl_typesupport_fastrtps_c.dir/rosidl_typesupport_fastrtps_c/mocap_msg/msg/detail/pos_value__type_support_c.cpp.o[0m
[2.476s] [ 70%] [32m[1mLinking CXX shared library libmocap_msg__rosidl_typesupport_fastrtps_c.so[0m
[2.543s] [ 70%] Built target mocap_msg__rosidl_typesupport_fastrtps_c
[2.554s] [35m[1mScanning dependencies of target mocap_msg[0m
[2.562s] [ 70%] Built target mocap_msg
[2.569s] [35m[1mScanning dependencies of target mocap_msg__py[0m
[2.576s] [ 74%] [34m[1mGenerating Python code for ROS interfaces[0m
[2.843s] [ 74%] Built target mocap_msg__py
[2.853s] [35m[1mScanning dependencies of target mocap_msg__python[0m
[2.864s] [ 77%] [32mBuilding C object CMakeFiles/mocap_msg__python.dir/rosidl_generator_py/mocap_msg/msg/_pos_value_s.c.o[0m
[2.930s] [ 80%] [32m[1mLinking C shared library rosidl_generator_py/mocap_msg/libmocap_msg__python.so[0m
[2.965s] [ 80%] Built target mocap_msg__python
[2.972s] [35m[1mScanning dependencies of target mocap_msg__rosidl_typesupport_introspection_c__pyext[0m
[2.973s] [35m[1mScanning dependencies of target mocap_msg__rosidl_typesupport_c__pyext[0m
[2.975s] [35m[1mScanning dependencies of target mocap_msg__rosidl_typesupport_fastrtps_c__pyext[0m
[2.985s] [ 83%] [32mBuilding C object CMakeFiles/mocap_msg__rosidl_typesupport_c__pyext.dir/rosidl_generator_py/mocap_msg/_mocap_msg_s.ep.rosidl_typesupport_c.c.o[0m
[2.985s] [ 87%] [32mBuilding C object CMakeFiles/mocap_msg__rosidl_typesupport_introspection_c__pyext.dir/rosidl_generator_py/mocap_msg/_mocap_msg_s.ep.rosidl_typesupport_introspection_c.c.o[0m
[2.990s] [ 90%] [32mBuilding C object CMakeFiles/mocap_msg__rosidl_typesupport_fastrtps_c__pyext.dir/rosidl_generator_py/mocap_msg/_mocap_msg_s.ep.rosidl_typesupport_fastrtps_c.c.o[0m
[3.041s] [ 93%] [32m[1mLinking C shared library rosidl_generator_py/mocap_msg/mocap_msg_s__rosidl_typesupport_c.cpython-38-x86_64-linux-gnu.so[0m
[3.042s] [ 96%] [32m[1mLinking C shared library rosidl_generator_py/mocap_msg/mocap_msg_s__rosidl_typesupport_introspection_c.cpython-38-x86_64-linux-gnu.so[0m
[3.048s] [100%] [32m[1mLinking CXX shared library rosidl_generator_py/mocap_msg/mocap_msg_s__rosidl_typesupport_fastrtps_c.cpython-38-x86_64-linux-gnu.so[0m
[3.067s] [100%] Built target mocap_msg__rosidl_typesupport_introspection_c__pyext
[3.069s] [100%] Built target mocap_msg__rosidl_typesupport_c__pyext
[3.093s] [100%] Built target mocap_msg__rosidl_typesupport_fastrtps_c__pyext
