[0.330s] Invoking command in '/home/bodlaire/Desktop/Work/Mocap/build/vehicle_state_msgs': CMAKE_PREFIX_PATH=/opt/ros/foxy /usr/bin/cmake --build /home/bodlaire/Desktop/Work/Mocap/build/vehicle_state_msgs -- -j16 -l16
[0.348s] -- Found ament_cmake: 0.9.12 (/opt/ros/foxy/share/ament_cmake/cmake)
[0.366s] -- Found PythonInterp: /usr/bin/python3 (found suitable version "3.8.10", minimum required is "3") 
[0.366s] -- Using PYTHON_EXECUTABLE: /usr/bin/python3
[0.493s] -- Found rosidl_default_generators: 1.0.1 (/opt/ros/foxy/share/rosidl_default_generators/cmake)
[0.493s] -- Using all available rosidl_typesupport_c: rosidl_typesupport_fastrtps_c;rosidl_typesupport_introspection_c
[0.495s] -- Found rosidl_adapter: 1.3.1 (/opt/ros/foxy/share/rosidl_adapter/cmake)
[0.592s] -- Using all available rosidl_typesupport_cpp: rosidl_typesupport_fastrtps_cpp;rosidl_typesupport_introspection_cpp
[0.605s] -- Found std_msgs: 2.0.5 (/opt/ros/foxy/share/std_msgs/cmake)
[0.643s] -- Found PythonInterp: /usr/bin/python3 (found version "3.8.10") 
[0.751s] -- Found ament_cmake_ros: 0.9.2 (/opt/ros/foxy/share/ament_cmake_ros/cmake)
[0.893s] -- Using all available rosidl_typesupport_c: rosidl_typesupport_fastrtps_c;rosidl_typesupport_introspection_c
[0.934s] -- Using all available rosidl_typesupport_cpp: rosidl_typesupport_fastrtps_cpp;rosidl_typesupport_introspection_cpp
[0.957s] -- Found PythonInterp: /usr/bin/python3 (found suitable version "3.8.10", minimum required is "3.5") 
[0.958s] -- Found python_cmake_module: 0.8.1 (/opt/ros/foxy/share/python_cmake_module/cmake)
[0.972s] -- Using PYTHON_EXECUTABLE: /usr/bin/python3
[0.972s] -- Using PYTHON_INCLUDE_DIRS: /usr/include/python3.8
[0.972s] -- Using PYTHON_LIBRARIES: /usr/lib/x86_64-linux-gnu/libpython3.8.so
[0.994s] -- Found ament_lint_auto: 0.9.8 (/opt/ros/foxy/share/ament_lint_auto/cmake)
[1.000s] -- Added test 'copyright' to check source files copyright and LICENSE
[1.001s] -- Added test 'lint_cmake' to check CMake code style
[1.002s] -- Added test 'xmllint' to check XML markup files
[1.003s] -- Configuring done
[1.032s] -- Generating done
[1.035s] -- Build files have been written to: /home/bodlaire/Desktop/Work/Mocap/build/vehicle_state_msgs
[1.061s] [  3%] [34m[1mGenerating C code for ROS interfaces[0m
[1.066s] [  6%] [34m[1mGenerating C++ code for ROS interfaces[0m
[1.220s] [  6%] Built target vehicle_state_msgs__cpp
[1.221s] [35m[1mScanning dependencies of target vehicle_state_msgs__rosidl_generator_c[0m
[1.228s] [  9%] [34m[1mGenerating C++ type support dispatch for ROS interfaces[0m
[1.230s] [ 12%] [34m[1mGenerating C++ type support for eProsima Fast-RTPS[0m
[1.231s] [ 16%] [34m[1mGenerating C++ introspection for ROS interfaces[0m
[1.233s] [ 19%] [32mBuilding C object CMakeFiles/vehicle_state_msgs__rosidl_generator_c.dir/rosidl_generator_c/vehicle_state_msgs/msg/detail/input_value__functions.c.o[0m
[1.271s] [ 22%] [32m[1mLinking C shared library libvehicle_state_msgs__rosidl_generator_c.so[0m
[1.311s] [ 22%] Built target vehicle_state_msgs__rosidl_generator_c
[1.319s] [ 25%] [34m[1mGenerating C introspection for ROS interfaces[0m
[1.324s] [ 29%] [34m[1mGenerating C type support dispatch for ROS interfaces[0m
[1.370s] [35m[1mScanning dependencies of target vehicle_state_msgs__rosidl_typesupport_cpp[0m
[1.379s] [ 32%] [32mBuilding CXX object CMakeFiles/vehicle_state_msgs__rosidl_typesupport_cpp.dir/rosidl_typesupport_cpp/vehicle_state_msgs/msg/input_value__type_support.cpp.o[0m
[1.390s] [35m[1mScanning dependencies of target vehicle_state_msgs__rosidl_typesupport_introspection_cpp[0m
[1.400s] [ 35%] [32mBuilding CXX object CMakeFiles/vehicle_state_msgs__rosidl_typesupport_introspection_cpp.dir/rosidl_typesupport_introspection_cpp/vehicle_state_msgs/msg/detail/input_value__type_support.cpp.o[0m
[1.400s] [35m[1mScanning dependencies of target vehicle_state_msgs__rosidl_typesupport_fastrtps_cpp[0m
[1.413s] [ 38%] [32mBuilding CXX object CMakeFiles/vehicle_state_msgs__rosidl_typesupport_fastrtps_cpp.dir/rosidl_typesupport_fastrtps_cpp/vehicle_state_msgs/msg/detail/dds_fastrtps/input_value__type_support.cpp.o[0m
[1.466s] [35m[1mScanning dependencies of target vehicle_state_msgs__rosidl_typesupport_c[0m
[1.476s] [ 41%] [32mBuilding CXX object CMakeFiles/vehicle_state_msgs__rosidl_typesupport_c.dir/rosidl_typesupport_c/vehicle_state_msgs/msg/input_value__type_support.cpp.o[0m
[1.478s] [35m[1mScanning dependencies of target vehicle_state_msgs__rosidl_typesupport_introspection_c[0m
[1.488s] [ 45%] [32mBuilding C object CMakeFiles/vehicle_state_msgs__rosidl_typesupport_introspection_c.dir/rosidl_typesupport_introspection_c/vehicle_state_msgs/msg/detail/input_value__type_support.c.o[0m
[1.498s] [ 48%] [32m[1mLinking CXX shared library libvehicle_state_msgs__rosidl_typesupport_c.so[0m
[1.522s] [ 51%] [32m[1mLinking C shared library libvehicle_state_msgs__rosidl_typesupport_introspection_c.so[0m
[1.532s] [ 51%] Built target vehicle_state_msgs__rosidl_typesupport_c
[1.547s] [ 51%] Built target vehicle_state_msgs__rosidl_typesupport_introspection_c
[1.578s] [ 54%] [32m[1mLinking CXX shared library libvehicle_state_msgs__rosidl_typesupport_cpp.so[0m
[1.607s] [ 58%] [32m[1mLinking CXX shared library libvehicle_state_msgs__rosidl_typesupport_introspection_cpp.so[0m
[1.608s] [ 58%] Built target vehicle_state_msgs__rosidl_typesupport_cpp
[1.659s] [ 58%] Built target vehicle_state_msgs__rosidl_typesupport_introspection_cpp
[1.708s] [ 61%] [32m[1mLinking CXX shared library libvehicle_state_msgs__rosidl_typesupport_fastrtps_cpp.so[0m
[1.770s] [ 61%] Built target vehicle_state_msgs__rosidl_typesupport_fastrtps_cpp
[1.781s] [ 64%] [34m[1mGenerating C type support for eProsima Fast-RTPS[0m
[1.931s] [35m[1mScanning dependencies of target vehicle_state_msgs__rosidl_typesupport_fastrtps_c[0m
[1.942s] [ 67%] [32mBuilding CXX object CMakeFiles/vehicle_state_msgs__rosidl_typesupport_fastrtps_c.dir/rosidl_typesupport_fastrtps_c/vehicle_state_msgs/msg/detail/input_value__type_support_c.cpp.o[0m
[2.178s] [ 70%] [32m[1mLinking CXX shared library libvehicle_state_msgs__rosidl_typesupport_fastrtps_c.so[0m
[2.246s] [ 70%] Built target vehicle_state_msgs__rosidl_typesupport_fastrtps_c
[2.262s] [ 70%] Built target vehicle_state_msgs
[2.281s] [ 74%] [34m[1mGenerating Python code for ROS interfaces[0m
[2.544s] [ 74%] Built target vehicle_state_msgs__py
[2.552s] [35m[1mScanning dependencies of target vehicle_state_msgs__python[0m
[2.565s] [ 77%] [32mBuilding C object CMakeFiles/vehicle_state_msgs__python.dir/rosidl_generator_py/vehicle_state_msgs/msg/_input_value_s.c.o[0m
[2.631s] [ 80%] [32m[1mLinking C shared library rosidl_generator_py/vehicle_state_msgs/libvehicle_state_msgs__python.so[0m
[2.667s] [ 80%] Built target vehicle_state_msgs__python
[2.675s] [35m[1mScanning dependencies of target vehicle_state_msgs__rosidl_typesupport_introspection_c__pyext[0m
[2.677s] [35m[1mScanning dependencies of target vehicle_state_msgs__rosidl_typesupport_c__pyext[0m
[2.677s] [35m[1mScanning dependencies of target vehicle_state_msgs__rosidl_typesupport_fastrtps_c__pyext[0m
[2.689s] [ 90%] [32mBuilding C object CMakeFiles/vehicle_state_msgs__rosidl_typesupport_introspection_c__pyext.dir/rosidl_generator_py/vehicle_state_msgs/_vehicle_state_msgs_s.ep.rosidl_typesupport_introspection_c.c.o[0m
[2.690s] [ 90%] [32mBuilding C object CMakeFiles/vehicle_state_msgs__rosidl_typesupport_fastrtps_c__pyext.dir/rosidl_generator_py/vehicle_state_msgs/_vehicle_state_msgs_s.ep.rosidl_typesupport_fastrtps_c.c.o[0m
[2.690s] [ 90%] [32mBuilding C object CMakeFiles/vehicle_state_msgs__rosidl_typesupport_c__pyext.dir/rosidl_generator_py/vehicle_state_msgs/_vehicle_state_msgs_s.ep.rosidl_typesupport_c.c.o[0m
[2.742s] [ 93%] [32m[1mLinking CXX shared library rosidl_generator_py/vehicle_state_msgs/vehicle_state_msgs_s__rosidl_typesupport_fastrtps_c.cpython-38-x86_64-linux-gnu.so[0m
[2.744s] [ 96%] [32m[1mLinking C shared library rosidl_generator_py/vehicle_state_msgs/vehicle_state_msgs_s__rosidl_typesupport_c.cpython-38-x86_64-linux-gnu.so[0m
[2.746s] [100%] [32m[1mLinking C shared library rosidl_generator_py/vehicle_state_msgs/vehicle_state_msgs_s__rosidl_typesupport_introspection_c.cpython-38-x86_64-linux-gnu.so[0m
[2.774s] [100%] Built target vehicle_state_msgs__rosidl_typesupport_c__pyext
[2.775s] [100%] Built target vehicle_state_msgs__rosidl_typesupport_introspection_c__pyext
[2.793s] [100%] Built target vehicle_state_msgs__rosidl_typesupport_fastrtps_c__pyext
[2.803s] Invoked command in '/home/bodlaire/Desktop/Work/Mocap/build/vehicle_state_msgs' returned '0': CMAKE_PREFIX_PATH=/opt/ros/foxy /usr/bin/cmake --build /home/bodlaire/Desktop/Work/Mocap/build/vehicle_state_msgs -- -j16 -l16
[2.842s] Invoking command in '/home/bodlaire/Desktop/Work/Mocap/build/vehicle_state_msgs': CMAKE_PREFIX_PATH=/opt/ros/foxy /usr/bin/cmake --install /home/bodlaire/Desktop/Work/Mocap/build/vehicle_state_msgs
[2.851s] -- Install configuration: ""
[2.851s] -- Up-to-date: /home/bodlaire/Desktop/Work/Mocap/install/vehicle_state_msgs/share/ament_index/resource_index/rosidl_interfaces/vehicle_state_msgs
[2.852s] -- Up-to-date: /home/bodlaire/Desktop/Work/Mocap/install/vehicle_state_msgs/include/vehicle_state_msgs
[2.852s] -- Up-to-date: /home/bodlaire/Desktop/Work/Mocap/install/vehicle_state_msgs/include/vehicle_state_msgs/msg
[2.852s] -- Up-to-date: /home/bodlaire/Desktop/Work/Mocap/install/vehicle_state_msgs/include/vehicle_state_msgs/msg/detail
[2.852s] -- Installing: /home/bodlaire/Desktop/Work/Mocap/install/vehicle_state_msgs/include/vehicle_state_msgs/msg/detail/input_value__type_support.h
[2.852s] -- Installing: /home/bodlaire/Desktop/Work/Mocap/install/vehicle_state_msgs/include/vehicle_state_msgs/msg/detail/input_value__struct.h
[2.852s] -- Installing: /home/bodlaire/Desktop/Work/Mocap/install/vehicle_state_msgs/include/vehicle_state_msgs/msg/detail/input_value__functions.h
[2.852s] -- Installing: /home/bodlaire/Desktop/Work/Mocap/install/vehicle_state_msgs/include/vehicle_state_msgs/msg/detail/input_value__functions.c
[2.852s] -- Installing: /home/bodlaire/Desktop/Work/Mocap/install/vehicle_state_msgs/include/vehicle_state_msgs/msg/input_value.h
[2.852s] -- Up-to-date: /home/bodlaire/Desktop/Work/Mocap/install/vehicle_state_msgs/include/vehicle_state_msgs/msg/rosidl_generator_c__visibility_control.h
[2.852s] -- Up-to-date: /home/bodlaire/Desktop/Work/Mocap/install/vehicle_state_msgs/share/vehicle_state_msgs/environment/library_path.sh
[2.853s] -- Installing: /home/bodlaire/Desktop/Work/Mocap/install/vehicle_state_msgs/share/vehicle_state_msgs/environment/library_path.dsv
[2.853s] -- Installing: /home/bodlaire/Desktop/Work/Mocap/install/vehicle_state_msgs/lib/libvehicle_state_msgs__rosidl_generator_c.so
[2.853s] -- Set runtime path of "/home/bodlaire/Desktop/Work/Mocap/install/vehicle_state_msgs/lib/libvehicle_state_msgs__rosidl_generator_c.so" to ""
[2.853s] -- Up-to-date: /home/bodlaire/Desktop/Work/Mocap/install/vehicle_state_msgs/include/vehicle_state_msgs
[2.853s] -- Up-to-date: /home/bodlaire/Desktop/Work/Mocap/install/vehicle_state_msgs/include/vehicle_state_msgs/msg
[2.853s] -- Up-to-date: /home/bodlaire/Desktop/Work/Mocap/install/vehicle_state_msgs/include/vehicle_state_msgs/msg/detail
[2.853s] -- Installing: /home/bodlaire/Desktop/Work/Mocap/install/vehicle_state_msgs/include/vehicle_state_msgs/msg/detail/input_value__rosidl_typesupport_fastrtps_c.h
[2.853s] -- Up-to-date: /home/bodlaire/Desktop/Work/Mocap/install/vehicle_state_msgs/include/vehicle_state_msgs/msg/rosidl_typesupport_fastrtps_c__visibility_control.h
[2.853s] -- Installing: /home/bodlaire/Desktop/Work/Mocap/install/vehicle_state_msgs/lib/libvehicle_state_msgs__rosidl_typesupport_fastrtps_c.so
[2.854s] -- Set runtime path of "/home/bodlaire/Desktop/Work/Mocap/install/vehicle_state_msgs/lib/libvehicle_state_msgs__rosidl_typesupport_fastrtps_c.so" to ""
[2.854s] -- Up-to-date: /home/bodlaire/Desktop/Work/Mocap/install/vehicle_state_msgs/include/vehicle_state_msgs
[2.854s] -- Up-to-date: /home/bodlaire/Desktop/Work/Mocap/install/vehicle_state_msgs/include/vehicle_state_msgs/msg
[2.854s] -- Up-to-date: /home/bodlaire/Desktop/Work/Mocap/install/vehicle_state_msgs/include/vehicle_state_msgs/msg/detail
[2.854s] -- Installing: /home/bodlaire/Desktop/Work/Mocap/install/vehicle_state_msgs/include/vehicle_state_msgs/msg/detail/input_value__rosidl_typesupport_fastrtps_cpp.hpp
[2.854s] -- Up-to-date: /home/bodlaire/Desktop/Work/Mocap/install/vehicle_state_msgs/include/vehicle_state_msgs/msg/detail/dds_fastrtps
[2.854s] -- Up-to-date: /home/bodlaire/Desktop/Work/Mocap/install/vehicle_state_msgs/include/vehicle_state_msgs/msg/rosidl_typesupport_fastrtps_cpp__visibility_control.h
[2.854s] -- Installing: /home/bodlaire/Desktop/Work/Mocap/install/vehicle_state_msgs/lib/libvehicle_state_msgs__rosidl_typesupport_fastrtps_cpp.so
[2.854s] -- Set runtime path of "/home/bodlaire/Desktop/Work/Mocap/install/vehicle_state_msgs/lib/libvehicle_state_msgs__rosidl_typesupport_fastrtps_cpp.so" to ""
[2.854s] -- Up-to-date: /home/bodlaire/Desktop/Work/Mocap/install/vehicle_state_msgs/include/vehicle_state_msgs
[2.854s] -- Up-to-date: /home/bodlaire/Desktop/Work/Mocap/install/vehicle_state_msgs/include/vehicle_state_msgs/msg
[2.855s] -- Up-to-date: /home/bodlaire/Desktop/Work/Mocap/install/vehicle_state_msgs/include/vehicle_state_msgs/msg/detail
[2.855s] -- Installing: /home/bodlaire/Desktop/Work/Mocap/install/vehicle_state_msgs/include/vehicle_state_msgs/msg/detail/input_value__rosidl_typesupport_introspection_c.h
[2.855s] -- Installing: /home/bodlaire/Desktop/Work/Mocap/install/vehicle_state_msgs/include/vehicle_state_msgs/msg/detail/input_value__type_support.c
[2.855s] -- Up-to-date: /home/bodlaire/Desktop/Work/Mocap/install/vehicle_state_msgs/include/vehicle_state_msgs/msg/rosidl_typesupport_introspection_c__visibility_control.h
[2.855s] -- Installing: /home/bodlaire/Desktop/Work/Mocap/install/vehicle_state_msgs/lib/libvehicle_state_msgs__rosidl_typesupport_introspection_c.so
[2.855s] -- Set runtime path of "/home/bodlaire/Desktop/Work/Mocap/install/vehicle_state_msgs/lib/libvehicle_state_msgs__rosidl_typesupport_introspection_c.so" to ""
[2.855s] -- Installing: /home/bodlaire/Desktop/Work/Mocap/install/vehicle_state_msgs/lib/libvehicle_state_msgs__rosidl_typesupport_c.so
[2.855s] -- Set runtime path of "/home/bodlaire/Desktop/Work/Mocap/install/vehicle_state_msgs/lib/libvehicle_state_msgs__rosidl_typesupport_c.so" to ""
[2.855s] -- Up-to-date: /home/bodlaire/Desktop/Work/Mocap/install/vehicle_state_msgs/include/vehicle_state_msgs
[2.856s] -- Up-to-date: /home/bodlaire/Desktop/Work/Mocap/install/vehicle_state_msgs/include/vehicle_state_msgs/msg
[2.856s] -- Up-to-date: /home/bodlaire/Desktop/Work/Mocap/install/vehicle_state_msgs/include/vehicle_state_msgs/msg/rosidl_generator_cpp__visibility_control.hpp
[2.856s] -- Up-to-date: /home/bodlaire/Desktop/Work/Mocap/install/vehicle_state_msgs/include/vehicle_state_msgs/msg/detail
[2.856s] -- Installing: /home/bodlaire/Desktop/Work/Mocap/install/vehicle_state_msgs/include/vehicle_state_msgs/msg/detail/input_value__traits.hpp
[2.856s] -- Installing: /home/bodlaire/Desktop/Work/Mocap/install/vehicle_state_msgs/include/vehicle_state_msgs/msg/detail/input_value__struct.hpp
[2.856s] -- Installing: /home/bodlaire/Desktop/Work/Mocap/install/vehicle_state_msgs/include/vehicle_state_msgs/msg/detail/input_value__builder.hpp
[2.856s] -- Installing: /home/bodlaire/Desktop/Work/Mocap/install/vehicle_state_msgs/include/vehicle_state_msgs/msg/detail/input_value__type_support.hpp
[2.856s] -- Installing: /home/bodlaire/Desktop/Work/Mocap/install/vehicle_state_msgs/include/vehicle_state_msgs/msg/input_value.hpp
[2.856s] -- Up-to-date: /home/bodlaire/Desktop/Work/Mocap/install/vehicle_state_msgs/include/vehicle_state_msgs
[2.856s] -- Up-to-date: /home/bodlaire/Desktop/Work/Mocap/install/vehicle_state_msgs/include/vehicle_state_msgs/msg
[2.856s] -- Up-to-date: /home/bodlaire/Desktop/Work/Mocap/install/vehicle_state_msgs/include/vehicle_state_msgs/msg/detail
[2.857s] -- Installing: /home/bodlaire/Desktop/Work/Mocap/install/vehicle_state_msgs/include/vehicle_state_msgs/msg/detail/input_value__rosidl_typesupport_introspection_cpp.hpp
[2.857s] -- Installing: /home/bodlaire/Desktop/Work/Mocap/install/vehicle_state_msgs/include/vehicle_state_msgs/msg/detail/input_value__type_support.cpp
[2.857s] -- Installing: /home/bodlaire/Desktop/Work/Mocap/install/vehicle_state_msgs/lib/libvehicle_state_msgs__rosidl_typesupport_introspection_cpp.so
[2.857s] -- Set runtime path of "/home/bodlaire/Desktop/Work/Mocap/install/vehicle_state_msgs/lib/libvehicle_state_msgs__rosidl_typesupport_introspection_cpp.so" to ""
[2.857s] -- Installing: /home/bodlaire/Desktop/Work/Mocap/install/vehicle_state_msgs/lib/libvehicle_state_msgs__rosidl_typesupport_cpp.so
[2.857s] -- Set runtime path of "/home/bodlaire/Desktop/Work/Mocap/install/vehicle_state_msgs/lib/libvehicle_state_msgs__rosidl_typesupport_cpp.so" to ""
[2.857s] -- Up-to-date: /home/bodlaire/Desktop/Work/Mocap/install/vehicle_state_msgs/share/vehicle_state_msgs/environment/pythonpath.sh
[2.857s] -- Installing: /home/bodlaire/Desktop/Work/Mocap/install/vehicle_state_msgs/share/vehicle_state_msgs/environment/pythonpath.dsv
[2.857s] -- Installing: /home/bodlaire/Desktop/Work/Mocap/install/vehicle_state_msgs/lib/python3.8/site-packages/vehicle_state_msgs/__init__.py
[2.876s] Compiling '/home/bodlaire/Desktop/Work/Mocap/install/vehicle_state_msgs/lib/python3.8/site-packages/vehicle_state_msgs/__init__.py'...
[2.879s] -- Up-to-date: /home/bodlaire/Desktop/Work/Mocap/install/vehicle_state_msgs/lib/python3.8/site-packages/vehicle_state_msgs/msg
[2.879s] -- Installing: /home/bodlaire/Desktop/Work/Mocap/install/vehicle_state_msgs/lib/python3.8/site-packages/vehicle_state_msgs/msg/_input_value.py
[2.879s] -- Installing: /home/bodlaire/Desktop/Work/Mocap/install/vehicle_state_msgs/lib/python3.8/site-packages/vehicle_state_msgs/msg/__init__.py
[2.879s] -- Installing: /home/bodlaire/Desktop/Work/Mocap/install/vehicle_state_msgs/lib/python3.8/site-packages/vehicle_state_msgs/msg/_input_value_s.c
[2.880s] -- Installing: /home/bodlaire/Desktop/Work/Mocap/install/vehicle_state_msgs/lib/python3.8/site-packages/vehicle_state_msgs/vehicle_state_msgs_s__rosidl_typesupport_fastrtps_c.cpython-38-x86_64-linux-gnu.so
[2.881s] -- Set runtime path of "/home/bodlaire/Desktop/Work/Mocap/install/vehicle_state_msgs/lib/python3.8/site-packages/vehicle_state_msgs/vehicle_state_msgs_s__rosidl_typesupport_fastrtps_c.cpython-38-x86_64-linux-gnu.so" to ""
[2.882s] -- Installing: /home/bodlaire/Desktop/Work/Mocap/install/vehicle_state_msgs/lib/python3.8/site-packages/vehicle_state_msgs/vehicle_state_msgs_s__rosidl_typesupport_introspection_c.cpython-38-x86_64-linux-gnu.so
[2.883s] -- Set runtime path of "/home/bodlaire/Desktop/Work/Mocap/install/vehicle_state_msgs/lib/python3.8/site-packages/vehicle_state_msgs/vehicle_state_msgs_s__rosidl_typesupport_introspection_c.cpython-38-x86_64-linux-gnu.so" to ""
[2.883s] -- Installing: /home/bodlaire/Desktop/Work/Mocap/install/vehicle_state_msgs/lib/python3.8/site-packages/vehicle_state_msgs/vehicle_state_msgs_s__rosidl_typesupport_c.cpython-38-x86_64-linux-gnu.so
[2.885s] -- Set runtime path of "/home/bodlaire/Desktop/Work/Mocap/install/vehicle_state_msgs/lib/python3.8/site-packages/vehicle_state_msgs/vehicle_state_msgs_s__rosidl_typesupport_c.cpython-38-x86_64-linux-gnu.so" to ""
[2.885s] -- Installing: /home/bodlaire/Desktop/Work/Mocap/install/vehicle_state_msgs/lib/libvehicle_state_msgs__python.so
[2.885s] -- Set runtime path of "/home/bodlaire/Desktop/Work/Mocap/install/vehicle_state_msgs/lib/libvehicle_state_msgs__python.so" to ""
[2.886s] -- Installing: /home/bodlaire/Desktop/Work/Mocap/install/vehicle_state_msgs/share/vehicle_state_msgs/msg/InputValue.idl
[2.886s] -- Installing: /home/bodlaire/Desktop/Work/Mocap/install/vehicle_state_msgs/share/vehicle_state_msgs/msg/InputValue.msg
[2.886s] -- Up-to-date: /home/bodlaire/Desktop/Work/Mocap/install/vehicle_state_msgs/share/ament_index/resource_index/package_run_dependencies/vehicle_state_msgs
[2.886s] -- Up-to-date: /home/bodlaire/Desktop/Work/Mocap/install/vehicle_state_msgs/share/ament_index/resource_index/parent_prefix_path/vehicle_state_msgs
[2.887s] -- Up-to-date: /home/bodlaire/Desktop/Work/Mocap/install/vehicle_state_msgs/share/vehicle_state_msgs/environment/ament_prefix_path.sh
[2.887s] -- Installing: /home/bodlaire/Desktop/Work/Mocap/install/vehicle_state_msgs/share/vehicle_state_msgs/environment/ament_prefix_path.dsv
[2.887s] -- Up-to-date: /home/bodlaire/Desktop/Work/Mocap/install/vehicle_state_msgs/share/vehicle_state_msgs/environment/path.sh
[2.887s] -- Installing: /home/bodlaire/Desktop/Work/Mocap/install/vehicle_state_msgs/share/vehicle_state_msgs/environment/path.dsv
[2.887s] -- Up-to-date: /home/bodlaire/Desktop/Work/Mocap/install/vehicle_state_msgs/share/vehicle_state_msgs/local_setup.bash
[2.888s] -- Up-to-date: /home/bodlaire/Desktop/Work/Mocap/install/vehicle_state_msgs/share/vehicle_state_msgs/local_setup.sh
[2.888s] -- Up-to-date: /home/bodlaire/Desktop/Work/Mocap/install/vehicle_state_msgs/share/vehicle_state_msgs/local_setup.zsh
[2.888s] -- Installing: /home/bodlaire/Desktop/Work/Mocap/install/vehicle_state_msgs/share/vehicle_state_msgs/local_setup.dsv
[2.888s] -- Installing: /home/bodlaire/Desktop/Work/Mocap/install/vehicle_state_msgs/share/vehicle_state_msgs/package.dsv
[2.888s] -- Up-to-date: /home/bodlaire/Desktop/Work/Mocap/install/vehicle_state_msgs/share/ament_index/resource_index/packages/vehicle_state_msgs
[2.888s] -- Up-to-date: /home/bodlaire/Desktop/Work/Mocap/install/vehicle_state_msgs/share/vehicle_state_msgs/cmake/vehicle_state_msgs__rosidl_generator_cExport.cmake
[2.888s] -- Installing: /home/bodlaire/Desktop/Work/Mocap/install/vehicle_state_msgs/share/vehicle_state_msgs/cmake/vehicle_state_msgs__rosidl_generator_cExport-noconfig.cmake
[2.888s] -- Up-to-date: /home/bodlaire/Desktop/Work/Mocap/install/vehicle_state_msgs/share/vehicle_state_msgs/cmake/vehicle_state_msgs__rosidl_typesupport_introspection_cExport.cmake
[2.888s] -- Installing: /home/bodlaire/Desktop/Work/Mocap/install/vehicle_state_msgs/share/vehicle_state_msgs/cmake/vehicle_state_msgs__rosidl_typesupport_introspection_cExport-noconfig.cmake
[2.888s] -- Up-to-date: /home/bodlaire/Desktop/Work/Mocap/install/vehicle_state_msgs/share/vehicle_state_msgs/cmake/vehicle_state_msgs__rosidl_typesupport_cExport.cmake
[2.889s] -- Installing: /home/bodlaire/Desktop/Work/Mocap/install/vehicle_state_msgs/share/vehicle_state_msgs/cmake/vehicle_state_msgs__rosidl_typesupport_cExport-noconfig.cmake
[2.889s] -- Up-to-date: /home/bodlaire/Desktop/Work/Mocap/install/vehicle_state_msgs/share/vehicle_state_msgs/cmake/vehicle_state_msgs__rosidl_generator_cppExport.cmake
[2.889s] -- Up-to-date: /home/bodlaire/Desktop/Work/Mocap/install/vehicle_state_msgs/share/vehicle_state_msgs/cmake/vehicle_state_msgs__rosidl_typesupport_introspection_cppExport.cmake
[2.889s] -- Installing: /home/bodlaire/Desktop/Work/Mocap/install/vehicle_state_msgs/share/vehicle_state_msgs/cmake/vehicle_state_msgs__rosidl_typesupport_introspection_cppExport-noconfig.cmake
[2.889s] -- Up-to-date: /home/bodlaire/Desktop/Work/Mocap/install/vehicle_state_msgs/share/vehicle_state_msgs/cmake/vehicle_state_msgs__rosidl_typesupport_cppExport.cmake
[2.889s] -- Installing: /home/bodlaire/Desktop/Work/Mocap/install/vehicle_state_msgs/share/vehicle_state_msgs/cmake/vehicle_state_msgs__rosidl_typesupport_cppExport-noconfig.cmake
[2.889s] -- Up-to-date: /home/bodlaire/Desktop/Work/Mocap/install/vehicle_state_msgs/share/vehicle_state_msgs/cmake/rosidl_cmake-extras.cmake
[2.889s] -- Up-to-date: /home/bodlaire/Desktop/Work/Mocap/install/vehicle_state_msgs/share/vehicle_state_msgs/cmake/ament_cmake_export_dependencies-extras.cmake
[2.889s] -- Up-to-date: /home/bodlaire/Desktop/Work/Mocap/install/vehicle_state_msgs/share/vehicle_state_msgs/cmake/ament_cmake_export_libraries-extras.cmake
[2.889s] -- Up-to-date: /home/bodlaire/Desktop/Work/Mocap/install/vehicle_state_msgs/share/vehicle_state_msgs/cmake/ament_cmake_export_targets-extras.cmake
[2.889s] -- Up-to-date: /home/bodlaire/Desktop/Work/Mocap/install/vehicle_state_msgs/share/vehicle_state_msgs/cmake/ament_cmake_export_include_directories-extras.cmake
[2.890s] -- Up-to-date: /home/bodlaire/Desktop/Work/Mocap/install/vehicle_state_msgs/share/vehicle_state_msgs/cmake/rosidl_cmake_export_typesupport_libraries-extras.cmake
[2.890s] -- Up-to-date: /home/bodlaire/Desktop/Work/Mocap/install/vehicle_state_msgs/share/vehicle_state_msgs/cmake/rosidl_cmake_export_typesupport_targets-extras.cmake
[2.890s] -- Up-to-date: /home/bodlaire/Desktop/Work/Mocap/install/vehicle_state_msgs/share/vehicle_state_msgs/cmake/vehicle_state_msgsConfig.cmake
[2.890s] -- Up-to-date: /home/bodlaire/Desktop/Work/Mocap/install/vehicle_state_msgs/share/vehicle_state_msgs/cmake/vehicle_state_msgsConfig-version.cmake
[2.890s] -- Up-to-date: /home/bodlaire/Desktop/Work/Mocap/install/vehicle_state_msgs/share/vehicle_state_msgs/package.xml
[2.891s] Invoked command in '/home/bodlaire/Desktop/Work/Mocap/build/vehicle_state_msgs' returned '0': CMAKE_PREFIX_PATH=/opt/ros/foxy /usr/bin/cmake --install /home/bodlaire/Desktop/Work/Mocap/build/vehicle_state_msgs
