[1.188s] DEBUG:colcon:Command line arguments: ['/usr/bin/colcon', 'build']
[1.188s] DEBUG:colcon:Parsed command line arguments: Namespace(allow_overriding=[], ament_cmake_args=None, base_paths=['.'], build_base='build', catkin_cmake_args=None, catkin_skip_building_tests=False, cmake_args=None, cmake_clean_cache=False, cmake_clean_first=False, cmake_force_configure=False, cmake_target=None, cmake_target_skip_unavailable=False, continue_on_error=False, event_handlers=None, executor='parallel', ignore_user_meta=False, install_base='install', log_base=None, log_level=None, main=<bound method BuildVerb.main of <colcon_core.verb.build.BuildVerb object at 0x7f5d62063e50>>, merge_install=False, metas=['./colcon.meta'], packages_above=None, packages_above_and_dependencies=None, packages_above_depth=None, packages_end=None, packages_ignore=None, packages_ignore_regex=None, packages_select=None, packages_select_build_failed=False, packages_select_by_dep=None, packages_select_regex=None, packages_select_test_failures=False, packages_skip=None, packages_skip_build_finished=False, packages_skip_by_dep=None, packages_skip_regex=None, packages_skip_test_passed=False, packages_skip_up_to=None, packages_start=None, packages_up_to=None, packages_up_to_regex=None, parallel_workers=16, paths=None, symlink_install=False, test_result_base=None, verb_extension=<colcon_core.verb.build.BuildVerb object at 0x7f5d62063e50>, verb_name='build', verb_parser=<colcon_defaults.argument_parser.defaults.DefaultArgumentsDecorator object at 0x7f5d620466d0>)
[1.242s] Level 1:colcon.colcon_core.package_discovery:discover_packages(colcon_meta) check parameters
[1.243s] Level 1:colcon.colcon_core.package_discovery:discover_packages(recursive) check parameters
[1.243s] Level 1:colcon.colcon_core.package_discovery:discover_packages(ignore) check parameters
[1.243s] Level 1:colcon.colcon_core.package_discovery:discover_packages(path) check parameters
[1.243s] Level 1:colcon.colcon_core.package_discovery:discover_packages(colcon_meta) discover
[1.243s] Level 1:colcon.colcon_core.package_discovery:discover_packages(recursive) discover
[1.243s] INFO:colcon.colcon_core.package_discovery:Crawling recursively for packages in '/home/bodlaire/Desktop/Work/Mocap'
[1.243s] Level 1:colcon.colcon_core.package_identification:_identify(.) by extensions ['ignore', 'ignore_ament_install']
[1.243s] Level 1:colcon.colcon_core.package_identification:_identify(.) by extension 'ignore'
[1.243s] Level 1:colcon.colcon_core.package_identification:_identify(.) by extension 'ignore_ament_install'
[1.243s] Level 1:colcon.colcon_core.package_identification:_identify(.) by extensions ['colcon_pkg']
[1.243s] Level 1:colcon.colcon_core.package_identification:_identify(.) by extension 'colcon_pkg'
[1.243s] Level 1:colcon.colcon_core.package_identification:_identify(.) by extensions ['colcon_meta']
[1.243s] Level 1:colcon.colcon_core.package_identification:_identify(.) by extension 'colcon_meta'
[1.243s] Level 1:colcon.colcon_core.package_identification:_identify(.) by extensions ['ros']
[1.243s] Level 1:colcon.colcon_core.package_identification:_identify(.) by extension 'ros'
[1.250s] Level 1:colcon.colcon_core.package_identification:_identify(.) by extensions ['cmake', 'python']
[1.250s] Level 1:colcon.colcon_core.package_identification:_identify(.) by extension 'cmake'
[1.250s] Level 1:colcon.colcon_core.package_identification:_identify(.) by extension 'python'
[1.250s] Level 1:colcon.colcon_core.package_identification:_identify(.) by extensions ['python_setup_py']
[1.250s] Level 1:colcon.colcon_core.package_identification:_identify(.) by extension 'python_setup_py'
[1.250s] Level 1:colcon.colcon_core.package_identification:_identify(build) by extensions ['ignore', 'ignore_ament_install']
[1.250s] Level 1:colcon.colcon_core.package_identification:_identify(build) by extension 'ignore'
[1.250s] Level 1:colcon.colcon_core.package_identification:_identify(build) ignored
[1.250s] Level 1:colcon.colcon_core.package_identification:_identify(install) by extensions ['ignore', 'ignore_ament_install']
[1.250s] Level 1:colcon.colcon_core.package_identification:_identify(install) by extension 'ignore'
[1.250s] Level 1:colcon.colcon_core.package_identification:_identify(install) ignored
[1.250s] Level 1:colcon.colcon_core.package_identification:_identify(log) by extensions ['ignore', 'ignore_ament_install']
[1.250s] Level 1:colcon.colcon_core.package_identification:_identify(log) by extension 'ignore'
[1.250s] Level 1:colcon.colcon_core.package_identification:_identify(log) ignored
[1.250s] Level 1:colcon.colcon_core.package_identification:_identify(src) by extensions ['ignore', 'ignore_ament_install']
[1.251s] Level 1:colcon.colcon_core.package_identification:_identify(src) by extension 'ignore'
[1.251s] Level 1:colcon.colcon_core.package_identification:_identify(src) by extension 'ignore_ament_install'
[1.251s] Level 1:colcon.colcon_core.package_identification:_identify(src) by extensions ['colcon_pkg']
[1.251s] Level 1:colcon.colcon_core.package_identification:_identify(src) by extension 'colcon_pkg'
[1.251s] Level 1:colcon.colcon_core.package_identification:_identify(src) by extensions ['colcon_meta']
[1.251s] Level 1:colcon.colcon_core.package_identification:_identify(src) by extension 'colcon_meta'
[1.251s] Level 1:colcon.colcon_core.package_identification:_identify(src) by extensions ['ros']
[1.251s] Level 1:colcon.colcon_core.package_identification:_identify(src) by extension 'ros'
[1.251s] Level 1:colcon.colcon_core.package_identification:_identify(src) by extensions ['cmake', 'python']
[1.251s] Level 1:colcon.colcon_core.package_identification:_identify(src) by extension 'cmake'
[1.251s] Level 1:colcon.colcon_core.package_identification:_identify(src) by extension 'python'
[1.251s] Level 1:colcon.colcon_core.package_identification:_identify(src) by extensions ['python_setup_py']
[1.251s] Level 1:colcon.colcon_core.package_identification:_identify(src) by extension 'python_setup_py'
[1.251s] Level 1:colcon.colcon_core.package_identification:_identify(src/drive_bridge_msg) by extensions ['ignore', 'ignore_ament_install']
[1.251s] Level 1:colcon.colcon_core.package_identification:_identify(src/drive_bridge_msg) by extension 'ignore'
[1.251s] Level 1:colcon.colcon_core.package_identification:_identify(src/drive_bridge_msg) by extension 'ignore_ament_install'
[1.251s] Level 1:colcon.colcon_core.package_identification:_identify(src/drive_bridge_msg) by extensions ['colcon_pkg']
[1.251s] Level 1:colcon.colcon_core.package_identification:_identify(src/drive_bridge_msg) by extension 'colcon_pkg'
[1.251s] Level 1:colcon.colcon_core.package_identification:_identify(src/drive_bridge_msg) by extensions ['colcon_meta']
[1.251s] Level 1:colcon.colcon_core.package_identification:_identify(src/drive_bridge_msg) by extension 'colcon_meta'
[1.251s] Level 1:colcon.colcon_core.package_identification:_identify(src/drive_bridge_msg) by extensions ['ros']
[1.251s] Level 1:colcon.colcon_core.package_identification:_identify(src/drive_bridge_msg) by extension 'ros'
[1.253s] DEBUG:colcon.colcon_core.package_identification:Package 'src/drive_bridge_msg' with type 'ros.ament_cmake' and name 'drive_bridge_msg'
[1.253s] Level 1:colcon.colcon_core.package_identification:_identify(src/mocap_msg) by extensions ['ignore', 'ignore_ament_install']
[1.253s] Level 1:colcon.colcon_core.package_identification:_identify(src/mocap_msg) by extension 'ignore'
[1.253s] Level 1:colcon.colcon_core.package_identification:_identify(src/mocap_msg) by extension 'ignore_ament_install'
[1.253s] Level 1:colcon.colcon_core.package_identification:_identify(src/mocap_msg) by extensions ['colcon_pkg']
[1.253s] Level 1:colcon.colcon_core.package_identification:_identify(src/mocap_msg) by extension 'colcon_pkg'
[1.253s] Level 1:colcon.colcon_core.package_identification:_identify(src/mocap_msg) by extensions ['colcon_meta']
[1.253s] Level 1:colcon.colcon_core.package_identification:_identify(src/mocap_msg) by extension 'colcon_meta'
[1.253s] Level 1:colcon.colcon_core.package_identification:_identify(src/mocap_msg) by extensions ['ros']
[1.253s] Level 1:colcon.colcon_core.package_identification:_identify(src/mocap_msg) by extension 'ros'
[1.253s] DEBUG:colcon.colcon_core.package_identification:Package 'src/mocap_msg' with type 'ros.ament_cmake' and name 'mocap_msg'
[1.253s] Level 1:colcon.colcon_core.package_identification:_identify(src/mocap_pkg) by extensions ['ignore', 'ignore_ament_install']
[1.253s] Level 1:colcon.colcon_core.package_identification:_identify(src/mocap_pkg) by extension 'ignore'
[1.253s] Level 1:colcon.colcon_core.package_identification:_identify(src/mocap_pkg) by extension 'ignore_ament_install'
[1.254s] Level 1:colcon.colcon_core.package_identification:_identify(src/mocap_pkg) by extensions ['colcon_pkg']
[1.254s] Level 1:colcon.colcon_core.package_identification:_identify(src/mocap_pkg) by extension 'colcon_pkg'
[1.254s] Level 1:colcon.colcon_core.package_identification:_identify(src/mocap_pkg) by extensions ['colcon_meta']
[1.254s] Level 1:colcon.colcon_core.package_identification:_identify(src/mocap_pkg) by extension 'colcon_meta'
[1.254s] Level 1:colcon.colcon_core.package_identification:_identify(src/mocap_pkg) by extensions ['ros']
[1.254s] Level 1:colcon.colcon_core.package_identification:_identify(src/mocap_pkg) by extension 'ros'
[1.254s] DEBUG:colcon.colcon_core.package_identification:Package 'src/mocap_pkg' with type 'ros.ament_python' and name 'mocap_pkg'
[1.254s] Level 1:colcon.colcon_core.package_identification:_identify(src/vehicle_state_msgs) by extensions ['ignore', 'ignore_ament_install']
[1.254s] Level 1:colcon.colcon_core.package_identification:_identify(src/vehicle_state_msgs) by extension 'ignore'
[1.254s] Level 1:colcon.colcon_core.package_identification:_identify(src/vehicle_state_msgs) by extension 'ignore_ament_install'
[1.254s] Level 1:colcon.colcon_core.package_identification:_identify(src/vehicle_state_msgs) by extensions ['colcon_pkg']
[1.254s] Level 1:colcon.colcon_core.package_identification:_identify(src/vehicle_state_msgs) by extension 'colcon_pkg'
[1.254s] Level 1:colcon.colcon_core.package_identification:_identify(src/vehicle_state_msgs) by extensions ['colcon_meta']
[1.254s] Level 1:colcon.colcon_core.package_identification:_identify(src/vehicle_state_msgs) by extension 'colcon_meta'
[1.254s] Level 1:colcon.colcon_core.package_identification:_identify(src/vehicle_state_msgs) by extensions ['ros']
[1.254s] Level 1:colcon.colcon_core.package_identification:_identify(src/vehicle_state_msgs) by extension 'ros'
[1.255s] DEBUG:colcon.colcon_core.package_identification:Package 'src/vehicle_state_msgs' with type 'ros.ament_cmake' and name 'vehicle_state_msgs'
[1.255s] Level 1:colcon.colcon_core.package_identification:_identify(src/vehicle_state_observer) by extensions ['ignore', 'ignore_ament_install']
[1.255s] Level 1:colcon.colcon_core.package_identification:_identify(src/vehicle_state_observer) by extension 'ignore'
[1.255s] Level 1:colcon.colcon_core.package_identification:_identify(src/vehicle_state_observer) by extension 'ignore_ament_install'
[1.255s] Level 1:colcon.colcon_core.package_identification:_identify(src/vehicle_state_observer) by extensions ['colcon_pkg']
[1.255s] Level 1:colcon.colcon_core.package_identification:_identify(src/vehicle_state_observer) by extension 'colcon_pkg'
[1.255s] Level 1:colcon.colcon_core.package_identification:_identify(src/vehicle_state_observer) by extensions ['colcon_meta']
[1.255s] Level 1:colcon.colcon_core.package_identification:_identify(src/vehicle_state_observer) by extension 'colcon_meta'
[1.255s] Level 1:colcon.colcon_core.package_identification:_identify(src/vehicle_state_observer) by extensions ['ros']
[1.255s] Level 1:colcon.colcon_core.package_identification:_identify(src/vehicle_state_observer) by extension 'ros'
[1.255s] DEBUG:colcon.colcon_core.package_identification:Package 'src/vehicle_state_observer' with type 'ros.ament_python' and name 'vehicle_state_observer'
[1.255s] Level 1:colcon.colcon_core.package_identification:_identify(src/vesc_msgs) by extensions ['ignore', 'ignore_ament_install']
[1.255s] Level 1:colcon.colcon_core.package_identification:_identify(src/vesc_msgs) by extension 'ignore'
[1.255s] Level 1:colcon.colcon_core.package_identification:_identify(src/vesc_msgs) by extension 'ignore_ament_install'
[1.255s] Level 1:colcon.colcon_core.package_identification:_identify(src/vesc_msgs) by extensions ['colcon_pkg']
[1.255s] Level 1:colcon.colcon_core.package_identification:_identify(src/vesc_msgs) by extension 'colcon_pkg'
[1.255s] Level 1:colcon.colcon_core.package_identification:_identify(src/vesc_msgs) by extensions ['colcon_meta']
[1.256s] Level 1:colcon.colcon_core.package_identification:_identify(src/vesc_msgs) by extension 'colcon_meta'
[1.256s] Level 1:colcon.colcon_core.package_identification:_identify(src/vesc_msgs) by extensions ['ros']
[1.256s] Level 1:colcon.colcon_core.package_identification:_identify(src/vesc_msgs) by extension 'ros'
[1.256s] DEBUG:colcon.colcon_core.package_identification:Package 'src/vesc_msgs' with type 'ros.ament_cmake' and name 'vesc_msgs'
[1.256s] Level 1:colcon.colcon_core.package_discovery:discover_packages(recursive) using defaults
[1.256s] Level 1:colcon.colcon_core.package_discovery:discover_packages(ignore) discover
[1.256s] Level 1:colcon.colcon_core.package_discovery:discover_packages(ignore) using defaults
[1.256s] Level 1:colcon.colcon_core.package_discovery:discover_packages(path) discover
[1.256s] Level 1:colcon.colcon_core.package_discovery:discover_packages(path) using defaults
[1.375s] Level 1:colcon.colcon_core.package_discovery:discover_packages(prefix_path) check parameters
[1.375s] Level 1:colcon.colcon_core.package_discovery:discover_packages(prefix_path) discover
[1.415s] DEBUG:colcon.colcon_installed_package_information.package_discovery:Found 6 installed packages in /home/bodlaire/Desktop/Work/Mocap/install
[1.435s] DEBUG:colcon.colcon_installed_package_information.package_discovery:Found 256 installed packages in /opt/ros/foxy
[1.436s] Level 1:colcon.colcon_core.package_discovery:discover_packages(prefix_path) using defaults
[1.524s] Level 5:colcon.colcon_core.verb:set package 'drive_bridge_msg' build argument 'cmake_args' from command line to 'None'
[1.524s] Level 5:colcon.colcon_core.verb:set package 'drive_bridge_msg' build argument 'cmake_target' from command line to 'None'
[1.524s] Level 5:colcon.colcon_core.verb:set package 'drive_bridge_msg' build argument 'cmake_target_skip_unavailable' from command line to 'False'
[1.524s] Level 5:colcon.colcon_core.verb:set package 'drive_bridge_msg' build argument 'cmake_clean_cache' from command line to 'False'
[1.524s] Level 5:colcon.colcon_core.verb:set package 'drive_bridge_msg' build argument 'cmake_clean_first' from command line to 'False'
[1.524s] Level 5:colcon.colcon_core.verb:set package 'drive_bridge_msg' build argument 'cmake_force_configure' from command line to 'False'
[1.524s] Level 5:colcon.colcon_core.verb:set package 'drive_bridge_msg' build argument 'ament_cmake_args' from command line to 'None'
[1.525s] Level 5:colcon.colcon_core.verb:set package 'drive_bridge_msg' build argument 'catkin_cmake_args' from command line to 'None'
[1.525s] Level 5:colcon.colcon_core.verb:set package 'drive_bridge_msg' build argument 'catkin_skip_building_tests' from command line to 'False'
[1.525s] DEBUG:colcon.colcon_core.verb:Building package 'drive_bridge_msg' with the following arguments: {'ament_cmake_args': None, 'build_base': '/home/bodlaire/Desktop/Work/Mocap/build/drive_bridge_msg', 'catkin_cmake_args': None, 'catkin_skip_building_tests': False, 'cmake_args': None, 'cmake_clean_cache': False, 'cmake_clean_first': False, 'cmake_force_configure': False, 'cmake_target': None, 'cmake_target_skip_unavailable': False, 'install_base': '/home/bodlaire/Desktop/Work/Mocap/install/drive_bridge_msg', 'merge_install': False, 'path': '/home/bodlaire/Desktop/Work/Mocap/src/drive_bridge_msg', 'symlink_install': False, 'test_result_base': None}
[1.546s] Level 5:colcon.colcon_core.verb:set package 'mocap_msg' build argument 'cmake_args' from command line to 'None'
[1.546s] Level 5:colcon.colcon_core.verb:set package 'mocap_msg' build argument 'cmake_target' from command line to 'None'
[1.546s] Level 5:colcon.colcon_core.verb:set package 'mocap_msg' build argument 'cmake_target_skip_unavailable' from command line to 'False'
[1.546s] Level 5:colcon.colcon_core.verb:set package 'mocap_msg' build argument 'cmake_clean_cache' from command line to 'False'
[1.546s] Level 5:colcon.colcon_core.verb:set package 'mocap_msg' build argument 'cmake_clean_first' from command line to 'False'
[1.546s] Level 5:colcon.colcon_core.verb:set package 'mocap_msg' build argument 'cmake_force_configure' from command line to 'False'
[1.546s] Level 5:colcon.colcon_core.verb:set package 'mocap_msg' build argument 'ament_cmake_args' from command line to 'None'
[1.546s] Level 5:colcon.colcon_core.verb:set package 'mocap_msg' build argument 'catkin_cmake_args' from command line to 'None'
[1.546s] Level 5:colcon.colcon_core.verb:set package 'mocap_msg' build argument 'catkin_skip_building_tests' from command line to 'False'
[1.546s] DEBUG:colcon.colcon_core.verb:Building package 'mocap_msg' with the following arguments: {'ament_cmake_args': None, 'build_base': '/home/bodlaire/Desktop/Work/Mocap/build/mocap_msg', 'catkin_cmake_args': None, 'catkin_skip_building_tests': False, 'cmake_args': None, 'cmake_clean_cache': False, 'cmake_clean_first': False, 'cmake_force_configure': False, 'cmake_target': None, 'cmake_target_skip_unavailable': False, 'install_base': '/home/bodlaire/Desktop/Work/Mocap/install/mocap_msg', 'merge_install': False, 'path': '/home/bodlaire/Desktop/Work/Mocap/src/mocap_msg', 'symlink_install': False, 'test_result_base': None}
[1.566s] Level 5:colcon.colcon_core.verb:set package 'mocap_pkg' build argument 'cmake_args' from command line to 'None'
[1.566s] Level 5:colcon.colcon_core.verb:set package 'mocap_pkg' build argument 'cmake_target' from command line to 'None'
[1.566s] Level 5:colcon.colcon_core.verb:set package 'mocap_pkg' build argument 'cmake_target_skip_unavailable' from command line to 'False'
[1.566s] Level 5:colcon.colcon_core.verb:set package 'mocap_pkg' build argument 'cmake_clean_cache' from command line to 'False'
[1.566s] Level 5:colcon.colcon_core.verb:set package 'mocap_pkg' build argument 'cmake_clean_first' from command line to 'False'
[1.566s] Level 5:colcon.colcon_core.verb:set package 'mocap_pkg' build argument 'cmake_force_configure' from command line to 'False'
[1.566s] Level 5:colcon.colcon_core.verb:set package 'mocap_pkg' build argument 'ament_cmake_args' from command line to 'None'
[1.566s] Level 5:colcon.colcon_core.verb:set package 'mocap_pkg' build argument 'catkin_cmake_args' from command line to 'None'
[1.566s] Level 5:colcon.colcon_core.verb:set package 'mocap_pkg' build argument 'catkin_skip_building_tests' from command line to 'False'
[1.566s] DEBUG:colcon.colcon_core.verb:Building package 'mocap_pkg' with the following arguments: {'ament_cmake_args': None, 'build_base': '/home/bodlaire/Desktop/Work/Mocap/build/mocap_pkg', 'catkin_cmake_args': None, 'catkin_skip_building_tests': False, 'cmake_args': None, 'cmake_clean_cache': False, 'cmake_clean_first': False, 'cmake_force_configure': False, 'cmake_target': None, 'cmake_target_skip_unavailable': False, 'install_base': '/home/bodlaire/Desktop/Work/Mocap/install/mocap_pkg', 'merge_install': False, 'path': '/home/bodlaire/Desktop/Work/Mocap/src/mocap_pkg', 'symlink_install': False, 'test_result_base': None}
[1.585s] Level 5:colcon.colcon_core.verb:set package 'vehicle_state_msgs' build argument 'cmake_args' from command line to 'None'
[1.585s] Level 5:colcon.colcon_core.verb:set package 'vehicle_state_msgs' build argument 'cmake_target' from command line to 'None'
[1.585s] Level 5:colcon.colcon_core.verb:set package 'vehicle_state_msgs' build argument 'cmake_target_skip_unavailable' from command line to 'False'
[1.586s] Level 5:colcon.colcon_core.verb:set package 'vehicle_state_msgs' build argument 'cmake_clean_cache' from command line to 'False'
[1.586s] Level 5:colcon.colcon_core.verb:set package 'vehicle_state_msgs' build argument 'cmake_clean_first' from command line to 'False'
[1.586s] Level 5:colcon.colcon_core.verb:set package 'vehicle_state_msgs' build argument 'cmake_force_configure' from command line to 'False'
[1.586s] Level 5:colcon.colcon_core.verb:set package 'vehicle_state_msgs' build argument 'ament_cmake_args' from command line to 'None'
[1.586s] Level 5:colcon.colcon_core.verb:set package 'vehicle_state_msgs' build argument 'catkin_cmake_args' from command line to 'None'
[1.586s] Level 5:colcon.colcon_core.verb:set package 'vehicle_state_msgs' build argument 'catkin_skip_building_tests' from command line to 'False'
[1.586s] DEBUG:colcon.colcon_core.verb:Building package 'vehicle_state_msgs' with the following arguments: {'ament_cmake_args': None, 'build_base': '/home/bodlaire/Desktop/Work/Mocap/build/vehicle_state_msgs', 'catkin_cmake_args': None, 'catkin_skip_building_tests': False, 'cmake_args': None, 'cmake_clean_cache': False, 'cmake_clean_first': False, 'cmake_force_configure': False, 'cmake_target': None, 'cmake_target_skip_unavailable': False, 'install_base': '/home/bodlaire/Desktop/Work/Mocap/install/vehicle_state_msgs', 'merge_install': False, 'path': '/home/bodlaire/Desktop/Work/Mocap/src/vehicle_state_msgs', 'symlink_install': False, 'test_result_base': None}
[1.605s] Level 5:colcon.colcon_core.verb:set package 'vehicle_state_observer' build argument 'cmake_args' from command line to 'None'
[1.605s] Level 5:colcon.colcon_core.verb:set package 'vehicle_state_observer' build argument 'cmake_target' from command line to 'None'
[1.605s] Level 5:colcon.colcon_core.verb:set package 'vehicle_state_observer' build argument 'cmake_target_skip_unavailable' from command line to 'False'
[1.605s] Level 5:colcon.colcon_core.verb:set package 'vehicle_state_observer' build argument 'cmake_clean_cache' from command line to 'False'
[1.605s] Level 5:colcon.colcon_core.verb:set package 'vehicle_state_observer' build argument 'cmake_clean_first' from command line to 'False'
[1.605s] Level 5:colcon.colcon_core.verb:set package 'vehicle_state_observer' build argument 'cmake_force_configure' from command line to 'False'
[1.605s] Level 5:colcon.colcon_core.verb:set package 'vehicle_state_observer' build argument 'ament_cmake_args' from command line to 'None'
[1.605s] Level 5:colcon.colcon_core.verb:set package 'vehicle_state_observer' build argument 'catkin_cmake_args' from command line to 'None'
[1.605s] Level 5:colcon.colcon_core.verb:set package 'vehicle_state_observer' build argument 'catkin_skip_building_tests' from command line to 'False'
[1.605s] DEBUG:colcon.colcon_core.verb:Building package 'vehicle_state_observer' with the following arguments: {'ament_cmake_args': None, 'build_base': '/home/bodlaire/Desktop/Work/Mocap/build/vehicle_state_observer', 'catkin_cmake_args': None, 'catkin_skip_building_tests': False, 'cmake_args': None, 'cmake_clean_cache': False, 'cmake_clean_first': False, 'cmake_force_configure': False, 'cmake_target': None, 'cmake_target_skip_unavailable': False, 'install_base': '/home/bodlaire/Desktop/Work/Mocap/install/vehicle_state_observer', 'merge_install': False, 'path': '/home/bodlaire/Desktop/Work/Mocap/src/vehicle_state_observer', 'symlink_install': False, 'test_result_base': None}
[1.625s] Level 5:colcon.colcon_core.verb:set package 'vesc_msgs' build argument 'cmake_args' from command line to 'None'
[1.625s] Level 5:colcon.colcon_core.verb:set package 'vesc_msgs' build argument 'cmake_target' from command line to 'None'
[1.625s] Level 5:colcon.colcon_core.verb:set package 'vesc_msgs' build argument 'cmake_target_skip_unavailable' from command line to 'False'
[1.625s] Level 5:colcon.colcon_core.verb:set package 'vesc_msgs' build argument 'cmake_clean_cache' from command line to 'False'
[1.625s] Level 5:colcon.colcon_core.verb:set package 'vesc_msgs' build argument 'cmake_clean_first' from command line to 'False'
[1.625s] Level 5:colcon.colcon_core.verb:set package 'vesc_msgs' build argument 'cmake_force_configure' from command line to 'False'
[1.625s] Level 5:colcon.colcon_core.verb:set package 'vesc_msgs' build argument 'ament_cmake_args' from command line to 'None'
[1.625s] Level 5:colcon.colcon_core.verb:set package 'vesc_msgs' build argument 'catkin_cmake_args' from command line to 'None'
[1.625s] Level 5:colcon.colcon_core.verb:set package 'vesc_msgs' build argument 'catkin_skip_building_tests' from command line to 'False'
[1.625s] DEBUG:colcon.colcon_core.verb:Building package 'vesc_msgs' with the following arguments: {'ament_cmake_args': None, 'build_base': '/home/bodlaire/Desktop/Work/Mocap/build/vesc_msgs', 'catkin_cmake_args': None, 'catkin_skip_building_tests': False, 'cmake_args': None, 'cmake_clean_cache': False, 'cmake_clean_first': False, 'cmake_force_configure': False, 'cmake_target': None, 'cmake_target_skip_unavailable': False, 'install_base': '/home/bodlaire/Desktop/Work/Mocap/install/vesc_msgs', 'merge_install': False, 'path': '/home/bodlaire/Desktop/Work/Mocap/src/vesc_msgs', 'symlink_install': False, 'test_result_base': None}
[1.657s] INFO:colcon.colcon_core.executor:Executing jobs using 'parallel' executor
[1.678s] DEBUG:colcon.colcon_parallel_executor.executor.parallel:run_until_complete
[1.678s] INFO:colcon.colcon_ros.task.ament_cmake.build:Building ROS package in '/home/bodlaire/Desktop/Work/Mocap/src/drive_bridge_msg' with build type 'ament_cmake'
[1.678s] INFO:colcon.colcon_cmake.task.cmake.build:Building CMake package in '/home/bodlaire/Desktop/Work/Mocap/src/drive_bridge_msg'
[1.699s] INFO:colcon.colcon_core.plugin_system:Skipping extension 'colcon_core.shell.bat': Not used on non-Windows systems
[1.700s] INFO:colcon.colcon_core.shell:Skip shell extension 'powershell' for command environment: Not usable outside of PowerShell
[1.700s] DEBUG:colcon.colcon_core.shell:Skip shell extension 'dsv' for command environment
[1.763s] INFO:colcon.colcon_ros.task.ament_cmake.build:Building ROS package in '/home/bodlaire/Desktop/Work/Mocap/src/mocap_msg' with build type 'ament_cmake'
[1.763s] INFO:colcon.colcon_cmake.task.cmake.build:Building CMake package in '/home/bodlaire/Desktop/Work/Mocap/src/mocap_msg'
[1.785s] INFO:colcon.colcon_core.shell:Skip shell extension 'powershell' for command environment: Not usable outside of PowerShell
[1.785s] DEBUG:colcon.colcon_core.shell:Skip shell extension 'dsv' for command environment
[1.855s] INFO:colcon.colcon_ros.task.ament_python.build:Building ROS package in '/home/bodlaire/Desktop/Work/Mocap/src/mocap_pkg' with build type 'ament_python'
[1.855s] Level 1:colcon.colcon_core.shell:create_environment_hook('mocap_pkg', 'ament_prefix_path')
[1.876s] INFO:colcon.colcon_core.shell:Creating environment hook '/home/bodlaire/Desktop/Work/Mocap/install/mocap_pkg/share/mocap_pkg/hook/ament_prefix_path.ps1'
[1.877s] INFO:colcon.colcon_core.shell:Creating environment descriptor '/home/bodlaire/Desktop/Work/Mocap/install/mocap_pkg/share/mocap_pkg/hook/ament_prefix_path.dsv'
[1.877s] INFO:colcon.colcon_core.shell:Creating environment hook '/home/bodlaire/Desktop/Work/Mocap/install/mocap_pkg/share/mocap_pkg/hook/ament_prefix_path.sh'
[1.899s] INFO:colcon.colcon_core.shell:Skip shell extension 'powershell' for command environment: Not usable outside of PowerShell
[1.899s] DEBUG:colcon.colcon_core.shell:Skip shell extension 'dsv' for command environment
[1.963s] INFO:colcon.colcon_ros.task.ament_cmake.build:Building ROS package in '/home/bodlaire/Desktop/Work/Mocap/src/vehicle_state_msgs' with build type 'ament_cmake'
[1.964s] INFO:colcon.colcon_cmake.task.cmake.build:Building CMake package in '/home/bodlaire/Desktop/Work/Mocap/src/vehicle_state_msgs'
[1.985s] INFO:colcon.colcon_core.shell:Skip shell extension 'powershell' for command environment: Not usable outside of PowerShell
[1.985s] DEBUG:colcon.colcon_core.shell:Skip shell extension 'dsv' for command environment
[2.050s] INFO:colcon.colcon_ros.task.ament_python.build:Building ROS package in '/home/bodlaire/Desktop/Work/Mocap/src/vehicle_state_observer' with build type 'ament_python'
[2.050s] Level 1:colcon.colcon_core.shell:create_environment_hook('vehicle_state_observer', 'ament_prefix_path')
[2.077s] INFO:colcon.colcon_core.shell:Creating environment hook '/home/bodlaire/Desktop/Work/Mocap/install/vehicle_state_observer/share/vehicle_state_observer/hook/ament_prefix_path.ps1'
[2.078s] INFO:colcon.colcon_core.shell:Creating environment descriptor '/home/bodlaire/Desktop/Work/Mocap/install/vehicle_state_observer/share/vehicle_state_observer/hook/ament_prefix_path.dsv'
[2.078s] INFO:colcon.colcon_core.shell:Creating environment hook '/home/bodlaire/Desktop/Work/Mocap/install/vehicle_state_observer/share/vehicle_state_observer/hook/ament_prefix_path.sh'
[2.099s] INFO:colcon.colcon_core.shell:Skip shell extension 'powershell' for command environment: Not usable outside of PowerShell
[2.099s] DEBUG:colcon.colcon_core.shell:Skip shell extension 'dsv' for command environment
[2.167s] INFO:colcon.colcon_ros.task.ament_cmake.build:Building ROS package in '/home/bodlaire/Desktop/Work/Mocap/src/vesc_msgs' with build type 'ament_cmake'
[2.167s] INFO:colcon.colcon_cmake.task.cmake.build:Building CMake package in '/home/bodlaire/Desktop/Work/Mocap/src/vesc_msgs'
[2.188s] INFO:colcon.colcon_core.shell:Skip shell extension 'powershell' for command environment: Not usable outside of PowerShell
[2.188s] DEBUG:colcon.colcon_core.shell:Skip shell extension 'dsv' for command environment
[2.261s] DEBUG:colcon.colcon_core.event_handler.log_command:Invoking command in '/home/bodlaire/Desktop/Work/Mocap/build/drive_bridge_msg': CMAKE_PREFIX_PATH=${CMAKE_PREFIX_PATH}:/home/bodlaire/Desktop/Work/Mocap/install/vehicle_state_observer:/home/bodlaire/Desktop/Work/Mocap/install/mocap_pkg:/opt/ros/foxy /usr/bin/cmake --build /home/bodlaire/Desktop/Work/Mocap/build/drive_bridge_msg -- -j16 -l16
[2.267s] DEBUG:colcon.colcon_core.event_handler.log_command:Invoking command in '/home/bodlaire/Desktop/Work/Mocap/build/mocap_msg': CMAKE_PREFIX_PATH=${CMAKE_PREFIX_PATH}:/home/bodlaire/Desktop/Work/Mocap/install/vehicle_state_observer:/home/bodlaire/Desktop/Work/Mocap/install/mocap_pkg:/opt/ros/foxy /usr/bin/cmake --build /home/bodlaire/Desktop/Work/Mocap/build/mocap_msg -- -j16 -l16
[2.438s] INFO:colcon.colcon_core.task.python.build:Building Python package in '/home/bodlaire/Desktop/Work/Mocap/src/mocap_pkg'
[2.482s] INFO:colcon.colcon_core.shell:Skip shell extension 'powershell' for command environment: Not usable outside of PowerShell
[2.482s] DEBUG:colcon.colcon_core.shell:Skip shell extension 'dsv' for command environment
[2.552s] DEBUG:colcon.colcon_core.event_handler.log_command:Invoking command in '/home/bodlaire/Desktop/Work/Mocap/build/vehicle_state_msgs': CMAKE_PREFIX_PATH=${CMAKE_PREFIX_PATH}:/home/bodlaire/Desktop/Work/Mocap/install/vehicle_state_observer:/home/bodlaire/Desktop/Work/Mocap/install/mocap_pkg:/opt/ros/foxy /usr/bin/cmake --build /home/bodlaire/Desktop/Work/Mocap/build/vehicle_state_msgs -- -j16 -l16
[2.699s] INFO:colcon.colcon_core.task.python.build:Building Python package in '/home/bodlaire/Desktop/Work/Mocap/src/vehicle_state_observer'
[2.722s] INFO:colcon.colcon_core.shell:Skip shell extension 'powershell' for command environment: Not usable outside of PowerShell
[2.722s] DEBUG:colcon.colcon_core.shell:Skip shell extension 'dsv' for command environment
[2.810s] DEBUG:colcon.colcon_core.event_handler.log_command:Invoking command in '/home/bodlaire/Desktop/Work/Mocap/build/vesc_msgs': CMAKE_PREFIX_PATH=${CMAKE_PREFIX_PATH}:/home/bodlaire/Desktop/Work/Mocap/install/vehicle_state_observer:/home/bodlaire/Desktop/Work/Mocap/install/mocap_pkg:/opt/ros/foxy /usr/bin/cmake --build /home/bodlaire/Desktop/Work/Mocap/build/vesc_msgs -- -j16 -l16
[2.811s] DEBUG:colcon.colcon_core.event_handler.log_command:Invoked command in '/home/bodlaire/Desktop/Work/Mocap/build/drive_bridge_msg' returned '0': CMAKE_PREFIX_PATH=${CMAKE_PREFIX_PATH}:/home/bodlaire/Desktop/Work/Mocap/install/vehicle_state_observer:/home/bodlaire/Desktop/Work/Mocap/install/mocap_pkg:/opt/ros/foxy /usr/bin/cmake --build /home/bodlaire/Desktop/Work/Mocap/build/drive_bridge_msg -- -j16 -l16
[2.812s] DEBUG:colcon.colcon_core.event_handler.log_command:Invoked command in '/home/bodlaire/Desktop/Work/Mocap/build/vehicle_state_msgs' returned '0': CMAKE_PREFIX_PATH=${CMAKE_PREFIX_PATH}:/home/bodlaire/Desktop/Work/Mocap/install/vehicle_state_observer:/home/bodlaire/Desktop/Work/Mocap/install/mocap_pkg:/opt/ros/foxy /usr/bin/cmake --build /home/bodlaire/Desktop/Work/Mocap/build/vehicle_state_msgs -- -j16 -l16
[2.814s] DEBUG:colcon.colcon_core.event_handler.log_command:Invoked command in '/home/bodlaire/Desktop/Work/Mocap/build/mocap_msg' returned '0': CMAKE_PREFIX_PATH=${CMAKE_PREFIX_PATH}:/home/bodlaire/Desktop/Work/Mocap/install/vehicle_state_observer:/home/bodlaire/Desktop/Work/Mocap/install/mocap_pkg:/opt/ros/foxy /usr/bin/cmake --build /home/bodlaire/Desktop/Work/Mocap/build/mocap_msg -- -j16 -l16
[2.841s] DEBUG:colcon.colcon_core.event_handler.log_command:Invoking command in '/home/bodlaire/Desktop/Work/Mocap/build/drive_bridge_msg': CMAKE_PREFIX_PATH=${CMAKE_PREFIX_PATH}:/home/bodlaire/Desktop/Work/Mocap/install/vehicle_state_observer:/home/bodlaire/Desktop/Work/Mocap/install/mocap_pkg:/opt/ros/foxy /usr/bin/cmake --install /home/bodlaire/Desktop/Work/Mocap/build/drive_bridge_msg
[2.845s] DEBUG:colcon.colcon_core.event_handler.log_command:Invoking command in '/home/bodlaire/Desktop/Work/Mocap/build/vehicle_state_msgs': CMAKE_PREFIX_PATH=${CMAKE_PREFIX_PATH}:/home/bodlaire/Desktop/Work/Mocap/install/vehicle_state_observer:/home/bodlaire/Desktop/Work/Mocap/install/mocap_pkg:/opt/ros/foxy /usr/bin/cmake --install /home/bodlaire/Desktop/Work/Mocap/build/vehicle_state_msgs
[2.849s] DEBUG:colcon.colcon_core.event_handler.log_command:Invoking command in '/home/bodlaire/Desktop/Work/Mocap/build/mocap_msg': CMAKE_PREFIX_PATH=${CMAKE_PREFIX_PATH}:/home/bodlaire/Desktop/Work/Mocap/install/vehicle_state_observer:/home/bodlaire/Desktop/Work/Mocap/install/mocap_pkg:/opt/ros/foxy /usr/bin/cmake --install /home/bodlaire/Desktop/Work/Mocap/build/mocap_msg
[2.890s] Level 1:colcon.colcon_core.environment:create_environment_scripts_only(drive_bridge_msg)
[2.893s] DEBUG:colcon.colcon_core.event_handler.log_command:Invoked command in '/home/bodlaire/Desktop/Work/Mocap/build/drive_bridge_msg' returned '0': CMAKE_PREFIX_PATH=${CMAKE_PREFIX_PATH}:/home/bodlaire/Desktop/Work/Mocap/install/vehicle_state_observer:/home/bodlaire/Desktop/Work/Mocap/install/mocap_pkg:/opt/ros/foxy /usr/bin/cmake --install /home/bodlaire/Desktop/Work/Mocap/build/drive_bridge_msg
[2.927s] Level 1:colcon.colcon_core.environment:checking '/home/bodlaire/Desktop/Work/Mocap/install/drive_bridge_msg' for CMake module files
[2.928s] Level 1:colcon.colcon_core.environment:checking '/home/bodlaire/Desktop/Work/Mocap/install/drive_bridge_msg' for CMake config files
[2.928s] Level 1:colcon.colcon_core.shell:create_environment_hook('drive_bridge_msg', 'cmake_prefix_path')
[2.951s] INFO:colcon.colcon_core.shell:Creating environment hook '/home/bodlaire/Desktop/Work/Mocap/install/drive_bridge_msg/share/drive_bridge_msg/hook/cmake_prefix_path.ps1'
[2.952s] INFO:colcon.colcon_core.shell:Creating environment descriptor '/home/bodlaire/Desktop/Work/Mocap/install/drive_bridge_msg/share/drive_bridge_msg/hook/cmake_prefix_path.dsv'
[2.952s] INFO:colcon.colcon_core.shell:Creating environment hook '/home/bodlaire/Desktop/Work/Mocap/install/drive_bridge_msg/share/drive_bridge_msg/hook/cmake_prefix_path.sh'
[2.953s] Level 1:colcon.colcon_core.environment:checking '/home/bodlaire/Desktop/Work/Mocap/install/drive_bridge_msg/lib'
[2.953s] Level 1:colcon.colcon_core.shell:create_environment_hook('drive_bridge_msg', 'ld_library_path_lib')
[2.977s] INFO:colcon.colcon_core.shell:Creating environment hook '/home/bodlaire/Desktop/Work/Mocap/install/drive_bridge_msg/share/drive_bridge_msg/hook/ld_library_path_lib.ps1'
[2.977s] INFO:colcon.colcon_core.shell:Creating environment descriptor '/home/bodlaire/Desktop/Work/Mocap/install/drive_bridge_msg/share/drive_bridge_msg/hook/ld_library_path_lib.dsv'
[2.977s] INFO:colcon.colcon_core.shell:Creating environment hook '/home/bodlaire/Desktop/Work/Mocap/install/drive_bridge_msg/share/drive_bridge_msg/hook/ld_library_path_lib.sh'
[2.978s] Level 1:colcon.colcon_core.environment:checking '/home/bodlaire/Desktop/Work/Mocap/install/drive_bridge_msg/bin'
[2.978s] Level 1:colcon.colcon_core.environment:checking '/home/bodlaire/Desktop/Work/Mocap/install/drive_bridge_msg/lib/pkgconfig/drive_bridge_msg.pc'
[2.978s] Level 1:colcon.colcon_core.environment:checking '/home/bodlaire/Desktop/Work/Mocap/install/drive_bridge_msg/lib/python3.8/site-packages'
[2.978s] Level 1:colcon.colcon_core.shell:create_environment_hook('drive_bridge_msg', 'pythonpath')
[3.003s] INFO:colcon.colcon_core.shell:Creating environment hook '/home/bodlaire/Desktop/Work/Mocap/install/drive_bridge_msg/share/drive_bridge_msg/hook/pythonpath.ps1'
[3.003s] INFO:colcon.colcon_core.shell:Creating environment descriptor '/home/bodlaire/Desktop/Work/Mocap/install/drive_bridge_msg/share/drive_bridge_msg/hook/pythonpath.dsv'
[3.003s] INFO:colcon.colcon_core.shell:Creating environment hook '/home/bodlaire/Desktop/Work/Mocap/install/drive_bridge_msg/share/drive_bridge_msg/hook/pythonpath.sh'
[3.004s] Level 1:colcon.colcon_core.environment:checking '/home/bodlaire/Desktop/Work/Mocap/install/drive_bridge_msg/bin'
[3.027s] INFO:colcon.colcon_core.shell:Creating package script '/home/bodlaire/Desktop/Work/Mocap/install/drive_bridge_msg/share/drive_bridge_msg/package.ps1'
[3.028s] INFO:colcon.colcon_core.shell:Creating package descriptor '/home/bodlaire/Desktop/Work/Mocap/install/drive_bridge_msg/share/drive_bridge_msg/package.dsv'
[3.028s] INFO:colcon.colcon_core.shell:Creating package script '/home/bodlaire/Desktop/Work/Mocap/install/drive_bridge_msg/share/drive_bridge_msg/package.sh'
[3.028s] INFO:colcon.colcon_core.shell:Creating package script '/home/bodlaire/Desktop/Work/Mocap/install/drive_bridge_msg/share/drive_bridge_msg/package.bash'
[3.029s] INFO:colcon.colcon_core.shell:Creating package script '/home/bodlaire/Desktop/Work/Mocap/install/drive_bridge_msg/share/drive_bridge_msg/package.zsh'
[3.029s] Level 1:colcon.colcon_core.environment:create_file_with_runtime_dependencies(/home/bodlaire/Desktop/Work/Mocap/install/drive_bridge_msg/share/colcon-core/packages/drive_bridge_msg)
[3.036s] DEBUG:colcon.colcon_core.event_handler.log_command:Invoked command in '/home/bodlaire/Desktop/Work/Mocap/build/vesc_msgs' returned '0': CMAKE_PREFIX_PATH=${CMAKE_PREFIX_PATH}:/home/bodlaire/Desktop/Work/Mocap/install/vehicle_state_observer:/home/bodlaire/Desktop/Work/Mocap/install/mocap_pkg:/opt/ros/foxy /usr/bin/cmake --build /home/bodlaire/Desktop/Work/Mocap/build/vesc_msgs -- -j16 -l16
[3.037s] Level 1:colcon.colcon_core.environment:create_environment_scripts_only(mocap_msg)
[3.038s] DEBUG:colcon.colcon_core.event_handler.log_command:Invoked command in '/home/bodlaire/Desktop/Work/Mocap/build/mocap_msg' returned '0': CMAKE_PREFIX_PATH=${CMAKE_PREFIX_PATH}:/home/bodlaire/Desktop/Work/Mocap/install/vehicle_state_observer:/home/bodlaire/Desktop/Work/Mocap/install/mocap_pkg:/opt/ros/foxy /usr/bin/cmake --install /home/bodlaire/Desktop/Work/Mocap/build/mocap_msg
[3.062s] Level 1:colcon.colcon_core.environment:checking '/home/bodlaire/Desktop/Work/Mocap/install/mocap_msg' for CMake module files
[3.063s] Level 1:colcon.colcon_core.environment:checking '/home/bodlaire/Desktop/Work/Mocap/install/mocap_msg' for CMake config files
[3.063s] Level 1:colcon.colcon_core.shell:create_environment_hook('mocap_msg', 'cmake_prefix_path')
[3.087s] INFO:colcon.colcon_core.shell:Creating environment hook '/home/bodlaire/Desktop/Work/Mocap/install/mocap_msg/share/mocap_msg/hook/cmake_prefix_path.ps1'
[3.087s] INFO:colcon.colcon_core.shell:Creating environment descriptor '/home/bodlaire/Desktop/Work/Mocap/install/mocap_msg/share/mocap_msg/hook/cmake_prefix_path.dsv'
[3.088s] INFO:colcon.colcon_core.shell:Creating environment hook '/home/bodlaire/Desktop/Work/Mocap/install/mocap_msg/share/mocap_msg/hook/cmake_prefix_path.sh'
[3.088s] Level 1:colcon.colcon_core.environment:checking '/home/bodlaire/Desktop/Work/Mocap/install/mocap_msg/lib'
[3.088s] Level 1:colcon.colcon_core.shell:create_environment_hook('mocap_msg', 'ld_library_path_lib')
[3.111s] INFO:colcon.colcon_core.shell:Creating environment hook '/home/bodlaire/Desktop/Work/Mocap/install/mocap_msg/share/mocap_msg/hook/ld_library_path_lib.ps1'
[3.112s] INFO:colcon.colcon_core.shell:Creating environment descriptor '/home/bodlaire/Desktop/Work/Mocap/install/mocap_msg/share/mocap_msg/hook/ld_library_path_lib.dsv'
[3.112s] INFO:colcon.colcon_core.shell:Creating environment hook '/home/bodlaire/Desktop/Work/Mocap/install/mocap_msg/share/mocap_msg/hook/ld_library_path_lib.sh'
[3.112s] Level 1:colcon.colcon_core.environment:checking '/home/bodlaire/Desktop/Work/Mocap/install/mocap_msg/bin'
[3.112s] Level 1:colcon.colcon_core.environment:checking '/home/bodlaire/Desktop/Work/Mocap/install/mocap_msg/lib/pkgconfig/mocap_msg.pc'
[3.112s] Level 1:colcon.colcon_core.environment:checking '/home/bodlaire/Desktop/Work/Mocap/install/mocap_msg/lib/python3.8/site-packages'
[3.112s] Level 1:colcon.colcon_core.shell:create_environment_hook('mocap_msg', 'pythonpath')
[3.135s] INFO:colcon.colcon_core.shell:Creating environment hook '/home/bodlaire/Desktop/Work/Mocap/install/mocap_msg/share/mocap_msg/hook/pythonpath.ps1'
[3.136s] INFO:colcon.colcon_core.shell:Creating environment descriptor '/home/bodlaire/Desktop/Work/Mocap/install/mocap_msg/share/mocap_msg/hook/pythonpath.dsv'
[3.136s] INFO:colcon.colcon_core.shell:Creating environment hook '/home/bodlaire/Desktop/Work/Mocap/install/mocap_msg/share/mocap_msg/hook/pythonpath.sh'
[3.136s] Level 1:colcon.colcon_core.environment:checking '/home/bodlaire/Desktop/Work/Mocap/install/mocap_msg/bin'
[3.158s] INFO:colcon.colcon_core.shell:Creating package script '/home/bodlaire/Desktop/Work/Mocap/install/mocap_msg/share/mocap_msg/package.ps1'
[3.159s] INFO:colcon.colcon_core.shell:Creating package descriptor '/home/bodlaire/Desktop/Work/Mocap/install/mocap_msg/share/mocap_msg/package.dsv'
[3.159s] INFO:colcon.colcon_core.shell:Creating package script '/home/bodlaire/Desktop/Work/Mocap/install/mocap_msg/share/mocap_msg/package.sh'
[3.159s] INFO:colcon.colcon_core.shell:Creating package script '/home/bodlaire/Desktop/Work/Mocap/install/mocap_msg/share/mocap_msg/package.bash'
[3.159s] INFO:colcon.colcon_core.shell:Creating package script '/home/bodlaire/Desktop/Work/Mocap/install/mocap_msg/share/mocap_msg/package.zsh'
[3.160s] Level 1:colcon.colcon_core.environment:create_file_with_runtime_dependencies(/home/bodlaire/Desktop/Work/Mocap/install/mocap_msg/share/colcon-core/packages/mocap_msg)
[3.162s] Level 1:colcon.colcon_core.environment:create_environment_scripts_only(vehicle_state_msgs)
[3.162s] DEBUG:colcon.colcon_core.event_handler.log_command:Invoked command in '/home/bodlaire/Desktop/Work/Mocap/build/vehicle_state_msgs' returned '0': CMAKE_PREFIX_PATH=${CMAKE_PREFIX_PATH}:/home/bodlaire/Desktop/Work/Mocap/install/vehicle_state_observer:/home/bodlaire/Desktop/Work/Mocap/install/mocap_pkg:/opt/ros/foxy /usr/bin/cmake --install /home/bodlaire/Desktop/Work/Mocap/build/vehicle_state_msgs
[3.187s] Level 1:colcon.colcon_core.environment:checking '/home/bodlaire/Desktop/Work/Mocap/install/vehicle_state_msgs' for CMake module files
[3.187s] Level 1:colcon.colcon_core.environment:checking '/home/bodlaire/Desktop/Work/Mocap/install/vehicle_state_msgs' for CMake config files
[3.187s] Level 1:colcon.colcon_core.shell:create_environment_hook('vehicle_state_msgs', 'cmake_prefix_path')
[3.209s] INFO:colcon.colcon_core.shell:Creating environment hook '/home/bodlaire/Desktop/Work/Mocap/install/vehicle_state_msgs/share/vehicle_state_msgs/hook/cmake_prefix_path.ps1'
[3.209s] INFO:colcon.colcon_core.shell:Creating environment descriptor '/home/bodlaire/Desktop/Work/Mocap/install/vehicle_state_msgs/share/vehicle_state_msgs/hook/cmake_prefix_path.dsv'
[3.209s] INFO:colcon.colcon_core.shell:Creating environment hook '/home/bodlaire/Desktop/Work/Mocap/install/vehicle_state_msgs/share/vehicle_state_msgs/hook/cmake_prefix_path.sh'
[3.210s] Level 1:colcon.colcon_core.environment:checking '/home/bodlaire/Desktop/Work/Mocap/install/vehicle_state_msgs/lib'
[3.210s] Level 1:colcon.colcon_core.shell:create_environment_hook('vehicle_state_msgs', 'ld_library_path_lib')
[3.231s] INFO:colcon.colcon_core.shell:Creating environment hook '/home/bodlaire/Desktop/Work/Mocap/install/vehicle_state_msgs/share/vehicle_state_msgs/hook/ld_library_path_lib.ps1'
[3.231s] INFO:colcon.colcon_core.shell:Creating environment descriptor '/home/bodlaire/Desktop/Work/Mocap/install/vehicle_state_msgs/share/vehicle_state_msgs/hook/ld_library_path_lib.dsv'
[3.231s] INFO:colcon.colcon_core.shell:Creating environment hook '/home/bodlaire/Desktop/Work/Mocap/install/vehicle_state_msgs/share/vehicle_state_msgs/hook/ld_library_path_lib.sh'
[3.231s] Level 1:colcon.colcon_core.environment:checking '/home/bodlaire/Desktop/Work/Mocap/install/vehicle_state_msgs/bin'
[3.232s] Level 1:colcon.colcon_core.environment:checking '/home/bodlaire/Desktop/Work/Mocap/install/vehicle_state_msgs/lib/pkgconfig/vehicle_state_msgs.pc'
[3.232s] Level 1:colcon.colcon_core.environment:checking '/home/bodlaire/Desktop/Work/Mocap/install/vehicle_state_msgs/lib/python3.8/site-packages'
[3.232s] Level 1:colcon.colcon_core.shell:create_environment_hook('vehicle_state_msgs', 'pythonpath')
[3.252s] INFO:colcon.colcon_core.shell:Creating environment hook '/home/bodlaire/Desktop/Work/Mocap/install/vehicle_state_msgs/share/vehicle_state_msgs/hook/pythonpath.ps1'
[3.253s] INFO:colcon.colcon_core.shell:Creating environment descriptor '/home/bodlaire/Desktop/Work/Mocap/install/vehicle_state_msgs/share/vehicle_state_msgs/hook/pythonpath.dsv'
[3.253s] INFO:colcon.colcon_core.shell:Creating environment hook '/home/bodlaire/Desktop/Work/Mocap/install/vehicle_state_msgs/share/vehicle_state_msgs/hook/pythonpath.sh'
[3.253s] Level 1:colcon.colcon_core.environment:checking '/home/bodlaire/Desktop/Work/Mocap/install/vehicle_state_msgs/bin'
[3.273s] INFO:colcon.colcon_core.shell:Creating package script '/home/bodlaire/Desktop/Work/Mocap/install/vehicle_state_msgs/share/vehicle_state_msgs/package.ps1'
[3.274s] INFO:colcon.colcon_core.shell:Creating package descriptor '/home/bodlaire/Desktop/Work/Mocap/install/vehicle_state_msgs/share/vehicle_state_msgs/package.dsv'
[3.274s] INFO:colcon.colcon_core.shell:Creating package script '/home/bodlaire/Desktop/Work/Mocap/install/vehicle_state_msgs/share/vehicle_state_msgs/package.sh'
[3.274s] INFO:colcon.colcon_core.shell:Creating package script '/home/bodlaire/Desktop/Work/Mocap/install/vehicle_state_msgs/share/vehicle_state_msgs/package.bash'
[3.274s] INFO:colcon.colcon_core.shell:Creating package script '/home/bodlaire/Desktop/Work/Mocap/install/vehicle_state_msgs/share/vehicle_state_msgs/package.zsh'
[3.275s] Level 1:colcon.colcon_core.environment:create_file_with_runtime_dependencies(/home/bodlaire/Desktop/Work/Mocap/install/vehicle_state_msgs/share/colcon-core/packages/vehicle_state_msgs)
[3.299s] Level 1:colcon.colcon_core.environment:create_environment_scripts_only(drive_bridge_msg)
[3.320s] Level 1:colcon.colcon_core.environment:checking '/home/bodlaire/Desktop/Work/Mocap/install/drive_bridge_msg' for CMake module files
[3.320s] Level 1:colcon.colcon_core.environment:checking '/home/bodlaire/Desktop/Work/Mocap/install/drive_bridge_msg' for CMake config files
[3.320s] Level 1:colcon.colcon_core.shell:create_environment_hook('drive_bridge_msg', 'cmake_prefix_path')
[3.341s] INFO:colcon.colcon_core.shell:Creating environment hook '/home/bodlaire/Desktop/Work/Mocap/install/drive_bridge_msg/share/drive_bridge_msg/hook/cmake_prefix_path.ps1'
[3.341s] INFO:colcon.colcon_core.shell:Creating environment descriptor '/home/bodlaire/Desktop/Work/Mocap/install/drive_bridge_msg/share/drive_bridge_msg/hook/cmake_prefix_path.dsv'
[3.342s] INFO:colcon.colcon_core.shell:Creating environment hook '/home/bodlaire/Desktop/Work/Mocap/install/drive_bridge_msg/share/drive_bridge_msg/hook/cmake_prefix_path.sh'
[3.342s] Level 1:colcon.colcon_core.environment:checking '/home/bodlaire/Desktop/Work/Mocap/install/drive_bridge_msg/lib'
[3.342s] Level 1:colcon.colcon_core.shell:create_environment_hook('drive_bridge_msg', 'ld_library_path_lib')
[3.371s] INFO:colcon.colcon_core.shell:Creating environment hook '/home/bodlaire/Desktop/Work/Mocap/install/drive_bridge_msg/share/drive_bridge_msg/hook/ld_library_path_lib.ps1'
[3.371s] INFO:colcon.colcon_core.shell:Creating environment descriptor '/home/bodlaire/Desktop/Work/Mocap/install/drive_bridge_msg/share/drive_bridge_msg/hook/ld_library_path_lib.dsv'
[3.371s] INFO:colcon.colcon_core.shell:Creating environment hook '/home/bodlaire/Desktop/Work/Mocap/install/drive_bridge_msg/share/drive_bridge_msg/hook/ld_library_path_lib.sh'
[3.371s] Level 1:colcon.colcon_core.environment:checking '/home/bodlaire/Desktop/Work/Mocap/install/drive_bridge_msg/bin'
[3.371s] Level 1:colcon.colcon_core.environment:checking '/home/bodlaire/Desktop/Work/Mocap/install/drive_bridge_msg/lib/pkgconfig/drive_bridge_msg.pc'
[3.372s] Level 1:colcon.colcon_core.environment:checking '/home/bodlaire/Desktop/Work/Mocap/install/drive_bridge_msg/lib/python3.8/site-packages'
[3.372s] Level 1:colcon.colcon_core.shell:create_environment_hook('drive_bridge_msg', 'pythonpath')
[3.392s] INFO:colcon.colcon_core.shell:Creating environment hook '/home/bodlaire/Desktop/Work/Mocap/install/drive_bridge_msg/share/drive_bridge_msg/hook/pythonpath.ps1'
[3.393s] INFO:colcon.colcon_core.shell:Creating environment descriptor '/home/bodlaire/Desktop/Work/Mocap/install/drive_bridge_msg/share/drive_bridge_msg/hook/pythonpath.dsv'
[3.393s] INFO:colcon.colcon_core.shell:Creating environment hook '/home/bodlaire/Desktop/Work/Mocap/install/drive_bridge_msg/share/drive_bridge_msg/hook/pythonpath.sh'
[3.393s] Level 1:colcon.colcon_core.environment:checking '/home/bodlaire/Desktop/Work/Mocap/install/drive_bridge_msg/bin'
[3.413s] INFO:colcon.colcon_core.shell:Creating package script '/home/bodlaire/Desktop/Work/Mocap/install/drive_bridge_msg/share/drive_bridge_msg/package.ps1'
[3.413s] INFO:colcon.colcon_core.shell:Creating package descriptor '/home/bodlaire/Desktop/Work/Mocap/install/drive_bridge_msg/share/drive_bridge_msg/package.dsv'
[3.414s] INFO:colcon.colcon_core.shell:Creating package script '/home/bodlaire/Desktop/Work/Mocap/install/drive_bridge_msg/share/drive_bridge_msg/package.sh'
[3.414s] INFO:colcon.colcon_core.shell:Creating package script '/home/bodlaire/Desktop/Work/Mocap/install/drive_bridge_msg/share/drive_bridge_msg/package.bash'
[3.414s] INFO:colcon.colcon_core.shell:Creating package script '/home/bodlaire/Desktop/Work/Mocap/install/drive_bridge_msg/share/drive_bridge_msg/package.zsh'
[3.415s] Level 1:colcon.colcon_core.environment:create_file_with_runtime_dependencies(/home/bodlaire/Desktop/Work/Mocap/install/drive_bridge_msg/share/colcon-core/packages/drive_bridge_msg)
[3.421s] DEBUG:colcon.colcon_core.event_handler.log_command:Invoking command in '/home/bodlaire/Desktop/Work/Mocap/build/vesc_msgs': CMAKE_PREFIX_PATH=${CMAKE_PREFIX_PATH}:/home/bodlaire/Desktop/Work/Mocap/install/vehicle_state_observer:/home/bodlaire/Desktop/Work/Mocap/install/mocap_pkg:/opt/ros/foxy /usr/bin/cmake --install /home/bodlaire/Desktop/Work/Mocap/build/vesc_msgs
[3.424s] DEBUG:colcon.colcon_core.event_handler.log_command:Invoking command in '/home/bodlaire/Desktop/Work/Mocap/src/mocap_pkg': PYTHONPATH=/home/bodlaire/Desktop/Work/Mocap/build/mocap_pkg/prefix_override:/home/bodlaire/Desktop/Work/Mocap/install/mocap_pkg/lib/python3.8/site-packages:${PYTHONPATH} /usr/bin/python3 setup.py egg_info --egg-base ../../build/mocap_pkg build --build-base /home/bodlaire/Desktop/Work/Mocap/build/mocap_pkg/build install --record /home/bodlaire/Desktop/Work/Mocap/build/mocap_pkg/install.log --install-scripts $base/lib/mocap_pkg --single-version-externally-managed
[3.425s] DEBUG:colcon.colcon_core.event_handler.log_command:Invoking command in '/home/bodlaire/Desktop/Work/Mocap/src/vehicle_state_observer': PYTHONPATH=/home/bodlaire/Desktop/Work/Mocap/build/vehicle_state_observer/prefix_override:/home/bodlaire/Desktop/Work/Mocap/install/vehicle_state_observer/lib/python3.8/site-packages:${PYTHONPATH} /usr/bin/python3 setup.py egg_info --egg-base ../../build/vehicle_state_observer build --build-base /home/bodlaire/Desktop/Work/Mocap/build/vehicle_state_observer/build install --record /home/bodlaire/Desktop/Work/Mocap/build/vehicle_state_observer/install.log --install-scripts $base/lib/vehicle_state_observer --single-version-externally-managed
[3.448s] Level 1:colcon.colcon_core.environment:create_environment_scripts_only(mocap_msg)
[3.471s] Level 1:colcon.colcon_core.environment:checking '/home/bodlaire/Desktop/Work/Mocap/install/mocap_msg' for CMake module files
[3.471s] Level 1:colcon.colcon_core.environment:checking '/home/bodlaire/Desktop/Work/Mocap/install/mocap_msg' for CMake config files
[3.471s] Level 1:colcon.colcon_core.shell:create_environment_hook('mocap_msg', 'cmake_prefix_path')
[3.499s] INFO:colcon.colcon_core.shell:Creating environment hook '/home/bodlaire/Desktop/Work/Mocap/install/mocap_msg/share/mocap_msg/hook/cmake_prefix_path.ps1'
[3.500s] INFO:colcon.colcon_core.shell:Creating environment descriptor '/home/bodlaire/Desktop/Work/Mocap/install/mocap_msg/share/mocap_msg/hook/cmake_prefix_path.dsv'
[3.500s] INFO:colcon.colcon_core.shell:Creating environment hook '/home/bodlaire/Desktop/Work/Mocap/install/mocap_msg/share/mocap_msg/hook/cmake_prefix_path.sh'
[3.500s] Level 1:colcon.colcon_core.environment:checking '/home/bodlaire/Desktop/Work/Mocap/install/mocap_msg/lib'
[3.500s] Level 1:colcon.colcon_core.shell:create_environment_hook('mocap_msg', 'ld_library_path_lib')
[3.522s] INFO:colcon.colcon_core.shell:Creating environment hook '/home/bodlaire/Desktop/Work/Mocap/install/mocap_msg/share/mocap_msg/hook/ld_library_path_lib.ps1'
[3.522s] INFO:colcon.colcon_core.shell:Creating environment descriptor '/home/bodlaire/Desktop/Work/Mocap/install/mocap_msg/share/mocap_msg/hook/ld_library_path_lib.dsv'
[3.523s] INFO:colcon.colcon_core.shell:Creating environment hook '/home/bodlaire/Desktop/Work/Mocap/install/mocap_msg/share/mocap_msg/hook/ld_library_path_lib.sh'
[3.523s] Level 1:colcon.colcon_core.environment:checking '/home/bodlaire/Desktop/Work/Mocap/install/mocap_msg/bin'
[3.523s] Level 1:colcon.colcon_core.environment:checking '/home/bodlaire/Desktop/Work/Mocap/install/mocap_msg/lib/pkgconfig/mocap_msg.pc'
[3.523s] Level 1:colcon.colcon_core.environment:checking '/home/bodlaire/Desktop/Work/Mocap/install/mocap_msg/lib/python3.8/site-packages'
[3.523s] Level 1:colcon.colcon_core.shell:create_environment_hook('mocap_msg', 'pythonpath')
[3.544s] INFO:colcon.colcon_core.shell:Creating environment hook '/home/bodlaire/Desktop/Work/Mocap/install/mocap_msg/share/mocap_msg/hook/pythonpath.ps1'
[3.545s] INFO:colcon.colcon_core.shell:Creating environment descriptor '/home/bodlaire/Desktop/Work/Mocap/install/mocap_msg/share/mocap_msg/hook/pythonpath.dsv'
[3.545s] INFO:colcon.colcon_core.shell:Creating environment hook '/home/bodlaire/Desktop/Work/Mocap/install/mocap_msg/share/mocap_msg/hook/pythonpath.sh'
[3.545s] Level 1:colcon.colcon_core.environment:checking '/home/bodlaire/Desktop/Work/Mocap/install/mocap_msg/bin'
[3.572s] INFO:colcon.colcon_core.shell:Creating package script '/home/bodlaire/Desktop/Work/Mocap/install/mocap_msg/share/mocap_msg/package.ps1'
[3.572s] INFO:colcon.colcon_core.shell:Creating package descriptor '/home/bodlaire/Desktop/Work/Mocap/install/mocap_msg/share/mocap_msg/package.dsv'
[3.573s] INFO:colcon.colcon_core.shell:Creating package script '/home/bodlaire/Desktop/Work/Mocap/install/mocap_msg/share/mocap_msg/package.sh'
[3.573s] INFO:colcon.colcon_core.shell:Creating package script '/home/bodlaire/Desktop/Work/Mocap/install/mocap_msg/share/mocap_msg/package.bash'
[3.573s] INFO:colcon.colcon_core.shell:Creating package script '/home/bodlaire/Desktop/Work/Mocap/install/mocap_msg/share/mocap_msg/package.zsh'
[3.573s] Level 1:colcon.colcon_core.environment:create_file_with_runtime_dependencies(/home/bodlaire/Desktop/Work/Mocap/install/mocap_msg/share/colcon-core/packages/mocap_msg)
[3.608s] Level 1:colcon.colcon_core.environment:create_environment_scripts_only(vehicle_state_msgs)
[3.634s] Level 1:colcon.colcon_core.environment:checking '/home/bodlaire/Desktop/Work/Mocap/install/vehicle_state_msgs' for CMake module files
[3.635s] Level 1:colcon.colcon_core.environment:checking '/home/bodlaire/Desktop/Work/Mocap/install/vehicle_state_msgs' for CMake config files
[3.635s] Level 1:colcon.colcon_core.shell:create_environment_hook('vehicle_state_msgs', 'cmake_prefix_path')
[3.656s] INFO:colcon.colcon_core.shell:Creating environment hook '/home/bodlaire/Desktop/Work/Mocap/install/vehicle_state_msgs/share/vehicle_state_msgs/hook/cmake_prefix_path.ps1'
[3.657s] INFO:colcon.colcon_core.shell:Creating environment descriptor '/home/bodlaire/Desktop/Work/Mocap/install/vehicle_state_msgs/share/vehicle_state_msgs/hook/cmake_prefix_path.dsv'
[3.657s] INFO:colcon.colcon_core.shell:Creating environment hook '/home/bodlaire/Desktop/Work/Mocap/install/vehicle_state_msgs/share/vehicle_state_msgs/hook/cmake_prefix_path.sh'
[3.657s] Level 1:colcon.colcon_core.environment:checking '/home/bodlaire/Desktop/Work/Mocap/install/vehicle_state_msgs/lib'
[3.657s] Level 1:colcon.colcon_core.shell:create_environment_hook('vehicle_state_msgs', 'ld_library_path_lib')
[3.679s] INFO:colcon.colcon_core.shell:Creating environment hook '/home/bodlaire/Desktop/Work/Mocap/install/vehicle_state_msgs/share/vehicle_state_msgs/hook/ld_library_path_lib.ps1'
[3.679s] INFO:colcon.colcon_core.shell:Creating environment descriptor '/home/bodlaire/Desktop/Work/Mocap/install/vehicle_state_msgs/share/vehicle_state_msgs/hook/ld_library_path_lib.dsv'
[3.679s] INFO:colcon.colcon_core.shell:Creating environment hook '/home/bodlaire/Desktop/Work/Mocap/install/vehicle_state_msgs/share/vehicle_state_msgs/hook/ld_library_path_lib.sh'
[3.680s] Level 1:colcon.colcon_core.environment:checking '/home/bodlaire/Desktop/Work/Mocap/install/vehicle_state_msgs/bin'
[3.680s] Level 1:colcon.colcon_core.environment:checking '/home/bodlaire/Desktop/Work/Mocap/install/vehicle_state_msgs/lib/pkgconfig/vehicle_state_msgs.pc'
[3.680s] Level 1:colcon.colcon_core.environment:checking '/home/bodlaire/Desktop/Work/Mocap/install/vehicle_state_msgs/lib/python3.8/site-packages'
[3.680s] Level 1:colcon.colcon_core.shell:create_environment_hook('vehicle_state_msgs', 'pythonpath')
[3.702s] INFO:colcon.colcon_core.shell:Creating environment hook '/home/bodlaire/Desktop/Work/Mocap/install/vehicle_state_msgs/share/vehicle_state_msgs/hook/pythonpath.ps1'
[3.702s] INFO:colcon.colcon_core.shell:Creating environment descriptor '/home/bodlaire/Desktop/Work/Mocap/install/vehicle_state_msgs/share/vehicle_state_msgs/hook/pythonpath.dsv'
[3.703s] INFO:colcon.colcon_core.shell:Creating environment hook '/home/bodlaire/Desktop/Work/Mocap/install/vehicle_state_msgs/share/vehicle_state_msgs/hook/pythonpath.sh'
[3.703s] Level 1:colcon.colcon_core.environment:checking '/home/bodlaire/Desktop/Work/Mocap/install/vehicle_state_msgs/bin'
[3.724s] INFO:colcon.colcon_core.shell:Creating package script '/home/bodlaire/Desktop/Work/Mocap/install/vehicle_state_msgs/share/vehicle_state_msgs/package.ps1'
[3.724s] INFO:colcon.colcon_core.shell:Creating package descriptor '/home/bodlaire/Desktop/Work/Mocap/install/vehicle_state_msgs/share/vehicle_state_msgs/package.dsv'
[3.725s] INFO:colcon.colcon_core.shell:Creating package script '/home/bodlaire/Desktop/Work/Mocap/install/vehicle_state_msgs/share/vehicle_state_msgs/package.sh'
[3.725s] INFO:colcon.colcon_core.shell:Creating package script '/home/bodlaire/Desktop/Work/Mocap/install/vehicle_state_msgs/share/vehicle_state_msgs/package.bash'
[3.725s] INFO:colcon.colcon_core.shell:Creating package script '/home/bodlaire/Desktop/Work/Mocap/install/vehicle_state_msgs/share/vehicle_state_msgs/package.zsh'
[3.725s] Level 1:colcon.colcon_core.environment:create_file_with_runtime_dependencies(/home/bodlaire/Desktop/Work/Mocap/install/vehicle_state_msgs/share/colcon-core/packages/vehicle_state_msgs)
[3.728s] DEBUG:colcon.colcon_core.event_handler.log_command:Invoked command in '/home/bodlaire/Desktop/Work/Mocap/src/mocap_pkg' returned '0': PYTHONPATH=/home/bodlaire/Desktop/Work/Mocap/build/mocap_pkg/prefix_override:/home/bodlaire/Desktop/Work/Mocap/install/mocap_pkg/lib/python3.8/site-packages:${PYTHONPATH} /usr/bin/python3 setup.py egg_info --egg-base ../../build/mocap_pkg build --build-base /home/bodlaire/Desktop/Work/Mocap/build/mocap_pkg/build install --record /home/bodlaire/Desktop/Work/Mocap/build/mocap_pkg/install.log --install-scripts $base/lib/mocap_pkg --single-version-externally-managed
[3.748s] Level 1:colcon.colcon_core.environment:checking '/home/bodlaire/Desktop/Work/Mocap/install/mocap_pkg' for CMake module files
[3.748s] Level 1:colcon.colcon_core.environment:checking '/home/bodlaire/Desktop/Work/Mocap/install/mocap_pkg' for CMake config files
[3.749s] Level 1:colcon.colcon_core.environment:checking '/home/bodlaire/Desktop/Work/Mocap/install/mocap_pkg/lib'
[3.749s] Level 1:colcon.colcon_core.environment:checking '/home/bodlaire/Desktop/Work/Mocap/install/mocap_pkg/bin'
[3.749s] Level 1:colcon.colcon_core.environment:checking '/home/bodlaire/Desktop/Work/Mocap/install/mocap_pkg/lib/pkgconfig/mocap_pkg.pc'
[3.749s] Level 1:colcon.colcon_core.environment:checking '/home/bodlaire/Desktop/Work/Mocap/install/mocap_pkg/lib/python3.8/site-packages'
[3.749s] Level 1:colcon.colcon_core.shell:create_environment_hook('mocap_pkg', 'pythonpath')
[3.770s] INFO:colcon.colcon_core.shell:Creating environment hook '/home/bodlaire/Desktop/Work/Mocap/install/mocap_pkg/share/mocap_pkg/hook/pythonpath.ps1'
[3.770s] INFO:colcon.colcon_core.shell:Creating environment descriptor '/home/bodlaire/Desktop/Work/Mocap/install/mocap_pkg/share/mocap_pkg/hook/pythonpath.dsv'
[3.770s] INFO:colcon.colcon_core.shell:Creating environment hook '/home/bodlaire/Desktop/Work/Mocap/install/mocap_pkg/share/mocap_pkg/hook/pythonpath.sh'
[3.771s] Level 1:colcon.colcon_core.environment:checking '/home/bodlaire/Desktop/Work/Mocap/install/mocap_pkg/bin'
[3.771s] Level 1:colcon.colcon_core.environment:create_environment_scripts_only(mocap_pkg)
[3.792s] INFO:colcon.colcon_core.shell:Creating package script '/home/bodlaire/Desktop/Work/Mocap/install/mocap_pkg/share/mocap_pkg/package.ps1'
[3.792s] INFO:colcon.colcon_core.shell:Creating package descriptor '/home/bodlaire/Desktop/Work/Mocap/install/mocap_pkg/share/mocap_pkg/package.dsv'
[3.792s] INFO:colcon.colcon_core.shell:Creating package script '/home/bodlaire/Desktop/Work/Mocap/install/mocap_pkg/share/mocap_pkg/package.sh'
[3.792s] INFO:colcon.colcon_core.shell:Creating package script '/home/bodlaire/Desktop/Work/Mocap/install/mocap_pkg/share/mocap_pkg/package.bash'
[3.793s] INFO:colcon.colcon_core.shell:Creating package script '/home/bodlaire/Desktop/Work/Mocap/install/mocap_pkg/share/mocap_pkg/package.zsh'
[3.793s] Level 1:colcon.colcon_core.environment:create_file_with_runtime_dependencies(/home/bodlaire/Desktop/Work/Mocap/install/mocap_pkg/share/colcon-core/packages/mocap_pkg)
[3.793s] Level 1:colcon.colcon_core.environment:create_environment_scripts_only(vesc_msgs)
[3.794s] DEBUG:colcon.colcon_core.event_handler.log_command:Invoked command in '/home/bodlaire/Desktop/Work/Mocap/build/vesc_msgs' returned '0': CMAKE_PREFIX_PATH=${CMAKE_PREFIX_PATH}:/home/bodlaire/Desktop/Work/Mocap/install/vehicle_state_observer:/home/bodlaire/Desktop/Work/Mocap/install/mocap_pkg:/opt/ros/foxy /usr/bin/cmake --install /home/bodlaire/Desktop/Work/Mocap/build/vesc_msgs
[3.815s] Level 1:colcon.colcon_core.environment:checking '/home/bodlaire/Desktop/Work/Mocap/install/vesc_msgs' for CMake module files
[3.815s] Level 1:colcon.colcon_core.environment:checking '/home/bodlaire/Desktop/Work/Mocap/install/vesc_msgs' for CMake config files
[3.815s] Level 1:colcon.colcon_core.shell:create_environment_hook('vesc_msgs', 'cmake_prefix_path')
[3.836s] INFO:colcon.colcon_core.shell:Creating environment hook '/home/bodlaire/Desktop/Work/Mocap/install/vesc_msgs/share/vesc_msgs/hook/cmake_prefix_path.ps1'
[3.837s] INFO:colcon.colcon_core.shell:Creating environment descriptor '/home/bodlaire/Desktop/Work/Mocap/install/vesc_msgs/share/vesc_msgs/hook/cmake_prefix_path.dsv'
[3.837s] INFO:colcon.colcon_core.shell:Creating environment hook '/home/bodlaire/Desktop/Work/Mocap/install/vesc_msgs/share/vesc_msgs/hook/cmake_prefix_path.sh'
[3.837s] Level 1:colcon.colcon_core.environment:checking '/home/bodlaire/Desktop/Work/Mocap/install/vesc_msgs/lib'
[3.837s] Level 1:colcon.colcon_core.shell:create_environment_hook('vesc_msgs', 'ld_library_path_lib')
[3.858s] INFO:colcon.colcon_core.shell:Creating environment hook '/home/bodlaire/Desktop/Work/Mocap/install/vesc_msgs/share/vesc_msgs/hook/ld_library_path_lib.ps1'
[3.858s] INFO:colcon.colcon_core.shell:Creating environment descriptor '/home/bodlaire/Desktop/Work/Mocap/install/vesc_msgs/share/vesc_msgs/hook/ld_library_path_lib.dsv'
[3.858s] INFO:colcon.colcon_core.shell:Creating environment hook '/home/bodlaire/Desktop/Work/Mocap/install/vesc_msgs/share/vesc_msgs/hook/ld_library_path_lib.sh'
[3.858s] Level 1:colcon.colcon_core.environment:checking '/home/bodlaire/Desktop/Work/Mocap/install/vesc_msgs/bin'
[3.858s] Level 1:colcon.colcon_core.environment:checking '/home/bodlaire/Desktop/Work/Mocap/install/vesc_msgs/lib/pkgconfig/vesc_msgs.pc'
[3.858s] Level 1:colcon.colcon_core.environment:checking '/home/bodlaire/Desktop/Work/Mocap/install/vesc_msgs/lib/python3.8/site-packages'
[3.859s] Level 1:colcon.colcon_core.shell:create_environment_hook('vesc_msgs', 'pythonpath')
[3.879s] INFO:colcon.colcon_core.shell:Creating environment hook '/home/bodlaire/Desktop/Work/Mocap/install/vesc_msgs/share/vesc_msgs/hook/pythonpath.ps1'
[3.879s] INFO:colcon.colcon_core.shell:Creating environment descriptor '/home/bodlaire/Desktop/Work/Mocap/install/vesc_msgs/share/vesc_msgs/hook/pythonpath.dsv'
[3.880s] INFO:colcon.colcon_core.shell:Creating environment hook '/home/bodlaire/Desktop/Work/Mocap/install/vesc_msgs/share/vesc_msgs/hook/pythonpath.sh'
[3.880s] Level 1:colcon.colcon_core.environment:checking '/home/bodlaire/Desktop/Work/Mocap/install/vesc_msgs/bin'
[3.901s] INFO:colcon.colcon_core.shell:Creating package script '/home/bodlaire/Desktop/Work/Mocap/install/vesc_msgs/share/vesc_msgs/package.ps1'
[3.901s] INFO:colcon.colcon_core.shell:Creating package descriptor '/home/bodlaire/Desktop/Work/Mocap/install/vesc_msgs/share/vesc_msgs/package.dsv'
[3.901s] INFO:colcon.colcon_core.shell:Creating package script '/home/bodlaire/Desktop/Work/Mocap/install/vesc_msgs/share/vesc_msgs/package.sh'
[3.902s] INFO:colcon.colcon_core.shell:Creating package script '/home/bodlaire/Desktop/Work/Mocap/install/vesc_msgs/share/vesc_msgs/package.bash'
[3.902s] INFO:colcon.colcon_core.shell:Creating package script '/home/bodlaire/Desktop/Work/Mocap/install/vesc_msgs/share/vesc_msgs/package.zsh'
[3.902s] Level 1:colcon.colcon_core.environment:create_file_with_runtime_dependencies(/home/bodlaire/Desktop/Work/Mocap/install/vesc_msgs/share/colcon-core/packages/vesc_msgs)
[3.905s] DEBUG:colcon.colcon_core.event_handler.log_command:Invoked command in '/home/bodlaire/Desktop/Work/Mocap/src/vehicle_state_observer' returned '0': PYTHONPATH=/home/bodlaire/Desktop/Work/Mocap/build/vehicle_state_observer/prefix_override:/home/bodlaire/Desktop/Work/Mocap/install/vehicle_state_observer/lib/python3.8/site-packages:${PYTHONPATH} /usr/bin/python3 setup.py egg_info --egg-base ../../build/vehicle_state_observer build --build-base /home/bodlaire/Desktop/Work/Mocap/build/vehicle_state_observer/build install --record /home/bodlaire/Desktop/Work/Mocap/build/vehicle_state_observer/install.log --install-scripts $base/lib/vehicle_state_observer --single-version-externally-managed
[3.927s] Level 1:colcon.colcon_core.environment:checking '/home/bodlaire/Desktop/Work/Mocap/install/vehicle_state_observer' for CMake module files
[3.927s] Level 1:colcon.colcon_core.environment:checking '/home/bodlaire/Desktop/Work/Mocap/install/vehicle_state_observer' for CMake config files
[3.927s] Level 1:colcon.colcon_core.environment:checking '/home/bodlaire/Desktop/Work/Mocap/install/vehicle_state_observer/lib'
[3.928s] Level 1:colcon.colcon_core.environment:checking '/home/bodlaire/Desktop/Work/Mocap/install/vehicle_state_observer/bin'
[3.928s] Level 1:colcon.colcon_core.environment:checking '/home/bodlaire/Desktop/Work/Mocap/install/vehicle_state_observer/lib/pkgconfig/vehicle_state_observer.pc'
[3.928s] Level 1:colcon.colcon_core.environment:checking '/home/bodlaire/Desktop/Work/Mocap/install/vehicle_state_observer/lib/python3.8/site-packages'
[3.928s] Level 1:colcon.colcon_core.shell:create_environment_hook('vehicle_state_observer', 'pythonpath')
[3.949s] INFO:colcon.colcon_core.shell:Creating environment hook '/home/bodlaire/Desktop/Work/Mocap/install/vehicle_state_observer/share/vehicle_state_observer/hook/pythonpath.ps1'
[3.949s] INFO:colcon.colcon_core.shell:Creating environment descriptor '/home/bodlaire/Desktop/Work/Mocap/install/vehicle_state_observer/share/vehicle_state_observer/hook/pythonpath.dsv'
[3.950s] INFO:colcon.colcon_core.shell:Creating environment hook '/home/bodlaire/Desktop/Work/Mocap/install/vehicle_state_observer/share/vehicle_state_observer/hook/pythonpath.sh'
[3.950s] Level 1:colcon.colcon_core.environment:checking '/home/bodlaire/Desktop/Work/Mocap/install/vehicle_state_observer/bin'
[3.950s] Level 1:colcon.colcon_core.environment:create_environment_scripts_only(vehicle_state_observer)
[3.971s] INFO:colcon.colcon_core.shell:Creating package script '/home/bodlaire/Desktop/Work/Mocap/install/vehicle_state_observer/share/vehicle_state_observer/package.ps1'
[3.972s] INFO:colcon.colcon_core.shell:Creating package descriptor '/home/bodlaire/Desktop/Work/Mocap/install/vehicle_state_observer/share/vehicle_state_observer/package.dsv'
[3.972s] INFO:colcon.colcon_core.shell:Creating package script '/home/bodlaire/Desktop/Work/Mocap/install/vehicle_state_observer/share/vehicle_state_observer/package.sh'
[3.972s] INFO:colcon.colcon_core.shell:Creating package script '/home/bodlaire/Desktop/Work/Mocap/install/vehicle_state_observer/share/vehicle_state_observer/package.bash'
[3.972s] INFO:colcon.colcon_core.shell:Creating package script '/home/bodlaire/Desktop/Work/Mocap/install/vehicle_state_observer/share/vehicle_state_observer/package.zsh'
[3.973s] Level 1:colcon.colcon_core.environment:create_file_with_runtime_dependencies(/home/bodlaire/Desktop/Work/Mocap/install/vehicle_state_observer/share/colcon-core/packages/vehicle_state_observer)
[3.994s] Level 1:colcon.colcon_core.environment:create_environment_scripts_only(vesc_msgs)
[4.016s] Level 1:colcon.colcon_core.environment:checking '/home/bodlaire/Desktop/Work/Mocap/install/vesc_msgs' for CMake module files
[4.016s] Level 1:colcon.colcon_core.environment:checking '/home/bodlaire/Desktop/Work/Mocap/install/vesc_msgs' for CMake config files
[4.016s] Level 1:colcon.colcon_core.shell:create_environment_hook('vesc_msgs', 'cmake_prefix_path')
[4.037s] INFO:colcon.colcon_core.shell:Creating environment hook '/home/bodlaire/Desktop/Work/Mocap/install/vesc_msgs/share/vesc_msgs/hook/cmake_prefix_path.ps1'
[4.037s] INFO:colcon.colcon_core.shell:Creating environment descriptor '/home/bodlaire/Desktop/Work/Mocap/install/vesc_msgs/share/vesc_msgs/hook/cmake_prefix_path.dsv'
[4.037s] INFO:colcon.colcon_core.shell:Creating environment hook '/home/bodlaire/Desktop/Work/Mocap/install/vesc_msgs/share/vesc_msgs/hook/cmake_prefix_path.sh'
[4.038s] Level 1:colcon.colcon_core.environment:checking '/home/bodlaire/Desktop/Work/Mocap/install/vesc_msgs/lib'
[4.038s] Level 1:colcon.colcon_core.shell:create_environment_hook('vesc_msgs', 'ld_library_path_lib')
[4.058s] INFO:colcon.colcon_core.shell:Creating environment hook '/home/bodlaire/Desktop/Work/Mocap/install/vesc_msgs/share/vesc_msgs/hook/ld_library_path_lib.ps1'
[4.058s] INFO:colcon.colcon_core.shell:Creating environment descriptor '/home/bodlaire/Desktop/Work/Mocap/install/vesc_msgs/share/vesc_msgs/hook/ld_library_path_lib.dsv'
[4.058s] INFO:colcon.colcon_core.shell:Creating environment hook '/home/bodlaire/Desktop/Work/Mocap/install/vesc_msgs/share/vesc_msgs/hook/ld_library_path_lib.sh'
[4.059s] Level 1:colcon.colcon_core.environment:checking '/home/bodlaire/Desktop/Work/Mocap/install/vesc_msgs/bin'
[4.059s] Level 1:colcon.colcon_core.environment:checking '/home/bodlaire/Desktop/Work/Mocap/install/vesc_msgs/lib/pkgconfig/vesc_msgs.pc'
[4.059s] Level 1:colcon.colcon_core.environment:checking '/home/bodlaire/Desktop/Work/Mocap/install/vesc_msgs/lib/python3.8/site-packages'
[4.059s] Level 1:colcon.colcon_core.shell:create_environment_hook('vesc_msgs', 'pythonpath')
[4.079s] INFO:colcon.colcon_core.shell:Creating environment hook '/home/bodlaire/Desktop/Work/Mocap/install/vesc_msgs/share/vesc_msgs/hook/pythonpath.ps1'
[4.079s] INFO:colcon.colcon_core.shell:Creating environment descriptor '/home/bodlaire/Desktop/Work/Mocap/install/vesc_msgs/share/vesc_msgs/hook/pythonpath.dsv'
[4.080s] INFO:colcon.colcon_core.shell:Creating environment hook '/home/bodlaire/Desktop/Work/Mocap/install/vesc_msgs/share/vesc_msgs/hook/pythonpath.sh'
[4.080s] Level 1:colcon.colcon_core.environment:checking '/home/bodlaire/Desktop/Work/Mocap/install/vesc_msgs/bin'
[4.100s] INFO:colcon.colcon_core.shell:Creating package script '/home/bodlaire/Desktop/Work/Mocap/install/vesc_msgs/share/vesc_msgs/package.ps1'
[4.101s] INFO:colcon.colcon_core.shell:Creating package descriptor '/home/bodlaire/Desktop/Work/Mocap/install/vesc_msgs/share/vesc_msgs/package.dsv'
[4.101s] INFO:colcon.colcon_core.shell:Creating package script '/home/bodlaire/Desktop/Work/Mocap/install/vesc_msgs/share/vesc_msgs/package.sh'
[4.101s] INFO:colcon.colcon_core.shell:Creating package script '/home/bodlaire/Desktop/Work/Mocap/install/vesc_msgs/share/vesc_msgs/package.bash'
[4.102s] INFO:colcon.colcon_core.shell:Creating package script '/home/bodlaire/Desktop/Work/Mocap/install/vesc_msgs/share/vesc_msgs/package.zsh'
[4.102s] Level 1:colcon.colcon_core.environment:create_file_with_runtime_dependencies(/home/bodlaire/Desktop/Work/Mocap/install/vesc_msgs/share/colcon-core/packages/vesc_msgs)
[4.102s] DEBUG:colcon.colcon_parallel_executor.executor.parallel:closing loop
[4.102s] DEBUG:colcon.colcon_parallel_executor.executor.parallel:loop closed
[4.102s] DEBUG:colcon.colcon_parallel_executor.executor.parallel:run_until_complete finished with '0'
[4.102s] DEBUG:colcon.colcon_core.event_reactor:joining thread
[4.130s] INFO:colcon.colcon_core.plugin_system:Skipping extension 'colcon_notification.desktop_notification.terminal_notifier': Not used on non-Darwin systems
[4.130s] INFO:colcon.colcon_core.plugin_system:Skipping extension 'colcon_notification.desktop_notification.win32': Not used on non-Windows systems
[4.130s] INFO:colcon.colcon_notification.desktop_notification:Sending desktop notification using 'notify2'
[4.145s] DEBUG:colcon.colcon_core.event_reactor:joined thread
[4.179s] INFO:colcon.colcon_core.shell:Creating prefix script '/home/bodlaire/Desktop/Work/Mocap/install/local_setup.ps1'
[4.180s] INFO:colcon.colcon_core.shell:Creating prefix util module '/home/bodlaire/Desktop/Work/Mocap/install/_local_setup_util_ps1.py'
[4.181s] INFO:colcon.colcon_core.shell:Creating prefix chain script '/home/bodlaire/Desktop/Work/Mocap/install/setup.ps1'
[4.205s] INFO:colcon.colcon_core.shell:Creating prefix script '/home/bodlaire/Desktop/Work/Mocap/install/local_setup.sh'
[4.205s] INFO:colcon.colcon_core.shell:Creating prefix util module '/home/bodlaire/Desktop/Work/Mocap/install/_local_setup_util_sh.py'
[4.206s] INFO:colcon.colcon_core.shell:Creating prefix chain script '/home/bodlaire/Desktop/Work/Mocap/install/setup.sh'
[4.227s] INFO:colcon.colcon_core.shell:Creating prefix script '/home/bodlaire/Desktop/Work/Mocap/install/local_setup.bash'
[4.227s] INFO:colcon.colcon_core.shell:Creating prefix chain script '/home/bodlaire/Desktop/Work/Mocap/install/setup.bash'
[4.249s] INFO:colcon.colcon_core.shell:Creating prefix script '/home/bodlaire/Desktop/Work/Mocap/install/local_setup.zsh'
[4.250s] INFO:colcon.colcon_core.shell:Creating prefix chain script '/home/bodlaire/Desktop/Work/Mocap/install/setup.zsh'
