[1.218s] DEBUG:colcon:Command line arguments: ['/usr/bin/colcon', 'build']
[1.218s] DEBUG:colcon:Parsed command line arguments: Namespace(allow_overriding=[], ament_cmake_args=None, base_paths=['.'], build_base='build', catkin_cmake_args=None, catkin_skip_building_tests=False, cmake_args=None, cmake_clean_cache=False, cmake_clean_first=False, cmake_force_configure=False, cmake_target=None, cmake_target_skip_unavailable=False, continue_on_error=False, event_handlers=None, executor='parallel', ignore_user_meta=False, install_base='install', log_base=None, log_level=None, main=<bound method BuildVerb.main of <colcon_core.verb.build.BuildVerb object at 0x7fb0b71e2910>>, merge_install=False, metas=['./colcon.meta'], packages_above=None, packages_above_and_dependencies=None, packages_above_depth=None, packages_end=None, packages_ignore=None, packages_ignore_regex=None, packages_select=None, packages_select_build_failed=False, packages_select_by_dep=None, packages_select_regex=None, packages_select_test_failures=False, packages_skip=None, packages_skip_build_finished=False, packages_skip_by_dep=None, packages_skip_regex=None, packages_skip_test_passed=False, packages_skip_up_to=None, packages_start=None, packages_up_to=None, packages_up_to_regex=None, parallel_workers=16, paths=None, symlink_install=False, test_result_base=None, verb_extension=<colcon_core.verb.build.BuildVerb object at 0x7fb0b71e2910>, verb_name='build', verb_parser=<colcon_defaults.argument_parser.defaults.DefaultArgumentsDecorator object at 0x7fb0b71e2790>)
[1.274s] Level 1:colcon.colcon_core.package_discovery:discover_packages(colcon_meta) check parameters
[1.274s] Level 1:colcon.colcon_core.package_discovery:discover_packages(recursive) check parameters
[1.274s] Level 1:colcon.colcon_core.package_discovery:discover_packages(ignore) check parameters
[1.274s] Level 1:colcon.colcon_core.package_discovery:discover_packages(path) check parameters
[1.274s] Level 1:colcon.colcon_core.package_discovery:discover_packages(colcon_meta) discover
[1.274s] Level 1:colcon.colcon_core.package_discovery:discover_packages(recursive) discover
[1.274s] INFO:colcon.colcon_core.package_discovery:Crawling recursively for packages in '/home/bodlaire/Desktop/Work/Mocap'
[1.274s] Level 1:colcon.colcon_core.package_identification:_identify(.) by extensions ['ignore', 'ignore_ament_install']
[1.274s] Level 1:colcon.colcon_core.package_identification:_identify(.) by extension 'ignore'
[1.274s] Level 1:colcon.colcon_core.package_identification:_identify(.) by extension 'ignore_ament_install'
[1.274s] Level 1:colcon.colcon_core.package_identification:_identify(.) by extensions ['colcon_pkg']
[1.274s] Level 1:colcon.colcon_core.package_identification:_identify(.) by extension 'colcon_pkg'
[1.274s] Level 1:colcon.colcon_core.package_identification:_identify(.) by extensions ['colcon_meta']
[1.274s] Level 1:colcon.colcon_core.package_identification:_identify(.) by extension 'colcon_meta'
[1.274s] Level 1:colcon.colcon_core.package_identification:_identify(.) by extensions ['ros']
[1.274s] Level 1:colcon.colcon_core.package_identification:_identify(.) by extension 'ros'
[1.282s] Level 1:colcon.colcon_core.package_identification:_identify(.) by extensions ['cmake', 'python']
[1.282s] Level 1:colcon.colcon_core.package_identification:_identify(.) by extension 'cmake'
[1.282s] Level 1:colcon.colcon_core.package_identification:_identify(.) by extension 'python'
[1.282s] Level 1:colcon.colcon_core.package_identification:_identify(.) by extensions ['python_setup_py']
[1.282s] Level 1:colcon.colcon_core.package_identification:_identify(.) by extension 'python_setup_py'
[1.282s] Level 1:colcon.colcon_core.package_identification:_identify(build) by extensions ['ignore', 'ignore_ament_install']
[1.282s] Level 1:colcon.colcon_core.package_identification:_identify(build) by extension 'ignore'
[1.282s] Level 1:colcon.colcon_core.package_identification:_identify(build) ignored
[1.282s] Level 1:colcon.colcon_core.package_identification:_identify(install) by extensions ['ignore', 'ignore_ament_install']
[1.282s] Level 1:colcon.colcon_core.package_identification:_identify(install) by extension 'ignore'
[1.282s] Level 1:colcon.colcon_core.package_identification:_identify(install) ignored
[1.282s] Level 1:colcon.colcon_core.package_identification:_identify(log) by extensions ['ignore', 'ignore_ament_install']
[1.282s] Level 1:colcon.colcon_core.package_identification:_identify(log) by extension 'ignore'
[1.283s] Level 1:colcon.colcon_core.package_identification:_identify(log) ignored
[1.283s] Level 1:colcon.colcon_core.package_identification:_identify(src) by extensions ['ignore', 'ignore_ament_install']
[1.283s] Level 1:colcon.colcon_core.package_identification:_identify(src) by extension 'ignore'
[1.283s] Level 1:colcon.colcon_core.package_identification:_identify(src) by extension 'ignore_ament_install'
[1.283s] Level 1:colcon.colcon_core.package_identification:_identify(src) by extensions ['colcon_pkg']
[1.283s] Level 1:colcon.colcon_core.package_identification:_identify(src) by extension 'colcon_pkg'
[1.283s] Level 1:colcon.colcon_core.package_identification:_identify(src) by extensions ['colcon_meta']
[1.283s] Level 1:colcon.colcon_core.package_identification:_identify(src) by extension 'colcon_meta'
[1.283s] Level 1:colcon.colcon_core.package_identification:_identify(src) by extensions ['ros']
[1.283s] Level 1:colcon.colcon_core.package_identification:_identify(src) by extension 'ros'
[1.283s] Level 1:colcon.colcon_core.package_identification:_identify(src) by extensions ['cmake', 'python']
[1.283s] Level 1:colcon.colcon_core.package_identification:_identify(src) by extension 'cmake'
[1.283s] Level 1:colcon.colcon_core.package_identification:_identify(src) by extension 'python'
[1.283s] Level 1:colcon.colcon_core.package_identification:_identify(src) by extensions ['python_setup_py']
[1.283s] Level 1:colcon.colcon_core.package_identification:_identify(src) by extension 'python_setup_py'
[1.283s] Level 1:colcon.colcon_core.package_identification:_identify(src/drive_bridge_msg) by extensions ['ignore', 'ignore_ament_install']
[1.283s] Level 1:colcon.colcon_core.package_identification:_identify(src/drive_bridge_msg) by extension 'ignore'
[1.283s] Level 1:colcon.colcon_core.package_identification:_identify(src/drive_bridge_msg) by extension 'ignore_ament_install'
[1.283s] Level 1:colcon.colcon_core.package_identification:_identify(src/drive_bridge_msg) by extensions ['colcon_pkg']
[1.283s] Level 1:colcon.colcon_core.package_identification:_identify(src/drive_bridge_msg) by extension 'colcon_pkg'
[1.283s] Level 1:colcon.colcon_core.package_identification:_identify(src/drive_bridge_msg) by extensions ['colcon_meta']
[1.283s] Level 1:colcon.colcon_core.package_identification:_identify(src/drive_bridge_msg) by extension 'colcon_meta'
[1.283s] Level 1:colcon.colcon_core.package_identification:_identify(src/drive_bridge_msg) by extensions ['ros']
[1.283s] Level 1:colcon.colcon_core.package_identification:_identify(src/drive_bridge_msg) by extension 'ros'
[1.285s] DEBUG:colcon.colcon_core.package_identification:Package 'src/drive_bridge_msg' with type 'ros.ament_cmake' and name 'drive_bridge_msg'
[1.285s] Level 1:colcon.colcon_core.package_identification:_identify(src/mocap_msg) by extensions ['ignore', 'ignore_ament_install']
[1.285s] Level 1:colcon.colcon_core.package_identification:_identify(src/mocap_msg) by extension 'ignore'
[1.285s] Level 1:colcon.colcon_core.package_identification:_identify(src/mocap_msg) by extension 'ignore_ament_install'
[1.285s] Level 1:colcon.colcon_core.package_identification:_identify(src/mocap_msg) by extensions ['colcon_pkg']
[1.285s] Level 1:colcon.colcon_core.package_identification:_identify(src/mocap_msg) by extension 'colcon_pkg'
[1.285s] Level 1:colcon.colcon_core.package_identification:_identify(src/mocap_msg) by extensions ['colcon_meta']
[1.285s] Level 1:colcon.colcon_core.package_identification:_identify(src/mocap_msg) by extension 'colcon_meta'
[1.285s] Level 1:colcon.colcon_core.package_identification:_identify(src/mocap_msg) by extensions ['ros']
[1.285s] Level 1:colcon.colcon_core.package_identification:_identify(src/mocap_msg) by extension 'ros'
[1.286s] DEBUG:colcon.colcon_core.package_identification:Package 'src/mocap_msg' with type 'ros.ament_cmake' and name 'mocap_msg'
[1.286s] Level 1:colcon.colcon_core.package_identification:_identify(src/mocap_pkg) by extensions ['ignore', 'ignore_ament_install']
[1.286s] Level 1:colcon.colcon_core.package_identification:_identify(src/mocap_pkg) by extension 'ignore'
[1.286s] Level 1:colcon.colcon_core.package_identification:_identify(src/mocap_pkg) by extension 'ignore_ament_install'
[1.286s] Level 1:colcon.colcon_core.package_identification:_identify(src/mocap_pkg) by extensions ['colcon_pkg']
[1.286s] Level 1:colcon.colcon_core.package_identification:_identify(src/mocap_pkg) by extension 'colcon_pkg'
[1.286s] Level 1:colcon.colcon_core.package_identification:_identify(src/mocap_pkg) by extensions ['colcon_meta']
[1.286s] Level 1:colcon.colcon_core.package_identification:_identify(src/mocap_pkg) by extension 'colcon_meta'
[1.286s] Level 1:colcon.colcon_core.package_identification:_identify(src/mocap_pkg) by extensions ['ros']
[1.286s] Level 1:colcon.colcon_core.package_identification:_identify(src/mocap_pkg) by extension 'ros'
[1.286s] DEBUG:colcon.colcon_core.package_identification:Package 'src/mocap_pkg' with type 'ros.ament_python' and name 'mocap_pkg'
[1.286s] Level 1:colcon.colcon_core.package_identification:_identify(src/vehicle_state_msgs) by extensions ['ignore', 'ignore_ament_install']
[1.286s] Level 1:colcon.colcon_core.package_identification:_identify(src/vehicle_state_msgs) by extension 'ignore'
[1.286s] Level 1:colcon.colcon_core.package_identification:_identify(src/vehicle_state_msgs) by extension 'ignore_ament_install'
[1.286s] Level 1:colcon.colcon_core.package_identification:_identify(src/vehicle_state_msgs) by extensions ['colcon_pkg']
[1.286s] Level 1:colcon.colcon_core.package_identification:_identify(src/vehicle_state_msgs) by extension 'colcon_pkg'
[1.286s] Level 1:colcon.colcon_core.package_identification:_identify(src/vehicle_state_msgs) by extensions ['colcon_meta']
[1.286s] Level 1:colcon.colcon_core.package_identification:_identify(src/vehicle_state_msgs) by extension 'colcon_meta'
[1.287s] Level 1:colcon.colcon_core.package_identification:_identify(src/vehicle_state_msgs) by extensions ['ros']
[1.287s] Level 1:colcon.colcon_core.package_identification:_identify(src/vehicle_state_msgs) by extension 'ros'
[1.287s] DEBUG:colcon.colcon_core.package_identification:Package 'src/vehicle_state_msgs' with type 'ros.ament_cmake' and name 'vehicle_state_msgs'
[1.287s] Level 1:colcon.colcon_core.package_identification:_identify(src/vehicle_state_observer) by extensions ['ignore', 'ignore_ament_install']
[1.287s] Level 1:colcon.colcon_core.package_identification:_identify(src/vehicle_state_observer) by extension 'ignore'
[1.287s] Level 1:colcon.colcon_core.package_identification:_identify(src/vehicle_state_observer) by extension 'ignore_ament_install'
[1.287s] Level 1:colcon.colcon_core.package_identification:_identify(src/vehicle_state_observer) by extensions ['colcon_pkg']
[1.287s] Level 1:colcon.colcon_core.package_identification:_identify(src/vehicle_state_observer) by extension 'colcon_pkg'
[1.287s] Level 1:colcon.colcon_core.package_identification:_identify(src/vehicle_state_observer) by extensions ['colcon_meta']
[1.287s] Level 1:colcon.colcon_core.package_identification:_identify(src/vehicle_state_observer) by extension 'colcon_meta'
[1.287s] Level 1:colcon.colcon_core.package_identification:_identify(src/vehicle_state_observer) by extensions ['ros']
[1.287s] Level 1:colcon.colcon_core.package_identification:_identify(src/vehicle_state_observer) by extension 'ros'
[1.287s] DEBUG:colcon.colcon_core.package_identification:Package 'src/vehicle_state_observer' with type 'ros.ament_python' and name 'vehicle_state_observer'
[1.288s] Level 1:colcon.colcon_core.package_identification:_identify(src/vesc_msgs) by extensions ['ignore', 'ignore_ament_install']
[1.288s] Level 1:colcon.colcon_core.package_identification:_identify(src/vesc_msgs) by extension 'ignore'
[1.288s] Level 1:colcon.colcon_core.package_identification:_identify(src/vesc_msgs) by extension 'ignore_ament_install'
[1.288s] Level 1:colcon.colcon_core.package_identification:_identify(src/vesc_msgs) by extensions ['colcon_pkg']
[1.288s] Level 1:colcon.colcon_core.package_identification:_identify(src/vesc_msgs) by extension 'colcon_pkg'
[1.288s] Level 1:colcon.colcon_core.package_identification:_identify(src/vesc_msgs) by extensions ['colcon_meta']
[1.288s] Level 1:colcon.colcon_core.package_identification:_identify(src/vesc_msgs) by extension 'colcon_meta'
[1.288s] Level 1:colcon.colcon_core.package_identification:_identify(src/vesc_msgs) by extensions ['ros']
[1.288s] Level 1:colcon.colcon_core.package_identification:_identify(src/vesc_msgs) by extension 'ros'
[1.288s] DEBUG:colcon.colcon_core.package_identification:Package 'src/vesc_msgs' with type 'ros.ament_cmake' and name 'vesc_msgs'
[1.288s] Level 1:colcon.colcon_core.package_discovery:discover_packages(recursive) using defaults
[1.288s] Level 1:colcon.colcon_core.package_discovery:discover_packages(ignore) discover
[1.288s] Level 1:colcon.colcon_core.package_discovery:discover_packages(ignore) using defaults
[1.288s] Level 1:colcon.colcon_core.package_discovery:discover_packages(path) discover
[1.288s] Level 1:colcon.colcon_core.package_discovery:discover_packages(path) using defaults
[1.409s] Level 1:colcon.colcon_core.package_discovery:discover_packages(prefix_path) check parameters
[1.409s] Level 1:colcon.colcon_core.package_discovery:discover_packages(prefix_path) discover
[1.450s] DEBUG:colcon.colcon_installed_package_information.package_discovery:Found 6 installed packages in /home/bodlaire/Desktop/Work/Mocap/install
[1.471s] DEBUG:colcon.colcon_installed_package_information.package_discovery:Found 256 installed packages in /opt/ros/foxy
[1.472s] Level 1:colcon.colcon_core.package_discovery:discover_packages(prefix_path) using defaults
[1.553s] Level 5:colcon.colcon_core.verb:set package 'drive_bridge_msg' build argument 'cmake_args' from command line to 'None'
[1.554s] Level 5:colcon.colcon_core.verb:set package 'drive_bridge_msg' build argument 'cmake_target' from command line to 'None'
[1.554s] Level 5:colcon.colcon_core.verb:set package 'drive_bridge_msg' build argument 'cmake_target_skip_unavailable' from command line to 'False'
[1.554s] Level 5:colcon.colcon_core.verb:set package 'drive_bridge_msg' build argument 'cmake_clean_cache' from command line to 'False'
[1.554s] Level 5:colcon.colcon_core.verb:set package 'drive_bridge_msg' build argument 'cmake_clean_first' from command line to 'False'
[1.554s] Level 5:colcon.colcon_core.verb:set package 'drive_bridge_msg' build argument 'cmake_force_configure' from command line to 'False'
[1.554s] Level 5:colcon.colcon_core.verb:set package 'drive_bridge_msg' build argument 'ament_cmake_args' from command line to 'None'
[1.554s] Level 5:colcon.colcon_core.verb:set package 'drive_bridge_msg' build argument 'catkin_cmake_args' from command line to 'None'
[1.554s] Level 5:colcon.colcon_core.verb:set package 'drive_bridge_msg' build argument 'catkin_skip_building_tests' from command line to 'False'
[1.554s] DEBUG:colcon.colcon_core.verb:Building package 'drive_bridge_msg' with the following arguments: {'ament_cmake_args': None, 'build_base': '/home/bodlaire/Desktop/Work/Mocap/build/drive_bridge_msg', 'catkin_cmake_args': None, 'catkin_skip_building_tests': False, 'cmake_args': None, 'cmake_clean_cache': False, 'cmake_clean_first': False, 'cmake_force_configure': False, 'cmake_target': None, 'cmake_target_skip_unavailable': False, 'install_base': '/home/bodlaire/Desktop/Work/Mocap/install/drive_bridge_msg', 'merge_install': False, 'path': '/home/bodlaire/Desktop/Work/Mocap/src/drive_bridge_msg', 'symlink_install': False, 'test_result_base': None}
[1.574s] Level 5:colcon.colcon_core.verb:set package 'mocap_msg' build argument 'cmake_args' from command line to 'None'
[1.574s] Level 5:colcon.colcon_core.verb:set package 'mocap_msg' build argument 'cmake_target' from command line to 'None'
[1.574s] Level 5:colcon.colcon_core.verb:set package 'mocap_msg' build argument 'cmake_target_skip_unavailable' from command line to 'False'
[1.574s] Level 5:colcon.colcon_core.verb:set package 'mocap_msg' build argument 'cmake_clean_cache' from command line to 'False'
[1.574s] Level 5:colcon.colcon_core.verb:set package 'mocap_msg' build argument 'cmake_clean_first' from command line to 'False'
[1.574s] Level 5:colcon.colcon_core.verb:set package 'mocap_msg' build argument 'cmake_force_configure' from command line to 'False'
[1.574s] Level 5:colcon.colcon_core.verb:set package 'mocap_msg' build argument 'ament_cmake_args' from command line to 'None'
[1.574s] Level 5:colcon.colcon_core.verb:set package 'mocap_msg' build argument 'catkin_cmake_args' from command line to 'None'
[1.574s] Level 5:colcon.colcon_core.verb:set package 'mocap_msg' build argument 'catkin_skip_building_tests' from command line to 'False'
[1.574s] DEBUG:colcon.colcon_core.verb:Building package 'mocap_msg' with the following arguments: {'ament_cmake_args': None, 'build_base': '/home/bodlaire/Desktop/Work/Mocap/build/mocap_msg', 'catkin_cmake_args': None, 'catkin_skip_building_tests': False, 'cmake_args': None, 'cmake_clean_cache': False, 'cmake_clean_first': False, 'cmake_force_configure': False, 'cmake_target': None, 'cmake_target_skip_unavailable': False, 'install_base': '/home/bodlaire/Desktop/Work/Mocap/install/mocap_msg', 'merge_install': False, 'path': '/home/bodlaire/Desktop/Work/Mocap/src/mocap_msg', 'symlink_install': False, 'test_result_base': None}
[1.594s] Level 5:colcon.colcon_core.verb:set package 'mocap_pkg' build argument 'cmake_args' from command line to 'None'
[1.594s] Level 5:colcon.colcon_core.verb:set package 'mocap_pkg' build argument 'cmake_target' from command line to 'None'
[1.594s] Level 5:colcon.colcon_core.verb:set package 'mocap_pkg' build argument 'cmake_target_skip_unavailable' from command line to 'False'
[1.594s] Level 5:colcon.colcon_core.verb:set package 'mocap_pkg' build argument 'cmake_clean_cache' from command line to 'False'
[1.594s] Level 5:colcon.colcon_core.verb:set package 'mocap_pkg' build argument 'cmake_clean_first' from command line to 'False'
[1.594s] Level 5:colcon.colcon_core.verb:set package 'mocap_pkg' build argument 'cmake_force_configure' from command line to 'False'
[1.594s] Level 5:colcon.colcon_core.verb:set package 'mocap_pkg' build argument 'ament_cmake_args' from command line to 'None'
[1.594s] Level 5:colcon.colcon_core.verb:set package 'mocap_pkg' build argument 'catkin_cmake_args' from command line to 'None'
[1.594s] Level 5:colcon.colcon_core.verb:set package 'mocap_pkg' build argument 'catkin_skip_building_tests' from command line to 'False'
[1.594s] DEBUG:colcon.colcon_core.verb:Building package 'mocap_pkg' with the following arguments: {'ament_cmake_args': None, 'build_base': '/home/bodlaire/Desktop/Work/Mocap/build/mocap_pkg', 'catkin_cmake_args': None, 'catkin_skip_building_tests': False, 'cmake_args': None, 'cmake_clean_cache': False, 'cmake_clean_first': False, 'cmake_force_configure': False, 'cmake_target': None, 'cmake_target_skip_unavailable': False, 'install_base': '/home/bodlaire/Desktop/Work/Mocap/install/mocap_pkg', 'merge_install': False, 'path': '/home/bodlaire/Desktop/Work/Mocap/src/mocap_pkg', 'symlink_install': False, 'test_result_base': None}
[1.614s] Level 5:colcon.colcon_core.verb:set package 'vehicle_state_msgs' build argument 'cmake_args' from command line to 'None'
[1.615s] Level 5:colcon.colcon_core.verb:set package 'vehicle_state_msgs' build argument 'cmake_target' from command line to 'None'
[1.615s] Level 5:colcon.colcon_core.verb:set package 'vehicle_state_msgs' build argument 'cmake_target_skip_unavailable' from command line to 'False'
[1.615s] Level 5:colcon.colcon_core.verb:set package 'vehicle_state_msgs' build argument 'cmake_clean_cache' from command line to 'False'
[1.615s] Level 5:colcon.colcon_core.verb:set package 'vehicle_state_msgs' build argument 'cmake_clean_first' from command line to 'False'
[1.615s] Level 5:colcon.colcon_core.verb:set package 'vehicle_state_msgs' build argument 'cmake_force_configure' from command line to 'False'
[1.615s] Level 5:colcon.colcon_core.verb:set package 'vehicle_state_msgs' build argument 'ament_cmake_args' from command line to 'None'
[1.615s] Level 5:colcon.colcon_core.verb:set package 'vehicle_state_msgs' build argument 'catkin_cmake_args' from command line to 'None'
[1.615s] Level 5:colcon.colcon_core.verb:set package 'vehicle_state_msgs' build argument 'catkin_skip_building_tests' from command line to 'False'
[1.615s] DEBUG:colcon.colcon_core.verb:Building package 'vehicle_state_msgs' with the following arguments: {'ament_cmake_args': None, 'build_base': '/home/bodlaire/Desktop/Work/Mocap/build/vehicle_state_msgs', 'catkin_cmake_args': None, 'catkin_skip_building_tests': False, 'cmake_args': None, 'cmake_clean_cache': False, 'cmake_clean_first': False, 'cmake_force_configure': False, 'cmake_target': None, 'cmake_target_skip_unavailable': False, 'install_base': '/home/bodlaire/Desktop/Work/Mocap/install/vehicle_state_msgs', 'merge_install': False, 'path': '/home/bodlaire/Desktop/Work/Mocap/src/vehicle_state_msgs', 'symlink_install': False, 'test_result_base': None}
[1.634s] Level 5:colcon.colcon_core.verb:set package 'vehicle_state_observer' build argument 'cmake_args' from command line to 'None'
[1.635s] Level 5:colcon.colcon_core.verb:set package 'vehicle_state_observer' build argument 'cmake_target' from command line to 'None'
[1.635s] Level 5:colcon.colcon_core.verb:set package 'vehicle_state_observer' build argument 'cmake_target_skip_unavailable' from command line to 'False'
[1.635s] Level 5:colcon.colcon_core.verb:set package 'vehicle_state_observer' build argument 'cmake_clean_cache' from command line to 'False'
[1.635s] Level 5:colcon.colcon_core.verb:set package 'vehicle_state_observer' build argument 'cmake_clean_first' from command line to 'False'
[1.635s] Level 5:colcon.colcon_core.verb:set package 'vehicle_state_observer' build argument 'cmake_force_configure' from command line to 'False'
[1.635s] Level 5:colcon.colcon_core.verb:set package 'vehicle_state_observer' build argument 'ament_cmake_args' from command line to 'None'
[1.635s] Level 5:colcon.colcon_core.verb:set package 'vehicle_state_observer' build argument 'catkin_cmake_args' from command line to 'None'
[1.635s] Level 5:colcon.colcon_core.verb:set package 'vehicle_state_observer' build argument 'catkin_skip_building_tests' from command line to 'False'
[1.635s] DEBUG:colcon.colcon_core.verb:Building package 'vehicle_state_observer' with the following arguments: {'ament_cmake_args': None, 'build_base': '/home/bodlaire/Desktop/Work/Mocap/build/vehicle_state_observer', 'catkin_cmake_args': None, 'catkin_skip_building_tests': False, 'cmake_args': None, 'cmake_clean_cache': False, 'cmake_clean_first': False, 'cmake_force_configure': False, 'cmake_target': None, 'cmake_target_skip_unavailable': False, 'install_base': '/home/bodlaire/Desktop/Work/Mocap/install/vehicle_state_observer', 'merge_install': False, 'path': '/home/bodlaire/Desktop/Work/Mocap/src/vehicle_state_observer', 'symlink_install': False, 'test_result_base': None}
[1.655s] Level 5:colcon.colcon_core.verb:set package 'vesc_msgs' build argument 'cmake_args' from command line to 'None'
[1.655s] Level 5:colcon.colcon_core.verb:set package 'vesc_msgs' build argument 'cmake_target' from command line to 'None'
[1.655s] Level 5:colcon.colcon_core.verb:set package 'vesc_msgs' build argument 'cmake_target_skip_unavailable' from command line to 'False'
[1.655s] Level 5:colcon.colcon_core.verb:set package 'vesc_msgs' build argument 'cmake_clean_cache' from command line to 'False'
[1.655s] Level 5:colcon.colcon_core.verb:set package 'vesc_msgs' build argument 'cmake_clean_first' from command line to 'False'
[1.655s] Level 5:colcon.colcon_core.verb:set package 'vesc_msgs' build argument 'cmake_force_configure' from command line to 'False'
[1.655s] Level 5:colcon.colcon_core.verb:set package 'vesc_msgs' build argument 'ament_cmake_args' from command line to 'None'
[1.655s] Level 5:colcon.colcon_core.verb:set package 'vesc_msgs' build argument 'catkin_cmake_args' from command line to 'None'
[1.655s] Level 5:colcon.colcon_core.verb:set package 'vesc_msgs' build argument 'catkin_skip_building_tests' from command line to 'False'
[1.655s] DEBUG:colcon.colcon_core.verb:Building package 'vesc_msgs' with the following arguments: {'ament_cmake_args': None, 'build_base': '/home/bodlaire/Desktop/Work/Mocap/build/vesc_msgs', 'catkin_cmake_args': None, 'catkin_skip_building_tests': False, 'cmake_args': None, 'cmake_clean_cache': False, 'cmake_clean_first': False, 'cmake_force_configure': False, 'cmake_target': None, 'cmake_target_skip_unavailable': False, 'install_base': '/home/bodlaire/Desktop/Work/Mocap/install/vesc_msgs', 'merge_install': False, 'path': '/home/bodlaire/Desktop/Work/Mocap/src/vesc_msgs', 'symlink_install': False, 'test_result_base': None}
[1.682s] INFO:colcon.colcon_core.executor:Executing jobs using 'parallel' executor
[1.703s] DEBUG:colcon.colcon_parallel_executor.executor.parallel:run_until_complete
[1.703s] INFO:colcon.colcon_ros.task.ament_cmake.build:Building ROS package in '/home/bodlaire/Desktop/Work/Mocap/src/drive_bridge_msg' with build type 'ament_cmake'
[1.703s] INFO:colcon.colcon_cmake.task.cmake.build:Building CMake package in '/home/bodlaire/Desktop/Work/Mocap/src/drive_bridge_msg'
[1.725s] INFO:colcon.colcon_core.plugin_system:Skipping extension 'colcon_core.shell.bat': Not used on non-Windows systems
[1.725s] INFO:colcon.colcon_core.shell:Skip shell extension 'powershell' for command environment: Not usable outside of PowerShell
[1.725s] DEBUG:colcon.colcon_core.shell:Skip shell extension 'dsv' for command environment
[1.796s] INFO:colcon.colcon_ros.task.ament_cmake.build:Building ROS package in '/home/bodlaire/Desktop/Work/Mocap/src/mocap_msg' with build type 'ament_cmake'
[1.797s] INFO:colcon.colcon_cmake.task.cmake.build:Building CMake package in '/home/bodlaire/Desktop/Work/Mocap/src/mocap_msg'
[1.819s] INFO:colcon.colcon_core.shell:Skip shell extension 'powershell' for command environment: Not usable outside of PowerShell
[1.819s] DEBUG:colcon.colcon_core.shell:Skip shell extension 'dsv' for command environment
[1.894s] INFO:colcon.colcon_ros.task.ament_python.build:Building ROS package in '/home/bodlaire/Desktop/Work/Mocap/src/mocap_pkg' with build type 'ament_python'
[1.894s] Level 1:colcon.colcon_core.shell:create_environment_hook('mocap_pkg', 'ament_prefix_path')
[1.918s] INFO:colcon.colcon_core.shell:Creating environment hook '/home/bodlaire/Desktop/Work/Mocap/install/mocap_pkg/share/mocap_pkg/hook/ament_prefix_path.ps1'
[1.918s] INFO:colcon.colcon_core.shell:Creating environment descriptor '/home/bodlaire/Desktop/Work/Mocap/install/mocap_pkg/share/mocap_pkg/hook/ament_prefix_path.dsv'
[1.919s] INFO:colcon.colcon_core.shell:Creating environment hook '/home/bodlaire/Desktop/Work/Mocap/install/mocap_pkg/share/mocap_pkg/hook/ament_prefix_path.sh'
[1.941s] INFO:colcon.colcon_core.shell:Skip shell extension 'powershell' for command environment: Not usable outside of PowerShell
[1.941s] DEBUG:colcon.colcon_core.shell:Skip shell extension 'dsv' for command environment
[2.007s] INFO:colcon.colcon_ros.task.ament_cmake.build:Building ROS package in '/home/bodlaire/Desktop/Work/Mocap/src/vehicle_state_msgs' with build type 'ament_cmake'
[2.007s] INFO:colcon.colcon_cmake.task.cmake.build:Building CMake package in '/home/bodlaire/Desktop/Work/Mocap/src/vehicle_state_msgs'
[2.029s] INFO:colcon.colcon_core.shell:Skip shell extension 'powershell' for command environment: Not usable outside of PowerShell
[2.029s] DEBUG:colcon.colcon_core.shell:Skip shell extension 'dsv' for command environment
[2.096s] INFO:colcon.colcon_ros.task.ament_python.build:Building ROS package in '/home/bodlaire/Desktop/Work/Mocap/src/vehicle_state_observer' with build type 'ament_python'
[2.097s] Level 1:colcon.colcon_core.shell:create_environment_hook('vehicle_state_observer', 'ament_prefix_path')
[2.119s] INFO:colcon.colcon_core.shell:Creating environment hook '/home/bodlaire/Desktop/Work/Mocap/install/vehicle_state_observer/share/vehicle_state_observer/hook/ament_prefix_path.ps1'
[2.120s] INFO:colcon.colcon_core.shell:Creating environment descriptor '/home/bodlaire/Desktop/Work/Mocap/install/vehicle_state_observer/share/vehicle_state_observer/hook/ament_prefix_path.dsv'
[2.120s] INFO:colcon.colcon_core.shell:Creating environment hook '/home/bodlaire/Desktop/Work/Mocap/install/vehicle_state_observer/share/vehicle_state_observer/hook/ament_prefix_path.sh'
[2.142s] INFO:colcon.colcon_core.shell:Skip shell extension 'powershell' for command environment: Not usable outside of PowerShell
[2.142s] DEBUG:colcon.colcon_core.shell:Skip shell extension 'dsv' for command environment
[2.208s] INFO:colcon.colcon_ros.task.ament_cmake.build:Building ROS package in '/home/bodlaire/Desktop/Work/Mocap/src/vesc_msgs' with build type 'ament_cmake'
[2.208s] INFO:colcon.colcon_cmake.task.cmake.build:Building CMake package in '/home/bodlaire/Desktop/Work/Mocap/src/vesc_msgs'
[2.231s] INFO:colcon.colcon_core.shell:Skip shell extension 'powershell' for command environment: Not usable outside of PowerShell
[2.231s] DEBUG:colcon.colcon_core.shell:Skip shell extension 'dsv' for command environment
[2.310s] DEBUG:colcon.colcon_core.event_handler.log_command:Invoking command in '/home/bodlaire/Desktop/Work/Mocap/build/drive_bridge_msg': CMAKE_PREFIX_PATH=${CMAKE_PREFIX_PATH}:/home/bodlaire/Desktop/Work/Mocap/install/vehicle_state_observer:/home/bodlaire/Desktop/Work/Mocap/install/mocap_pkg:/opt/ros/foxy /usr/bin/cmake --build /home/bodlaire/Desktop/Work/Mocap/build/drive_bridge_msg -- -j16 -l16
[2.315s] DEBUG:colcon.colcon_core.event_handler.log_command:Invoking command in '/home/bodlaire/Desktop/Work/Mocap/build/mocap_msg': CMAKE_PREFIX_PATH=${CMAKE_PREFIX_PATH}:/home/bodlaire/Desktop/Work/Mocap/install/vehicle_state_observer:/home/bodlaire/Desktop/Work/Mocap/install/mocap_pkg:/opt/ros/foxy /usr/bin/cmake --build /home/bodlaire/Desktop/Work/Mocap/build/mocap_msg -- -j16 -l16
[2.474s] INFO:colcon.colcon_core.task.python.build:Building Python package in '/home/bodlaire/Desktop/Work/Mocap/src/mocap_pkg'
[2.508s] INFO:colcon.colcon_core.shell:Skip shell extension 'powershell' for command environment: Not usable outside of PowerShell
[2.508s] DEBUG:colcon.colcon_core.shell:Skip shell extension 'dsv' for command environment
[2.580s] DEBUG:colcon.colcon_core.event_handler.log_command:Invoking command in '/home/bodlaire/Desktop/Work/Mocap/build/vehicle_state_msgs': CMAKE_PREFIX_PATH=${CMAKE_PREFIX_PATH}:/home/bodlaire/Desktop/Work/Mocap/install/vehicle_state_observer:/home/bodlaire/Desktop/Work/Mocap/install/mocap_pkg:/opt/ros/foxy /usr/bin/cmake --build /home/bodlaire/Desktop/Work/Mocap/build/vehicle_state_msgs -- -j16 -l16
[2.728s] INFO:colcon.colcon_core.task.python.build:Building Python package in '/home/bodlaire/Desktop/Work/Mocap/src/vehicle_state_observer'
[2.751s] INFO:colcon.colcon_core.shell:Skip shell extension 'powershell' for command environment: Not usable outside of PowerShell
[2.751s] DEBUG:colcon.colcon_core.shell:Skip shell extension 'dsv' for command environment
[2.842s] DEBUG:colcon.colcon_core.event_handler.log_command:Invoking command in '/home/bodlaire/Desktop/Work/Mocap/build/vesc_msgs': CMAKE_PREFIX_PATH=${CMAKE_PREFIX_PATH}:/home/bodlaire/Desktop/Work/Mocap/install/vehicle_state_observer:/home/bodlaire/Desktop/Work/Mocap/install/mocap_pkg:/opt/ros/foxy /usr/bin/cmake --build /home/bodlaire/Desktop/Work/Mocap/build/vesc_msgs -- -j16 -l16
[2.843s] DEBUG:colcon.colcon_core.event_handler.log_command:Invoked command in '/home/bodlaire/Desktop/Work/Mocap/build/drive_bridge_msg' returned '0': CMAKE_PREFIX_PATH=${CMAKE_PREFIX_PATH}:/home/bodlaire/Desktop/Work/Mocap/install/vehicle_state_observer:/home/bodlaire/Desktop/Work/Mocap/install/mocap_pkg:/opt/ros/foxy /usr/bin/cmake --build /home/bodlaire/Desktop/Work/Mocap/build/drive_bridge_msg -- -j16 -l16
[2.843s] DEBUG:colcon.colcon_core.event_handler.log_command:Invoked command in '/home/bodlaire/Desktop/Work/Mocap/build/vehicle_state_msgs' returned '0': CMAKE_PREFIX_PATH=${CMAKE_PREFIX_PATH}:/home/bodlaire/Desktop/Work/Mocap/install/vehicle_state_observer:/home/bodlaire/Desktop/Work/Mocap/install/mocap_pkg:/opt/ros/foxy /usr/bin/cmake --build /home/bodlaire/Desktop/Work/Mocap/build/vehicle_state_msgs -- -j16 -l16
[2.843s] DEBUG:colcon.colcon_core.event_handler.log_command:Invoked command in '/home/bodlaire/Desktop/Work/Mocap/build/mocap_msg' returned '0': CMAKE_PREFIX_PATH=${CMAKE_PREFIX_PATH}:/home/bodlaire/Desktop/Work/Mocap/install/vehicle_state_observer:/home/bodlaire/Desktop/Work/Mocap/install/mocap_pkg:/opt/ros/foxy /usr/bin/cmake --build /home/bodlaire/Desktop/Work/Mocap/build/mocap_msg -- -j16 -l16
[2.869s] DEBUG:colcon.colcon_core.event_handler.log_command:Invoking command in '/home/bodlaire/Desktop/Work/Mocap/build/drive_bridge_msg': CMAKE_PREFIX_PATH=${CMAKE_PREFIX_PATH}:/home/bodlaire/Desktop/Work/Mocap/install/vehicle_state_observer:/home/bodlaire/Desktop/Work/Mocap/install/mocap_pkg:/opt/ros/foxy /usr/bin/cmake --install /home/bodlaire/Desktop/Work/Mocap/build/drive_bridge_msg
[2.872s] DEBUG:colcon.colcon_core.event_handler.log_command:Invoking command in '/home/bodlaire/Desktop/Work/Mocap/build/mocap_msg': CMAKE_PREFIX_PATH=${CMAKE_PREFIX_PATH}:/home/bodlaire/Desktop/Work/Mocap/install/vehicle_state_observer:/home/bodlaire/Desktop/Work/Mocap/install/mocap_pkg:/opt/ros/foxy /usr/bin/cmake --install /home/bodlaire/Desktop/Work/Mocap/build/mocap_msg
[2.874s] DEBUG:colcon.colcon_core.event_handler.log_command:Invoking command in '/home/bodlaire/Desktop/Work/Mocap/build/vehicle_state_msgs': CMAKE_PREFIX_PATH=${CMAKE_PREFIX_PATH}:/home/bodlaire/Desktop/Work/Mocap/install/vehicle_state_observer:/home/bodlaire/Desktop/Work/Mocap/install/mocap_pkg:/opt/ros/foxy /usr/bin/cmake --install /home/bodlaire/Desktop/Work/Mocap/build/vehicle_state_msgs
[2.910s] Level 1:colcon.colcon_core.environment:create_environment_scripts_only(mocap_msg)
[2.914s] DEBUG:colcon.colcon_core.event_handler.log_command:Invoked command in '/home/bodlaire/Desktop/Work/Mocap/build/mocap_msg' returned '0': CMAKE_PREFIX_PATH=${CMAKE_PREFIX_PATH}:/home/bodlaire/Desktop/Work/Mocap/install/vehicle_state_observer:/home/bodlaire/Desktop/Work/Mocap/install/mocap_pkg:/opt/ros/foxy /usr/bin/cmake --install /home/bodlaire/Desktop/Work/Mocap/build/mocap_msg
[2.953s] Level 1:colcon.colcon_core.environment:checking '/home/bodlaire/Desktop/Work/Mocap/install/mocap_msg' for CMake module files
[2.954s] Level 1:colcon.colcon_core.environment:checking '/home/bodlaire/Desktop/Work/Mocap/install/mocap_msg' for CMake config files
[2.954s] Level 1:colcon.colcon_core.shell:create_environment_hook('mocap_msg', 'cmake_prefix_path')
[2.979s] INFO:colcon.colcon_core.shell:Creating environment hook '/home/bodlaire/Desktop/Work/Mocap/install/mocap_msg/share/mocap_msg/hook/cmake_prefix_path.ps1'
[2.979s] INFO:colcon.colcon_core.shell:Creating environment descriptor '/home/bodlaire/Desktop/Work/Mocap/install/mocap_msg/share/mocap_msg/hook/cmake_prefix_path.dsv'
[2.979s] INFO:colcon.colcon_core.shell:Creating environment hook '/home/bodlaire/Desktop/Work/Mocap/install/mocap_msg/share/mocap_msg/hook/cmake_prefix_path.sh'
[2.980s] Level 1:colcon.colcon_core.environment:checking '/home/bodlaire/Desktop/Work/Mocap/install/mocap_msg/lib'
[2.980s] Level 1:colcon.colcon_core.shell:create_environment_hook('mocap_msg', 'ld_library_path_lib')
[3.003s] INFO:colcon.colcon_core.shell:Creating environment hook '/home/bodlaire/Desktop/Work/Mocap/install/mocap_msg/share/mocap_msg/hook/ld_library_path_lib.ps1'
[3.004s] INFO:colcon.colcon_core.shell:Creating environment descriptor '/home/bodlaire/Desktop/Work/Mocap/install/mocap_msg/share/mocap_msg/hook/ld_library_path_lib.dsv'
[3.004s] INFO:colcon.colcon_core.shell:Creating environment hook '/home/bodlaire/Desktop/Work/Mocap/install/mocap_msg/share/mocap_msg/hook/ld_library_path_lib.sh'
[3.004s] Level 1:colcon.colcon_core.environment:checking '/home/bodlaire/Desktop/Work/Mocap/install/mocap_msg/bin'
[3.005s] Level 1:colcon.colcon_core.environment:checking '/home/bodlaire/Desktop/Work/Mocap/install/mocap_msg/lib/pkgconfig/mocap_msg.pc'
[3.005s] Level 1:colcon.colcon_core.environment:checking '/home/bodlaire/Desktop/Work/Mocap/install/mocap_msg/lib/python3.8/site-packages'
[3.005s] Level 1:colcon.colcon_core.shell:create_environment_hook('mocap_msg', 'pythonpath')
[3.031s] INFO:colcon.colcon_core.shell:Creating environment hook '/home/bodlaire/Desktop/Work/Mocap/install/mocap_msg/share/mocap_msg/hook/pythonpath.ps1'
[3.032s] INFO:colcon.colcon_core.shell:Creating environment descriptor '/home/bodlaire/Desktop/Work/Mocap/install/mocap_msg/share/mocap_msg/hook/pythonpath.dsv'
[3.032s] INFO:colcon.colcon_core.shell:Creating environment hook '/home/bodlaire/Desktop/Work/Mocap/install/mocap_msg/share/mocap_msg/hook/pythonpath.sh'
[3.032s] Level 1:colcon.colcon_core.environment:checking '/home/bodlaire/Desktop/Work/Mocap/install/mocap_msg/bin'
[3.055s] INFO:colcon.colcon_core.shell:Creating package script '/home/bodlaire/Desktop/Work/Mocap/install/mocap_msg/share/mocap_msg/package.ps1'
[3.056s] INFO:colcon.colcon_core.shell:Creating package descriptor '/home/bodlaire/Desktop/Work/Mocap/install/mocap_msg/share/mocap_msg/package.dsv'
[3.056s] INFO:colcon.colcon_core.shell:Creating package script '/home/bodlaire/Desktop/Work/Mocap/install/mocap_msg/share/mocap_msg/package.sh'
[3.057s] INFO:colcon.colcon_core.shell:Creating package script '/home/bodlaire/Desktop/Work/Mocap/install/mocap_msg/share/mocap_msg/package.bash'
[3.057s] INFO:colcon.colcon_core.shell:Creating package script '/home/bodlaire/Desktop/Work/Mocap/install/mocap_msg/share/mocap_msg/package.zsh'
[3.058s] Level 1:colcon.colcon_core.environment:create_file_with_runtime_dependencies(/home/bodlaire/Desktop/Work/Mocap/install/mocap_msg/share/colcon-core/packages/mocap_msg)
[3.062s] Level 1:colcon.colcon_core.environment:create_environment_scripts_only(vehicle_state_msgs)
[3.062s] DEBUG:colcon.colcon_core.event_handler.log_command:Invoked command in '/home/bodlaire/Desktop/Work/Mocap/build/vehicle_state_msgs' returned '0': CMAKE_PREFIX_PATH=${CMAKE_PREFIX_PATH}:/home/bodlaire/Desktop/Work/Mocap/install/vehicle_state_observer:/home/bodlaire/Desktop/Work/Mocap/install/mocap_pkg:/opt/ros/foxy /usr/bin/cmake --install /home/bodlaire/Desktop/Work/Mocap/build/vehicle_state_msgs
[3.087s] Level 1:colcon.colcon_core.environment:checking '/home/bodlaire/Desktop/Work/Mocap/install/vehicle_state_msgs' for CMake module files
[3.088s] Level 1:colcon.colcon_core.environment:checking '/home/bodlaire/Desktop/Work/Mocap/install/vehicle_state_msgs' for CMake config files
[3.088s] Level 1:colcon.colcon_core.shell:create_environment_hook('vehicle_state_msgs', 'cmake_prefix_path')
[3.112s] INFO:colcon.colcon_core.shell:Creating environment hook '/home/bodlaire/Desktop/Work/Mocap/install/vehicle_state_msgs/share/vehicle_state_msgs/hook/cmake_prefix_path.ps1'
[3.112s] INFO:colcon.colcon_core.shell:Creating environment descriptor '/home/bodlaire/Desktop/Work/Mocap/install/vehicle_state_msgs/share/vehicle_state_msgs/hook/cmake_prefix_path.dsv'
[3.112s] INFO:colcon.colcon_core.shell:Creating environment hook '/home/bodlaire/Desktop/Work/Mocap/install/vehicle_state_msgs/share/vehicle_state_msgs/hook/cmake_prefix_path.sh'
[3.113s] Level 1:colcon.colcon_core.environment:checking '/home/bodlaire/Desktop/Work/Mocap/install/vehicle_state_msgs/lib'
[3.113s] Level 1:colcon.colcon_core.shell:create_environment_hook('vehicle_state_msgs', 'ld_library_path_lib')
[3.135s] INFO:colcon.colcon_core.shell:Creating environment hook '/home/bodlaire/Desktop/Work/Mocap/install/vehicle_state_msgs/share/vehicle_state_msgs/hook/ld_library_path_lib.ps1'
[3.135s] INFO:colcon.colcon_core.shell:Creating environment descriptor '/home/bodlaire/Desktop/Work/Mocap/install/vehicle_state_msgs/share/vehicle_state_msgs/hook/ld_library_path_lib.dsv'
[3.136s] INFO:colcon.colcon_core.shell:Creating environment hook '/home/bodlaire/Desktop/Work/Mocap/install/vehicle_state_msgs/share/vehicle_state_msgs/hook/ld_library_path_lib.sh'
[3.136s] Level 1:colcon.colcon_core.environment:checking '/home/bodlaire/Desktop/Work/Mocap/install/vehicle_state_msgs/bin'
[3.136s] Level 1:colcon.colcon_core.environment:checking '/home/bodlaire/Desktop/Work/Mocap/install/vehicle_state_msgs/lib/pkgconfig/vehicle_state_msgs.pc'
[3.136s] Level 1:colcon.colcon_core.environment:checking '/home/bodlaire/Desktop/Work/Mocap/install/vehicle_state_msgs/lib/python3.8/site-packages'
[3.136s] Level 1:colcon.colcon_core.shell:create_environment_hook('vehicle_state_msgs', 'pythonpath')
[3.158s] INFO:colcon.colcon_core.shell:Creating environment hook '/home/bodlaire/Desktop/Work/Mocap/install/vehicle_state_msgs/share/vehicle_state_msgs/hook/pythonpath.ps1'
[3.159s] INFO:colcon.colcon_core.shell:Creating environment descriptor '/home/bodlaire/Desktop/Work/Mocap/install/vehicle_state_msgs/share/vehicle_state_msgs/hook/pythonpath.dsv'
[3.159s] INFO:colcon.colcon_core.shell:Creating environment hook '/home/bodlaire/Desktop/Work/Mocap/install/vehicle_state_msgs/share/vehicle_state_msgs/hook/pythonpath.sh'
[3.159s] Level 1:colcon.colcon_core.environment:checking '/home/bodlaire/Desktop/Work/Mocap/install/vehicle_state_msgs/bin'
[3.182s] INFO:colcon.colcon_core.shell:Creating package script '/home/bodlaire/Desktop/Work/Mocap/install/vehicle_state_msgs/share/vehicle_state_msgs/package.ps1'
[3.182s] INFO:colcon.colcon_core.shell:Creating package descriptor '/home/bodlaire/Desktop/Work/Mocap/install/vehicle_state_msgs/share/vehicle_state_msgs/package.dsv'
[3.182s] INFO:colcon.colcon_core.shell:Creating package script '/home/bodlaire/Desktop/Work/Mocap/install/vehicle_state_msgs/share/vehicle_state_msgs/package.sh'
[3.183s] INFO:colcon.colcon_core.shell:Creating package script '/home/bodlaire/Desktop/Work/Mocap/install/vehicle_state_msgs/share/vehicle_state_msgs/package.bash'
[3.183s] INFO:colcon.colcon_core.shell:Creating package script '/home/bodlaire/Desktop/Work/Mocap/install/vehicle_state_msgs/share/vehicle_state_msgs/package.zsh'
[3.183s] Level 1:colcon.colcon_core.environment:create_file_with_runtime_dependencies(/home/bodlaire/Desktop/Work/Mocap/install/vehicle_state_msgs/share/colcon-core/packages/vehicle_state_msgs)
[3.186s] Level 1:colcon.colcon_core.environment:create_environment_scripts_only(drive_bridge_msg)
[3.186s] DEBUG:colcon.colcon_core.event_handler.log_command:Invoked command in '/home/bodlaire/Desktop/Work/Mocap/build/drive_bridge_msg' returned '0': CMAKE_PREFIX_PATH=${CMAKE_PREFIX_PATH}:/home/bodlaire/Desktop/Work/Mocap/install/vehicle_state_observer:/home/bodlaire/Desktop/Work/Mocap/install/mocap_pkg:/opt/ros/foxy /usr/bin/cmake --install /home/bodlaire/Desktop/Work/Mocap/build/drive_bridge_msg
[3.209s] Level 1:colcon.colcon_core.environment:checking '/home/bodlaire/Desktop/Work/Mocap/install/drive_bridge_msg' for CMake module files
[3.209s] Level 1:colcon.colcon_core.environment:checking '/home/bodlaire/Desktop/Work/Mocap/install/drive_bridge_msg' for CMake config files
[3.209s] Level 1:colcon.colcon_core.shell:create_environment_hook('drive_bridge_msg', 'cmake_prefix_path')
[3.234s] INFO:colcon.colcon_core.shell:Creating environment hook '/home/bodlaire/Desktop/Work/Mocap/install/drive_bridge_msg/share/drive_bridge_msg/hook/cmake_prefix_path.ps1'
[3.234s] INFO:colcon.colcon_core.shell:Creating environment descriptor '/home/bodlaire/Desktop/Work/Mocap/install/drive_bridge_msg/share/drive_bridge_msg/hook/cmake_prefix_path.dsv'
[3.234s] INFO:colcon.colcon_core.shell:Creating environment hook '/home/bodlaire/Desktop/Work/Mocap/install/drive_bridge_msg/share/drive_bridge_msg/hook/cmake_prefix_path.sh'
[3.235s] Level 1:colcon.colcon_core.environment:checking '/home/bodlaire/Desktop/Work/Mocap/install/drive_bridge_msg/lib'
[3.235s] Level 1:colcon.colcon_core.shell:create_environment_hook('drive_bridge_msg', 'ld_library_path_lib')
[3.259s] INFO:colcon.colcon_core.shell:Creating environment hook '/home/bodlaire/Desktop/Work/Mocap/install/drive_bridge_msg/share/drive_bridge_msg/hook/ld_library_path_lib.ps1'
[3.259s] INFO:colcon.colcon_core.shell:Creating environment descriptor '/home/bodlaire/Desktop/Work/Mocap/install/drive_bridge_msg/share/drive_bridge_msg/hook/ld_library_path_lib.dsv'
[3.260s] INFO:colcon.colcon_core.shell:Creating environment hook '/home/bodlaire/Desktop/Work/Mocap/install/drive_bridge_msg/share/drive_bridge_msg/hook/ld_library_path_lib.sh'
[3.260s] Level 1:colcon.colcon_core.environment:checking '/home/bodlaire/Desktop/Work/Mocap/install/drive_bridge_msg/bin'
[3.260s] Level 1:colcon.colcon_core.environment:checking '/home/bodlaire/Desktop/Work/Mocap/install/drive_bridge_msg/lib/pkgconfig/drive_bridge_msg.pc'
[3.260s] Level 1:colcon.colcon_core.environment:checking '/home/bodlaire/Desktop/Work/Mocap/install/drive_bridge_msg/lib/python3.8/site-packages'
[3.260s] Level 1:colcon.colcon_core.shell:create_environment_hook('drive_bridge_msg', 'pythonpath')
[3.283s] INFO:colcon.colcon_core.shell:Creating environment hook '/home/bodlaire/Desktop/Work/Mocap/install/drive_bridge_msg/share/drive_bridge_msg/hook/pythonpath.ps1'
[3.283s] INFO:colcon.colcon_core.shell:Creating environment descriptor '/home/bodlaire/Desktop/Work/Mocap/install/drive_bridge_msg/share/drive_bridge_msg/hook/pythonpath.dsv'
[3.283s] INFO:colcon.colcon_core.shell:Creating environment hook '/home/bodlaire/Desktop/Work/Mocap/install/drive_bridge_msg/share/drive_bridge_msg/hook/pythonpath.sh'
[3.284s] Level 1:colcon.colcon_core.environment:checking '/home/bodlaire/Desktop/Work/Mocap/install/drive_bridge_msg/bin'
[3.305s] INFO:colcon.colcon_core.shell:Creating package script '/home/bodlaire/Desktop/Work/Mocap/install/drive_bridge_msg/share/drive_bridge_msg/package.ps1'
[3.305s] INFO:colcon.colcon_core.shell:Creating package descriptor '/home/bodlaire/Desktop/Work/Mocap/install/drive_bridge_msg/share/drive_bridge_msg/package.dsv'
[3.306s] INFO:colcon.colcon_core.shell:Creating package script '/home/bodlaire/Desktop/Work/Mocap/install/drive_bridge_msg/share/drive_bridge_msg/package.sh'
[3.306s] INFO:colcon.colcon_core.shell:Creating package script '/home/bodlaire/Desktop/Work/Mocap/install/drive_bridge_msg/share/drive_bridge_msg/package.bash'
[3.306s] INFO:colcon.colcon_core.shell:Creating package script '/home/bodlaire/Desktop/Work/Mocap/install/drive_bridge_msg/share/drive_bridge_msg/package.zsh'
[3.306s] Level 1:colcon.colcon_core.environment:create_file_with_runtime_dependencies(/home/bodlaire/Desktop/Work/Mocap/install/drive_bridge_msg/share/colcon-core/packages/drive_bridge_msg)
[3.311s] DEBUG:colcon.colcon_core.event_handler.log_command:Invoked command in '/home/bodlaire/Desktop/Work/Mocap/build/vesc_msgs' returned '0': CMAKE_PREFIX_PATH=${CMAKE_PREFIX_PATH}:/home/bodlaire/Desktop/Work/Mocap/install/vehicle_state_observer:/home/bodlaire/Desktop/Work/Mocap/install/mocap_pkg:/opt/ros/foxy /usr/bin/cmake --build /home/bodlaire/Desktop/Work/Mocap/build/vesc_msgs -- -j16 -l16
[3.335s] Level 1:colcon.colcon_core.environment:create_environment_scripts_only(mocap_msg)
[3.357s] Level 1:colcon.colcon_core.environment:checking '/home/bodlaire/Desktop/Work/Mocap/install/mocap_msg' for CMake module files
[3.357s] Level 1:colcon.colcon_core.environment:checking '/home/bodlaire/Desktop/Work/Mocap/install/mocap_msg' for CMake config files
[3.357s] Level 1:colcon.colcon_core.shell:create_environment_hook('mocap_msg', 'cmake_prefix_path')
[3.391s] INFO:colcon.colcon_core.shell:Creating environment hook '/home/bodlaire/Desktop/Work/Mocap/install/mocap_msg/share/mocap_msg/hook/cmake_prefix_path.ps1'
[3.391s] INFO:colcon.colcon_core.shell:Creating environment descriptor '/home/bodlaire/Desktop/Work/Mocap/install/mocap_msg/share/mocap_msg/hook/cmake_prefix_path.dsv'
[3.391s] INFO:colcon.colcon_core.shell:Creating environment hook '/home/bodlaire/Desktop/Work/Mocap/install/mocap_msg/share/mocap_msg/hook/cmake_prefix_path.sh'
[3.392s] Level 1:colcon.colcon_core.environment:checking '/home/bodlaire/Desktop/Work/Mocap/install/mocap_msg/lib'
[3.392s] Level 1:colcon.colcon_core.shell:create_environment_hook('mocap_msg', 'ld_library_path_lib')
[3.414s] INFO:colcon.colcon_core.shell:Creating environment hook '/home/bodlaire/Desktop/Work/Mocap/install/mocap_msg/share/mocap_msg/hook/ld_library_path_lib.ps1'
[3.414s] INFO:colcon.colcon_core.shell:Creating environment descriptor '/home/bodlaire/Desktop/Work/Mocap/install/mocap_msg/share/mocap_msg/hook/ld_library_path_lib.dsv'
[3.414s] INFO:colcon.colcon_core.shell:Creating environment hook '/home/bodlaire/Desktop/Work/Mocap/install/mocap_msg/share/mocap_msg/hook/ld_library_path_lib.sh'
[3.414s] Level 1:colcon.colcon_core.environment:checking '/home/bodlaire/Desktop/Work/Mocap/install/mocap_msg/bin'
[3.414s] Level 1:colcon.colcon_core.environment:checking '/home/bodlaire/Desktop/Work/Mocap/install/mocap_msg/lib/pkgconfig/mocap_msg.pc'
[3.415s] Level 1:colcon.colcon_core.environment:checking '/home/bodlaire/Desktop/Work/Mocap/install/mocap_msg/lib/python3.8/site-packages'
[3.415s] Level 1:colcon.colcon_core.shell:create_environment_hook('mocap_msg', 'pythonpath')
[3.436s] INFO:colcon.colcon_core.shell:Creating environment hook '/home/bodlaire/Desktop/Work/Mocap/install/mocap_msg/share/mocap_msg/hook/pythonpath.ps1'
[3.436s] INFO:colcon.colcon_core.shell:Creating environment descriptor '/home/bodlaire/Desktop/Work/Mocap/install/mocap_msg/share/mocap_msg/hook/pythonpath.dsv'
[3.437s] INFO:colcon.colcon_core.shell:Creating environment hook '/home/bodlaire/Desktop/Work/Mocap/install/mocap_msg/share/mocap_msg/hook/pythonpath.sh'
[3.437s] Level 1:colcon.colcon_core.environment:checking '/home/bodlaire/Desktop/Work/Mocap/install/mocap_msg/bin'
[3.459s] INFO:colcon.colcon_core.shell:Creating package script '/home/bodlaire/Desktop/Work/Mocap/install/mocap_msg/share/mocap_msg/package.ps1'
[3.460s] INFO:colcon.colcon_core.shell:Creating package descriptor '/home/bodlaire/Desktop/Work/Mocap/install/mocap_msg/share/mocap_msg/package.dsv'
[3.460s] INFO:colcon.colcon_core.shell:Creating package script '/home/bodlaire/Desktop/Work/Mocap/install/mocap_msg/share/mocap_msg/package.sh'
[3.460s] INFO:colcon.colcon_core.shell:Creating package script '/home/bodlaire/Desktop/Work/Mocap/install/mocap_msg/share/mocap_msg/package.bash'
[3.460s] INFO:colcon.colcon_core.shell:Creating package script '/home/bodlaire/Desktop/Work/Mocap/install/mocap_msg/share/mocap_msg/package.zsh'
[3.461s] Level 1:colcon.colcon_core.environment:create_file_with_runtime_dependencies(/home/bodlaire/Desktop/Work/Mocap/install/mocap_msg/share/colcon-core/packages/mocap_msg)
[3.466s] DEBUG:colcon.colcon_core.event_handler.log_command:Invoking command in '/home/bodlaire/Desktop/Work/Mocap/src/vehicle_state_observer': PYTHONPATH=/home/bodlaire/Desktop/Work/Mocap/build/vehicle_state_observer/prefix_override:/home/bodlaire/Desktop/Work/Mocap/install/vehicle_state_observer/lib/python3.8/site-packages:${PYTHONPATH} /usr/bin/python3 setup.py egg_info --egg-base ../../build/vehicle_state_observer build --build-base /home/bodlaire/Desktop/Work/Mocap/build/vehicle_state_observer/build install --record /home/bodlaire/Desktop/Work/Mocap/build/vehicle_state_observer/install.log --install-scripts $base/lib/vehicle_state_observer --single-version-externally-managed
[3.468s] DEBUG:colcon.colcon_core.event_handler.log_command:Invoking command in '/home/bodlaire/Desktop/Work/Mocap/src/mocap_pkg': PYTHONPATH=/home/bodlaire/Desktop/Work/Mocap/build/mocap_pkg/prefix_override:/home/bodlaire/Desktop/Work/Mocap/install/mocap_pkg/lib/python3.8/site-packages:${PYTHONPATH} /usr/bin/python3 setup.py egg_info --egg-base ../../build/mocap_pkg build --build-base /home/bodlaire/Desktop/Work/Mocap/build/mocap_pkg/build install --record /home/bodlaire/Desktop/Work/Mocap/build/mocap_pkg/install.log --install-scripts $base/lib/mocap_pkg --single-version-externally-managed
[3.492s] Level 1:colcon.colcon_core.environment:create_environment_scripts_only(vehicle_state_msgs)
[3.515s] Level 1:colcon.colcon_core.environment:checking '/home/bodlaire/Desktop/Work/Mocap/install/vehicle_state_msgs' for CMake module files
[3.516s] Level 1:colcon.colcon_core.environment:checking '/home/bodlaire/Desktop/Work/Mocap/install/vehicle_state_msgs' for CMake config files
[3.516s] Level 1:colcon.colcon_core.shell:create_environment_hook('vehicle_state_msgs', 'cmake_prefix_path')
[3.538s] INFO:colcon.colcon_core.shell:Creating environment hook '/home/bodlaire/Desktop/Work/Mocap/install/vehicle_state_msgs/share/vehicle_state_msgs/hook/cmake_prefix_path.ps1'
[3.538s] INFO:colcon.colcon_core.shell:Creating environment descriptor '/home/bodlaire/Desktop/Work/Mocap/install/vehicle_state_msgs/share/vehicle_state_msgs/hook/cmake_prefix_path.dsv'
[3.539s] INFO:colcon.colcon_core.shell:Creating environment hook '/home/bodlaire/Desktop/Work/Mocap/install/vehicle_state_msgs/share/vehicle_state_msgs/hook/cmake_prefix_path.sh'
[3.539s] Level 1:colcon.colcon_core.environment:checking '/home/bodlaire/Desktop/Work/Mocap/install/vehicle_state_msgs/lib'
[3.539s] Level 1:colcon.colcon_core.shell:create_environment_hook('vehicle_state_msgs', 'ld_library_path_lib')
[3.562s] INFO:colcon.colcon_core.shell:Creating environment hook '/home/bodlaire/Desktop/Work/Mocap/install/vehicle_state_msgs/share/vehicle_state_msgs/hook/ld_library_path_lib.ps1'
[3.562s] INFO:colcon.colcon_core.shell:Creating environment descriptor '/home/bodlaire/Desktop/Work/Mocap/install/vehicle_state_msgs/share/vehicle_state_msgs/hook/ld_library_path_lib.dsv'
[3.562s] INFO:colcon.colcon_core.shell:Creating environment hook '/home/bodlaire/Desktop/Work/Mocap/install/vehicle_state_msgs/share/vehicle_state_msgs/hook/ld_library_path_lib.sh'
[3.562s] Level 1:colcon.colcon_core.environment:checking '/home/bodlaire/Desktop/Work/Mocap/install/vehicle_state_msgs/bin'
[3.562s] Level 1:colcon.colcon_core.environment:checking '/home/bodlaire/Desktop/Work/Mocap/install/vehicle_state_msgs/lib/pkgconfig/vehicle_state_msgs.pc'
[3.563s] Level 1:colcon.colcon_core.environment:checking '/home/bodlaire/Desktop/Work/Mocap/install/vehicle_state_msgs/lib/python3.8/site-packages'
[3.563s] Level 1:colcon.colcon_core.shell:create_environment_hook('vehicle_state_msgs', 'pythonpath')
[3.585s] INFO:colcon.colcon_core.shell:Creating environment hook '/home/bodlaire/Desktop/Work/Mocap/install/vehicle_state_msgs/share/vehicle_state_msgs/hook/pythonpath.ps1'
[3.586s] INFO:colcon.colcon_core.shell:Creating environment descriptor '/home/bodlaire/Desktop/Work/Mocap/install/vehicle_state_msgs/share/vehicle_state_msgs/hook/pythonpath.dsv'
[3.586s] INFO:colcon.colcon_core.shell:Creating environment hook '/home/bodlaire/Desktop/Work/Mocap/install/vehicle_state_msgs/share/vehicle_state_msgs/hook/pythonpath.sh'
[3.586s] Level 1:colcon.colcon_core.environment:checking '/home/bodlaire/Desktop/Work/Mocap/install/vehicle_state_msgs/bin'
[3.609s] INFO:colcon.colcon_core.shell:Creating package script '/home/bodlaire/Desktop/Work/Mocap/install/vehicle_state_msgs/share/vehicle_state_msgs/package.ps1'
[3.610s] INFO:colcon.colcon_core.shell:Creating package descriptor '/home/bodlaire/Desktop/Work/Mocap/install/vehicle_state_msgs/share/vehicle_state_msgs/package.dsv'
[3.610s] INFO:colcon.colcon_core.shell:Creating package script '/home/bodlaire/Desktop/Work/Mocap/install/vehicle_state_msgs/share/vehicle_state_msgs/package.sh'
[3.610s] INFO:colcon.colcon_core.shell:Creating package script '/home/bodlaire/Desktop/Work/Mocap/install/vehicle_state_msgs/share/vehicle_state_msgs/package.bash'
[3.610s] INFO:colcon.colcon_core.shell:Creating package script '/home/bodlaire/Desktop/Work/Mocap/install/vehicle_state_msgs/share/vehicle_state_msgs/package.zsh'
[3.611s] Level 1:colcon.colcon_core.environment:create_file_with_runtime_dependencies(/home/bodlaire/Desktop/Work/Mocap/install/vehicle_state_msgs/share/colcon-core/packages/vehicle_state_msgs)
[3.643s] Level 1:colcon.colcon_core.environment:create_environment_scripts_only(drive_bridge_msg)
[3.670s] Level 1:colcon.colcon_core.environment:checking '/home/bodlaire/Desktop/Work/Mocap/install/drive_bridge_msg' for CMake module files
[3.671s] Level 1:colcon.colcon_core.environment:checking '/home/bodlaire/Desktop/Work/Mocap/install/drive_bridge_msg' for CMake config files
[3.671s] Level 1:colcon.colcon_core.shell:create_environment_hook('drive_bridge_msg', 'cmake_prefix_path')
[3.696s] INFO:colcon.colcon_core.shell:Creating environment hook '/home/bodlaire/Desktop/Work/Mocap/install/drive_bridge_msg/share/drive_bridge_msg/hook/cmake_prefix_path.ps1'
[3.697s] INFO:colcon.colcon_core.shell:Creating environment descriptor '/home/bodlaire/Desktop/Work/Mocap/install/drive_bridge_msg/share/drive_bridge_msg/hook/cmake_prefix_path.dsv'
[3.697s] INFO:colcon.colcon_core.shell:Creating environment hook '/home/bodlaire/Desktop/Work/Mocap/install/drive_bridge_msg/share/drive_bridge_msg/hook/cmake_prefix_path.sh'
[3.697s] Level 1:colcon.colcon_core.environment:checking '/home/bodlaire/Desktop/Work/Mocap/install/drive_bridge_msg/lib'
[3.697s] Level 1:colcon.colcon_core.shell:create_environment_hook('drive_bridge_msg', 'ld_library_path_lib')
[3.723s] INFO:colcon.colcon_core.shell:Creating environment hook '/home/bodlaire/Desktop/Work/Mocap/install/drive_bridge_msg/share/drive_bridge_msg/hook/ld_library_path_lib.ps1'
[3.723s] INFO:colcon.colcon_core.shell:Creating environment descriptor '/home/bodlaire/Desktop/Work/Mocap/install/drive_bridge_msg/share/drive_bridge_msg/hook/ld_library_path_lib.dsv'
[3.723s] INFO:colcon.colcon_core.shell:Creating environment hook '/home/bodlaire/Desktop/Work/Mocap/install/drive_bridge_msg/share/drive_bridge_msg/hook/ld_library_path_lib.sh'
[3.724s] Level 1:colcon.colcon_core.environment:checking '/home/bodlaire/Desktop/Work/Mocap/install/drive_bridge_msg/bin'
[3.724s] Level 1:colcon.colcon_core.environment:checking '/home/bodlaire/Desktop/Work/Mocap/install/drive_bridge_msg/lib/pkgconfig/drive_bridge_msg.pc'
[3.724s] Level 1:colcon.colcon_core.environment:checking '/home/bodlaire/Desktop/Work/Mocap/install/drive_bridge_msg/lib/python3.8/site-packages'
[3.724s] Level 1:colcon.colcon_core.shell:create_environment_hook('drive_bridge_msg', 'pythonpath')
[3.750s] INFO:colcon.colcon_core.shell:Creating environment hook '/home/bodlaire/Desktop/Work/Mocap/install/drive_bridge_msg/share/drive_bridge_msg/hook/pythonpath.ps1'
[3.750s] INFO:colcon.colcon_core.shell:Creating environment descriptor '/home/bodlaire/Desktop/Work/Mocap/install/drive_bridge_msg/share/drive_bridge_msg/hook/pythonpath.dsv'
[3.751s] INFO:colcon.colcon_core.shell:Creating environment hook '/home/bodlaire/Desktop/Work/Mocap/install/drive_bridge_msg/share/drive_bridge_msg/hook/pythonpath.sh'
[3.751s] Level 1:colcon.colcon_core.environment:checking '/home/bodlaire/Desktop/Work/Mocap/install/drive_bridge_msg/bin'
[3.776s] INFO:colcon.colcon_core.shell:Creating package script '/home/bodlaire/Desktop/Work/Mocap/install/drive_bridge_msg/share/drive_bridge_msg/package.ps1'
[3.777s] INFO:colcon.colcon_core.shell:Creating package descriptor '/home/bodlaire/Desktop/Work/Mocap/install/drive_bridge_msg/share/drive_bridge_msg/package.dsv'
[3.777s] INFO:colcon.colcon_core.shell:Creating package script '/home/bodlaire/Desktop/Work/Mocap/install/drive_bridge_msg/share/drive_bridge_msg/package.sh'
[3.777s] INFO:colcon.colcon_core.shell:Creating package script '/home/bodlaire/Desktop/Work/Mocap/install/drive_bridge_msg/share/drive_bridge_msg/package.bash'
[3.778s] INFO:colcon.colcon_core.shell:Creating package script '/home/bodlaire/Desktop/Work/Mocap/install/drive_bridge_msg/share/drive_bridge_msg/package.zsh'
[3.778s] Level 1:colcon.colcon_core.environment:create_file_with_runtime_dependencies(/home/bodlaire/Desktop/Work/Mocap/install/drive_bridge_msg/share/colcon-core/packages/drive_bridge_msg)
[3.782s] DEBUG:colcon.colcon_core.event_handler.log_command:Invoking command in '/home/bodlaire/Desktop/Work/Mocap/build/vesc_msgs': CMAKE_PREFIX_PATH=${CMAKE_PREFIX_PATH}:/home/bodlaire/Desktop/Work/Mocap/install/vehicle_state_observer:/home/bodlaire/Desktop/Work/Mocap/install/mocap_pkg:/opt/ros/foxy /usr/bin/cmake --install /home/bodlaire/Desktop/Work/Mocap/build/vesc_msgs
[3.783s] DEBUG:colcon.colcon_core.event_handler.log_command:Invoked command in '/home/bodlaire/Desktop/Work/Mocap/src/mocap_pkg' returned '0': PYTHONPATH=/home/bodlaire/Desktop/Work/Mocap/build/mocap_pkg/prefix_override:/home/bodlaire/Desktop/Work/Mocap/install/mocap_pkg/lib/python3.8/site-packages:${PYTHONPATH} /usr/bin/python3 setup.py egg_info --egg-base ../../build/mocap_pkg build --build-base /home/bodlaire/Desktop/Work/Mocap/build/mocap_pkg/build install --record /home/bodlaire/Desktop/Work/Mocap/build/mocap_pkg/install.log --install-scripts $base/lib/mocap_pkg --single-version-externally-managed
[3.819s] Level 1:colcon.colcon_core.environment:checking '/home/bodlaire/Desktop/Work/Mocap/install/mocap_pkg' for CMake module files
[3.820s] Level 1:colcon.colcon_core.environment:checking '/home/bodlaire/Desktop/Work/Mocap/install/mocap_pkg' for CMake config files
[3.820s] Level 1:colcon.colcon_core.environment:checking '/home/bodlaire/Desktop/Work/Mocap/install/mocap_pkg/lib'
[3.821s] Level 1:colcon.colcon_core.environment:checking '/home/bodlaire/Desktop/Work/Mocap/install/mocap_pkg/bin'
[3.821s] Level 1:colcon.colcon_core.environment:checking '/home/bodlaire/Desktop/Work/Mocap/install/mocap_pkg/lib/pkgconfig/mocap_pkg.pc'
[3.821s] Level 1:colcon.colcon_core.environment:checking '/home/bodlaire/Desktop/Work/Mocap/install/mocap_pkg/lib/python3.8/site-packages'
[3.821s] Level 1:colcon.colcon_core.shell:create_environment_hook('mocap_pkg', 'pythonpath')
[3.855s] INFO:colcon.colcon_core.shell:Creating environment hook '/home/bodlaire/Desktop/Work/Mocap/install/mocap_pkg/share/mocap_pkg/hook/pythonpath.ps1'
[3.855s] INFO:colcon.colcon_core.shell:Creating environment descriptor '/home/bodlaire/Desktop/Work/Mocap/install/mocap_pkg/share/mocap_pkg/hook/pythonpath.dsv'
[3.855s] INFO:colcon.colcon_core.shell:Creating environment hook '/home/bodlaire/Desktop/Work/Mocap/install/mocap_pkg/share/mocap_pkg/hook/pythonpath.sh'
[3.856s] Level 1:colcon.colcon_core.environment:checking '/home/bodlaire/Desktop/Work/Mocap/install/mocap_pkg/bin'
[3.856s] Level 1:colcon.colcon_core.environment:create_environment_scripts_only(mocap_pkg)
[3.880s] INFO:colcon.colcon_core.shell:Creating package script '/home/bodlaire/Desktop/Work/Mocap/install/mocap_pkg/share/mocap_pkg/package.ps1'
[3.881s] INFO:colcon.colcon_core.shell:Creating package descriptor '/home/bodlaire/Desktop/Work/Mocap/install/mocap_pkg/share/mocap_pkg/package.dsv'
[3.881s] INFO:colcon.colcon_core.shell:Creating package script '/home/bodlaire/Desktop/Work/Mocap/install/mocap_pkg/share/mocap_pkg/package.sh'
[3.881s] INFO:colcon.colcon_core.shell:Creating package script '/home/bodlaire/Desktop/Work/Mocap/install/mocap_pkg/share/mocap_pkg/package.bash'
[3.881s] INFO:colcon.colcon_core.shell:Creating package script '/home/bodlaire/Desktop/Work/Mocap/install/mocap_pkg/share/mocap_pkg/package.zsh'
[3.882s] Level 1:colcon.colcon_core.environment:create_file_with_runtime_dependencies(/home/bodlaire/Desktop/Work/Mocap/install/mocap_pkg/share/colcon-core/packages/mocap_pkg)
[3.883s] DEBUG:colcon.colcon_core.event_handler.log_command:Invoked command in '/home/bodlaire/Desktop/Work/Mocap/src/vehicle_state_observer' returned '0': PYTHONPATH=/home/bodlaire/Desktop/Work/Mocap/build/vehicle_state_observer/prefix_override:/home/bodlaire/Desktop/Work/Mocap/install/vehicle_state_observer/lib/python3.8/site-packages:${PYTHONPATH} /usr/bin/python3 setup.py egg_info --egg-base ../../build/vehicle_state_observer build --build-base /home/bodlaire/Desktop/Work/Mocap/build/vehicle_state_observer/build install --record /home/bodlaire/Desktop/Work/Mocap/build/vehicle_state_observer/install.log --install-scripts $base/lib/vehicle_state_observer --single-version-externally-managed
[3.908s] Level 1:colcon.colcon_core.environment:checking '/home/bodlaire/Desktop/Work/Mocap/install/vehicle_state_observer' for CMake module files
[3.908s] Level 1:colcon.colcon_core.environment:checking '/home/bodlaire/Desktop/Work/Mocap/install/vehicle_state_observer' for CMake config files
[3.908s] Level 1:colcon.colcon_core.environment:checking '/home/bodlaire/Desktop/Work/Mocap/install/vehicle_state_observer/lib'
[3.908s] Level 1:colcon.colcon_core.environment:checking '/home/bodlaire/Desktop/Work/Mocap/install/vehicle_state_observer/bin'
[3.908s] Level 1:colcon.colcon_core.environment:checking '/home/bodlaire/Desktop/Work/Mocap/install/vehicle_state_observer/lib/pkgconfig/vehicle_state_observer.pc'
[3.909s] Level 1:colcon.colcon_core.environment:checking '/home/bodlaire/Desktop/Work/Mocap/install/vehicle_state_observer/lib/python3.8/site-packages'
[3.909s] Level 1:colcon.colcon_core.shell:create_environment_hook('vehicle_state_observer', 'pythonpath')
[3.932s] INFO:colcon.colcon_core.shell:Creating environment hook '/home/bodlaire/Desktop/Work/Mocap/install/vehicle_state_observer/share/vehicle_state_observer/hook/pythonpath.ps1'
[3.932s] INFO:colcon.colcon_core.shell:Creating environment descriptor '/home/bodlaire/Desktop/Work/Mocap/install/vehicle_state_observer/share/vehicle_state_observer/hook/pythonpath.dsv'
[3.932s] INFO:colcon.colcon_core.shell:Creating environment hook '/home/bodlaire/Desktop/Work/Mocap/install/vehicle_state_observer/share/vehicle_state_observer/hook/pythonpath.sh'
[3.932s] Level 1:colcon.colcon_core.environment:checking '/home/bodlaire/Desktop/Work/Mocap/install/vehicle_state_observer/bin'
[3.932s] Level 1:colcon.colcon_core.environment:create_environment_scripts_only(vehicle_state_observer)
[3.955s] INFO:colcon.colcon_core.shell:Creating package script '/home/bodlaire/Desktop/Work/Mocap/install/vehicle_state_observer/share/vehicle_state_observer/package.ps1'
[3.956s] INFO:colcon.colcon_core.shell:Creating package descriptor '/home/bodlaire/Desktop/Work/Mocap/install/vehicle_state_observer/share/vehicle_state_observer/package.dsv'
[3.956s] INFO:colcon.colcon_core.shell:Creating package script '/home/bodlaire/Desktop/Work/Mocap/install/vehicle_state_observer/share/vehicle_state_observer/package.sh'
[3.956s] INFO:colcon.colcon_core.shell:Creating package script '/home/bodlaire/Desktop/Work/Mocap/install/vehicle_state_observer/share/vehicle_state_observer/package.bash'
[3.956s] INFO:colcon.colcon_core.shell:Creating package script '/home/bodlaire/Desktop/Work/Mocap/install/vehicle_state_observer/share/vehicle_state_observer/package.zsh'
[3.957s] Level 1:colcon.colcon_core.environment:create_file_with_runtime_dependencies(/home/bodlaire/Desktop/Work/Mocap/install/vehicle_state_observer/share/colcon-core/packages/vehicle_state_observer)
[3.957s] Level 1:colcon.colcon_core.environment:create_environment_scripts_only(vesc_msgs)
[3.958s] DEBUG:colcon.colcon_core.event_handler.log_command:Invoked command in '/home/bodlaire/Desktop/Work/Mocap/build/vesc_msgs' returned '0': CMAKE_PREFIX_PATH=${CMAKE_PREFIX_PATH}:/home/bodlaire/Desktop/Work/Mocap/install/vehicle_state_observer:/home/bodlaire/Desktop/Work/Mocap/install/mocap_pkg:/opt/ros/foxy /usr/bin/cmake --install /home/bodlaire/Desktop/Work/Mocap/build/vesc_msgs
[3.980s] Level 1:colcon.colcon_core.environment:checking '/home/bodlaire/Desktop/Work/Mocap/install/vesc_msgs' for CMake module files
[3.981s] Level 1:colcon.colcon_core.environment:checking '/home/bodlaire/Desktop/Work/Mocap/install/vesc_msgs' for CMake config files
[3.981s] Level 1:colcon.colcon_core.shell:create_environment_hook('vesc_msgs', 'cmake_prefix_path')
[4.003s] INFO:colcon.colcon_core.shell:Creating environment hook '/home/bodlaire/Desktop/Work/Mocap/install/vesc_msgs/share/vesc_msgs/hook/cmake_prefix_path.ps1'
[4.004s] INFO:colcon.colcon_core.shell:Creating environment descriptor '/home/bodlaire/Desktop/Work/Mocap/install/vesc_msgs/share/vesc_msgs/hook/cmake_prefix_path.dsv'
[4.004s] INFO:colcon.colcon_core.shell:Creating environment hook '/home/bodlaire/Desktop/Work/Mocap/install/vesc_msgs/share/vesc_msgs/hook/cmake_prefix_path.sh'
[4.004s] Level 1:colcon.colcon_core.environment:checking '/home/bodlaire/Desktop/Work/Mocap/install/vesc_msgs/lib'
[4.004s] Level 1:colcon.colcon_core.shell:create_environment_hook('vesc_msgs', 'ld_library_path_lib')
[4.027s] INFO:colcon.colcon_core.shell:Creating environment hook '/home/bodlaire/Desktop/Work/Mocap/install/vesc_msgs/share/vesc_msgs/hook/ld_library_path_lib.ps1'
[4.027s] INFO:colcon.colcon_core.shell:Creating environment descriptor '/home/bodlaire/Desktop/Work/Mocap/install/vesc_msgs/share/vesc_msgs/hook/ld_library_path_lib.dsv'
[4.027s] INFO:colcon.colcon_core.shell:Creating environment hook '/home/bodlaire/Desktop/Work/Mocap/install/vesc_msgs/share/vesc_msgs/hook/ld_library_path_lib.sh'
[4.028s] Level 1:colcon.colcon_core.environment:checking '/home/bodlaire/Desktop/Work/Mocap/install/vesc_msgs/bin'
[4.028s] Level 1:colcon.colcon_core.environment:checking '/home/bodlaire/Desktop/Work/Mocap/install/vesc_msgs/lib/pkgconfig/vesc_msgs.pc'
[4.028s] Level 1:colcon.colcon_core.environment:checking '/home/bodlaire/Desktop/Work/Mocap/install/vesc_msgs/lib/python3.8/site-packages'
[4.028s] Level 1:colcon.colcon_core.shell:create_environment_hook('vesc_msgs', 'pythonpath')
[4.051s] INFO:colcon.colcon_core.shell:Creating environment hook '/home/bodlaire/Desktop/Work/Mocap/install/vesc_msgs/share/vesc_msgs/hook/pythonpath.ps1'
[4.051s] INFO:colcon.colcon_core.shell:Creating environment descriptor '/home/bodlaire/Desktop/Work/Mocap/install/vesc_msgs/share/vesc_msgs/hook/pythonpath.dsv'
[4.051s] INFO:colcon.colcon_core.shell:Creating environment hook '/home/bodlaire/Desktop/Work/Mocap/install/vesc_msgs/share/vesc_msgs/hook/pythonpath.sh'
[4.052s] Level 1:colcon.colcon_core.environment:checking '/home/bodlaire/Desktop/Work/Mocap/install/vesc_msgs/bin'
[4.075s] INFO:colcon.colcon_core.shell:Creating package script '/home/bodlaire/Desktop/Work/Mocap/install/vesc_msgs/share/vesc_msgs/package.ps1'
[4.075s] INFO:colcon.colcon_core.shell:Creating package descriptor '/home/bodlaire/Desktop/Work/Mocap/install/vesc_msgs/share/vesc_msgs/package.dsv'
[4.076s] INFO:colcon.colcon_core.shell:Creating package script '/home/bodlaire/Desktop/Work/Mocap/install/vesc_msgs/share/vesc_msgs/package.sh'
[4.076s] INFO:colcon.colcon_core.shell:Creating package script '/home/bodlaire/Desktop/Work/Mocap/install/vesc_msgs/share/vesc_msgs/package.bash'
[4.076s] INFO:colcon.colcon_core.shell:Creating package script '/home/bodlaire/Desktop/Work/Mocap/install/vesc_msgs/share/vesc_msgs/package.zsh'
[4.076s] Level 1:colcon.colcon_core.environment:create_file_with_runtime_dependencies(/home/bodlaire/Desktop/Work/Mocap/install/vesc_msgs/share/colcon-core/packages/vesc_msgs)
[4.161s] Level 1:colcon.colcon_core.environment:create_environment_scripts_only(vesc_msgs)
[4.185s] Level 1:colcon.colcon_core.environment:checking '/home/bodlaire/Desktop/Work/Mocap/install/vesc_msgs' for CMake module files
[4.186s] Level 1:colcon.colcon_core.environment:checking '/home/bodlaire/Desktop/Work/Mocap/install/vesc_msgs' for CMake config files
[4.186s] Level 1:colcon.colcon_core.shell:create_environment_hook('vesc_msgs', 'cmake_prefix_path')
[4.207s] INFO:colcon.colcon_core.shell:Creating environment hook '/home/bodlaire/Desktop/Work/Mocap/install/vesc_msgs/share/vesc_msgs/hook/cmake_prefix_path.ps1'
[4.208s] INFO:colcon.colcon_core.shell:Creating environment descriptor '/home/bodlaire/Desktop/Work/Mocap/install/vesc_msgs/share/vesc_msgs/hook/cmake_prefix_path.dsv'
[4.208s] INFO:colcon.colcon_core.shell:Creating environment hook '/home/bodlaire/Desktop/Work/Mocap/install/vesc_msgs/share/vesc_msgs/hook/cmake_prefix_path.sh'
[4.208s] Level 1:colcon.colcon_core.environment:checking '/home/bodlaire/Desktop/Work/Mocap/install/vesc_msgs/lib'
[4.208s] Level 1:colcon.colcon_core.shell:create_environment_hook('vesc_msgs', 'ld_library_path_lib')
[4.246s] INFO:colcon.colcon_core.shell:Creating environment hook '/home/bodlaire/Desktop/Work/Mocap/install/vesc_msgs/share/vesc_msgs/hook/ld_library_path_lib.ps1'
[4.247s] INFO:colcon.colcon_core.shell:Creating environment descriptor '/home/bodlaire/Desktop/Work/Mocap/install/vesc_msgs/share/vesc_msgs/hook/ld_library_path_lib.dsv'
[4.247s] INFO:colcon.colcon_core.shell:Creating environment hook '/home/bodlaire/Desktop/Work/Mocap/install/vesc_msgs/share/vesc_msgs/hook/ld_library_path_lib.sh'
[4.248s] Level 1:colcon.colcon_core.environment:checking '/home/bodlaire/Desktop/Work/Mocap/install/vesc_msgs/bin'
[4.248s] Level 1:colcon.colcon_core.environment:checking '/home/bodlaire/Desktop/Work/Mocap/install/vesc_msgs/lib/pkgconfig/vesc_msgs.pc'
[4.248s] Level 1:colcon.colcon_core.environment:checking '/home/bodlaire/Desktop/Work/Mocap/install/vesc_msgs/lib/python3.8/site-packages'
[4.248s] Level 1:colcon.colcon_core.shell:create_environment_hook('vesc_msgs', 'pythonpath')
[4.274s] INFO:colcon.colcon_core.shell:Creating environment hook '/home/bodlaire/Desktop/Work/Mocap/install/vesc_msgs/share/vesc_msgs/hook/pythonpath.ps1'
[4.274s] INFO:colcon.colcon_core.shell:Creating environment descriptor '/home/bodlaire/Desktop/Work/Mocap/install/vesc_msgs/share/vesc_msgs/hook/pythonpath.dsv'
[4.274s] INFO:colcon.colcon_core.shell:Creating environment hook '/home/bodlaire/Desktop/Work/Mocap/install/vesc_msgs/share/vesc_msgs/hook/pythonpath.sh'
[4.274s] Level 1:colcon.colcon_core.environment:checking '/home/bodlaire/Desktop/Work/Mocap/install/vesc_msgs/bin'
[4.296s] INFO:colcon.colcon_core.shell:Creating package script '/home/bodlaire/Desktop/Work/Mocap/install/vesc_msgs/share/vesc_msgs/package.ps1'
[4.297s] INFO:colcon.colcon_core.shell:Creating package descriptor '/home/bodlaire/Desktop/Work/Mocap/install/vesc_msgs/share/vesc_msgs/package.dsv'
[4.297s] INFO:colcon.colcon_core.shell:Creating package script '/home/bodlaire/Desktop/Work/Mocap/install/vesc_msgs/share/vesc_msgs/package.sh'
[4.297s] INFO:colcon.colcon_core.shell:Creating package script '/home/bodlaire/Desktop/Work/Mocap/install/vesc_msgs/share/vesc_msgs/package.bash'
[4.298s] INFO:colcon.colcon_core.shell:Creating package script '/home/bodlaire/Desktop/Work/Mocap/install/vesc_msgs/share/vesc_msgs/package.zsh'
[4.298s] Level 1:colcon.colcon_core.environment:create_file_with_runtime_dependencies(/home/bodlaire/Desktop/Work/Mocap/install/vesc_msgs/share/colcon-core/packages/vesc_msgs)
[4.298s] DEBUG:colcon.colcon_parallel_executor.executor.parallel:closing loop
[4.298s] DEBUG:colcon.colcon_parallel_executor.executor.parallel:loop closed
[4.298s] DEBUG:colcon.colcon_parallel_executor.executor.parallel:run_until_complete finished with '0'
[4.299s] DEBUG:colcon.colcon_core.event_reactor:joining thread
[4.329s] INFO:colcon.colcon_core.plugin_system:Skipping extension 'colcon_notification.desktop_notification.terminal_notifier': Not used on non-Darwin systems
[4.329s] INFO:colcon.colcon_core.plugin_system:Skipping extension 'colcon_notification.desktop_notification.win32': Not used on non-Windows systems
[4.329s] INFO:colcon.colcon_notification.desktop_notification:Sending desktop notification using 'notify2'
[4.340s] DEBUG:colcon.colcon_core.event_reactor:joined thread
[4.367s] INFO:colcon.colcon_core.shell:Creating prefix script '/home/bodlaire/Desktop/Work/Mocap/install/local_setup.ps1'
[4.368s] INFO:colcon.colcon_core.shell:Creating prefix util module '/home/bodlaire/Desktop/Work/Mocap/install/_local_setup_util_ps1.py'
[4.369s] INFO:colcon.colcon_core.shell:Creating prefix chain script '/home/bodlaire/Desktop/Work/Mocap/install/setup.ps1'
[4.394s] INFO:colcon.colcon_core.shell:Creating prefix script '/home/bodlaire/Desktop/Work/Mocap/install/local_setup.sh'
[4.395s] INFO:colcon.colcon_core.shell:Creating prefix util module '/home/bodlaire/Desktop/Work/Mocap/install/_local_setup_util_sh.py'
[4.395s] INFO:colcon.colcon_core.shell:Creating prefix chain script '/home/bodlaire/Desktop/Work/Mocap/install/setup.sh'
[4.417s] INFO:colcon.colcon_core.shell:Creating prefix script '/home/bodlaire/Desktop/Work/Mocap/install/local_setup.bash'
[4.418s] INFO:colcon.colcon_core.shell:Creating prefix chain script '/home/bodlaire/Desktop/Work/Mocap/install/setup.bash'
[4.443s] INFO:colcon.colcon_core.shell:Creating prefix script '/home/bodlaire/Desktop/Work/Mocap/install/local_setup.zsh'
[4.443s] INFO:colcon.colcon_core.shell:Creating prefix chain script '/home/bodlaire/Desktop/Work/Mocap/install/setup.zsh'
