[0.712s] Invoking command in '/home/bodlaire/Desktop/Work/Mocap/build/drive_bridge_msg': CMAKE_PREFIX_PATH=${CMAKE_PREFIX_PATH}:/home/bodlaire/Desktop/Work/Mocap/install/vehicle_state_observer:/home/bodlaire/Desktop/Work/Mocap/install/remote_controller_pkg:/home/bodlaire/Desktop/Work/Mocap/install/mocap_pkg:/opt/ros/foxy /usr/bin/cmake --build /home/bodlaire/Desktop/Work/Mocap/build/drive_bridge_msg -- -j16 -l16
[1.467s] [  3%] Built target drive_bridge_msg__cpp
[1.468s] [ 12%] Built target drive_bridge_msg__rosidl_generator_c
[1.468s] [ 38%] Built target drive_bridge_msg__rosidl_typesupport_introspection_c
[1.468s] [ 41%] Built target drive_bridge_msg__rosidl_typesupport_cpp
[1.469s] [ 41%] Built target drive_bridge_msg__rosidl_typesupport_fastrtps_cpp
[1.471s] [ 51%] Built target drive_bridge_msg__rosidl_typesupport_introspection_cpp
[1.471s] [ 61%] Built target drive_bridge_msg__rosidl_typesupport_c
[1.472s] [ 70%] Built target drive_bridge_msg__rosidl_typesupport_fastrtps_c
[1.472s] [ 70%] Built target drive_bridge_msg
[1.473s] [ 74%] Built target drive_bridge_msg__py
[1.473s] [ 80%] Built target drive_bridge_msg__python
[1.473s] [ 87%] Built target drive_bridge_msg__rosidl_typesupport_c__pyext
[1.474s] [ 93%] Built target drive_bridge_msg__rosidl_typesupport_introspection_c__pyext
[1.474s] [100%] Built target drive_bridge_msg__rosidl_typesupport_fastrtps_c__pyext
[1.488s] Invoked command in '/home/bodlaire/Desktop/Work/Mocap/build/drive_bridge_msg' returned '0': CMAKE_PREFIX_PATH=${CMAKE_PREFIX_PATH}:/home/bodlaire/Desktop/Work/Mocap/install/vehicle_state_observer:/home/bodlaire/Desktop/Work/Mocap/install/remote_controller_pkg:/home/bodlaire/Desktop/Work/Mocap/install/mocap_pkg:/opt/ros/foxy /usr/bin/cmake --build /home/bodlaire/Desktop/Work/Mocap/build/drive_bridge_msg -- -j16 -l16
[1.515s] Invoking command in '/home/bodlaire/Desktop/Work/Mocap/build/drive_bridge_msg': CMAKE_PREFIX_PATH=${CMAKE_PREFIX_PATH}:/home/bodlaire/Desktop/Work/Mocap/install/vehicle_state_observer:/home/bodlaire/Desktop/Work/Mocap/install/remote_controller_pkg:/home/bodlaire/Desktop/Work/Mocap/install/mocap_pkg:/opt/ros/foxy /usr/bin/cmake --install /home/bodlaire/Desktop/Work/Mocap/build/drive_bridge_msg
[1.524s] -- Install configuration: ""
[1.525s] -- Up-to-date: /home/bodlaire/Desktop/Work/Mocap/install/drive_bridge_msg/share/ament_index/resource_index/rosidl_interfaces/drive_bridge_msg
[1.525s] -- Up-to-date: /home/bodlaire/Desktop/Work/Mocap/install/drive_bridge_msg/include/drive_bridge_msg
[1.525s] -- Up-to-date: /home/bodlaire/Desktop/Work/Mocap/install/drive_bridge_msg/include/drive_bridge_msg/msg
[1.525s] -- Up-to-date: /home/bodlaire/Desktop/Work/Mocap/install/drive_bridge_msg/include/drive_bridge_msg/msg/detail
[1.525s] -- Up-to-date: /home/bodlaire/Desktop/Work/Mocap/install/drive_bridge_msg/include/drive_bridge_msg/msg/detail/input_values__struct.h
[1.525s] -- Up-to-date: /home/bodlaire/Desktop/Work/Mocap/install/drive_bridge_msg/include/drive_bridge_msg/msg/detail/input_values__type_support.h
[1.525s] -- Up-to-date: /home/bodlaire/Desktop/Work/Mocap/install/drive_bridge_msg/include/drive_bridge_msg/msg/detail/input_values__functions.c
[1.526s] -- Up-to-date: /home/bodlaire/Desktop/Work/Mocap/install/drive_bridge_msg/include/drive_bridge_msg/msg/detail/input_values__functions.h
[1.526s] -- Up-to-date: /home/bodlaire/Desktop/Work/Mocap/install/drive_bridge_msg/include/drive_bridge_msg/msg/rosidl_generator_c__visibility_control.h
[1.526s] -- Up-to-date: /home/bodlaire/Desktop/Work/Mocap/install/drive_bridge_msg/include/drive_bridge_msg/msg/input_values.h
[1.526s] -- Up-to-date: /home/bodlaire/Desktop/Work/Mocap/install/drive_bridge_msg/share/drive_bridge_msg/environment/library_path.sh
[1.526s] -- Up-to-date: /home/bodlaire/Desktop/Work/Mocap/install/drive_bridge_msg/share/drive_bridge_msg/environment/library_path.dsv
[1.526s] -- Up-to-date: /home/bodlaire/Desktop/Work/Mocap/install/drive_bridge_msg/lib/libdrive_bridge_msg__rosidl_generator_c.so
[1.526s] -- Up-to-date: /home/bodlaire/Desktop/Work/Mocap/install/drive_bridge_msg/include/drive_bridge_msg
[1.526s] -- Up-to-date: /home/bodlaire/Desktop/Work/Mocap/install/drive_bridge_msg/include/drive_bridge_msg/msg
[1.526s] -- Up-to-date: /home/bodlaire/Desktop/Work/Mocap/install/drive_bridge_msg/include/drive_bridge_msg/msg/detail
[1.527s] -- Up-to-date: /home/bodlaire/Desktop/Work/Mocap/install/drive_bridge_msg/include/drive_bridge_msg/msg/detail/input_values__rosidl_typesupport_fastrtps_c.h
[1.527s] -- Up-to-date: /home/bodlaire/Desktop/Work/Mocap/install/drive_bridge_msg/include/drive_bridge_msg/msg/rosidl_typesupport_fastrtps_c__visibility_control.h
[1.527s] -- Up-to-date: /home/bodlaire/Desktop/Work/Mocap/install/drive_bridge_msg/lib/libdrive_bridge_msg__rosidl_typesupport_fastrtps_c.so
[1.527s] -- Up-to-date: /home/bodlaire/Desktop/Work/Mocap/install/drive_bridge_msg/include/drive_bridge_msg
[1.527s] -- Up-to-date: /home/bodlaire/Desktop/Work/Mocap/install/drive_bridge_msg/include/drive_bridge_msg/msg
[1.527s] -- Up-to-date: /home/bodlaire/Desktop/Work/Mocap/install/drive_bridge_msg/include/drive_bridge_msg/msg/detail
[1.527s] -- Up-to-date: /home/bodlaire/Desktop/Work/Mocap/install/drive_bridge_msg/include/drive_bridge_msg/msg/detail/input_values__rosidl_typesupport_fastrtps_cpp.hpp
[1.527s] -- Up-to-date: /home/bodlaire/Desktop/Work/Mocap/install/drive_bridge_msg/include/drive_bridge_msg/msg/detail/dds_fastrtps
[1.527s] -- Up-to-date: /home/bodlaire/Desktop/Work/Mocap/install/drive_bridge_msg/include/drive_bridge_msg/msg/rosidl_typesupport_fastrtps_cpp__visibility_control.h
[1.527s] -- Up-to-date: /home/bodlaire/Desktop/Work/Mocap/install/drive_bridge_msg/lib/libdrive_bridge_msg__rosidl_typesupport_fastrtps_cpp.so
[1.527s] -- Up-to-date: /home/bodlaire/Desktop/Work/Mocap/install/drive_bridge_msg/include/drive_bridge_msg
[1.528s] -- Up-to-date: /home/bodlaire/Desktop/Work/Mocap/install/drive_bridge_msg/include/drive_bridge_msg/msg
[1.528s] -- Up-to-date: /home/bodlaire/Desktop/Work/Mocap/install/drive_bridge_msg/include/drive_bridge_msg/msg/detail
[1.528s] -- Up-to-date: /home/bodlaire/Desktop/Work/Mocap/install/drive_bridge_msg/include/drive_bridge_msg/msg/detail/input_values__rosidl_typesupport_introspection_c.h
[1.528s] -- Up-to-date: /home/bodlaire/Desktop/Work/Mocap/install/drive_bridge_msg/include/drive_bridge_msg/msg/detail/input_values__type_support.c
[1.528s] -- Up-to-date: /home/bodlaire/Desktop/Work/Mocap/install/drive_bridge_msg/include/drive_bridge_msg/msg/rosidl_typesupport_introspection_c__visibility_control.h
[1.528s] -- Up-to-date: /home/bodlaire/Desktop/Work/Mocap/install/drive_bridge_msg/lib/libdrive_bridge_msg__rosidl_typesupport_introspection_c.so
[1.528s] -- Up-to-date: /home/bodlaire/Desktop/Work/Mocap/install/drive_bridge_msg/lib/libdrive_bridge_msg__rosidl_typesupport_c.so
[1.528s] -- Up-to-date: /home/bodlaire/Desktop/Work/Mocap/install/drive_bridge_msg/include/drive_bridge_msg
[1.528s] -- Up-to-date: /home/bodlaire/Desktop/Work/Mocap/install/drive_bridge_msg/include/drive_bridge_msg/msg
[1.529s] -- Up-to-date: /home/bodlaire/Desktop/Work/Mocap/install/drive_bridge_msg/include/drive_bridge_msg/msg/rosidl_generator_cpp__visibility_control.hpp
[1.529s] -- Up-to-date: /home/bodlaire/Desktop/Work/Mocap/install/drive_bridge_msg/include/drive_bridge_msg/msg/detail
[1.529s] -- Up-to-date: /home/bodlaire/Desktop/Work/Mocap/install/drive_bridge_msg/include/drive_bridge_msg/msg/detail/input_values__builder.hpp
[1.529s] -- Up-to-date: /home/bodlaire/Desktop/Work/Mocap/install/drive_bridge_msg/include/drive_bridge_msg/msg/detail/input_values__traits.hpp
[1.529s] -- Up-to-date: /home/bodlaire/Desktop/Work/Mocap/install/drive_bridge_msg/include/drive_bridge_msg/msg/detail/input_values__struct.hpp
[1.529s] -- Up-to-date: /home/bodlaire/Desktop/Work/Mocap/install/drive_bridge_msg/include/drive_bridge_msg/msg/detail/input_values__type_support.hpp
[1.529s] -- Up-to-date: /home/bodlaire/Desktop/Work/Mocap/install/drive_bridge_msg/include/drive_bridge_msg/msg/input_values.hpp
[1.529s] -- Up-to-date: /home/bodlaire/Desktop/Work/Mocap/install/drive_bridge_msg/include/drive_bridge_msg
[1.529s] -- Up-to-date: /home/bodlaire/Desktop/Work/Mocap/install/drive_bridge_msg/include/drive_bridge_msg/msg
[1.529s] -- Up-to-date: /home/bodlaire/Desktop/Work/Mocap/install/drive_bridge_msg/include/drive_bridge_msg/msg/detail
[1.529s] -- Up-to-date: /home/bodlaire/Desktop/Work/Mocap/install/drive_bridge_msg/include/drive_bridge_msg/msg/detail/input_values__rosidl_typesupport_introspection_cpp.hpp
[1.530s] -- Up-to-date: /home/bodlaire/Desktop/Work/Mocap/install/drive_bridge_msg/include/drive_bridge_msg/msg/detail/input_values__type_support.cpp
[1.530s] -- Up-to-date: /home/bodlaire/Desktop/Work/Mocap/install/drive_bridge_msg/lib/libdrive_bridge_msg__rosidl_typesupport_introspection_cpp.so
[1.530s] -- Up-to-date: /home/bodlaire/Desktop/Work/Mocap/install/drive_bridge_msg/lib/libdrive_bridge_msg__rosidl_typesupport_cpp.so
[1.530s] -- Up-to-date: /home/bodlaire/Desktop/Work/Mocap/install/drive_bridge_msg/share/drive_bridge_msg/environment/pythonpath.sh
[1.530s] -- Up-to-date: /home/bodlaire/Desktop/Work/Mocap/install/drive_bridge_msg/share/drive_bridge_msg/environment/pythonpath.dsv
[1.532s] -- Up-to-date: /home/bodlaire/Desktop/Work/Mocap/install/drive_bridge_msg/lib/python3.8/site-packages/drive_bridge_msg/__init__.py
[1.561s] -- Up-to-date: /home/bodlaire/Desktop/Work/Mocap/install/drive_bridge_msg/lib/python3.8/site-packages/drive_bridge_msg/msg
[1.561s] -- Up-to-date: /home/bodlaire/Desktop/Work/Mocap/install/drive_bridge_msg/lib/python3.8/site-packages/drive_bridge_msg/msg/_input_values_s.c
[1.562s] -- Up-to-date: /home/bodlaire/Desktop/Work/Mocap/install/drive_bridge_msg/lib/python3.8/site-packages/drive_bridge_msg/msg/_input_values.py
[1.562s] -- Up-to-date: /home/bodlaire/Desktop/Work/Mocap/install/drive_bridge_msg/lib/python3.8/site-packages/drive_bridge_msg/msg/__init__.py
[1.563s] -- Up-to-date: /home/bodlaire/Desktop/Work/Mocap/install/drive_bridge_msg/lib/python3.8/site-packages/drive_bridge_msg/drive_bridge_msg_s__rosidl_typesupport_fastrtps_c.cpython-38-x86_64-linux-gnu.so
[1.565s] -- Up-to-date: /home/bodlaire/Desktop/Work/Mocap/install/drive_bridge_msg/lib/python3.8/site-packages/drive_bridge_msg/drive_bridge_msg_s__rosidl_typesupport_introspection_c.cpython-38-x86_64-linux-gnu.so
[1.567s] -- Up-to-date: /home/bodlaire/Desktop/Work/Mocap/install/drive_bridge_msg/lib/python3.8/site-packages/drive_bridge_msg/drive_bridge_msg_s__rosidl_typesupport_c.cpython-38-x86_64-linux-gnu.so
[1.567s] -- Up-to-date: /home/bodlaire/Desktop/Work/Mocap/install/drive_bridge_msg/lib/libdrive_bridge_msg__python.so
[1.568s] -- Up-to-date: /home/bodlaire/Desktop/Work/Mocap/install/drive_bridge_msg/share/drive_bridge_msg/msg/InputValues.idl
[1.568s] -- Up-to-date: /home/bodlaire/Desktop/Work/Mocap/install/drive_bridge_msg/share/drive_bridge_msg/msg/InputValues.msg
[1.568s] -- Up-to-date: /home/bodlaire/Desktop/Work/Mocap/install/drive_bridge_msg/share/ament_index/resource_index/package_run_dependencies/drive_bridge_msg
[1.568s] -- Up-to-date: /home/bodlaire/Desktop/Work/Mocap/install/drive_bridge_msg/share/ament_index/resource_index/parent_prefix_path/drive_bridge_msg
[1.568s] -- Up-to-date: /home/bodlaire/Desktop/Work/Mocap/install/drive_bridge_msg/share/drive_bridge_msg/environment/ament_prefix_path.sh
[1.568s] -- Up-to-date: /home/bodlaire/Desktop/Work/Mocap/install/drive_bridge_msg/share/drive_bridge_msg/environment/ament_prefix_path.dsv
[1.569s] -- Up-to-date: /home/bodlaire/Desktop/Work/Mocap/install/drive_bridge_msg/share/drive_bridge_msg/environment/path.sh
[1.569s] -- Up-to-date: /home/bodlaire/Desktop/Work/Mocap/install/drive_bridge_msg/share/drive_bridge_msg/environment/path.dsv
[1.569s] -- Up-to-date: /home/bodlaire/Desktop/Work/Mocap/install/drive_bridge_msg/share/drive_bridge_msg/local_setup.bash
[1.569s] -- Up-to-date: /home/bodlaire/Desktop/Work/Mocap/install/drive_bridge_msg/share/drive_bridge_msg/local_setup.sh
[1.569s] -- Up-to-date: /home/bodlaire/Desktop/Work/Mocap/install/drive_bridge_msg/share/drive_bridge_msg/local_setup.zsh
[1.570s] -- Up-to-date: /home/bodlaire/Desktop/Work/Mocap/install/drive_bridge_msg/share/drive_bridge_msg/local_setup.dsv
[1.572s] -- Installing: /home/bodlaire/Desktop/Work/Mocap/install/drive_bridge_msg/share/drive_bridge_msg/package.dsv
[1.572s] -- Up-to-date: /home/bodlaire/Desktop/Work/Mocap/install/drive_bridge_msg/share/ament_index/resource_index/packages/drive_bridge_msg
[1.572s] -- Up-to-date: /home/bodlaire/Desktop/Work/Mocap/install/drive_bridge_msg/share/drive_bridge_msg/cmake/drive_bridge_msg__rosidl_generator_cExport.cmake
[1.573s] -- Up-to-date: /home/bodlaire/Desktop/Work/Mocap/install/drive_bridge_msg/share/drive_bridge_msg/cmake/drive_bridge_msg__rosidl_generator_cExport-noconfig.cmake
[1.575s] -- Up-to-date: /home/bodlaire/Desktop/Work/Mocap/install/drive_bridge_msg/share/drive_bridge_msg/cmake/drive_bridge_msg__rosidl_typesupport_introspection_cExport.cmake
[1.576s] -- Up-to-date: /home/bodlaire/Desktop/Work/Mocap/install/drive_bridge_msg/share/drive_bridge_msg/cmake/drive_bridge_msg__rosidl_typesupport_introspection_cExport-noconfig.cmake
[1.578s] -- Up-to-date: /home/bodlaire/Desktop/Work/Mocap/install/drive_bridge_msg/share/drive_bridge_msg/cmake/drive_bridge_msg__rosidl_typesupport_cExport.cmake
[1.578s] -- Up-to-date: /home/bodlaire/Desktop/Work/Mocap/install/drive_bridge_msg/share/drive_bridge_msg/cmake/drive_bridge_msg__rosidl_typesupport_cExport-noconfig.cmake
[1.578s] -- Up-to-date: /home/bodlaire/Desktop/Work/Mocap/install/drive_bridge_msg/share/drive_bridge_msg/cmake/drive_bridge_msg__rosidl_generator_cppExport.cmake
[1.579s] -- Up-to-date: /home/bodlaire/Desktop/Work/Mocap/install/drive_bridge_msg/share/drive_bridge_msg/cmake/drive_bridge_msg__rosidl_typesupport_introspection_cppExport.cmake
[1.579s] -- Up-to-date: /home/bodlaire/Desktop/Work/Mocap/install/drive_bridge_msg/share/drive_bridge_msg/cmake/drive_bridge_msg__rosidl_typesupport_introspection_cppExport-noconfig.cmake
[1.580s] -- Up-to-date: /home/bodlaire/Desktop/Work/Mocap/install/drive_bridge_msg/share/drive_bridge_msg/cmake/drive_bridge_msg__rosidl_typesupport_cppExport.cmake
[1.581s] -- Up-to-date: /home/bodlaire/Desktop/Work/Mocap/install/drive_bridge_msg/share/drive_bridge_msg/cmake/drive_bridge_msg__rosidl_typesupport_cppExport-noconfig.cmake
[1.581s] -- Up-to-date: /home/bodlaire/Desktop/Work/Mocap/install/drive_bridge_msg/share/drive_bridge_msg/cmake/rosidl_cmake-extras.cmake
[1.581s] -- Up-to-date: /home/bodlaire/Desktop/Work/Mocap/install/drive_bridge_msg/share/drive_bridge_msg/cmake/ament_cmake_export_dependencies-extras.cmake
[1.581s] -- Up-to-date: /home/bodlaire/Desktop/Work/Mocap/install/drive_bridge_msg/share/drive_bridge_msg/cmake/ament_cmake_export_libraries-extras.cmake
[1.581s] -- Up-to-date: /home/bodlaire/Desktop/Work/Mocap/install/drive_bridge_msg/share/drive_bridge_msg/cmake/ament_cmake_export_targets-extras.cmake
[1.582s] -- Up-to-date: /home/bodlaire/Desktop/Work/Mocap/install/drive_bridge_msg/share/drive_bridge_msg/cmake/ament_cmake_export_include_directories-extras.cmake
[1.584s] -- Up-to-date: /home/bodlaire/Desktop/Work/Mocap/install/drive_bridge_msg/share/drive_bridge_msg/cmake/rosidl_cmake_export_typesupport_libraries-extras.cmake
[1.584s] -- Up-to-date: /home/bodlaire/Desktop/Work/Mocap/install/drive_bridge_msg/share/drive_bridge_msg/cmake/rosidl_cmake_export_typesupport_targets-extras.cmake
[1.585s] -- Up-to-date: /home/bodlaire/Desktop/Work/Mocap/install/drive_bridge_msg/share/drive_bridge_msg/cmake/drive_bridge_msgConfig.cmake
[1.586s] -- Up-to-date: /home/bodlaire/Desktop/Work/Mocap/install/drive_bridge_msg/share/drive_bridge_msg/cmake/drive_bridge_msgConfig-version.cmake
[1.588s] -- Up-to-date: /home/bodlaire/Desktop/Work/Mocap/install/drive_bridge_msg/share/drive_bridge_msg/package.xml
[1.701s] Invoked command in '/home/bodlaire/Desktop/Work/Mocap/build/drive_bridge_msg' returned '0': CMAKE_PREFIX_PATH=${CMAKE_PREFIX_PATH}:/home/bodlaire/Desktop/Work/Mocap/install/vehicle_state_observer:/home/bodlaire/Desktop/Work/Mocap/install/remote_controller_pkg:/home/bodlaire/Desktop/Work/Mocap/install/mocap_pkg:/opt/ros/foxy /usr/bin/cmake --install /home/bodlaire/Desktop/Work/Mocap/build/drive_bridge_msg
