[0.309s] Invoking command in '/home/bodlaire/Desktop/Work/Mocap/build/vehicle_state_msgs': CMAKE_PREFIX_PATH=/opt/ros/foxy /usr/bin/cmake /home/bodlaire/Desktop/Work/Mocap/src/vehicle_state_msgs -DCMAKE_INSTALL_PREFIX=/home/bodlaire/Desktop/Work/Mocap/install/vehicle_state_msgs
[0.359s] -- The C compiler identification is GNU 9.4.0
[0.401s] -- The CXX compiler identification is GNU 9.4.0
[0.405s] -- Check for working C compiler: /usr/bin/cc
[0.459s] -- Check for working C compiler: /usr/bin/cc -- works
[0.461s] -- Detecting C compiler ABI info
[0.520s] -- Detecting C compiler ABI info - done
[0.530s] -- Detecting C compile features
[0.530s] -- Detecting C compile features - done
[0.531s] -- Check for working CXX compiler: /usr/bin/c++
[0.607s] -- Check for working CXX compiler: /usr/bin/c++ -- works
[0.609s] -- Detecting CXX compiler ABI info
[0.682s] -- Detecting CXX compiler ABI info - done
[0.696s] -- Detecting CXX compile features
[0.697s] -- Detecting CXX compile features - done
[0.698s] -- Found ament_cmake: 0.9.12 (/opt/ros/foxy/share/ament_cmake/cmake)
[0.714s] -- Found PythonInterp: /usr/bin/python3 (found suitable version "3.8.10", minimum required is "3") 
[0.714s] -- Using PYTHON_EXECUTABLE: /usr/bin/python3
[0.848s] -- Found rosidl_default_generators: 1.0.1 (/opt/ros/foxy/share/rosidl_default_generators/cmake)
[0.850s] -- Using all available rosidl_typesupport_c: rosidl_typesupport_fastrtps_c;rosidl_typesupport_introspection_c
[0.853s] -- Found rosidl_adapter: 1.3.1 (/opt/ros/foxy/share/rosidl_adapter/cmake)
[0.921s] -- Found OpenSSL: /usr/lib/x86_64-linux-gnu/libcrypto.so (found version "1.1.1f")  
[0.942s] -- Found FastRTPS: /opt/ros/foxy/include  
[1.001s] -- Using all available rosidl_typesupport_cpp: rosidl_typesupport_fastrtps_cpp;rosidl_typesupport_introspection_cpp
[1.021s] -- Found std_msgs: 2.0.5 (/opt/ros/foxy/share/std_msgs/cmake)
[1.059s] -- Found PythonInterp: /usr/bin/python3 (found version "3.8.10") 
[1.189s] CMake Error at /opt/ros/foxy/share/rosidl_adapter/cmake/rosidl_adapt_interfaces.cmake:60 (message):
[1.189s]   execute_process(/usr/bin/python3 -m rosidl_adapter --package-name
[1.190s]   vehicle_state_msgs --arguments-file
[1.190s]   /home/bodlaire/Desktop/Work/Mocap/build/vehicle_state_msgs/rosidl_adapter__arguments__vehicle_state_msgs.json
[1.190s]   --output-dir
[1.190s]   /home/bodlaire/Desktop/Work/Mocap/build/vehicle_state_msgs/rosidl_adapter/vehicle_state_msgs
[1.190s]   --output-file
[1.190s]   /home/bodlaire/Desktop/Work/Mocap/build/vehicle_state_msgs/rosidl_adapter/vehicle_state_msgs.idls)
[1.191s]   returned error code 1:
[1.191s] 
[1.191s]   Traceback (most recent call last):
[1.191s] 
[1.191s]     File "/usr/lib/python3.8/runpy.py", line 194, in _run_module_as_main
[1.191s]       return _run_code(code, main_globals, None,
[1.192s]     File "/usr/lib/python3.8/runpy.py", line 87, in _run_code
[1.192s]       exec(code, run_globals)
[1.192s]     File "/opt/ros/foxy/lib/python3.8/site-packages/rosidl_adapter/__main__.py", line 19, in <module>
[1.192s]       sys.exit(main())
[1.192s]     File "/opt/ros/foxy/lib/python3.8/site-packages/rosidl_adapter/main.py", line 53, in main
[1.192s]       abs_idl_file = convert_to_idl(
[1.193s]     File "/opt/ros/foxy/lib/python3.8/site-packages/rosidl_adapter/__init__.py", line 19, in convert_to_idl
[1.193s]       return convert_msg_to_idl(
[1.193s]     File "/opt/ros/foxy/lib/python3.8/site-packages/rosidl_adapter/msg/__init__.py", line 28, in convert_msg_to_idl
[1.193s]       msg = parse_message_string(package_name, input_file.stem, content)
[1.193s]     File "/opt/ros/foxy/lib/python3.8/site-packages/rosidl_adapter/parser.py", line 540, in parse_message_string
[1.193s]       msg = MessageSpecification(pkg_name, msg_name, fields, constants)
[1.193s]     File "/opt/ros/foxy/lib/python3.8/site-packages/rosidl_adapter/parser.py", line 387, in __init__
[1.194s]       self.base_type = BaseType(
[1.194s]     File "/opt/ros/foxy/lib/python3.8/site-packages/rosidl_adapter/parser.py", line 204, in __init__
[1.194s]       raise InvalidResourceName(
[1.194s] 
[1.194s]   rosidl_adapter.parser.InvalidResourceName: 'VehicleStateStamped_1' is an
[1.194s]   invalid message name.  It should have the pattern '^[A-Z][A-Za-z0-9]*$'
[1.195s] 
[1.195s] Call Stack (most recent call first):
[1.195s]   /opt/ros/foxy/share/rosidl_cmake/cmake/rosidl_generate_interfaces.cmake:130 (rosidl_adapt_interfaces)
[1.195s]   CMakeLists.txt:12 (rosidl_generate_interfaces)
[1.195s] 
[1.195s] 
[1.195s] -- Configuring incomplete, errors occurred!
[1.196s] See also "/home/bodlaire/Desktop/Work/Mocap/build/vehicle_state_msgs/CMakeFiles/CMakeOutput.log".
[1.200s] Invoked command in '/home/bodlaire/Desktop/Work/Mocap/build/vehicle_state_msgs' returned '1': CMAKE_PREFIX_PATH=/opt/ros/foxy /usr/bin/cmake /home/bodlaire/Desktop/Work/Mocap/src/vehicle_state_msgs -DCMAKE_INSTALL_PREFIX=/home/bodlaire/Desktop/Work/Mocap/install/vehicle_state_msgs
