[1.247s] Invoking command in '/home/bodlaire/Desktop/Work/Mocap/src/vehicle_state_observer': PYTHONPATH=/home/bodlaire/Desktop/Work/Mocap/build/vehicle_state_observer/prefix_override:/home/bodlaire/Desktop/Work/Mocap/install/vehicle_state_observer/lib/python3.8/site-packages:${PYTHONPATH} /usr/bin/python3 setup.py egg_info --egg-base ../../build/vehicle_state_observer build --build-base /home/bodlaire/Desktop/Work/Mocap/build/vehicle_state_observer/build install --record /home/bodlaire/Desktop/Work/Mocap/build/vehicle_state_observer/install.log --install-scripts $base/lib/vehicle_state_observer --single-version-externally-managed
[1.376s] running egg_info
[1.377s] writing ../../build/vehicle_state_observer/vehicle_state_observer.egg-info/PKG-INFO
[1.378s] writing dependency_links to ../../build/vehicle_state_observer/vehicle_state_observer.egg-info/dependency_links.txt
[1.378s] writing entry points to ../../build/vehicle_state_observer/vehicle_state_observer.egg-info/entry_points.txt
[1.379s] writing requirements to ../../build/vehicle_state_observer/vehicle_state_observer.egg-info/requires.txt
[1.379s] writing top-level names to ../../build/vehicle_state_observer/vehicle_state_observer.egg-info/top_level.txt
[1.398s] reading manifest file '../../build/vehicle_state_observer/vehicle_state_observer.egg-info/SOURCES.txt'
[1.398s] writing manifest file '../../build/vehicle_state_observer/vehicle_state_observer.egg-info/SOURCES.txt'
[1.398s] running build
[1.398s] running build_py
[1.398s] copying vehicle_state_observer/optitrack_state_observer_node.py -> /home/bodlaire/Desktop/Work/Mocap/build/vehicle_state_observer/build/lib/vehicle_state_observer
[1.399s] running install
[1.399s] running install_lib
[1.399s] copying /home/bodlaire/Desktop/Work/Mocap/build/vehicle_state_observer/build/lib/vehicle_state_observer/optitrack_state_observer_node.py -> /home/bodlaire/Desktop/Work/Mocap/install/vehicle_state_observer/lib/python3.8/site-packages/vehicle_state_observer
[1.399s] byte-compiling /home/bodlaire/Desktop/Work/Mocap/install/vehicle_state_observer/lib/python3.8/site-packages/vehicle_state_observer/optitrack_state_observer_node.py to optitrack_state_observer_node.cpython-38.pyc
[1.400s] Sorry: IndentationError: expected an indented block (optitrack_state_observer_node.py, line 257)
[1.400s] running install_data
[1.400s] copying config/param.yaml -> /home/bodlaire/Desktop/Work/Mocap/install/vehicle_state_observer/share/vehicle_state_observer
[1.400s] running install_egg_info
[1.401s] removing '/home/bodlaire/Desktop/Work/Mocap/install/vehicle_state_observer/lib/python3.8/site-packages/vehicle_state_observer-0.0.0-py3.8.egg-info' (and everything under it)
[1.401s] Copying ../../build/vehicle_state_observer/vehicle_state_observer.egg-info to /home/bodlaire/Desktop/Work/Mocap/install/vehicle_state_observer/lib/python3.8/site-packages/vehicle_state_observer-0.0.0-py3.8.egg-info
[1.402s] running install_scripts
[1.415s] Installing optitrack_state_observer_node script to /home/bodlaire/Desktop/Work/Mocap/install/vehicle_state_observer/lib/vehicle_state_observer
[1.417s] writing list of installed files to '/home/bodlaire/Desktop/Work/Mocap/build/vehicle_state_observer/install.log'
[1.566s] Invoked command in '/home/bodlaire/Desktop/Work/Mocap/src/vehicle_state_observer' returned '0': PYTHONPATH=/home/bodlaire/Desktop/Work/Mocap/build/vehicle_state_observer/prefix_override:/home/bodlaire/Desktop/Work/Mocap/install/vehicle_state_observer/lib/python3.8/site-packages:${PYTHONPATH} /usr/bin/python3 setup.py egg_info --egg-base ../../build/vehicle_state_observer build --build-base /home/bodlaire/Desktop/Work/Mocap/build/vehicle_state_observer/build install --record /home/bodlaire/Desktop/Work/Mocap/build/vehicle_state_observer/install.log --install-scripts $base/lib/vehicle_state_observer --single-version-externally-managed
