[0.326s] Invoking command in '/home/bodlaire/Desktop/Work/Mocap/build/vehicle_state_msgs': CMAKE_PREFIX_PATH=/opt/ros/foxy /usr/bin/cmake /home/bodlaire/Desktop/Work/Mocap/src/vehicle_state_msgs -DCMAKE_INSTALL_PREFIX=/home/bodlaire/Desktop/Work/Mocap/install/vehicle_state_msgs
[0.327s] -- Found ament_cmake: 0.9.12 (/opt/ros/foxy/share/ament_cmake/cmake)
[0.341s] -- Found PythonInterp: /usr/bin/python3 (found suitable version "3.8.10", minimum required is "3") 
[0.342s] -- Using PYTHON_EXECUTABLE: /usr/bin/python3
[0.472s] -- Found rosidl_default_generators: 1.0.1 (/opt/ros/foxy/share/rosidl_default_generators/cmake)
[0.473s] -- Using all available rosidl_typesupport_c: rosidl_typesupport_fastrtps_c;rosidl_typesupport_introspection_c
[0.476s] -- Found rosidl_adapter: 1.3.1 (/opt/ros/foxy/share/rosidl_adapter/cmake)
[0.567s] -- Using all available rosidl_typesupport_cpp: rosidl_typesupport_fastrtps_cpp;rosidl_typesupport_introspection_cpp
[0.581s] -- Found std_msgs: 2.0.5 (/opt/ros/foxy/share/std_msgs/cmake)
[0.638s] -- Found PythonInterp: /usr/bin/python3 (found version "3.8.10") 
[0.716s] -- Found ament_cmake_ros: 0.9.2 (/opt/ros/foxy/share/ament_cmake_ros/cmake)
[0.796s] -- Using all available rosidl_typesupport_c: rosidl_typesupport_fastrtps_c;rosidl_typesupport_introspection_c
[0.800s] -- Using all available rosidl_typesupport_cpp: rosidl_typesupport_fastrtps_cpp;rosidl_typesupport_introspection_cpp
[0.818s] -- Found PythonInterp: /usr/bin/python3 (found suitable version "3.8.10", minimum required is "3.5") 
[0.821s] -- Found python_cmake_module: 0.8.1 (/opt/ros/foxy/share/python_cmake_module/cmake)
[0.838s] -- Found PythonLibs: /usr/lib/x86_64-linux-gnu/libpython3.8.so (found suitable version "3.8.10", minimum required is "3.5") 
[0.838s] -- Using PYTHON_EXECUTABLE: /usr/bin/python3
[0.839s] -- Using PYTHON_INCLUDE_DIRS: /usr/include/python3.8
[0.839s] -- Using PYTHON_LIBRARIES: /usr/lib/x86_64-linux-gnu/libpython3.8.so
[0.859s] -- Found PythonExtra: .so  
[0.893s] -- Found ament_lint_auto: 0.9.8 (/opt/ros/foxy/share/ament_lint_auto/cmake)
[0.904s] -- Added test 'copyright' to check source files copyright and LICENSE
[0.905s] -- Added test 'lint_cmake' to check CMake code style
[0.906s] -- Added test 'xmllint' to check XML markup files
[0.908s] -- Configuring done
[0.927s] -- Generating done
[0.929s] -- Build files have been written to: /home/bodlaire/Desktop/Work/Mocap/build/vehicle_state_msgs
[0.986s] Invoked command in '/home/bodlaire/Desktop/Work/Mocap/build/vehicle_state_msgs' returned '0': CMAKE_PREFIX_PATH=/opt/ros/foxy /usr/bin/cmake /home/bodlaire/Desktop/Work/Mocap/src/vehicle_state_msgs -DCMAKE_INSTALL_PREFIX=/home/bodlaire/Desktop/Work/Mocap/install/vehicle_state_msgs
[0.988s] Invoking command in '/home/bodlaire/Desktop/Work/Mocap/build/vehicle_state_msgs': CMAKE_PREFIX_PATH=/opt/ros/foxy /usr/bin/cmake --build /home/bodlaire/Desktop/Work/Mocap/build/vehicle_state_msgs -- -j16 -l16
[1.026s] [35m[1mScanning dependencies of target vehicle_state_msgs__cpp[0m
[1.029s] [  3%] [34m[1mGenerating C code for ROS interfaces[0m
[1.033s] [  6%] [34m[1mGenerating C++ code for ROS interfaces[0m
[1.183s] [35m[1mScanning dependencies of target vehicle_state_msgs__rosidl_generator_c[0m
[1.183s] [  6%] Built target vehicle_state_msgs__cpp
[1.190s] [ 12%] [34m[1mGenerating C++ type support dispatch for ROS interfaces[0m
[1.190s] [ 12%] [34m[1mGenerating C++ type support for eProsima Fast-RTPS[0m
[1.190s] [ 16%] [32mBuilding C object CMakeFiles/vehicle_state_msgs__rosidl_generator_c.dir/rosidl_generator_c/vehicle_state_msgs/msg/detail/input_value__functions.c.o[0m
[1.193s] [ 19%] [34m[1mGenerating C++ introspection for ROS interfaces[0m
[1.232s] [ 22%] [32m[1mLinking C shared library libvehicle_state_msgs__rosidl_generator_c.so[0m
[1.264s] [ 22%] Built target vehicle_state_msgs__rosidl_generator_c
[1.271s] [ 25%] [34m[1mGenerating C introspection for ROS interfaces[0m
[1.275s] [ 29%] [34m[1mGenerating C type support dispatch for ROS interfaces[0m
[1.326s] [35m[1mScanning dependencies of target vehicle_state_msgs__rosidl_typesupport_cpp[0m
[1.335s] [ 32%] [32mBuilding CXX object CMakeFiles/vehicle_state_msgs__rosidl_typesupport_cpp.dir/rosidl_typesupport_cpp/vehicle_state_msgs/msg/input_value__type_support.cpp.o[0m
[1.343s] [35m[1mScanning dependencies of target vehicle_state_msgs__rosidl_typesupport_introspection_cpp[0m
[1.352s] [35m[1mScanning dependencies of target vehicle_state_msgs__rosidl_typesupport_fastrtps_cpp[0m
[1.353s] [ 35%] [32mBuilding CXX object CMakeFiles/vehicle_state_msgs__rosidl_typesupport_introspection_cpp.dir/rosidl_typesupport_introspection_cpp/vehicle_state_msgs/msg/detail/input_value__type_support.cpp.o[0m
[1.367s] [ 38%] [32mBuilding CXX object CMakeFiles/vehicle_state_msgs__rosidl_typesupport_fastrtps_cpp.dir/rosidl_typesupport_fastrtps_cpp/vehicle_state_msgs/msg/detail/dds_fastrtps/input_value__type_support.cpp.o[0m
[1.439s] [35m[1mScanning dependencies of target vehicle_state_msgs__rosidl_typesupport_introspection_c[0m
[1.446s] [35m[1mScanning dependencies of target vehicle_state_msgs__rosidl_typesupport_c[0m
[1.446s] [ 41%] [32mBuilding C object CMakeFiles/vehicle_state_msgs__rosidl_typesupport_introspection_c.dir/rosidl_typesupport_introspection_c/vehicle_state_msgs/msg/detail/input_value__type_support.c.o[0m
[1.455s] [ 45%] [32mBuilding CXX object CMakeFiles/vehicle_state_msgs__rosidl_typesupport_c.dir/rosidl_typesupport_c/vehicle_state_msgs/msg/input_value__type_support.cpp.o[0m
[1.474s] [ 48%] [32m[1mLinking C shared library libvehicle_state_msgs__rosidl_typesupport_introspection_c.so[0m
[1.477s] [ 51%] [32m[1mLinking CXX shared library libvehicle_state_msgs__rosidl_typesupport_c.so[0m
[1.501s] [ 51%] Built target vehicle_state_msgs__rosidl_typesupport_introspection_c
[1.508s] [ 51%] Built target vehicle_state_msgs__rosidl_typesupport_c
[1.555s] [ 54%] [32m[1mLinking CXX shared library libvehicle_state_msgs__rosidl_typesupport_cpp.so[0m
[1.562s] [ 58%] [32m[1mLinking CXX shared library libvehicle_state_msgs__rosidl_typesupport_introspection_cpp.so[0m
[1.590s] [ 58%] Built target vehicle_state_msgs__rosidl_typesupport_cpp
[1.594s] [ 58%] Built target vehicle_state_msgs__rosidl_typesupport_introspection_cpp
[1.660s] [ 61%] [32m[1mLinking CXX shared library libvehicle_state_msgs__rosidl_typesupport_fastrtps_cpp.so[0m
[1.720s] [ 61%] Built target vehicle_state_msgs__rosidl_typesupport_fastrtps_cpp
[1.728s] [ 64%] [34m[1mGenerating C type support for eProsima Fast-RTPS[0m
[1.875s] [35m[1mScanning dependencies of target vehicle_state_msgs__rosidl_typesupport_fastrtps_c[0m
[1.887s] [ 67%] [32mBuilding CXX object CMakeFiles/vehicle_state_msgs__rosidl_typesupport_fastrtps_c.dir/rosidl_typesupport_fastrtps_c/vehicle_state_msgs/msg/detail/input_value__type_support_c.cpp.o[0m
[2.130s] [ 70%] [32m[1mLinking CXX shared library libvehicle_state_msgs__rosidl_typesupport_fastrtps_c.so[0m
[2.192s] [ 70%] Built target vehicle_state_msgs__rosidl_typesupport_fastrtps_c
[2.201s] [35m[1mScanning dependencies of target vehicle_state_msgs[0m
[2.210s] [ 70%] Built target vehicle_state_msgs
[2.222s] [35m[1mScanning dependencies of target vehicle_state_msgs__py[0m
[2.234s] [ 74%] [34m[1mGenerating Python code for ROS interfaces[0m
[2.483s] [ 74%] Built target vehicle_state_msgs__py
[2.490s] [35m[1mScanning dependencies of target vehicle_state_msgs__python[0m
[2.505s] [ 77%] [32mBuilding C object CMakeFiles/vehicle_state_msgs__python.dir/rosidl_generator_py/vehicle_state_msgs/msg/_input_value_s.c.o[0m
[2.577s] [ 80%] [32m[1mLinking C shared library rosidl_generator_py/vehicle_state_msgs/libvehicle_state_msgs__python.so[0m
[2.620s] [ 80%] Built target vehicle_state_msgs__python
[2.628s] [35m[1mScanning dependencies of target vehicle_state_msgs__rosidl_typesupport_c__pyext[0m
[2.630s] [35m[1mScanning dependencies of target vehicle_state_msgs__rosidl_typesupport_fastrtps_c__pyext[0m
[2.630s] [35m[1mScanning dependencies of target vehicle_state_msgs__rosidl_typesupport_introspection_c__pyext[0m
[2.640s] [ 83%] [32mBuilding C object CMakeFiles/vehicle_state_msgs__rosidl_typesupport_fastrtps_c__pyext.dir/rosidl_generator_py/vehicle_state_msgs/_vehicle_state_msgs_s.ep.rosidl_typesupport_fastrtps_c.c.o[0m
[2.642s] [ 87%] [32mBuilding C object CMakeFiles/vehicle_state_msgs__rosidl_typesupport_c__pyext.dir/rosidl_generator_py/vehicle_state_msgs/_vehicle_state_msgs_s.ep.rosidl_typesupport_c.c.o[0m
[2.646s] [ 90%] [32mBuilding C object CMakeFiles/vehicle_state_msgs__rosidl_typesupport_introspection_c__pyext.dir/rosidl_generator_py/vehicle_state_msgs/_vehicle_state_msgs_s.ep.rosidl_typesupport_introspection_c.c.o[0m
[2.692s] [ 93%] [32m[1mLinking C shared library rosidl_generator_py/vehicle_state_msgs/vehicle_state_msgs_s__rosidl_typesupport_c.cpython-38-x86_64-linux-gnu.so[0m
[2.697s] [ 96%] [32m[1mLinking CXX shared library rosidl_generator_py/vehicle_state_msgs/vehicle_state_msgs_s__rosidl_typesupport_fastrtps_c.cpython-38-x86_64-linux-gnu.so[0m
[2.697s] [100%] [32m[1mLinking C shared library rosidl_generator_py/vehicle_state_msgs/vehicle_state_msgs_s__rosidl_typesupport_introspection_c.cpython-38-x86_64-linux-gnu.so[0m
[2.717s] [100%] Built target vehicle_state_msgs__rosidl_typesupport_c__pyext
[2.728s] [100%] Built target vehicle_state_msgs__rosidl_typesupport_introspection_c__pyext
[2.740s] [100%] Built target vehicle_state_msgs__rosidl_typesupport_fastrtps_c__pyext
[2.748s] Invoked command in '/home/bodlaire/Desktop/Work/Mocap/build/vehicle_state_msgs' returned '0': CMAKE_PREFIX_PATH=/opt/ros/foxy /usr/bin/cmake --build /home/bodlaire/Desktop/Work/Mocap/build/vehicle_state_msgs -- -j16 -l16
[2.781s] Invoking command in '/home/bodlaire/Desktop/Work/Mocap/build/vehicle_state_msgs': CMAKE_PREFIX_PATH=/opt/ros/foxy /usr/bin/cmake --install /home/bodlaire/Desktop/Work/Mocap/build/vehicle_state_msgs
[2.789s] -- Install configuration: ""
[2.789s] -- Installing: /home/bodlaire/Desktop/Work/Mocap/install/vehicle_state_msgs/share/ament_index/resource_index/rosidl_interfaces/vehicle_state_msgs
[2.789s] -- Installing: /home/bodlaire/Desktop/Work/Mocap/install/vehicle_state_msgs/include/vehicle_state_msgs
[2.789s] -- Installing: /home/bodlaire/Desktop/Work/Mocap/install/vehicle_state_msgs/include/vehicle_state_msgs/msg
[2.789s] -- Installing: /home/bodlaire/Desktop/Work/Mocap/install/vehicle_state_msgs/include/vehicle_state_msgs/msg/detail
[2.790s] -- Installing: /home/bodlaire/Desktop/Work/Mocap/install/vehicle_state_msgs/include/vehicle_state_msgs/msg/detail/input_value__type_support.h
[2.790s] -- Installing: /home/bodlaire/Desktop/Work/Mocap/install/vehicle_state_msgs/include/vehicle_state_msgs/msg/detail/input_value__struct.h
[2.790s] -- Installing: /home/bodlaire/Desktop/Work/Mocap/install/vehicle_state_msgs/include/vehicle_state_msgs/msg/detail/input_value__functions.h
[2.790s] -- Installing: /home/bodlaire/Desktop/Work/Mocap/install/vehicle_state_msgs/include/vehicle_state_msgs/msg/detail/input_value__functions.c
[2.790s] -- Installing: /home/bodlaire/Desktop/Work/Mocap/install/vehicle_state_msgs/include/vehicle_state_msgs/msg/input_value.h
[2.790s] -- Installing: /home/bodlaire/Desktop/Work/Mocap/install/vehicle_state_msgs/include/vehicle_state_msgs/msg/rosidl_generator_c__visibility_control.h
[2.790s] -- Installing: /home/bodlaire/Desktop/Work/Mocap/install/vehicle_state_msgs/share/vehicle_state_msgs/environment/library_path.sh
[2.791s] -- Installing: /home/bodlaire/Desktop/Work/Mocap/install/vehicle_state_msgs/share/vehicle_state_msgs/environment/library_path.dsv
[2.791s] -- Installing: /home/bodlaire/Desktop/Work/Mocap/install/vehicle_state_msgs/lib/libvehicle_state_msgs__rosidl_generator_c.so
[2.791s] -- Set runtime path of "/home/bodlaire/Desktop/Work/Mocap/install/vehicle_state_msgs/lib/libvehicle_state_msgs__rosidl_generator_c.so" to ""
[2.791s] -- Up-to-date: /home/bodlaire/Desktop/Work/Mocap/install/vehicle_state_msgs/include/vehicle_state_msgs
[2.791s] -- Up-to-date: /home/bodlaire/Desktop/Work/Mocap/install/vehicle_state_msgs/include/vehicle_state_msgs/msg
[2.791s] -- Up-to-date: /home/bodlaire/Desktop/Work/Mocap/install/vehicle_state_msgs/include/vehicle_state_msgs/msg/detail
[2.791s] -- Installing: /home/bodlaire/Desktop/Work/Mocap/install/vehicle_state_msgs/include/vehicle_state_msgs/msg/detail/input_value__rosidl_typesupport_fastrtps_c.h
[2.791s] -- Installing: /home/bodlaire/Desktop/Work/Mocap/install/vehicle_state_msgs/include/vehicle_state_msgs/msg/rosidl_typesupport_fastrtps_c__visibility_control.h
[2.791s] -- Installing: /home/bodlaire/Desktop/Work/Mocap/install/vehicle_state_msgs/lib/libvehicle_state_msgs__rosidl_typesupport_fastrtps_c.so
[2.792s] -- Set runtime path of "/home/bodlaire/Desktop/Work/Mocap/install/vehicle_state_msgs/lib/libvehicle_state_msgs__rosidl_typesupport_fastrtps_c.so" to ""
[2.792s] -- Up-to-date: /home/bodlaire/Desktop/Work/Mocap/install/vehicle_state_msgs/include/vehicle_state_msgs
[2.792s] -- Up-to-date: /home/bodlaire/Desktop/Work/Mocap/install/vehicle_state_msgs/include/vehicle_state_msgs/msg
[2.792s] -- Up-to-date: /home/bodlaire/Desktop/Work/Mocap/install/vehicle_state_msgs/include/vehicle_state_msgs/msg/detail
[2.792s] -- Installing: /home/bodlaire/Desktop/Work/Mocap/install/vehicle_state_msgs/include/vehicle_state_msgs/msg/detail/input_value__rosidl_typesupport_fastrtps_cpp.hpp
[2.792s] -- Installing: /home/bodlaire/Desktop/Work/Mocap/install/vehicle_state_msgs/include/vehicle_state_msgs/msg/detail/dds_fastrtps
[2.792s] -- Installing: /home/bodlaire/Desktop/Work/Mocap/install/vehicle_state_msgs/include/vehicle_state_msgs/msg/rosidl_typesupport_fastrtps_cpp__visibility_control.h
[2.792s] -- Installing: /home/bodlaire/Desktop/Work/Mocap/install/vehicle_state_msgs/lib/libvehicle_state_msgs__rosidl_typesupport_fastrtps_cpp.so
[2.793s] -- Set runtime path of "/home/bodlaire/Desktop/Work/Mocap/install/vehicle_state_msgs/lib/libvehicle_state_msgs__rosidl_typesupport_fastrtps_cpp.so" to ""
[2.793s] -- Up-to-date: /home/bodlaire/Desktop/Work/Mocap/install/vehicle_state_msgs/include/vehicle_state_msgs
[2.793s] -- Up-to-date: /home/bodlaire/Desktop/Work/Mocap/install/vehicle_state_msgs/include/vehicle_state_msgs/msg
[2.793s] -- Up-to-date: /home/bodlaire/Desktop/Work/Mocap/install/vehicle_state_msgs/include/vehicle_state_msgs/msg/detail
[2.793s] -- Installing: /home/bodlaire/Desktop/Work/Mocap/install/vehicle_state_msgs/include/vehicle_state_msgs/msg/detail/input_value__rosidl_typesupport_introspection_c.h
[2.793s] -- Installing: /home/bodlaire/Desktop/Work/Mocap/install/vehicle_state_msgs/include/vehicle_state_msgs/msg/detail/input_value__type_support.c
[2.793s] -- Installing: /home/bodlaire/Desktop/Work/Mocap/install/vehicle_state_msgs/include/vehicle_state_msgs/msg/rosidl_typesupport_introspection_c__visibility_control.h
[2.793s] -- Installing: /home/bodlaire/Desktop/Work/Mocap/install/vehicle_state_msgs/lib/libvehicle_state_msgs__rosidl_typesupport_introspection_c.so
[2.793s] -- Set runtime path of "/home/bodlaire/Desktop/Work/Mocap/install/vehicle_state_msgs/lib/libvehicle_state_msgs__rosidl_typesupport_introspection_c.so" to ""
[2.793s] -- Installing: /home/bodlaire/Desktop/Work/Mocap/install/vehicle_state_msgs/lib/libvehicle_state_msgs__rosidl_typesupport_c.so
[2.793s] -- Set runtime path of "/home/bodlaire/Desktop/Work/Mocap/install/vehicle_state_msgs/lib/libvehicle_state_msgs__rosidl_typesupport_c.so" to ""
[2.794s] -- Up-to-date: /home/bodlaire/Desktop/Work/Mocap/install/vehicle_state_msgs/include/vehicle_state_msgs
[2.794s] -- Up-to-date: /home/bodlaire/Desktop/Work/Mocap/install/vehicle_state_msgs/include/vehicle_state_msgs/msg
[2.794s] -- Installing: /home/bodlaire/Desktop/Work/Mocap/install/vehicle_state_msgs/include/vehicle_state_msgs/msg/rosidl_generator_cpp__visibility_control.hpp
[2.794s] -- Up-to-date: /home/bodlaire/Desktop/Work/Mocap/install/vehicle_state_msgs/include/vehicle_state_msgs/msg/detail
[2.794s] -- Installing: /home/bodlaire/Desktop/Work/Mocap/install/vehicle_state_msgs/include/vehicle_state_msgs/msg/detail/input_value__traits.hpp
[2.794s] -- Installing: /home/bodlaire/Desktop/Work/Mocap/install/vehicle_state_msgs/include/vehicle_state_msgs/msg/detail/input_value__struct.hpp
[2.794s] -- Installing: /home/bodlaire/Desktop/Work/Mocap/install/vehicle_state_msgs/include/vehicle_state_msgs/msg/detail/input_value__builder.hpp
[2.794s] -- Installing: /home/bodlaire/Desktop/Work/Mocap/install/vehicle_state_msgs/include/vehicle_state_msgs/msg/detail/input_value__type_support.hpp
[2.794s] -- Installing: /home/bodlaire/Desktop/Work/Mocap/install/vehicle_state_msgs/include/vehicle_state_msgs/msg/input_value.hpp
[2.794s] -- Up-to-date: /home/bodlaire/Desktop/Work/Mocap/install/vehicle_state_msgs/include/vehicle_state_msgs
[2.794s] -- Up-to-date: /home/bodlaire/Desktop/Work/Mocap/install/vehicle_state_msgs/include/vehicle_state_msgs/msg
[2.794s] -- Up-to-date: /home/bodlaire/Desktop/Work/Mocap/install/vehicle_state_msgs/include/vehicle_state_msgs/msg/detail
[2.795s] -- Installing: /home/bodlaire/Desktop/Work/Mocap/install/vehicle_state_msgs/include/vehicle_state_msgs/msg/detail/input_value__rosidl_typesupport_introspection_cpp.hpp
[2.795s] -- Installing: /home/bodlaire/Desktop/Work/Mocap/install/vehicle_state_msgs/include/vehicle_state_msgs/msg/detail/input_value__type_support.cpp
[2.795s] -- Installing: /home/bodlaire/Desktop/Work/Mocap/install/vehicle_state_msgs/lib/libvehicle_state_msgs__rosidl_typesupport_introspection_cpp.so
[2.795s] -- Set runtime path of "/home/bodlaire/Desktop/Work/Mocap/install/vehicle_state_msgs/lib/libvehicle_state_msgs__rosidl_typesupport_introspection_cpp.so" to ""
[2.795s] -- Installing: /home/bodlaire/Desktop/Work/Mocap/install/vehicle_state_msgs/lib/libvehicle_state_msgs__rosidl_typesupport_cpp.so
[2.795s] -- Set runtime path of "/home/bodlaire/Desktop/Work/Mocap/install/vehicle_state_msgs/lib/libvehicle_state_msgs__rosidl_typesupport_cpp.so" to ""
[2.795s] -- Installing: /home/bodlaire/Desktop/Work/Mocap/install/vehicle_state_msgs/share/vehicle_state_msgs/environment/pythonpath.sh
[2.795s] -- Installing: /home/bodlaire/Desktop/Work/Mocap/install/vehicle_state_msgs/share/vehicle_state_msgs/environment/pythonpath.dsv
[2.795s] -- Installing: /home/bodlaire/Desktop/Work/Mocap/install/vehicle_state_msgs/lib/python3.8/site-packages/vehicle_state_msgs/__init__.py
[2.813s] Compiling '/home/bodlaire/Desktop/Work/Mocap/install/vehicle_state_msgs/lib/python3.8/site-packages/vehicle_state_msgs/__init__.py'...
[2.816s] -- Installing: /home/bodlaire/Desktop/Work/Mocap/install/vehicle_state_msgs/lib/python3.8/site-packages/vehicle_state_msgs/msg
[2.816s] -- Installing: /home/bodlaire/Desktop/Work/Mocap/install/vehicle_state_msgs/lib/python3.8/site-packages/vehicle_state_msgs/msg/_input_value.py
[2.817s] -- Installing: /home/bodlaire/Desktop/Work/Mocap/install/vehicle_state_msgs/lib/python3.8/site-packages/vehicle_state_msgs/msg/__init__.py
[2.817s] -- Installing: /home/bodlaire/Desktop/Work/Mocap/install/vehicle_state_msgs/lib/python3.8/site-packages/vehicle_state_msgs/msg/_input_value_s.c
[2.817s] -- Installing: /home/bodlaire/Desktop/Work/Mocap/install/vehicle_state_msgs/lib/python3.8/site-packages/vehicle_state_msgs/vehicle_state_msgs_s__rosidl_typesupport_fastrtps_c.cpython-38-x86_64-linux-gnu.so
[2.818s] -- Set runtime path of "/home/bodlaire/Desktop/Work/Mocap/install/vehicle_state_msgs/lib/python3.8/site-packages/vehicle_state_msgs/vehicle_state_msgs_s__rosidl_typesupport_fastrtps_c.cpython-38-x86_64-linux-gnu.so" to ""
[2.818s] -- Installing: /home/bodlaire/Desktop/Work/Mocap/install/vehicle_state_msgs/lib/python3.8/site-packages/vehicle_state_msgs/vehicle_state_msgs_s__rosidl_typesupport_introspection_c.cpython-38-x86_64-linux-gnu.so
[2.819s] -- Set runtime path of "/home/bodlaire/Desktop/Work/Mocap/install/vehicle_state_msgs/lib/python3.8/site-packages/vehicle_state_msgs/vehicle_state_msgs_s__rosidl_typesupport_introspection_c.cpython-38-x86_64-linux-gnu.so" to ""
[2.819s] -- Installing: /home/bodlaire/Desktop/Work/Mocap/install/vehicle_state_msgs/lib/python3.8/site-packages/vehicle_state_msgs/vehicle_state_msgs_s__rosidl_typesupport_c.cpython-38-x86_64-linux-gnu.so
[2.820s] -- Set runtime path of "/home/bodlaire/Desktop/Work/Mocap/install/vehicle_state_msgs/lib/python3.8/site-packages/vehicle_state_msgs/vehicle_state_msgs_s__rosidl_typesupport_c.cpython-38-x86_64-linux-gnu.so" to ""
[2.820s] -- Installing: /home/bodlaire/Desktop/Work/Mocap/install/vehicle_state_msgs/lib/libvehicle_state_msgs__python.so
[2.820s] -- Set runtime path of "/home/bodlaire/Desktop/Work/Mocap/install/vehicle_state_msgs/lib/libvehicle_state_msgs__python.so" to ""
[2.821s] -- Installing: /home/bodlaire/Desktop/Work/Mocap/install/vehicle_state_msgs/share/vehicle_state_msgs/msg/InputValue.idl
[2.821s] -- Installing: /home/bodlaire/Desktop/Work/Mocap/install/vehicle_state_msgs/share/vehicle_state_msgs/msg/InputValue.msg
[2.821s] -- Installing: /home/bodlaire/Desktop/Work/Mocap/install/vehicle_state_msgs/share/ament_index/resource_index/package_run_dependencies/vehicle_state_msgs
[2.821s] -- Installing: /home/bodlaire/Desktop/Work/Mocap/install/vehicle_state_msgs/share/ament_index/resource_index/parent_prefix_path/vehicle_state_msgs
[2.821s] -- Installing: /home/bodlaire/Desktop/Work/Mocap/install/vehicle_state_msgs/share/vehicle_state_msgs/environment/ament_prefix_path.sh
[2.822s] -- Installing: /home/bodlaire/Desktop/Work/Mocap/install/vehicle_state_msgs/share/vehicle_state_msgs/environment/ament_prefix_path.dsv
[2.822s] -- Installing: /home/bodlaire/Desktop/Work/Mocap/install/vehicle_state_msgs/share/vehicle_state_msgs/environment/path.sh
[2.822s] -- Installing: /home/bodlaire/Desktop/Work/Mocap/install/vehicle_state_msgs/share/vehicle_state_msgs/environment/path.dsv
[2.822s] -- Installing: /home/bodlaire/Desktop/Work/Mocap/install/vehicle_state_msgs/share/vehicle_state_msgs/local_setup.bash
[2.822s] -- Installing: /home/bodlaire/Desktop/Work/Mocap/install/vehicle_state_msgs/share/vehicle_state_msgs/local_setup.sh
[2.822s] -- Installing: /home/bodlaire/Desktop/Work/Mocap/install/vehicle_state_msgs/share/vehicle_state_msgs/local_setup.zsh
[2.823s] -- Installing: /home/bodlaire/Desktop/Work/Mocap/install/vehicle_state_msgs/share/vehicle_state_msgs/local_setup.dsv
[2.823s] -- Installing: /home/bodlaire/Desktop/Work/Mocap/install/vehicle_state_msgs/share/vehicle_state_msgs/package.dsv
[2.823s] -- Installing: /home/bodlaire/Desktop/Work/Mocap/install/vehicle_state_msgs/share/ament_index/resource_index/packages/vehicle_state_msgs
[2.823s] -- Installing: /home/bodlaire/Desktop/Work/Mocap/install/vehicle_state_msgs/share/vehicle_state_msgs/cmake/vehicle_state_msgs__rosidl_generator_cExport.cmake
[2.824s] -- Installing: /home/bodlaire/Desktop/Work/Mocap/install/vehicle_state_msgs/share/vehicle_state_msgs/cmake/vehicle_state_msgs__rosidl_generator_cExport-noconfig.cmake
[2.824s] -- Installing: /home/bodlaire/Desktop/Work/Mocap/install/vehicle_state_msgs/share/vehicle_state_msgs/cmake/vehicle_state_msgs__rosidl_typesupport_introspection_cExport.cmake
[2.824s] -- Installing: /home/bodlaire/Desktop/Work/Mocap/install/vehicle_state_msgs/share/vehicle_state_msgs/cmake/vehicle_state_msgs__rosidl_typesupport_introspection_cExport-noconfig.cmake
[2.824s] -- Installing: /home/bodlaire/Desktop/Work/Mocap/install/vehicle_state_msgs/share/vehicle_state_msgs/cmake/vehicle_state_msgs__rosidl_typesupport_cExport.cmake
[2.825s] -- Installing: /home/bodlaire/Desktop/Work/Mocap/install/vehicle_state_msgs/share/vehicle_state_msgs/cmake/vehicle_state_msgs__rosidl_typesupport_cExport-noconfig.cmake
[2.825s] -- Installing: /home/bodlaire/Desktop/Work/Mocap/install/vehicle_state_msgs/share/vehicle_state_msgs/cmake/vehicle_state_msgs__rosidl_generator_cppExport.cmake
[2.825s] -- Installing: /home/bodlaire/Desktop/Work/Mocap/install/vehicle_state_msgs/share/vehicle_state_msgs/cmake/vehicle_state_msgs__rosidl_typesupport_introspection_cppExport.cmake
[2.825s] -- Installing: /home/bodlaire/Desktop/Work/Mocap/install/vehicle_state_msgs/share/vehicle_state_msgs/cmake/vehicle_state_msgs__rosidl_typesupport_introspection_cppExport-noconfig.cmake
[2.825s] -- Installing: /home/bodlaire/Desktop/Work/Mocap/install/vehicle_state_msgs/share/vehicle_state_msgs/cmake/vehicle_state_msgs__rosidl_typesupport_cppExport.cmake
[2.825s] -- Installing: /home/bodlaire/Desktop/Work/Mocap/install/vehicle_state_msgs/share/vehicle_state_msgs/cmake/vehicle_state_msgs__rosidl_typesupport_cppExport-noconfig.cmake
[2.825s] -- Installing: /home/bodlaire/Desktop/Work/Mocap/install/vehicle_state_msgs/share/vehicle_state_msgs/cmake/rosidl_cmake-extras.cmake
[2.825s] -- Installing: /home/bodlaire/Desktop/Work/Mocap/install/vehicle_state_msgs/share/vehicle_state_msgs/cmake/ament_cmake_export_dependencies-extras.cmake
[2.825s] -- Installing: /home/bodlaire/Desktop/Work/Mocap/install/vehicle_state_msgs/share/vehicle_state_msgs/cmake/ament_cmake_export_libraries-extras.cmake
[2.825s] -- Installing: /home/bodlaire/Desktop/Work/Mocap/install/vehicle_state_msgs/share/vehicle_state_msgs/cmake/ament_cmake_export_targets-extras.cmake
[2.825s] -- Installing: /home/bodlaire/Desktop/Work/Mocap/install/vehicle_state_msgs/share/vehicle_state_msgs/cmake/ament_cmake_export_include_directories-extras.cmake
[2.826s] -- Installing: /home/bodlaire/Desktop/Work/Mocap/install/vehicle_state_msgs/share/vehicle_state_msgs/cmake/rosidl_cmake_export_typesupport_libraries-extras.cmake
[2.826s] -- Installing: /home/bodlaire/Desktop/Work/Mocap/install/vehicle_state_msgs/share/vehicle_state_msgs/cmake/rosidl_cmake_export_typesupport_targets-extras.cmake
[2.826s] -- Installing: /home/bodlaire/Desktop/Work/Mocap/install/vehicle_state_msgs/share/vehicle_state_msgs/cmake/vehicle_state_msgsConfig.cmake
[2.826s] -- Installing: /home/bodlaire/Desktop/Work/Mocap/install/vehicle_state_msgs/share/vehicle_state_msgs/cmake/vehicle_state_msgsConfig-version.cmake
[2.826s] -- Installing: /home/bodlaire/Desktop/Work/Mocap/install/vehicle_state_msgs/share/vehicle_state_msgs/package.xml
[2.828s] Invoked command in '/home/bodlaire/Desktop/Work/Mocap/build/vehicle_state_msgs' returned '0': CMAKE_PREFIX_PATH=/opt/ros/foxy /usr/bin/cmake --install /home/bodlaire/Desktop/Work/Mocap/build/vehicle_state_msgs
