running egg_info
creating ../../build/remote_controller_pkg/remote_controller_pkg.egg-info
writing ../../build/remote_controller_pkg/remote_controller_pkg.egg-info/PKG-INFO
writing dependency_links to ../../build/remote_controller_pkg/remote_controller_pkg.egg-info/dependency_links.txt
writing entry points to ../../build/remote_controller_pkg/remote_controller_pkg.egg-info/entry_points.txt
writing requirements to ../../build/remote_controller_pkg/remote_controller_pkg.egg-info/requires.txt
writing top-level names to ../../build/remote_controller_pkg/remote_controller_pkg.egg-info/top_level.txt
writing manifest file '../../build/remote_controller_pkg/remote_controller_pkg.egg-info/SOURCES.txt'
reading manifest file '../../build/remote_controller_pkg/remote_controller_pkg.egg-info/SOURCES.txt'
writing manifest file '../../build/remote_controller_pkg/remote_controller_pkg.egg-info/SOURCES.txt'
running build
running build_py
creating /home/bodlaire/Desktop/Work/Mocap/build/remote_controller_pkg/build
creating /home/bodlaire/Desktop/Work/Mocap/build/remote_controller_pkg/build/lib
creating /home/bodlaire/Desktop/Work/Mocap/build/remote_controller_pkg/build/lib/remote_controller_pkg
copying remote_controller_pkg/remote_node.py -> /home/bodlaire/Desktop/Work/Mocap/build/remote_controller_pkg/build/lib/remote_controller_pkg
copying remote_controller_pkg/__init__.py -> /home/bodlaire/Desktop/Work/Mocap/build/remote_controller_pkg/build/lib/remote_controller_pkg
running install
running install_lib
creating /home/bodlaire/Desktop/Work/Mocap/install/remote_controller_pkg/lib/python3.8/site-packages/remote_controller_pkg
copying /home/bodlaire/Desktop/Work/Mocap/build/remote_controller_pkg/build/lib/remote_controller_pkg/remote_node.py -> /home/bodlaire/Desktop/Work/Mocap/install/remote_controller_pkg/lib/python3.8/site-packages/remote_controller_pkg
copying /home/bodlaire/Desktop/Work/Mocap/build/remote_controller_pkg/build/lib/remote_controller_pkg/__init__.py -> /home/bodlaire/Desktop/Work/Mocap/install/remote_controller_pkg/lib/python3.8/site-packages/remote_controller_pkg
byte-compiling /home/bodlaire/Desktop/Work/Mocap/install/remote_controller_pkg/lib/python3.8/site-packages/remote_controller_pkg/remote_node.py to remote_node.cpython-38.pyc
byte-compiling /home/bodlaire/Desktop/Work/Mocap/install/remote_controller_pkg/lib/python3.8/site-packages/remote_controller_pkg/__init__.py to __init__.cpython-38.pyc
running install_data
creating /home/bodlaire/Desktop/Work/Mocap/install/remote_controller_pkg/share/ament_index
creating /home/bodlaire/Desktop/Work/Mocap/install/remote_controller_pkg/share/ament_index/resource_index
creating /home/bodlaire/Desktop/Work/Mocap/install/remote_controller_pkg/share/ament_index/resource_index/packages
copying resource/remote_controller_pkg -> /home/bodlaire/Desktop/Work/Mocap/install/remote_controller_pkg/share/ament_index/resource_index/packages
copying package.xml -> /home/bodlaire/Desktop/Work/Mocap/install/remote_controller_pkg/share/remote_controller_pkg
running install_egg_info
Copying ../../build/remote_controller_pkg/remote_controller_pkg.egg-info to /home/bodlaire/Desktop/Work/Mocap/install/remote_controller_pkg/lib/python3.8/site-packages/remote_controller_pkg-0.0.0-py3.8.egg-info
running install_scripts
Installing remote_node script to /home/bodlaire/Desktop/Work/Mocap/install/remote_controller_pkg/lib/remote_controller_pkg
writing list of installed files to '/home/bodlaire/Desktop/Work/Mocap/build/remote_controller_pkg/install.log'
