[1.478s] Invoking command in '/home/bodlaire/Desktop/Work/Mocap/src/remote_controller_pkg': PYTHONPATH=/home/bodlaire/Desktop/Work/Mocap/build/remote_controller_pkg/prefix_override:/home/bodlaire/Desktop/Work/Mocap/install/remote_controller_pkg/lib/python3.8/site-packages:${PYTHONPATH} /usr/bin/python3 setup.py egg_info --egg-base ../../build/remote_controller_pkg build --build-base /home/bodlaire/Desktop/Work/Mocap/build/remote_controller_pkg/build install --record /home/bodlaire/Desktop/Work/Mocap/build/remote_controller_pkg/install.log --install-scripts $base/lib/remote_controller_pkg --single-version-externally-managed
[1.623s] running egg_info
[1.623s] creating ../../build/remote_controller_pkg/remote_controller_pkg.egg-info
[1.623s] writing ../../build/remote_controller_pkg/remote_controller_pkg.egg-info/PKG-INFO
[1.623s] writing dependency_links to ../../build/remote_controller_pkg/remote_controller_pkg.egg-info/dependency_links.txt
[1.623s] writing entry points to ../../build/remote_controller_pkg/remote_controller_pkg.egg-info/entry_points.txt
[1.623s] writing requirements to ../../build/remote_controller_pkg/remote_controller_pkg.egg-info/requires.txt
[1.623s] writing top-level names to ../../build/remote_controller_pkg/remote_controller_pkg.egg-info/top_level.txt
[1.623s] writing manifest file '../../build/remote_controller_pkg/remote_controller_pkg.egg-info/SOURCES.txt'
[1.626s] reading manifest file '../../build/remote_controller_pkg/remote_controller_pkg.egg-info/SOURCES.txt'
[1.627s] writing manifest file '../../build/remote_controller_pkg/remote_controller_pkg.egg-info/SOURCES.txt'
[1.627s] running build
[1.627s] running build_py
[1.627s] creating /home/bodlaire/Desktop/Work/Mocap/build/remote_controller_pkg/build
[1.627s] creating /home/bodlaire/Desktop/Work/Mocap/build/remote_controller_pkg/build/lib
[1.628s] creating /home/bodlaire/Desktop/Work/Mocap/build/remote_controller_pkg/build/lib/remote_controller_pkg
[1.628s] copying remote_controller_pkg/remote_node.py -> /home/bodlaire/Desktop/Work/Mocap/build/remote_controller_pkg/build/lib/remote_controller_pkg
[1.628s] copying remote_controller_pkg/__init__.py -> /home/bodlaire/Desktop/Work/Mocap/build/remote_controller_pkg/build/lib/remote_controller_pkg
[1.629s] running install
[1.629s] running install_lib
[1.629s] creating /home/bodlaire/Desktop/Work/Mocap/install/remote_controller_pkg/lib/python3.8/site-packages/remote_controller_pkg
[1.630s] copying /home/bodlaire/Desktop/Work/Mocap/build/remote_controller_pkg/build/lib/remote_controller_pkg/remote_node.py -> /home/bodlaire/Desktop/Work/Mocap/install/remote_controller_pkg/lib/python3.8/site-packages/remote_controller_pkg
[1.630s] copying /home/bodlaire/Desktop/Work/Mocap/build/remote_controller_pkg/build/lib/remote_controller_pkg/__init__.py -> /home/bodlaire/Desktop/Work/Mocap/install/remote_controller_pkg/lib/python3.8/site-packages/remote_controller_pkg
[1.631s] byte-compiling /home/bodlaire/Desktop/Work/Mocap/install/remote_controller_pkg/lib/python3.8/site-packages/remote_controller_pkg/remote_node.py to remote_node.cpython-38.pyc
[1.632s] byte-compiling /home/bodlaire/Desktop/Work/Mocap/install/remote_controller_pkg/lib/python3.8/site-packages/remote_controller_pkg/__init__.py to __init__.cpython-38.pyc
[1.632s] running install_data
[1.632s] creating /home/bodlaire/Desktop/Work/Mocap/install/remote_controller_pkg/share/ament_index
[1.633s] creating /home/bodlaire/Desktop/Work/Mocap/install/remote_controller_pkg/share/ament_index/resource_index
[1.633s] creating /home/bodlaire/Desktop/Work/Mocap/install/remote_controller_pkg/share/ament_index/resource_index/packages
[1.633s] copying resource/remote_controller_pkg -> /home/bodlaire/Desktop/Work/Mocap/install/remote_controller_pkg/share/ament_index/resource_index/packages
[1.634s] copying package.xml -> /home/bodlaire/Desktop/Work/Mocap/install/remote_controller_pkg/share/remote_controller_pkg
[1.634s] running install_egg_info
[1.635s] Copying ../../build/remote_controller_pkg/remote_controller_pkg.egg-info to /home/bodlaire/Desktop/Work/Mocap/install/remote_controller_pkg/lib/python3.8/site-packages/remote_controller_pkg-0.0.0-py3.8.egg-info
[1.635s] running install_scripts
[1.643s] Installing remote_node script to /home/bodlaire/Desktop/Work/Mocap/install/remote_controller_pkg/lib/remote_controller_pkg
[1.644s] writing list of installed files to '/home/bodlaire/Desktop/Work/Mocap/build/remote_controller_pkg/install.log'
[1.932s] Invoked command in '/home/bodlaire/Desktop/Work/Mocap/src/remote_controller_pkg' returned '0': PYTHONPATH=/home/bodlaire/Desktop/Work/Mocap/build/remote_controller_pkg/prefix_override:/home/bodlaire/Desktop/Work/Mocap/install/remote_controller_pkg/lib/python3.8/site-packages:${PYTHONPATH} /usr/bin/python3 setup.py egg_info --egg-base ../../build/remote_controller_pkg build --build-base /home/bodlaire/Desktop/Work/Mocap/build/remote_controller_pkg/build install --record /home/bodlaire/Desktop/Work/Mocap/build/remote_controller_pkg/install.log --install-scripts $base/lib/remote_controller_pkg --single-version-externally-managed
