[1.246s] DEBUG:colcon:Command line arguments: ['/usr/bin/colcon', 'build']
[1.246s] DEBUG:colcon:Parsed command line arguments: Namespace(allow_overriding=[], ament_cmake_args=None, base_paths=['.'], build_base='build', catkin_cmake_args=None, catkin_skip_building_tests=False, cmake_args=None, cmake_clean_cache=False, cmake_clean_first=False, cmake_force_configure=False, cmake_target=None, cmake_target_skip_unavailable=False, continue_on_error=False, event_handlers=None, executor='parallel', ignore_user_meta=False, install_base='install', log_base=None, log_level=None, main=<bound method BuildVerb.main of <colcon_core.verb.build.BuildVerb object at 0x7fd189171cd0>>, merge_install=False, metas=['./colcon.meta'], packages_above=None, packages_above_and_dependencies=None, packages_above_depth=None, packages_end=None, packages_ignore=None, packages_ignore_regex=None, packages_select=None, packages_select_build_failed=False, packages_select_by_dep=None, packages_select_regex=None, packages_select_test_failures=False, packages_skip=None, packages_skip_build_finished=False, packages_skip_by_dep=None, packages_skip_regex=None, packages_skip_test_passed=False, packages_skip_up_to=None, packages_start=None, packages_up_to=None, packages_up_to_regex=None, parallel_workers=16, paths=None, symlink_install=False, test_result_base=None, verb_extension=<colcon_core.verb.build.BuildVerb object at 0x7fd189171cd0>, verb_name='build', verb_parser=<colcon_defaults.argument_parser.defaults.DefaultArgumentsDecorator object at 0x7fd189171ee0>)
[1.302s] Level 1:colcon.colcon_core.package_discovery:discover_packages(colcon_meta) check parameters
[1.302s] Level 1:colcon.colcon_core.package_discovery:discover_packages(recursive) check parameters
[1.302s] Level 1:colcon.colcon_core.package_discovery:discover_packages(ignore) check parameters
[1.302s] Level 1:colcon.colcon_core.package_discovery:discover_packages(path) check parameters
[1.302s] Level 1:colcon.colcon_core.package_discovery:discover_packages(colcon_meta) discover
[1.302s] Level 1:colcon.colcon_core.package_discovery:discover_packages(recursive) discover
[1.302s] INFO:colcon.colcon_core.package_discovery:Crawling recursively for packages in '/home/bodlaire/Desktop/Work/Mocap'
[1.302s] Level 1:colcon.colcon_core.package_identification:_identify(.) by extensions ['ignore', 'ignore_ament_install']
[1.302s] Level 1:colcon.colcon_core.package_identification:_identify(.) by extension 'ignore'
[1.302s] Level 1:colcon.colcon_core.package_identification:_identify(.) by extension 'ignore_ament_install'
[1.302s] Level 1:colcon.colcon_core.package_identification:_identify(.) by extensions ['colcon_pkg']
[1.303s] Level 1:colcon.colcon_core.package_identification:_identify(.) by extension 'colcon_pkg'
[1.303s] Level 1:colcon.colcon_core.package_identification:_identify(.) by extensions ['colcon_meta']
[1.303s] Level 1:colcon.colcon_core.package_identification:_identify(.) by extension 'colcon_meta'
[1.303s] Level 1:colcon.colcon_core.package_identification:_identify(.) by extensions ['ros']
[1.303s] Level 1:colcon.colcon_core.package_identification:_identify(.) by extension 'ros'
[1.310s] Level 1:colcon.colcon_core.package_identification:_identify(.) by extensions ['cmake', 'python']
[1.310s] Level 1:colcon.colcon_core.package_identification:_identify(.) by extension 'cmake'
[1.310s] Level 1:colcon.colcon_core.package_identification:_identify(.) by extension 'python'
[1.310s] Level 1:colcon.colcon_core.package_identification:_identify(.) by extensions ['python_setup_py']
[1.310s] Level 1:colcon.colcon_core.package_identification:_identify(.) by extension 'python_setup_py'
[1.310s] Level 1:colcon.colcon_core.package_identification:_identify(build) by extensions ['ignore', 'ignore_ament_install']
[1.310s] Level 1:colcon.colcon_core.package_identification:_identify(build) by extension 'ignore'
[1.310s] Level 1:colcon.colcon_core.package_identification:_identify(build) ignored
[1.310s] Level 1:colcon.colcon_core.package_identification:_identify(install) by extensions ['ignore', 'ignore_ament_install']
[1.310s] Level 1:colcon.colcon_core.package_identification:_identify(install) by extension 'ignore'
[1.310s] Level 1:colcon.colcon_core.package_identification:_identify(install) ignored
[1.310s] Level 1:colcon.colcon_core.package_identification:_identify(log) by extensions ['ignore', 'ignore_ament_install']
[1.310s] Level 1:colcon.colcon_core.package_identification:_identify(log) by extension 'ignore'
[1.310s] Level 1:colcon.colcon_core.package_identification:_identify(log) ignored
[1.311s] Level 1:colcon.colcon_core.package_identification:_identify(src) by extensions ['ignore', 'ignore_ament_install']
[1.311s] Level 1:colcon.colcon_core.package_identification:_identify(src) by extension 'ignore'
[1.311s] Level 1:colcon.colcon_core.package_identification:_identify(src) by extension 'ignore_ament_install'
[1.311s] Level 1:colcon.colcon_core.package_identification:_identify(src) by extensions ['colcon_pkg']
[1.311s] Level 1:colcon.colcon_core.package_identification:_identify(src) by extension 'colcon_pkg'
[1.311s] Level 1:colcon.colcon_core.package_identification:_identify(src) by extensions ['colcon_meta']
[1.311s] Level 1:colcon.colcon_core.package_identification:_identify(src) by extension 'colcon_meta'
[1.311s] Level 1:colcon.colcon_core.package_identification:_identify(src) by extensions ['ros']
[1.311s] Level 1:colcon.colcon_core.package_identification:_identify(src) by extension 'ros'
[1.311s] Level 1:colcon.colcon_core.package_identification:_identify(src) by extensions ['cmake', 'python']
[1.311s] Level 1:colcon.colcon_core.package_identification:_identify(src) by extension 'cmake'
[1.311s] Level 1:colcon.colcon_core.package_identification:_identify(src) by extension 'python'
[1.311s] Level 1:colcon.colcon_core.package_identification:_identify(src) by extensions ['python_setup_py']
[1.311s] Level 1:colcon.colcon_core.package_identification:_identify(src) by extension 'python_setup_py'
[1.311s] Level 1:colcon.colcon_core.package_identification:_identify(src/drive_bridge_msg) by extensions ['ignore', 'ignore_ament_install']
[1.311s] Level 1:colcon.colcon_core.package_identification:_identify(src/drive_bridge_msg) by extension 'ignore'
[1.311s] Level 1:colcon.colcon_core.package_identification:_identify(src/drive_bridge_msg) by extension 'ignore_ament_install'
[1.311s] Level 1:colcon.colcon_core.package_identification:_identify(src/drive_bridge_msg) by extensions ['colcon_pkg']
[1.311s] Level 1:colcon.colcon_core.package_identification:_identify(src/drive_bridge_msg) by extension 'colcon_pkg'
[1.311s] Level 1:colcon.colcon_core.package_identification:_identify(src/drive_bridge_msg) by extensions ['colcon_meta']
[1.311s] Level 1:colcon.colcon_core.package_identification:_identify(src/drive_bridge_msg) by extension 'colcon_meta'
[1.311s] Level 1:colcon.colcon_core.package_identification:_identify(src/drive_bridge_msg) by extensions ['ros']
[1.311s] Level 1:colcon.colcon_core.package_identification:_identify(src/drive_bridge_msg) by extension 'ros'
[1.313s] DEBUG:colcon.colcon_core.package_identification:Package 'src/drive_bridge_msg' with type 'ros.ament_cmake' and name 'drive_bridge_msg'
[1.313s] Level 1:colcon.colcon_core.package_identification:_identify(src/mocap_msg) by extensions ['ignore', 'ignore_ament_install']
[1.313s] Level 1:colcon.colcon_core.package_identification:_identify(src/mocap_msg) by extension 'ignore'
[1.313s] Level 1:colcon.colcon_core.package_identification:_identify(src/mocap_msg) by extension 'ignore_ament_install'
[1.313s] Level 1:colcon.colcon_core.package_identification:_identify(src/mocap_msg) by extensions ['colcon_pkg']
[1.313s] Level 1:colcon.colcon_core.package_identification:_identify(src/mocap_msg) by extension 'colcon_pkg'
[1.313s] Level 1:colcon.colcon_core.package_identification:_identify(src/mocap_msg) by extensions ['colcon_meta']
[1.313s] Level 1:colcon.colcon_core.package_identification:_identify(src/mocap_msg) by extension 'colcon_meta'
[1.313s] Level 1:colcon.colcon_core.package_identification:_identify(src/mocap_msg) by extensions ['ros']
[1.313s] Level 1:colcon.colcon_core.package_identification:_identify(src/mocap_msg) by extension 'ros'
[1.314s] DEBUG:colcon.colcon_core.package_identification:Package 'src/mocap_msg' with type 'ros.ament_cmake' and name 'mocap_msg'
[1.314s] Level 1:colcon.colcon_core.package_identification:_identify(src/mocap_pkg) by extensions ['ignore', 'ignore_ament_install']
[1.314s] Level 1:colcon.colcon_core.package_identification:_identify(src/mocap_pkg) by extension 'ignore'
[1.314s] Level 1:colcon.colcon_core.package_identification:_identify(src/mocap_pkg) by extension 'ignore_ament_install'
[1.314s] Level 1:colcon.colcon_core.package_identification:_identify(src/mocap_pkg) by extensions ['colcon_pkg']
[1.314s] Level 1:colcon.colcon_core.package_identification:_identify(src/mocap_pkg) by extension 'colcon_pkg'
[1.314s] Level 1:colcon.colcon_core.package_identification:_identify(src/mocap_pkg) by extensions ['colcon_meta']
[1.314s] Level 1:colcon.colcon_core.package_identification:_identify(src/mocap_pkg) by extension 'colcon_meta'
[1.314s] Level 1:colcon.colcon_core.package_identification:_identify(src/mocap_pkg) by extensions ['ros']
[1.314s] Level 1:colcon.colcon_core.package_identification:_identify(src/mocap_pkg) by extension 'ros'
[1.314s] DEBUG:colcon.colcon_core.package_identification:Package 'src/mocap_pkg' with type 'ros.ament_python' and name 'mocap_pkg'
[1.314s] Level 1:colcon.colcon_core.package_identification:_identify(src/vehicle_state_msgs) by extensions ['ignore', 'ignore_ament_install']
[1.314s] Level 1:colcon.colcon_core.package_identification:_identify(src/vehicle_state_msgs) by extension 'ignore'
[1.314s] Level 1:colcon.colcon_core.package_identification:_identify(src/vehicle_state_msgs) by extension 'ignore_ament_install'
[1.314s] Level 1:colcon.colcon_core.package_identification:_identify(src/vehicle_state_msgs) by extensions ['colcon_pkg']
[1.314s] Level 1:colcon.colcon_core.package_identification:_identify(src/vehicle_state_msgs) by extension 'colcon_pkg'
[1.314s] Level 1:colcon.colcon_core.package_identification:_identify(src/vehicle_state_msgs) by extensions ['colcon_meta']
[1.314s] Level 1:colcon.colcon_core.package_identification:_identify(src/vehicle_state_msgs) by extension 'colcon_meta'
[1.314s] Level 1:colcon.colcon_core.package_identification:_identify(src/vehicle_state_msgs) by extensions ['ros']
[1.314s] Level 1:colcon.colcon_core.package_identification:_identify(src/vehicle_state_msgs) by extension 'ros'
[1.315s] DEBUG:colcon.colcon_core.package_identification:Package 'src/vehicle_state_msgs' with type 'ros.ament_cmake' and name 'vehicle_state_msgs'
[1.315s] Level 1:colcon.colcon_core.package_identification:_identify(src/vehicle_state_observer) by extensions ['ignore', 'ignore_ament_install']
[1.315s] Level 1:colcon.colcon_core.package_identification:_identify(src/vehicle_state_observer) by extension 'ignore'
[1.315s] Level 1:colcon.colcon_core.package_identification:_identify(src/vehicle_state_observer) by extension 'ignore_ament_install'
[1.315s] Level 1:colcon.colcon_core.package_identification:_identify(src/vehicle_state_observer) by extensions ['colcon_pkg']
[1.315s] Level 1:colcon.colcon_core.package_identification:_identify(src/vehicle_state_observer) by extension 'colcon_pkg'
[1.315s] Level 1:colcon.colcon_core.package_identification:_identify(src/vehicle_state_observer) by extensions ['colcon_meta']
[1.315s] Level 1:colcon.colcon_core.package_identification:_identify(src/vehicle_state_observer) by extension 'colcon_meta'
[1.315s] Level 1:colcon.colcon_core.package_identification:_identify(src/vehicle_state_observer) by extensions ['ros']
[1.315s] Level 1:colcon.colcon_core.package_identification:_identify(src/vehicle_state_observer) by extension 'ros'
[1.315s] DEBUG:colcon.colcon_core.package_identification:Package 'src/vehicle_state_observer' with type 'ros.ament_python' and name 'vehicle_state_observer'
[1.315s] Level 1:colcon.colcon_core.package_identification:_identify(src/vesc_msgs) by extensions ['ignore', 'ignore_ament_install']
[1.315s] Level 1:colcon.colcon_core.package_identification:_identify(src/vesc_msgs) by extension 'ignore'
[1.316s] Level 1:colcon.colcon_core.package_identification:_identify(src/vesc_msgs) by extension 'ignore_ament_install'
[1.316s] Level 1:colcon.colcon_core.package_identification:_identify(src/vesc_msgs) by extensions ['colcon_pkg']
[1.316s] Level 1:colcon.colcon_core.package_identification:_identify(src/vesc_msgs) by extension 'colcon_pkg'
[1.316s] Level 1:colcon.colcon_core.package_identification:_identify(src/vesc_msgs) by extensions ['colcon_meta']
[1.316s] Level 1:colcon.colcon_core.package_identification:_identify(src/vesc_msgs) by extension 'colcon_meta'
[1.316s] Level 1:colcon.colcon_core.package_identification:_identify(src/vesc_msgs) by extensions ['ros']
[1.316s] Level 1:colcon.colcon_core.package_identification:_identify(src/vesc_msgs) by extension 'ros'
[1.316s] DEBUG:colcon.colcon_core.package_identification:Package 'src/vesc_msgs' with type 'ros.ament_cmake' and name 'vesc_msgs'
[1.316s] Level 1:colcon.colcon_core.package_discovery:discover_packages(recursive) using defaults
[1.316s] Level 1:colcon.colcon_core.package_discovery:discover_packages(ignore) discover
[1.316s] Level 1:colcon.colcon_core.package_discovery:discover_packages(ignore) using defaults
[1.316s] Level 1:colcon.colcon_core.package_discovery:discover_packages(path) discover
[1.316s] Level 1:colcon.colcon_core.package_discovery:discover_packages(path) using defaults
[1.439s] Level 1:colcon.colcon_core.package_discovery:discover_packages(prefix_path) check parameters
[1.439s] Level 1:colcon.colcon_core.package_discovery:discover_packages(prefix_path) discover
[1.482s] DEBUG:colcon.colcon_installed_package_information.package_discovery:Found 6 installed packages in /home/bodlaire/Desktop/Work/Mocap/install
[1.503s] DEBUG:colcon.colcon_installed_package_information.package_discovery:Found 256 installed packages in /opt/ros/foxy
[1.504s] Level 1:colcon.colcon_core.package_discovery:discover_packages(prefix_path) using defaults
[1.591s] Level 5:colcon.colcon_core.verb:set package 'drive_bridge_msg' build argument 'cmake_args' from command line to 'None'
[1.591s] Level 5:colcon.colcon_core.verb:set package 'drive_bridge_msg' build argument 'cmake_target' from command line to 'None'
[1.591s] Level 5:colcon.colcon_core.verb:set package 'drive_bridge_msg' build argument 'cmake_target_skip_unavailable' from command line to 'False'
[1.591s] Level 5:colcon.colcon_core.verb:set package 'drive_bridge_msg' build argument 'cmake_clean_cache' from command line to 'False'
[1.591s] Level 5:colcon.colcon_core.verb:set package 'drive_bridge_msg' build argument 'cmake_clean_first' from command line to 'False'
[1.591s] Level 5:colcon.colcon_core.verb:set package 'drive_bridge_msg' build argument 'cmake_force_configure' from command line to 'False'
[1.591s] Level 5:colcon.colcon_core.verb:set package 'drive_bridge_msg' build argument 'ament_cmake_args' from command line to 'None'
[1.591s] Level 5:colcon.colcon_core.verb:set package 'drive_bridge_msg' build argument 'catkin_cmake_args' from command line to 'None'
[1.591s] Level 5:colcon.colcon_core.verb:set package 'drive_bridge_msg' build argument 'catkin_skip_building_tests' from command line to 'False'
[1.591s] DEBUG:colcon.colcon_core.verb:Building package 'drive_bridge_msg' with the following arguments: {'ament_cmake_args': None, 'build_base': '/home/bodlaire/Desktop/Work/Mocap/build/drive_bridge_msg', 'catkin_cmake_args': None, 'catkin_skip_building_tests': False, 'cmake_args': None, 'cmake_clean_cache': False, 'cmake_clean_first': False, 'cmake_force_configure': False, 'cmake_target': None, 'cmake_target_skip_unavailable': False, 'install_base': '/home/bodlaire/Desktop/Work/Mocap/install/drive_bridge_msg', 'merge_install': False, 'path': '/home/bodlaire/Desktop/Work/Mocap/src/drive_bridge_msg', 'symlink_install': False, 'test_result_base': None}
[1.612s] Level 5:colcon.colcon_core.verb:set package 'mocap_msg' build argument 'cmake_args' from command line to 'None'
[1.612s] Level 5:colcon.colcon_core.verb:set package 'mocap_msg' build argument 'cmake_target' from command line to 'None'
[1.612s] Level 5:colcon.colcon_core.verb:set package 'mocap_msg' build argument 'cmake_target_skip_unavailable' from command line to 'False'
[1.612s] Level 5:colcon.colcon_core.verb:set package 'mocap_msg' build argument 'cmake_clean_cache' from command line to 'False'
[1.612s] Level 5:colcon.colcon_core.verb:set package 'mocap_msg' build argument 'cmake_clean_first' from command line to 'False'
[1.613s] Level 5:colcon.colcon_core.verb:set package 'mocap_msg' build argument 'cmake_force_configure' from command line to 'False'
[1.613s] Level 5:colcon.colcon_core.verb:set package 'mocap_msg' build argument 'ament_cmake_args' from command line to 'None'
[1.613s] Level 5:colcon.colcon_core.verb:set package 'mocap_msg' build argument 'catkin_cmake_args' from command line to 'None'
[1.613s] Level 5:colcon.colcon_core.verb:set package 'mocap_msg' build argument 'catkin_skip_building_tests' from command line to 'False'
[1.613s] DEBUG:colcon.colcon_core.verb:Building package 'mocap_msg' with the following arguments: {'ament_cmake_args': None, 'build_base': '/home/bodlaire/Desktop/Work/Mocap/build/mocap_msg', 'catkin_cmake_args': None, 'catkin_skip_building_tests': False, 'cmake_args': None, 'cmake_clean_cache': False, 'cmake_clean_first': False, 'cmake_force_configure': False, 'cmake_target': None, 'cmake_target_skip_unavailable': False, 'install_base': '/home/bodlaire/Desktop/Work/Mocap/install/mocap_msg', 'merge_install': False, 'path': '/home/bodlaire/Desktop/Work/Mocap/src/mocap_msg', 'symlink_install': False, 'test_result_base': None}
[1.634s] Level 5:colcon.colcon_core.verb:set package 'mocap_pkg' build argument 'cmake_args' from command line to 'None'
[1.634s] Level 5:colcon.colcon_core.verb:set package 'mocap_pkg' build argument 'cmake_target' from command line to 'None'
[1.634s] Level 5:colcon.colcon_core.verb:set package 'mocap_pkg' build argument 'cmake_target_skip_unavailable' from command line to 'False'
[1.634s] Level 5:colcon.colcon_core.verb:set package 'mocap_pkg' build argument 'cmake_clean_cache' from command line to 'False'
[1.634s] Level 5:colcon.colcon_core.verb:set package 'mocap_pkg' build argument 'cmake_clean_first' from command line to 'False'
[1.634s] Level 5:colcon.colcon_core.verb:set package 'mocap_pkg' build argument 'cmake_force_configure' from command line to 'False'
[1.634s] Level 5:colcon.colcon_core.verb:set package 'mocap_pkg' build argument 'ament_cmake_args' from command line to 'None'
[1.634s] Level 5:colcon.colcon_core.verb:set package 'mocap_pkg' build argument 'catkin_cmake_args' from command line to 'None'
[1.634s] Level 5:colcon.colcon_core.verb:set package 'mocap_pkg' build argument 'catkin_skip_building_tests' from command line to 'False'
[1.634s] DEBUG:colcon.colcon_core.verb:Building package 'mocap_pkg' with the following arguments: {'ament_cmake_args': None, 'build_base': '/home/bodlaire/Desktop/Work/Mocap/build/mocap_pkg', 'catkin_cmake_args': None, 'catkin_skip_building_tests': False, 'cmake_args': None, 'cmake_clean_cache': False, 'cmake_clean_first': False, 'cmake_force_configure': False, 'cmake_target': None, 'cmake_target_skip_unavailable': False, 'install_base': '/home/bodlaire/Desktop/Work/Mocap/install/mocap_pkg', 'merge_install': False, 'path': '/home/bodlaire/Desktop/Work/Mocap/src/mocap_pkg', 'symlink_install': False, 'test_result_base': None}
[1.655s] Level 5:colcon.colcon_core.verb:set package 'vehicle_state_msgs' build argument 'cmake_args' from command line to 'None'
[1.655s] Level 5:colcon.colcon_core.verb:set package 'vehicle_state_msgs' build argument 'cmake_target' from command line to 'None'
[1.655s] Level 5:colcon.colcon_core.verb:set package 'vehicle_state_msgs' build argument 'cmake_target_skip_unavailable' from command line to 'False'
[1.655s] Level 5:colcon.colcon_core.verb:set package 'vehicle_state_msgs' build argument 'cmake_clean_cache' from command line to 'False'
[1.655s] Level 5:colcon.colcon_core.verb:set package 'vehicle_state_msgs' build argument 'cmake_clean_first' from command line to 'False'
[1.655s] Level 5:colcon.colcon_core.verb:set package 'vehicle_state_msgs' build argument 'cmake_force_configure' from command line to 'False'
[1.655s] Level 5:colcon.colcon_core.verb:set package 'vehicle_state_msgs' build argument 'ament_cmake_args' from command line to 'None'
[1.655s] Level 5:colcon.colcon_core.verb:set package 'vehicle_state_msgs' build argument 'catkin_cmake_args' from command line to 'None'
[1.655s] Level 5:colcon.colcon_core.verb:set package 'vehicle_state_msgs' build argument 'catkin_skip_building_tests' from command line to 'False'
[1.655s] DEBUG:colcon.colcon_core.verb:Building package 'vehicle_state_msgs' with the following arguments: {'ament_cmake_args': None, 'build_base': '/home/bodlaire/Desktop/Work/Mocap/build/vehicle_state_msgs', 'catkin_cmake_args': None, 'catkin_skip_building_tests': False, 'cmake_args': None, 'cmake_clean_cache': False, 'cmake_clean_first': False, 'cmake_force_configure': False, 'cmake_target': None, 'cmake_target_skip_unavailable': False, 'install_base': '/home/bodlaire/Desktop/Work/Mocap/install/vehicle_state_msgs', 'merge_install': False, 'path': '/home/bodlaire/Desktop/Work/Mocap/src/vehicle_state_msgs', 'symlink_install': False, 'test_result_base': None}
[1.676s] Level 5:colcon.colcon_core.verb:set package 'vehicle_state_observer' build argument 'cmake_args' from command line to 'None'
[1.676s] Level 5:colcon.colcon_core.verb:set package 'vehicle_state_observer' build argument 'cmake_target' from command line to 'None'
[1.676s] Level 5:colcon.colcon_core.verb:set package 'vehicle_state_observer' build argument 'cmake_target_skip_unavailable' from command line to 'False'
[1.676s] Level 5:colcon.colcon_core.verb:set package 'vehicle_state_observer' build argument 'cmake_clean_cache' from command line to 'False'
[1.676s] Level 5:colcon.colcon_core.verb:set package 'vehicle_state_observer' build argument 'cmake_clean_first' from command line to 'False'
[1.676s] Level 5:colcon.colcon_core.verb:set package 'vehicle_state_observer' build argument 'cmake_force_configure' from command line to 'False'
[1.676s] Level 5:colcon.colcon_core.verb:set package 'vehicle_state_observer' build argument 'ament_cmake_args' from command line to 'None'
[1.676s] Level 5:colcon.colcon_core.verb:set package 'vehicle_state_observer' build argument 'catkin_cmake_args' from command line to 'None'
[1.676s] Level 5:colcon.colcon_core.verb:set package 'vehicle_state_observer' build argument 'catkin_skip_building_tests' from command line to 'False'
[1.676s] DEBUG:colcon.colcon_core.verb:Building package 'vehicle_state_observer' with the following arguments: {'ament_cmake_args': None, 'build_base': '/home/bodlaire/Desktop/Work/Mocap/build/vehicle_state_observer', 'catkin_cmake_args': None, 'catkin_skip_building_tests': False, 'cmake_args': None, 'cmake_clean_cache': False, 'cmake_clean_first': False, 'cmake_force_configure': False, 'cmake_target': None, 'cmake_target_skip_unavailable': False, 'install_base': '/home/bodlaire/Desktop/Work/Mocap/install/vehicle_state_observer', 'merge_install': False, 'path': '/home/bodlaire/Desktop/Work/Mocap/src/vehicle_state_observer', 'symlink_install': False, 'test_result_base': None}
[1.697s] Level 5:colcon.colcon_core.verb:set package 'vesc_msgs' build argument 'cmake_args' from command line to 'None'
[1.697s] Level 5:colcon.colcon_core.verb:set package 'vesc_msgs' build argument 'cmake_target' from command line to 'None'
[1.697s] Level 5:colcon.colcon_core.verb:set package 'vesc_msgs' build argument 'cmake_target_skip_unavailable' from command line to 'False'
[1.697s] Level 5:colcon.colcon_core.verb:set package 'vesc_msgs' build argument 'cmake_clean_cache' from command line to 'False'
[1.697s] Level 5:colcon.colcon_core.verb:set package 'vesc_msgs' build argument 'cmake_clean_first' from command line to 'False'
[1.697s] Level 5:colcon.colcon_core.verb:set package 'vesc_msgs' build argument 'cmake_force_configure' from command line to 'False'
[1.697s] Level 5:colcon.colcon_core.verb:set package 'vesc_msgs' build argument 'ament_cmake_args' from command line to 'None'
[1.697s] Level 5:colcon.colcon_core.verb:set package 'vesc_msgs' build argument 'catkin_cmake_args' from command line to 'None'
[1.697s] Level 5:colcon.colcon_core.verb:set package 'vesc_msgs' build argument 'catkin_skip_building_tests' from command line to 'False'
[1.697s] DEBUG:colcon.colcon_core.verb:Building package 'vesc_msgs' with the following arguments: {'ament_cmake_args': None, 'build_base': '/home/bodlaire/Desktop/Work/Mocap/build/vesc_msgs', 'catkin_cmake_args': None, 'catkin_skip_building_tests': False, 'cmake_args': None, 'cmake_clean_cache': False, 'cmake_clean_first': False, 'cmake_force_configure': False, 'cmake_target': None, 'cmake_target_skip_unavailable': False, 'install_base': '/home/bodlaire/Desktop/Work/Mocap/install/vesc_msgs', 'merge_install': False, 'path': '/home/bodlaire/Desktop/Work/Mocap/src/vesc_msgs', 'symlink_install': False, 'test_result_base': None}
[1.725s] INFO:colcon.colcon_core.executor:Executing jobs using 'parallel' executor
[1.746s] DEBUG:colcon.colcon_parallel_executor.executor.parallel:run_until_complete
[1.746s] INFO:colcon.colcon_ros.task.ament_cmake.build:Building ROS package in '/home/bodlaire/Desktop/Work/Mocap/src/drive_bridge_msg' with build type 'ament_cmake'
[1.747s] INFO:colcon.colcon_cmake.task.cmake.build:Building CMake package in '/home/bodlaire/Desktop/Work/Mocap/src/drive_bridge_msg'
[1.769s] INFO:colcon.colcon_core.plugin_system:Skipping extension 'colcon_core.shell.bat': Not used on non-Windows systems
[1.769s] INFO:colcon.colcon_core.shell:Skip shell extension 'powershell' for command environment: Not usable outside of PowerShell
[1.769s] DEBUG:colcon.colcon_core.shell:Skip shell extension 'dsv' for command environment
[1.835s] INFO:colcon.colcon_ros.task.ament_cmake.build:Building ROS package in '/home/bodlaire/Desktop/Work/Mocap/src/mocap_msg' with build type 'ament_cmake'
[1.835s] INFO:colcon.colcon_cmake.task.cmake.build:Building CMake package in '/home/bodlaire/Desktop/Work/Mocap/src/mocap_msg'
[1.858s] INFO:colcon.colcon_core.shell:Skip shell extension 'powershell' for command environment: Not usable outside of PowerShell
[1.858s] DEBUG:colcon.colcon_core.shell:Skip shell extension 'dsv' for command environment
[1.925s] INFO:colcon.colcon_ros.task.ament_python.build:Building ROS package in '/home/bodlaire/Desktop/Work/Mocap/src/mocap_pkg' with build type 'ament_python'
[1.925s] Level 1:colcon.colcon_core.shell:create_environment_hook('mocap_pkg', 'ament_prefix_path')
[1.948s] INFO:colcon.colcon_core.shell:Creating environment hook '/home/bodlaire/Desktop/Work/Mocap/install/mocap_pkg/share/mocap_pkg/hook/ament_prefix_path.ps1'
[1.948s] INFO:colcon.colcon_core.shell:Creating environment descriptor '/home/bodlaire/Desktop/Work/Mocap/install/mocap_pkg/share/mocap_pkg/hook/ament_prefix_path.dsv'
[1.949s] INFO:colcon.colcon_core.shell:Creating environment hook '/home/bodlaire/Desktop/Work/Mocap/install/mocap_pkg/share/mocap_pkg/hook/ament_prefix_path.sh'
[1.971s] INFO:colcon.colcon_core.shell:Skip shell extension 'powershell' for command environment: Not usable outside of PowerShell
[1.971s] DEBUG:colcon.colcon_core.shell:Skip shell extension 'dsv' for command environment
[2.037s] INFO:colcon.colcon_ros.task.ament_cmake.build:Building ROS package in '/home/bodlaire/Desktop/Work/Mocap/src/vehicle_state_msgs' with build type 'ament_cmake'
[2.037s] INFO:colcon.colcon_cmake.task.cmake.build:Building CMake package in '/home/bodlaire/Desktop/Work/Mocap/src/vehicle_state_msgs'
[2.060s] INFO:colcon.colcon_core.shell:Skip shell extension 'powershell' for command environment: Not usable outside of PowerShell
[2.060s] DEBUG:colcon.colcon_core.shell:Skip shell extension 'dsv' for command environment
[2.129s] INFO:colcon.colcon_ros.task.ament_python.build:Building ROS package in '/home/bodlaire/Desktop/Work/Mocap/src/vehicle_state_observer' with build type 'ament_python'
[2.129s] Level 1:colcon.colcon_core.shell:create_environment_hook('vehicle_state_observer', 'ament_prefix_path')
[2.152s] INFO:colcon.colcon_core.shell:Creating environment hook '/home/bodlaire/Desktop/Work/Mocap/install/vehicle_state_observer/share/vehicle_state_observer/hook/ament_prefix_path.ps1'
[2.152s] INFO:colcon.colcon_core.shell:Creating environment descriptor '/home/bodlaire/Desktop/Work/Mocap/install/vehicle_state_observer/share/vehicle_state_observer/hook/ament_prefix_path.dsv'
[2.153s] INFO:colcon.colcon_core.shell:Creating environment hook '/home/bodlaire/Desktop/Work/Mocap/install/vehicle_state_observer/share/vehicle_state_observer/hook/ament_prefix_path.sh'
[2.177s] INFO:colcon.colcon_core.shell:Skip shell extension 'powershell' for command environment: Not usable outside of PowerShell
[2.177s] DEBUG:colcon.colcon_core.shell:Skip shell extension 'dsv' for command environment
[2.244s] INFO:colcon.colcon_ros.task.ament_cmake.build:Building ROS package in '/home/bodlaire/Desktop/Work/Mocap/src/vesc_msgs' with build type 'ament_cmake'
[2.244s] INFO:colcon.colcon_cmake.task.cmake.build:Building CMake package in '/home/bodlaire/Desktop/Work/Mocap/src/vesc_msgs'
[2.266s] INFO:colcon.colcon_core.shell:Skip shell extension 'powershell' for command environment: Not usable outside of PowerShell
[2.266s] DEBUG:colcon.colcon_core.shell:Skip shell extension 'dsv' for command environment
[2.339s] DEBUG:colcon.colcon_core.event_handler.log_command:Invoking command in '/home/bodlaire/Desktop/Work/Mocap/build/drive_bridge_msg': CMAKE_PREFIX_PATH=${CMAKE_PREFIX_PATH}:/home/bodlaire/Desktop/Work/Mocap/install/vehicle_state_observer:/home/bodlaire/Desktop/Work/Mocap/install/mocap_pkg:/opt/ros/foxy /usr/bin/cmake --build /home/bodlaire/Desktop/Work/Mocap/build/drive_bridge_msg -- -j16 -l16
[2.343s] DEBUG:colcon.colcon_core.event_handler.log_command:Invoking command in '/home/bodlaire/Desktop/Work/Mocap/build/mocap_msg': CMAKE_PREFIX_PATH=${CMAKE_PREFIX_PATH}:/home/bodlaire/Desktop/Work/Mocap/install/vehicle_state_observer:/home/bodlaire/Desktop/Work/Mocap/install/mocap_pkg:/opt/ros/foxy /usr/bin/cmake --build /home/bodlaire/Desktop/Work/Mocap/build/mocap_msg -- -j16 -l16
[2.501s] INFO:colcon.colcon_core.task.python.build:Building Python package in '/home/bodlaire/Desktop/Work/Mocap/src/mocap_pkg'
[2.538s] INFO:colcon.colcon_core.shell:Skip shell extension 'powershell' for command environment: Not usable outside of PowerShell
[2.538s] DEBUG:colcon.colcon_core.shell:Skip shell extension 'dsv' for command environment
[2.627s] DEBUG:colcon.colcon_core.event_handler.log_command:Invoking command in '/home/bodlaire/Desktop/Work/Mocap/build/vehicle_state_msgs': CMAKE_PREFIX_PATH=${CMAKE_PREFIX_PATH}:/home/bodlaire/Desktop/Work/Mocap/install/vehicle_state_observer:/home/bodlaire/Desktop/Work/Mocap/install/mocap_pkg:/opt/ros/foxy /usr/bin/cmake --build /home/bodlaire/Desktop/Work/Mocap/build/vehicle_state_msgs -- -j16 -l16
[2.776s] INFO:colcon.colcon_core.task.python.build:Building Python package in '/home/bodlaire/Desktop/Work/Mocap/src/vehicle_state_observer'
[2.803s] INFO:colcon.colcon_core.shell:Skip shell extension 'powershell' for command environment: Not usable outside of PowerShell
[2.803s] DEBUG:colcon.colcon_core.shell:Skip shell extension 'dsv' for command environment
[2.893s] DEBUG:colcon.colcon_core.event_handler.log_command:Invoked command in '/home/bodlaire/Desktop/Work/Mocap/build/drive_bridge_msg' returned '0': CMAKE_PREFIX_PATH=${CMAKE_PREFIX_PATH}:/home/bodlaire/Desktop/Work/Mocap/install/vehicle_state_observer:/home/bodlaire/Desktop/Work/Mocap/install/mocap_pkg:/opt/ros/foxy /usr/bin/cmake --build /home/bodlaire/Desktop/Work/Mocap/build/drive_bridge_msg -- -j16 -l16
[2.896s] DEBUG:colcon.colcon_core.event_handler.log_command:Invoking command in '/home/bodlaire/Desktop/Work/Mocap/build/vesc_msgs': CMAKE_PREFIX_PATH=${CMAKE_PREFIX_PATH}:/home/bodlaire/Desktop/Work/Mocap/install/vehicle_state_observer:/home/bodlaire/Desktop/Work/Mocap/install/mocap_pkg:/opt/ros/foxy /usr/bin/cmake --build /home/bodlaire/Desktop/Work/Mocap/build/vesc_msgs -- -j16 -l16
[2.898s] DEBUG:colcon.colcon_core.event_handler.log_command:Invoked command in '/home/bodlaire/Desktop/Work/Mocap/build/vehicle_state_msgs' returned '0': CMAKE_PREFIX_PATH=${CMAKE_PREFIX_PATH}:/home/bodlaire/Desktop/Work/Mocap/install/vehicle_state_observer:/home/bodlaire/Desktop/Work/Mocap/install/mocap_pkg:/opt/ros/foxy /usr/bin/cmake --build /home/bodlaire/Desktop/Work/Mocap/build/vehicle_state_msgs -- -j16 -l16
[2.898s] DEBUG:colcon.colcon_core.event_handler.log_command:Invoked command in '/home/bodlaire/Desktop/Work/Mocap/build/mocap_msg' returned '0': CMAKE_PREFIX_PATH=${CMAKE_PREFIX_PATH}:/home/bodlaire/Desktop/Work/Mocap/install/vehicle_state_observer:/home/bodlaire/Desktop/Work/Mocap/install/mocap_pkg:/opt/ros/foxy /usr/bin/cmake --build /home/bodlaire/Desktop/Work/Mocap/build/mocap_msg -- -j16 -l16
[2.925s] DEBUG:colcon.colcon_core.event_handler.log_command:Invoking command in '/home/bodlaire/Desktop/Work/Mocap/build/vehicle_state_msgs': CMAKE_PREFIX_PATH=${CMAKE_PREFIX_PATH}:/home/bodlaire/Desktop/Work/Mocap/install/vehicle_state_observer:/home/bodlaire/Desktop/Work/Mocap/install/mocap_pkg:/opt/ros/foxy /usr/bin/cmake --install /home/bodlaire/Desktop/Work/Mocap/build/vehicle_state_msgs
[2.928s] DEBUG:colcon.colcon_core.event_handler.log_command:Invoking command in '/home/bodlaire/Desktop/Work/Mocap/build/drive_bridge_msg': CMAKE_PREFIX_PATH=${CMAKE_PREFIX_PATH}:/home/bodlaire/Desktop/Work/Mocap/install/vehicle_state_observer:/home/bodlaire/Desktop/Work/Mocap/install/mocap_pkg:/opt/ros/foxy /usr/bin/cmake --install /home/bodlaire/Desktop/Work/Mocap/build/drive_bridge_msg
[2.932s] DEBUG:colcon.colcon_core.event_handler.log_command:Invoking command in '/home/bodlaire/Desktop/Work/Mocap/build/mocap_msg': CMAKE_PREFIX_PATH=${CMAKE_PREFIX_PATH}:/home/bodlaire/Desktop/Work/Mocap/install/vehicle_state_observer:/home/bodlaire/Desktop/Work/Mocap/install/mocap_pkg:/opt/ros/foxy /usr/bin/cmake --install /home/bodlaire/Desktop/Work/Mocap/build/mocap_msg
[2.974s] Level 1:colcon.colcon_core.environment:create_environment_scripts_only(vehicle_state_msgs)
[2.974s] DEBUG:colcon.colcon_core.event_handler.log_command:Invoked command in '/home/bodlaire/Desktop/Work/Mocap/build/vehicle_state_msgs' returned '0': CMAKE_PREFIX_PATH=${CMAKE_PREFIX_PATH}:/home/bodlaire/Desktop/Work/Mocap/install/vehicle_state_observer:/home/bodlaire/Desktop/Work/Mocap/install/mocap_pkg:/opt/ros/foxy /usr/bin/cmake --install /home/bodlaire/Desktop/Work/Mocap/build/vehicle_state_msgs
[3.003s] Level 1:colcon.colcon_core.environment:checking '/home/bodlaire/Desktop/Work/Mocap/install/vehicle_state_msgs' for CMake module files
[3.004s] Level 1:colcon.colcon_core.environment:checking '/home/bodlaire/Desktop/Work/Mocap/install/vehicle_state_msgs' for CMake config files
[3.004s] Level 1:colcon.colcon_core.shell:create_environment_hook('vehicle_state_msgs', 'cmake_prefix_path')
[3.027s] INFO:colcon.colcon_core.shell:Creating environment hook '/home/bodlaire/Desktop/Work/Mocap/install/vehicle_state_msgs/share/vehicle_state_msgs/hook/cmake_prefix_path.ps1'
[3.028s] INFO:colcon.colcon_core.shell:Creating environment descriptor '/home/bodlaire/Desktop/Work/Mocap/install/vehicle_state_msgs/share/vehicle_state_msgs/hook/cmake_prefix_path.dsv'
[3.028s] INFO:colcon.colcon_core.shell:Creating environment hook '/home/bodlaire/Desktop/Work/Mocap/install/vehicle_state_msgs/share/vehicle_state_msgs/hook/cmake_prefix_path.sh'
[3.028s] Level 1:colcon.colcon_core.environment:checking '/home/bodlaire/Desktop/Work/Mocap/install/vehicle_state_msgs/lib'
[3.028s] Level 1:colcon.colcon_core.shell:create_environment_hook('vehicle_state_msgs', 'ld_library_path_lib')
[3.052s] INFO:colcon.colcon_core.shell:Creating environment hook '/home/bodlaire/Desktop/Work/Mocap/install/vehicle_state_msgs/share/vehicle_state_msgs/hook/ld_library_path_lib.ps1'
[3.052s] INFO:colcon.colcon_core.shell:Creating environment descriptor '/home/bodlaire/Desktop/Work/Mocap/install/vehicle_state_msgs/share/vehicle_state_msgs/hook/ld_library_path_lib.dsv'
[3.052s] INFO:colcon.colcon_core.shell:Creating environment hook '/home/bodlaire/Desktop/Work/Mocap/install/vehicle_state_msgs/share/vehicle_state_msgs/hook/ld_library_path_lib.sh'
[3.052s] Level 1:colcon.colcon_core.environment:checking '/home/bodlaire/Desktop/Work/Mocap/install/vehicle_state_msgs/bin'
[3.053s] Level 1:colcon.colcon_core.environment:checking '/home/bodlaire/Desktop/Work/Mocap/install/vehicle_state_msgs/lib/pkgconfig/vehicle_state_msgs.pc'
[3.053s] Level 1:colcon.colcon_core.environment:checking '/home/bodlaire/Desktop/Work/Mocap/install/vehicle_state_msgs/lib/python3.8/site-packages'
[3.053s] Level 1:colcon.colcon_core.shell:create_environment_hook('vehicle_state_msgs', 'pythonpath')
[3.076s] INFO:colcon.colcon_core.shell:Creating environment hook '/home/bodlaire/Desktop/Work/Mocap/install/vehicle_state_msgs/share/vehicle_state_msgs/hook/pythonpath.ps1'
[3.077s] INFO:colcon.colcon_core.shell:Creating environment descriptor '/home/bodlaire/Desktop/Work/Mocap/install/vehicle_state_msgs/share/vehicle_state_msgs/hook/pythonpath.dsv'
[3.077s] INFO:colcon.colcon_core.shell:Creating environment hook '/home/bodlaire/Desktop/Work/Mocap/install/vehicle_state_msgs/share/vehicle_state_msgs/hook/pythonpath.sh'
[3.077s] Level 1:colcon.colcon_core.environment:checking '/home/bodlaire/Desktop/Work/Mocap/install/vehicle_state_msgs/bin'
[3.100s] INFO:colcon.colcon_core.shell:Creating package script '/home/bodlaire/Desktop/Work/Mocap/install/vehicle_state_msgs/share/vehicle_state_msgs/package.ps1'
[3.101s] INFO:colcon.colcon_core.shell:Creating package descriptor '/home/bodlaire/Desktop/Work/Mocap/install/vehicle_state_msgs/share/vehicle_state_msgs/package.dsv'
[3.102s] INFO:colcon.colcon_core.shell:Creating package script '/home/bodlaire/Desktop/Work/Mocap/install/vehicle_state_msgs/share/vehicle_state_msgs/package.sh'
[3.102s] INFO:colcon.colcon_core.shell:Creating package script '/home/bodlaire/Desktop/Work/Mocap/install/vehicle_state_msgs/share/vehicle_state_msgs/package.bash'
[3.102s] INFO:colcon.colcon_core.shell:Creating package script '/home/bodlaire/Desktop/Work/Mocap/install/vehicle_state_msgs/share/vehicle_state_msgs/package.zsh'
[3.103s] Level 1:colcon.colcon_core.environment:create_file_with_runtime_dependencies(/home/bodlaire/Desktop/Work/Mocap/install/vehicle_state_msgs/share/colcon-core/packages/vehicle_state_msgs)
[3.106s] Level 1:colcon.colcon_core.environment:create_environment_scripts_only(drive_bridge_msg)
[3.107s] DEBUG:colcon.colcon_core.event_handler.log_command:Invoked command in '/home/bodlaire/Desktop/Work/Mocap/build/drive_bridge_msg' returned '0': CMAKE_PREFIX_PATH=${CMAKE_PREFIX_PATH}:/home/bodlaire/Desktop/Work/Mocap/install/vehicle_state_observer:/home/bodlaire/Desktop/Work/Mocap/install/mocap_pkg:/opt/ros/foxy /usr/bin/cmake --install /home/bodlaire/Desktop/Work/Mocap/build/drive_bridge_msg
[3.130s] Level 1:colcon.colcon_core.environment:checking '/home/bodlaire/Desktop/Work/Mocap/install/drive_bridge_msg' for CMake module files
[3.130s] Level 1:colcon.colcon_core.environment:checking '/home/bodlaire/Desktop/Work/Mocap/install/drive_bridge_msg' for CMake config files
[3.130s] Level 1:colcon.colcon_core.shell:create_environment_hook('drive_bridge_msg', 'cmake_prefix_path')
[3.153s] INFO:colcon.colcon_core.shell:Creating environment hook '/home/bodlaire/Desktop/Work/Mocap/install/drive_bridge_msg/share/drive_bridge_msg/hook/cmake_prefix_path.ps1'
[3.153s] INFO:colcon.colcon_core.shell:Creating environment descriptor '/home/bodlaire/Desktop/Work/Mocap/install/drive_bridge_msg/share/drive_bridge_msg/hook/cmake_prefix_path.dsv'
[3.154s] INFO:colcon.colcon_core.shell:Creating environment hook '/home/bodlaire/Desktop/Work/Mocap/install/drive_bridge_msg/share/drive_bridge_msg/hook/cmake_prefix_path.sh'
[3.154s] Level 1:colcon.colcon_core.environment:checking '/home/bodlaire/Desktop/Work/Mocap/install/drive_bridge_msg/lib'
[3.154s] Level 1:colcon.colcon_core.shell:create_environment_hook('drive_bridge_msg', 'ld_library_path_lib')
[3.177s] INFO:colcon.colcon_core.shell:Creating environment hook '/home/bodlaire/Desktop/Work/Mocap/install/drive_bridge_msg/share/drive_bridge_msg/hook/ld_library_path_lib.ps1'
[3.178s] INFO:colcon.colcon_core.shell:Creating environment descriptor '/home/bodlaire/Desktop/Work/Mocap/install/drive_bridge_msg/share/drive_bridge_msg/hook/ld_library_path_lib.dsv'
[3.178s] INFO:colcon.colcon_core.shell:Creating environment hook '/home/bodlaire/Desktop/Work/Mocap/install/drive_bridge_msg/share/drive_bridge_msg/hook/ld_library_path_lib.sh'
[3.178s] Level 1:colcon.colcon_core.environment:checking '/home/bodlaire/Desktop/Work/Mocap/install/drive_bridge_msg/bin'
[3.178s] Level 1:colcon.colcon_core.environment:checking '/home/bodlaire/Desktop/Work/Mocap/install/drive_bridge_msg/lib/pkgconfig/drive_bridge_msg.pc'
[3.178s] Level 1:colcon.colcon_core.environment:checking '/home/bodlaire/Desktop/Work/Mocap/install/drive_bridge_msg/lib/python3.8/site-packages'
[3.178s] Level 1:colcon.colcon_core.shell:create_environment_hook('drive_bridge_msg', 'pythonpath')
[3.200s] INFO:colcon.colcon_core.shell:Creating environment hook '/home/bodlaire/Desktop/Work/Mocap/install/drive_bridge_msg/share/drive_bridge_msg/hook/pythonpath.ps1'
[3.201s] INFO:colcon.colcon_core.shell:Creating environment descriptor '/home/bodlaire/Desktop/Work/Mocap/install/drive_bridge_msg/share/drive_bridge_msg/hook/pythonpath.dsv'
[3.201s] INFO:colcon.colcon_core.shell:Creating environment hook '/home/bodlaire/Desktop/Work/Mocap/install/drive_bridge_msg/share/drive_bridge_msg/hook/pythonpath.sh'
[3.202s] Level 1:colcon.colcon_core.environment:checking '/home/bodlaire/Desktop/Work/Mocap/install/drive_bridge_msg/bin'
[3.226s] INFO:colcon.colcon_core.shell:Creating package script '/home/bodlaire/Desktop/Work/Mocap/install/drive_bridge_msg/share/drive_bridge_msg/package.ps1'
[3.226s] INFO:colcon.colcon_core.shell:Creating package descriptor '/home/bodlaire/Desktop/Work/Mocap/install/drive_bridge_msg/share/drive_bridge_msg/package.dsv'
[3.227s] INFO:colcon.colcon_core.shell:Creating package script '/home/bodlaire/Desktop/Work/Mocap/install/drive_bridge_msg/share/drive_bridge_msg/package.sh'
[3.227s] INFO:colcon.colcon_core.shell:Creating package script '/home/bodlaire/Desktop/Work/Mocap/install/drive_bridge_msg/share/drive_bridge_msg/package.bash'
[3.227s] INFO:colcon.colcon_core.shell:Creating package script '/home/bodlaire/Desktop/Work/Mocap/install/drive_bridge_msg/share/drive_bridge_msg/package.zsh'
[3.227s] Level 1:colcon.colcon_core.environment:create_file_with_runtime_dependencies(/home/bodlaire/Desktop/Work/Mocap/install/drive_bridge_msg/share/colcon-core/packages/drive_bridge_msg)
[3.230s] Level 1:colcon.colcon_core.environment:create_environment_scripts_only(mocap_msg)
[3.231s] DEBUG:colcon.colcon_core.event_handler.log_command:Invoked command in '/home/bodlaire/Desktop/Work/Mocap/build/mocap_msg' returned '0': CMAKE_PREFIX_PATH=${CMAKE_PREFIX_PATH}:/home/bodlaire/Desktop/Work/Mocap/install/vehicle_state_observer:/home/bodlaire/Desktop/Work/Mocap/install/mocap_pkg:/opt/ros/foxy /usr/bin/cmake --install /home/bodlaire/Desktop/Work/Mocap/build/mocap_msg
[3.253s] Level 1:colcon.colcon_core.environment:checking '/home/bodlaire/Desktop/Work/Mocap/install/mocap_msg' for CMake module files
[3.253s] Level 1:colcon.colcon_core.environment:checking '/home/bodlaire/Desktop/Work/Mocap/install/mocap_msg' for CMake config files
[3.253s] Level 1:colcon.colcon_core.shell:create_environment_hook('mocap_msg', 'cmake_prefix_path')
[3.275s] INFO:colcon.colcon_core.shell:Creating environment hook '/home/bodlaire/Desktop/Work/Mocap/install/mocap_msg/share/mocap_msg/hook/cmake_prefix_path.ps1'
[3.275s] INFO:colcon.colcon_core.shell:Creating environment descriptor '/home/bodlaire/Desktop/Work/Mocap/install/mocap_msg/share/mocap_msg/hook/cmake_prefix_path.dsv'
[3.276s] INFO:colcon.colcon_core.shell:Creating environment hook '/home/bodlaire/Desktop/Work/Mocap/install/mocap_msg/share/mocap_msg/hook/cmake_prefix_path.sh'
[3.276s] Level 1:colcon.colcon_core.environment:checking '/home/bodlaire/Desktop/Work/Mocap/install/mocap_msg/lib'
[3.276s] Level 1:colcon.colcon_core.shell:create_environment_hook('mocap_msg', 'ld_library_path_lib')
[3.298s] INFO:colcon.colcon_core.shell:Creating environment hook '/home/bodlaire/Desktop/Work/Mocap/install/mocap_msg/share/mocap_msg/hook/ld_library_path_lib.ps1'
[3.298s] INFO:colcon.colcon_core.shell:Creating environment descriptor '/home/bodlaire/Desktop/Work/Mocap/install/mocap_msg/share/mocap_msg/hook/ld_library_path_lib.dsv'
[3.298s] INFO:colcon.colcon_core.shell:Creating environment hook '/home/bodlaire/Desktop/Work/Mocap/install/mocap_msg/share/mocap_msg/hook/ld_library_path_lib.sh'
[3.299s] Level 1:colcon.colcon_core.environment:checking '/home/bodlaire/Desktop/Work/Mocap/install/mocap_msg/bin'
[3.299s] Level 1:colcon.colcon_core.environment:checking '/home/bodlaire/Desktop/Work/Mocap/install/mocap_msg/lib/pkgconfig/mocap_msg.pc'
[3.299s] Level 1:colcon.colcon_core.environment:checking '/home/bodlaire/Desktop/Work/Mocap/install/mocap_msg/lib/python3.8/site-packages'
[3.299s] Level 1:colcon.colcon_core.shell:create_environment_hook('mocap_msg', 'pythonpath')
[3.320s] INFO:colcon.colcon_core.shell:Creating environment hook '/home/bodlaire/Desktop/Work/Mocap/install/mocap_msg/share/mocap_msg/hook/pythonpath.ps1'
[3.320s] INFO:colcon.colcon_core.shell:Creating environment descriptor '/home/bodlaire/Desktop/Work/Mocap/install/mocap_msg/share/mocap_msg/hook/pythonpath.dsv'
[3.320s] INFO:colcon.colcon_core.shell:Creating environment hook '/home/bodlaire/Desktop/Work/Mocap/install/mocap_msg/share/mocap_msg/hook/pythonpath.sh'
[3.321s] Level 1:colcon.colcon_core.environment:checking '/home/bodlaire/Desktop/Work/Mocap/install/mocap_msg/bin'
[3.342s] INFO:colcon.colcon_core.shell:Creating package script '/home/bodlaire/Desktop/Work/Mocap/install/mocap_msg/share/mocap_msg/package.ps1'
[3.342s] INFO:colcon.colcon_core.shell:Creating package descriptor '/home/bodlaire/Desktop/Work/Mocap/install/mocap_msg/share/mocap_msg/package.dsv'
[3.343s] INFO:colcon.colcon_core.shell:Creating package script '/home/bodlaire/Desktop/Work/Mocap/install/mocap_msg/share/mocap_msg/package.sh'
[3.343s] INFO:colcon.colcon_core.shell:Creating package script '/home/bodlaire/Desktop/Work/Mocap/install/mocap_msg/share/mocap_msg/package.bash'
[3.343s] INFO:colcon.colcon_core.shell:Creating package script '/home/bodlaire/Desktop/Work/Mocap/install/mocap_msg/share/mocap_msg/package.zsh'
[3.343s] Level 1:colcon.colcon_core.environment:create_file_with_runtime_dependencies(/home/bodlaire/Desktop/Work/Mocap/install/mocap_msg/share/colcon-core/packages/mocap_msg)
[3.347s] DEBUG:colcon.colcon_core.event_handler.log_command:Invoked command in '/home/bodlaire/Desktop/Work/Mocap/build/vesc_msgs' returned '0': CMAKE_PREFIX_PATH=${CMAKE_PREFIX_PATH}:/home/bodlaire/Desktop/Work/Mocap/install/vehicle_state_observer:/home/bodlaire/Desktop/Work/Mocap/install/mocap_pkg:/opt/ros/foxy /usr/bin/cmake --build /home/bodlaire/Desktop/Work/Mocap/build/vesc_msgs -- -j16 -l16
[3.371s] Level 1:colcon.colcon_core.environment:create_environment_scripts_only(vehicle_state_msgs)
[3.393s] Level 1:colcon.colcon_core.environment:checking '/home/bodlaire/Desktop/Work/Mocap/install/vehicle_state_msgs' for CMake module files
[3.393s] Level 1:colcon.colcon_core.environment:checking '/home/bodlaire/Desktop/Work/Mocap/install/vehicle_state_msgs' for CMake config files
[3.393s] Level 1:colcon.colcon_core.shell:create_environment_hook('vehicle_state_msgs', 'cmake_prefix_path')
[3.415s] INFO:colcon.colcon_core.shell:Creating environment hook '/home/bodlaire/Desktop/Work/Mocap/install/vehicle_state_msgs/share/vehicle_state_msgs/hook/cmake_prefix_path.ps1'
[3.415s] INFO:colcon.colcon_core.shell:Creating environment descriptor '/home/bodlaire/Desktop/Work/Mocap/install/vehicle_state_msgs/share/vehicle_state_msgs/hook/cmake_prefix_path.dsv'
[3.416s] INFO:colcon.colcon_core.shell:Creating environment hook '/home/bodlaire/Desktop/Work/Mocap/install/vehicle_state_msgs/share/vehicle_state_msgs/hook/cmake_prefix_path.sh'
[3.416s] Level 1:colcon.colcon_core.environment:checking '/home/bodlaire/Desktop/Work/Mocap/install/vehicle_state_msgs/lib'
[3.416s] Level 1:colcon.colcon_core.shell:create_environment_hook('vehicle_state_msgs', 'ld_library_path_lib')
[3.447s] INFO:colcon.colcon_core.shell:Creating environment hook '/home/bodlaire/Desktop/Work/Mocap/install/vehicle_state_msgs/share/vehicle_state_msgs/hook/ld_library_path_lib.ps1'
[3.447s] INFO:colcon.colcon_core.shell:Creating environment descriptor '/home/bodlaire/Desktop/Work/Mocap/install/vehicle_state_msgs/share/vehicle_state_msgs/hook/ld_library_path_lib.dsv'
[3.447s] INFO:colcon.colcon_core.shell:Creating environment hook '/home/bodlaire/Desktop/Work/Mocap/install/vehicle_state_msgs/share/vehicle_state_msgs/hook/ld_library_path_lib.sh'
[3.447s] Level 1:colcon.colcon_core.environment:checking '/home/bodlaire/Desktop/Work/Mocap/install/vehicle_state_msgs/bin'
[3.447s] Level 1:colcon.colcon_core.environment:checking '/home/bodlaire/Desktop/Work/Mocap/install/vehicle_state_msgs/lib/pkgconfig/vehicle_state_msgs.pc'
[3.448s] Level 1:colcon.colcon_core.environment:checking '/home/bodlaire/Desktop/Work/Mocap/install/vehicle_state_msgs/lib/python3.8/site-packages'
[3.448s] Level 1:colcon.colcon_core.shell:create_environment_hook('vehicle_state_msgs', 'pythonpath')
[3.469s] INFO:colcon.colcon_core.shell:Creating environment hook '/home/bodlaire/Desktop/Work/Mocap/install/vehicle_state_msgs/share/vehicle_state_msgs/hook/pythonpath.ps1'
[3.469s] INFO:colcon.colcon_core.shell:Creating environment descriptor '/home/bodlaire/Desktop/Work/Mocap/install/vehicle_state_msgs/share/vehicle_state_msgs/hook/pythonpath.dsv'
[3.470s] INFO:colcon.colcon_core.shell:Creating environment hook '/home/bodlaire/Desktop/Work/Mocap/install/vehicle_state_msgs/share/vehicle_state_msgs/hook/pythonpath.sh'
[3.470s] Level 1:colcon.colcon_core.environment:checking '/home/bodlaire/Desktop/Work/Mocap/install/vehicle_state_msgs/bin'
[3.491s] INFO:colcon.colcon_core.shell:Creating package script '/home/bodlaire/Desktop/Work/Mocap/install/vehicle_state_msgs/share/vehicle_state_msgs/package.ps1'
[3.492s] INFO:colcon.colcon_core.shell:Creating package descriptor '/home/bodlaire/Desktop/Work/Mocap/install/vehicle_state_msgs/share/vehicle_state_msgs/package.dsv'
[3.492s] INFO:colcon.colcon_core.shell:Creating package script '/home/bodlaire/Desktop/Work/Mocap/install/vehicle_state_msgs/share/vehicle_state_msgs/package.sh'
[3.492s] INFO:colcon.colcon_core.shell:Creating package script '/home/bodlaire/Desktop/Work/Mocap/install/vehicle_state_msgs/share/vehicle_state_msgs/package.bash'
[3.493s] INFO:colcon.colcon_core.shell:Creating package script '/home/bodlaire/Desktop/Work/Mocap/install/vehicle_state_msgs/share/vehicle_state_msgs/package.zsh'
[3.493s] Level 1:colcon.colcon_core.environment:create_file_with_runtime_dependencies(/home/bodlaire/Desktop/Work/Mocap/install/vehicle_state_msgs/share/colcon-core/packages/vehicle_state_msgs)
[3.499s] DEBUG:colcon.colcon_core.event_handler.log_command:Invoking command in '/home/bodlaire/Desktop/Work/Mocap/src/vehicle_state_observer': PYTHONPATH=/home/bodlaire/Desktop/Work/Mocap/build/vehicle_state_observer/prefix_override:/home/bodlaire/Desktop/Work/Mocap/install/vehicle_state_observer/lib/python3.8/site-packages:${PYTHONPATH} /usr/bin/python3 setup.py egg_info --egg-base ../../build/vehicle_state_observer build --build-base /home/bodlaire/Desktop/Work/Mocap/build/vehicle_state_observer/build install --record /home/bodlaire/Desktop/Work/Mocap/build/vehicle_state_observer/install.log --install-scripts $base/lib/vehicle_state_observer --single-version-externally-managed
[3.502s] DEBUG:colcon.colcon_core.event_handler.log_command:Invoking command in '/home/bodlaire/Desktop/Work/Mocap/src/mocap_pkg': PYTHONPATH=/home/bodlaire/Desktop/Work/Mocap/build/mocap_pkg/prefix_override:/home/bodlaire/Desktop/Work/Mocap/install/mocap_pkg/lib/python3.8/site-packages:${PYTHONPATH} /usr/bin/python3 setup.py egg_info --egg-base ../../build/mocap_pkg build --build-base /home/bodlaire/Desktop/Work/Mocap/build/mocap_pkg/build install --record /home/bodlaire/Desktop/Work/Mocap/build/mocap_pkg/install.log --install-scripts $base/lib/mocap_pkg --single-version-externally-managed
[3.532s] Level 1:colcon.colcon_core.environment:create_environment_scripts_only(drive_bridge_msg)
[3.559s] Level 1:colcon.colcon_core.environment:checking '/home/bodlaire/Desktop/Work/Mocap/install/drive_bridge_msg' for CMake module files
[3.560s] Level 1:colcon.colcon_core.environment:checking '/home/bodlaire/Desktop/Work/Mocap/install/drive_bridge_msg' for CMake config files
[3.560s] Level 1:colcon.colcon_core.shell:create_environment_hook('drive_bridge_msg', 'cmake_prefix_path')
[3.582s] INFO:colcon.colcon_core.shell:Creating environment hook '/home/bodlaire/Desktop/Work/Mocap/install/drive_bridge_msg/share/drive_bridge_msg/hook/cmake_prefix_path.ps1'
[3.583s] INFO:colcon.colcon_core.shell:Creating environment descriptor '/home/bodlaire/Desktop/Work/Mocap/install/drive_bridge_msg/share/drive_bridge_msg/hook/cmake_prefix_path.dsv'
[3.583s] INFO:colcon.colcon_core.shell:Creating environment hook '/home/bodlaire/Desktop/Work/Mocap/install/drive_bridge_msg/share/drive_bridge_msg/hook/cmake_prefix_path.sh'
[3.583s] Level 1:colcon.colcon_core.environment:checking '/home/bodlaire/Desktop/Work/Mocap/install/drive_bridge_msg/lib'
[3.583s] Level 1:colcon.colcon_core.shell:create_environment_hook('drive_bridge_msg', 'ld_library_path_lib')
[3.617s] INFO:colcon.colcon_core.shell:Creating environment hook '/home/bodlaire/Desktop/Work/Mocap/install/drive_bridge_msg/share/drive_bridge_msg/hook/ld_library_path_lib.ps1'
[3.617s] INFO:colcon.colcon_core.shell:Creating environment descriptor '/home/bodlaire/Desktop/Work/Mocap/install/drive_bridge_msg/share/drive_bridge_msg/hook/ld_library_path_lib.dsv'
[3.617s] INFO:colcon.colcon_core.shell:Creating environment hook '/home/bodlaire/Desktop/Work/Mocap/install/drive_bridge_msg/share/drive_bridge_msg/hook/ld_library_path_lib.sh'
[3.617s] Level 1:colcon.colcon_core.environment:checking '/home/bodlaire/Desktop/Work/Mocap/install/drive_bridge_msg/bin'
[3.618s] Level 1:colcon.colcon_core.environment:checking '/home/bodlaire/Desktop/Work/Mocap/install/drive_bridge_msg/lib/pkgconfig/drive_bridge_msg.pc'
[3.618s] Level 1:colcon.colcon_core.environment:checking '/home/bodlaire/Desktop/Work/Mocap/install/drive_bridge_msg/lib/python3.8/site-packages'
[3.618s] Level 1:colcon.colcon_core.shell:create_environment_hook('drive_bridge_msg', 'pythonpath')
[3.642s] INFO:colcon.colcon_core.shell:Creating environment hook '/home/bodlaire/Desktop/Work/Mocap/install/drive_bridge_msg/share/drive_bridge_msg/hook/pythonpath.ps1'
[3.642s] INFO:colcon.colcon_core.shell:Creating environment descriptor '/home/bodlaire/Desktop/Work/Mocap/install/drive_bridge_msg/share/drive_bridge_msg/hook/pythonpath.dsv'
[3.642s] INFO:colcon.colcon_core.shell:Creating environment hook '/home/bodlaire/Desktop/Work/Mocap/install/drive_bridge_msg/share/drive_bridge_msg/hook/pythonpath.sh'
[3.643s] Level 1:colcon.colcon_core.environment:checking '/home/bodlaire/Desktop/Work/Mocap/install/drive_bridge_msg/bin'
[3.670s] INFO:colcon.colcon_core.shell:Creating package script '/home/bodlaire/Desktop/Work/Mocap/install/drive_bridge_msg/share/drive_bridge_msg/package.ps1'
[3.672s] INFO:colcon.colcon_core.shell:Creating package descriptor '/home/bodlaire/Desktop/Work/Mocap/install/drive_bridge_msg/share/drive_bridge_msg/package.dsv'
[3.673s] INFO:colcon.colcon_core.shell:Creating package script '/home/bodlaire/Desktop/Work/Mocap/install/drive_bridge_msg/share/drive_bridge_msg/package.sh'
[3.674s] INFO:colcon.colcon_core.shell:Creating package script '/home/bodlaire/Desktop/Work/Mocap/install/drive_bridge_msg/share/drive_bridge_msg/package.bash'
[3.675s] INFO:colcon.colcon_core.shell:Creating package script '/home/bodlaire/Desktop/Work/Mocap/install/drive_bridge_msg/share/drive_bridge_msg/package.zsh'
[3.675s] Level 1:colcon.colcon_core.environment:create_file_with_runtime_dependencies(/home/bodlaire/Desktop/Work/Mocap/install/drive_bridge_msg/share/colcon-core/packages/drive_bridge_msg)
[3.708s] Level 1:colcon.colcon_core.environment:create_environment_scripts_only(mocap_msg)
[3.730s] Level 1:colcon.colcon_core.environment:checking '/home/bodlaire/Desktop/Work/Mocap/install/mocap_msg' for CMake module files
[3.730s] Level 1:colcon.colcon_core.environment:checking '/home/bodlaire/Desktop/Work/Mocap/install/mocap_msg' for CMake config files
[3.730s] Level 1:colcon.colcon_core.shell:create_environment_hook('mocap_msg', 'cmake_prefix_path')
[3.759s] INFO:colcon.colcon_core.shell:Creating environment hook '/home/bodlaire/Desktop/Work/Mocap/install/mocap_msg/share/mocap_msg/hook/cmake_prefix_path.ps1'
[3.760s] INFO:colcon.colcon_core.shell:Creating environment descriptor '/home/bodlaire/Desktop/Work/Mocap/install/mocap_msg/share/mocap_msg/hook/cmake_prefix_path.dsv'
[3.760s] INFO:colcon.colcon_core.shell:Creating environment hook '/home/bodlaire/Desktop/Work/Mocap/install/mocap_msg/share/mocap_msg/hook/cmake_prefix_path.sh'
[3.760s] Level 1:colcon.colcon_core.environment:checking '/home/bodlaire/Desktop/Work/Mocap/install/mocap_msg/lib'
[3.760s] Level 1:colcon.colcon_core.shell:create_environment_hook('mocap_msg', 'ld_library_path_lib')
[3.783s] INFO:colcon.colcon_core.shell:Creating environment hook '/home/bodlaire/Desktop/Work/Mocap/install/mocap_msg/share/mocap_msg/hook/ld_library_path_lib.ps1'
[3.783s] INFO:colcon.colcon_core.shell:Creating environment descriptor '/home/bodlaire/Desktop/Work/Mocap/install/mocap_msg/share/mocap_msg/hook/ld_library_path_lib.dsv'
[3.783s] INFO:colcon.colcon_core.shell:Creating environment hook '/home/bodlaire/Desktop/Work/Mocap/install/mocap_msg/share/mocap_msg/hook/ld_library_path_lib.sh'
[3.783s] Level 1:colcon.colcon_core.environment:checking '/home/bodlaire/Desktop/Work/Mocap/install/mocap_msg/bin'
[3.783s] Level 1:colcon.colcon_core.environment:checking '/home/bodlaire/Desktop/Work/Mocap/install/mocap_msg/lib/pkgconfig/mocap_msg.pc'
[3.784s] Level 1:colcon.colcon_core.environment:checking '/home/bodlaire/Desktop/Work/Mocap/install/mocap_msg/lib/python3.8/site-packages'
[3.784s] Level 1:colcon.colcon_core.shell:create_environment_hook('mocap_msg', 'pythonpath')
[3.808s] INFO:colcon.colcon_core.shell:Creating environment hook '/home/bodlaire/Desktop/Work/Mocap/install/mocap_msg/share/mocap_msg/hook/pythonpath.ps1'
[3.808s] INFO:colcon.colcon_core.shell:Creating environment descriptor '/home/bodlaire/Desktop/Work/Mocap/install/mocap_msg/share/mocap_msg/hook/pythonpath.dsv'
[3.808s] INFO:colcon.colcon_core.shell:Creating environment hook '/home/bodlaire/Desktop/Work/Mocap/install/mocap_msg/share/mocap_msg/hook/pythonpath.sh'
[3.809s] Level 1:colcon.colcon_core.environment:checking '/home/bodlaire/Desktop/Work/Mocap/install/mocap_msg/bin'
[3.831s] INFO:colcon.colcon_core.shell:Creating package script '/home/bodlaire/Desktop/Work/Mocap/install/mocap_msg/share/mocap_msg/package.ps1'
[3.831s] INFO:colcon.colcon_core.shell:Creating package descriptor '/home/bodlaire/Desktop/Work/Mocap/install/mocap_msg/share/mocap_msg/package.dsv'
[3.832s] INFO:colcon.colcon_core.shell:Creating package script '/home/bodlaire/Desktop/Work/Mocap/install/mocap_msg/share/mocap_msg/package.sh'
[3.832s] INFO:colcon.colcon_core.shell:Creating package script '/home/bodlaire/Desktop/Work/Mocap/install/mocap_msg/share/mocap_msg/package.bash'
[3.832s] INFO:colcon.colcon_core.shell:Creating package script '/home/bodlaire/Desktop/Work/Mocap/install/mocap_msg/share/mocap_msg/package.zsh'
[3.832s] Level 1:colcon.colcon_core.environment:create_file_with_runtime_dependencies(/home/bodlaire/Desktop/Work/Mocap/install/mocap_msg/share/colcon-core/packages/mocap_msg)
[3.837s] DEBUG:colcon.colcon_core.event_handler.log_command:Invoking command in '/home/bodlaire/Desktop/Work/Mocap/build/vesc_msgs': CMAKE_PREFIX_PATH=${CMAKE_PREFIX_PATH}:/home/bodlaire/Desktop/Work/Mocap/install/vehicle_state_observer:/home/bodlaire/Desktop/Work/Mocap/install/mocap_pkg:/opt/ros/foxy /usr/bin/cmake --install /home/bodlaire/Desktop/Work/Mocap/build/vesc_msgs
[3.838s] DEBUG:colcon.colcon_core.event_handler.log_command:Invoked command in '/home/bodlaire/Desktop/Work/Mocap/src/mocap_pkg' returned '0': PYTHONPATH=/home/bodlaire/Desktop/Work/Mocap/build/mocap_pkg/prefix_override:/home/bodlaire/Desktop/Work/Mocap/install/mocap_pkg/lib/python3.8/site-packages:${PYTHONPATH} /usr/bin/python3 setup.py egg_info --egg-base ../../build/mocap_pkg build --build-base /home/bodlaire/Desktop/Work/Mocap/build/mocap_pkg/build install --record /home/bodlaire/Desktop/Work/Mocap/build/mocap_pkg/install.log --install-scripts $base/lib/mocap_pkg --single-version-externally-managed
[3.868s] Level 1:colcon.colcon_core.environment:checking '/home/bodlaire/Desktop/Work/Mocap/install/mocap_pkg' for CMake module files
[3.869s] Level 1:colcon.colcon_core.environment:checking '/home/bodlaire/Desktop/Work/Mocap/install/mocap_pkg' for CMake config files
[3.870s] Level 1:colcon.colcon_core.environment:checking '/home/bodlaire/Desktop/Work/Mocap/install/mocap_pkg/lib'
[3.870s] Level 1:colcon.colcon_core.environment:checking '/home/bodlaire/Desktop/Work/Mocap/install/mocap_pkg/bin'
[3.870s] Level 1:colcon.colcon_core.environment:checking '/home/bodlaire/Desktop/Work/Mocap/install/mocap_pkg/lib/pkgconfig/mocap_pkg.pc'
[3.870s] Level 1:colcon.colcon_core.environment:checking '/home/bodlaire/Desktop/Work/Mocap/install/mocap_pkg/lib/python3.8/site-packages'
[3.870s] Level 1:colcon.colcon_core.shell:create_environment_hook('mocap_pkg', 'pythonpath')
[3.900s] INFO:colcon.colcon_core.shell:Creating environment hook '/home/bodlaire/Desktop/Work/Mocap/install/mocap_pkg/share/mocap_pkg/hook/pythonpath.ps1'
[3.900s] INFO:colcon.colcon_core.shell:Creating environment descriptor '/home/bodlaire/Desktop/Work/Mocap/install/mocap_pkg/share/mocap_pkg/hook/pythonpath.dsv'
[3.900s] INFO:colcon.colcon_core.shell:Creating environment hook '/home/bodlaire/Desktop/Work/Mocap/install/mocap_pkg/share/mocap_pkg/hook/pythonpath.sh'
[3.901s] Level 1:colcon.colcon_core.environment:checking '/home/bodlaire/Desktop/Work/Mocap/install/mocap_pkg/bin'
[3.901s] Level 1:colcon.colcon_core.environment:create_environment_scripts_only(mocap_pkg)
[3.923s] INFO:colcon.colcon_core.shell:Creating package script '/home/bodlaire/Desktop/Work/Mocap/install/mocap_pkg/share/mocap_pkg/package.ps1'
[3.924s] INFO:colcon.colcon_core.shell:Creating package descriptor '/home/bodlaire/Desktop/Work/Mocap/install/mocap_pkg/share/mocap_pkg/package.dsv'
[3.924s] INFO:colcon.colcon_core.shell:Creating package script '/home/bodlaire/Desktop/Work/Mocap/install/mocap_pkg/share/mocap_pkg/package.sh'
[3.924s] INFO:colcon.colcon_core.shell:Creating package script '/home/bodlaire/Desktop/Work/Mocap/install/mocap_pkg/share/mocap_pkg/package.bash'
[3.924s] INFO:colcon.colcon_core.shell:Creating package script '/home/bodlaire/Desktop/Work/Mocap/install/mocap_pkg/share/mocap_pkg/package.zsh'
[3.925s] Level 1:colcon.colcon_core.environment:create_file_with_runtime_dependencies(/home/bodlaire/Desktop/Work/Mocap/install/mocap_pkg/share/colcon-core/packages/mocap_pkg)
[3.926s] DEBUG:colcon.colcon_core.event_handler.log_command:Invoked command in '/home/bodlaire/Desktop/Work/Mocap/src/vehicle_state_observer' returned '0': PYTHONPATH=/home/bodlaire/Desktop/Work/Mocap/build/vehicle_state_observer/prefix_override:/home/bodlaire/Desktop/Work/Mocap/install/vehicle_state_observer/lib/python3.8/site-packages:${PYTHONPATH} /usr/bin/python3 setup.py egg_info --egg-base ../../build/vehicle_state_observer build --build-base /home/bodlaire/Desktop/Work/Mocap/build/vehicle_state_observer/build install --record /home/bodlaire/Desktop/Work/Mocap/build/vehicle_state_observer/install.log --install-scripts $base/lib/vehicle_state_observer --single-version-externally-managed
[3.948s] Level 1:colcon.colcon_core.environment:checking '/home/bodlaire/Desktop/Work/Mocap/install/vehicle_state_observer' for CMake module files
[3.949s] Level 1:colcon.colcon_core.environment:checking '/home/bodlaire/Desktop/Work/Mocap/install/vehicle_state_observer' for CMake config files
[3.949s] Level 1:colcon.colcon_core.environment:checking '/home/bodlaire/Desktop/Work/Mocap/install/vehicle_state_observer/lib'
[3.949s] Level 1:colcon.colcon_core.environment:checking '/home/bodlaire/Desktop/Work/Mocap/install/vehicle_state_observer/bin'
[3.949s] Level 1:colcon.colcon_core.environment:checking '/home/bodlaire/Desktop/Work/Mocap/install/vehicle_state_observer/lib/pkgconfig/vehicle_state_observer.pc'
[3.949s] Level 1:colcon.colcon_core.environment:checking '/home/bodlaire/Desktop/Work/Mocap/install/vehicle_state_observer/lib/python3.8/site-packages'
[3.949s] Level 1:colcon.colcon_core.shell:create_environment_hook('vehicle_state_observer', 'pythonpath')
[3.973s] INFO:colcon.colcon_core.shell:Creating environment hook '/home/bodlaire/Desktop/Work/Mocap/install/vehicle_state_observer/share/vehicle_state_observer/hook/pythonpath.ps1'
[3.974s] INFO:colcon.colcon_core.shell:Creating environment descriptor '/home/bodlaire/Desktop/Work/Mocap/install/vehicle_state_observer/share/vehicle_state_observer/hook/pythonpath.dsv'
[3.974s] INFO:colcon.colcon_core.shell:Creating environment hook '/home/bodlaire/Desktop/Work/Mocap/install/vehicle_state_observer/share/vehicle_state_observer/hook/pythonpath.sh'
[3.974s] Level 1:colcon.colcon_core.environment:checking '/home/bodlaire/Desktop/Work/Mocap/install/vehicle_state_observer/bin'
[3.975s] Level 1:colcon.colcon_core.environment:create_environment_scripts_only(vehicle_state_observer)
[3.998s] INFO:colcon.colcon_core.shell:Creating package script '/home/bodlaire/Desktop/Work/Mocap/install/vehicle_state_observer/share/vehicle_state_observer/package.ps1'
[3.999s] INFO:colcon.colcon_core.shell:Creating package descriptor '/home/bodlaire/Desktop/Work/Mocap/install/vehicle_state_observer/share/vehicle_state_observer/package.dsv'
[3.999s] INFO:colcon.colcon_core.shell:Creating package script '/home/bodlaire/Desktop/Work/Mocap/install/vehicle_state_observer/share/vehicle_state_observer/package.sh'
[3.999s] INFO:colcon.colcon_core.shell:Creating package script '/home/bodlaire/Desktop/Work/Mocap/install/vehicle_state_observer/share/vehicle_state_observer/package.bash'
[3.999s] INFO:colcon.colcon_core.shell:Creating package script '/home/bodlaire/Desktop/Work/Mocap/install/vehicle_state_observer/share/vehicle_state_observer/package.zsh'
[4.000s] Level 1:colcon.colcon_core.environment:create_file_with_runtime_dependencies(/home/bodlaire/Desktop/Work/Mocap/install/vehicle_state_observer/share/colcon-core/packages/vehicle_state_observer)
[4.001s] Level 1:colcon.colcon_core.environment:create_environment_scripts_only(vesc_msgs)
[4.002s] DEBUG:colcon.colcon_core.event_handler.log_command:Invoked command in '/home/bodlaire/Desktop/Work/Mocap/build/vesc_msgs' returned '0': CMAKE_PREFIX_PATH=${CMAKE_PREFIX_PATH}:/home/bodlaire/Desktop/Work/Mocap/install/vehicle_state_observer:/home/bodlaire/Desktop/Work/Mocap/install/mocap_pkg:/opt/ros/foxy /usr/bin/cmake --install /home/bodlaire/Desktop/Work/Mocap/build/vesc_msgs
[4.030s] Level 1:colcon.colcon_core.environment:checking '/home/bodlaire/Desktop/Work/Mocap/install/vesc_msgs' for CMake module files
[4.031s] Level 1:colcon.colcon_core.environment:checking '/home/bodlaire/Desktop/Work/Mocap/install/vesc_msgs' for CMake config files
[4.031s] Level 1:colcon.colcon_core.shell:create_environment_hook('vesc_msgs', 'cmake_prefix_path')
[4.052s] INFO:colcon.colcon_core.shell:Creating environment hook '/home/bodlaire/Desktop/Work/Mocap/install/vesc_msgs/share/vesc_msgs/hook/cmake_prefix_path.ps1'
[4.053s] INFO:colcon.colcon_core.shell:Creating environment descriptor '/home/bodlaire/Desktop/Work/Mocap/install/vesc_msgs/share/vesc_msgs/hook/cmake_prefix_path.dsv'
[4.053s] INFO:colcon.colcon_core.shell:Creating environment hook '/home/bodlaire/Desktop/Work/Mocap/install/vesc_msgs/share/vesc_msgs/hook/cmake_prefix_path.sh'
[4.053s] Level 1:colcon.colcon_core.environment:checking '/home/bodlaire/Desktop/Work/Mocap/install/vesc_msgs/lib'
[4.053s] Level 1:colcon.colcon_core.shell:create_environment_hook('vesc_msgs', 'ld_library_path_lib')
[4.076s] INFO:colcon.colcon_core.shell:Creating environment hook '/home/bodlaire/Desktop/Work/Mocap/install/vesc_msgs/share/vesc_msgs/hook/ld_library_path_lib.ps1'
[4.076s] INFO:colcon.colcon_core.shell:Creating environment descriptor '/home/bodlaire/Desktop/Work/Mocap/install/vesc_msgs/share/vesc_msgs/hook/ld_library_path_lib.dsv'
[4.077s] INFO:colcon.colcon_core.shell:Creating environment hook '/home/bodlaire/Desktop/Work/Mocap/install/vesc_msgs/share/vesc_msgs/hook/ld_library_path_lib.sh'
[4.077s] Level 1:colcon.colcon_core.environment:checking '/home/bodlaire/Desktop/Work/Mocap/install/vesc_msgs/bin'
[4.077s] Level 1:colcon.colcon_core.environment:checking '/home/bodlaire/Desktop/Work/Mocap/install/vesc_msgs/lib/pkgconfig/vesc_msgs.pc'
[4.077s] Level 1:colcon.colcon_core.environment:checking '/home/bodlaire/Desktop/Work/Mocap/install/vesc_msgs/lib/python3.8/site-packages'
[4.077s] Level 1:colcon.colcon_core.shell:create_environment_hook('vesc_msgs', 'pythonpath')
[4.100s] INFO:colcon.colcon_core.shell:Creating environment hook '/home/bodlaire/Desktop/Work/Mocap/install/vesc_msgs/share/vesc_msgs/hook/pythonpath.ps1'
[4.100s] INFO:colcon.colcon_core.shell:Creating environment descriptor '/home/bodlaire/Desktop/Work/Mocap/install/vesc_msgs/share/vesc_msgs/hook/pythonpath.dsv'
[4.100s] INFO:colcon.colcon_core.shell:Creating environment hook '/home/bodlaire/Desktop/Work/Mocap/install/vesc_msgs/share/vesc_msgs/hook/pythonpath.sh'
[4.100s] Level 1:colcon.colcon_core.environment:checking '/home/bodlaire/Desktop/Work/Mocap/install/vesc_msgs/bin'
[4.123s] INFO:colcon.colcon_core.shell:Creating package script '/home/bodlaire/Desktop/Work/Mocap/install/vesc_msgs/share/vesc_msgs/package.ps1'
[4.123s] INFO:colcon.colcon_core.shell:Creating package descriptor '/home/bodlaire/Desktop/Work/Mocap/install/vesc_msgs/share/vesc_msgs/package.dsv'
[4.124s] INFO:colcon.colcon_core.shell:Creating package script '/home/bodlaire/Desktop/Work/Mocap/install/vesc_msgs/share/vesc_msgs/package.sh'
[4.124s] INFO:colcon.colcon_core.shell:Creating package script '/home/bodlaire/Desktop/Work/Mocap/install/vesc_msgs/share/vesc_msgs/package.bash'
[4.124s] INFO:colcon.colcon_core.shell:Creating package script '/home/bodlaire/Desktop/Work/Mocap/install/vesc_msgs/share/vesc_msgs/package.zsh'
[4.125s] Level 1:colcon.colcon_core.environment:create_file_with_runtime_dependencies(/home/bodlaire/Desktop/Work/Mocap/install/vesc_msgs/share/colcon-core/packages/vesc_msgs)
[4.209s] Level 1:colcon.colcon_core.environment:create_environment_scripts_only(vesc_msgs)
[4.232s] Level 1:colcon.colcon_core.environment:checking '/home/bodlaire/Desktop/Work/Mocap/install/vesc_msgs' for CMake module files
[4.233s] Level 1:colcon.colcon_core.environment:checking '/home/bodlaire/Desktop/Work/Mocap/install/vesc_msgs' for CMake config files
[4.233s] Level 1:colcon.colcon_core.shell:create_environment_hook('vesc_msgs', 'cmake_prefix_path')
[4.257s] INFO:colcon.colcon_core.shell:Creating environment hook '/home/bodlaire/Desktop/Work/Mocap/install/vesc_msgs/share/vesc_msgs/hook/cmake_prefix_path.ps1'
[4.257s] INFO:colcon.colcon_core.shell:Creating environment descriptor '/home/bodlaire/Desktop/Work/Mocap/install/vesc_msgs/share/vesc_msgs/hook/cmake_prefix_path.dsv'
[4.258s] INFO:colcon.colcon_core.shell:Creating environment hook '/home/bodlaire/Desktop/Work/Mocap/install/vesc_msgs/share/vesc_msgs/hook/cmake_prefix_path.sh'
[4.258s] Level 1:colcon.colcon_core.environment:checking '/home/bodlaire/Desktop/Work/Mocap/install/vesc_msgs/lib'
[4.258s] Level 1:colcon.colcon_core.shell:create_environment_hook('vesc_msgs', 'ld_library_path_lib')
[4.281s] INFO:colcon.colcon_core.shell:Creating environment hook '/home/bodlaire/Desktop/Work/Mocap/install/vesc_msgs/share/vesc_msgs/hook/ld_library_path_lib.ps1'
[4.281s] INFO:colcon.colcon_core.shell:Creating environment descriptor '/home/bodlaire/Desktop/Work/Mocap/install/vesc_msgs/share/vesc_msgs/hook/ld_library_path_lib.dsv'
[4.281s] INFO:colcon.colcon_core.shell:Creating environment hook '/home/bodlaire/Desktop/Work/Mocap/install/vesc_msgs/share/vesc_msgs/hook/ld_library_path_lib.sh'
[4.282s] Level 1:colcon.colcon_core.environment:checking '/home/bodlaire/Desktop/Work/Mocap/install/vesc_msgs/bin'
[4.282s] Level 1:colcon.colcon_core.environment:checking '/home/bodlaire/Desktop/Work/Mocap/install/vesc_msgs/lib/pkgconfig/vesc_msgs.pc'
[4.282s] Level 1:colcon.colcon_core.environment:checking '/home/bodlaire/Desktop/Work/Mocap/install/vesc_msgs/lib/python3.8/site-packages'
[4.282s] Level 1:colcon.colcon_core.shell:create_environment_hook('vesc_msgs', 'pythonpath')
[4.307s] INFO:colcon.colcon_core.shell:Creating environment hook '/home/bodlaire/Desktop/Work/Mocap/install/vesc_msgs/share/vesc_msgs/hook/pythonpath.ps1'
[4.307s] INFO:colcon.colcon_core.shell:Creating environment descriptor '/home/bodlaire/Desktop/Work/Mocap/install/vesc_msgs/share/vesc_msgs/hook/pythonpath.dsv'
[4.307s] INFO:colcon.colcon_core.shell:Creating environment hook '/home/bodlaire/Desktop/Work/Mocap/install/vesc_msgs/share/vesc_msgs/hook/pythonpath.sh'
[4.308s] Level 1:colcon.colcon_core.environment:checking '/home/bodlaire/Desktop/Work/Mocap/install/vesc_msgs/bin'
[4.331s] INFO:colcon.colcon_core.shell:Creating package script '/home/bodlaire/Desktop/Work/Mocap/install/vesc_msgs/share/vesc_msgs/package.ps1'
[4.331s] INFO:colcon.colcon_core.shell:Creating package descriptor '/home/bodlaire/Desktop/Work/Mocap/install/vesc_msgs/share/vesc_msgs/package.dsv'
[4.331s] INFO:colcon.colcon_core.shell:Creating package script '/home/bodlaire/Desktop/Work/Mocap/install/vesc_msgs/share/vesc_msgs/package.sh'
[4.332s] INFO:colcon.colcon_core.shell:Creating package script '/home/bodlaire/Desktop/Work/Mocap/install/vesc_msgs/share/vesc_msgs/package.bash'
[4.332s] INFO:colcon.colcon_core.shell:Creating package script '/home/bodlaire/Desktop/Work/Mocap/install/vesc_msgs/share/vesc_msgs/package.zsh'
[4.332s] Level 1:colcon.colcon_core.environment:create_file_with_runtime_dependencies(/home/bodlaire/Desktop/Work/Mocap/install/vesc_msgs/share/colcon-core/packages/vesc_msgs)
[4.332s] DEBUG:colcon.colcon_parallel_executor.executor.parallel:closing loop
[4.333s] DEBUG:colcon.colcon_parallel_executor.executor.parallel:loop closed
[4.333s] DEBUG:colcon.colcon_parallel_executor.executor.parallel:run_until_complete finished with '0'
[4.333s] DEBUG:colcon.colcon_core.event_reactor:joining thread
[4.373s] INFO:colcon.colcon_core.plugin_system:Skipping extension 'colcon_notification.desktop_notification.terminal_notifier': Not used on non-Darwin systems
[4.373s] INFO:colcon.colcon_core.plugin_system:Skipping extension 'colcon_notification.desktop_notification.win32': Not used on non-Windows systems
[4.373s] INFO:colcon.colcon_notification.desktop_notification:Sending desktop notification using 'notify2'
[4.388s] DEBUG:colcon.colcon_core.event_reactor:joined thread
[4.416s] INFO:colcon.colcon_core.shell:Creating prefix script '/home/bodlaire/Desktop/Work/Mocap/install/local_setup.ps1'
[4.417s] INFO:colcon.colcon_core.shell:Creating prefix util module '/home/bodlaire/Desktop/Work/Mocap/install/_local_setup_util_ps1.py'
[4.419s] INFO:colcon.colcon_core.shell:Creating prefix chain script '/home/bodlaire/Desktop/Work/Mocap/install/setup.ps1'
[4.444s] INFO:colcon.colcon_core.shell:Creating prefix script '/home/bodlaire/Desktop/Work/Mocap/install/local_setup.sh'
[4.444s] INFO:colcon.colcon_core.shell:Creating prefix util module '/home/bodlaire/Desktop/Work/Mocap/install/_local_setup_util_sh.py'
[4.445s] INFO:colcon.colcon_core.shell:Creating prefix chain script '/home/bodlaire/Desktop/Work/Mocap/install/setup.sh'
[4.468s] INFO:colcon.colcon_core.shell:Creating prefix script '/home/bodlaire/Desktop/Work/Mocap/install/local_setup.bash'
[4.469s] INFO:colcon.colcon_core.shell:Creating prefix chain script '/home/bodlaire/Desktop/Work/Mocap/install/setup.bash'
[4.492s] INFO:colcon.colcon_core.shell:Creating prefix script '/home/bodlaire/Desktop/Work/Mocap/install/local_setup.zsh'
[4.493s] INFO:colcon.colcon_core.shell:Creating prefix chain script '/home/bodlaire/Desktop/Work/Mocap/install/setup.zsh'
