[  9%] Built target drive_bridge_msg__rosidl_generator_c
[ 12%] Built target drive_bridge_msg__cpp
[ 32%] Built target drive_bridge_msg__rosidl_typesupport_c
[ 32%] Built target drive_bridge_msg__rosidl_typesupport_introspection_c
[ 51%] Built target drive_bridge_msg__rosidl_typesupport_cpp
[ 51%] Built target drive_bridge_msg__rosidl_typesupport_introspection_cpp
[ 61%] Built target drive_bridge_msg__rosidl_typesupport_fastrtps_cpp
[ 70%] Built target drive_bridge_msg__rosidl_typesupport_fastrtps_c
[ 70%] Built target drive_bridge_msg
[ 74%] Built target drive_bridge_msg__py
[ 80%] Built target drive_bridge_msg__python
[ 93%] Built target drive_bridge_msg__rosidl_typesupport_fastrtps_c__pyext
[ 93%] Built target drive_bridge_msg__rosidl_typesupport_introspection_c__pyext
[100%] Built target drive_bridge_msg__rosidl_typesupport_c__pyext
-- Install configuration: ""
-- Installing: /home/bodlaire/Desktop/Work/Mocap/install/drive_bridge_msg/share/ament_index/resource_index/rosidl_interfaces/drive_bridge_msg
-- Installing: /home/bodlaire/Desktop/Work/Mocap/install/drive_bridge_msg/include/drive_bridge_msg
-- Installing: /home/bodlaire/Desktop/Work/Mocap/install/drive_bridge_msg/include/drive_bridge_msg/msg
-- Installing: /home/bodlaire/Desktop/Work/Mocap/install/drive_bridge_msg/include/drive_bridge_msg/msg/detail
-- Installing: /home/bodlaire/Desktop/Work/Mocap/install/drive_bridge_msg/include/drive_bridge_msg/msg/detail/input_values__struct.h
-- Installing: /home/bodlaire/Desktop/Work/Mocap/install/drive_bridge_msg/include/drive_bridge_msg/msg/detail/input_values__type_support.h
-- Installing: /home/bodlaire/Desktop/Work/Mocap/install/drive_bridge_msg/include/drive_bridge_msg/msg/detail/input_values__functions.c
-- Installing: /home/bodlaire/Desktop/Work/Mocap/install/drive_bridge_msg/include/drive_bridge_msg/msg/detail/input_values__functions.h
-- Installing: /home/bodlaire/Desktop/Work/Mocap/install/drive_bridge_msg/include/drive_bridge_msg/msg/rosidl_generator_c__visibility_control.h
-- Installing: /home/bodlaire/Desktop/Work/Mocap/install/drive_bridge_msg/include/drive_bridge_msg/msg/input_values.h
-- Installing: /home/bodlaire/Desktop/Work/Mocap/install/drive_bridge_msg/share/drive_bridge_msg/environment/library_path.sh
-- Installing: /home/bodlaire/Desktop/Work/Mocap/install/drive_bridge_msg/share/drive_bridge_msg/environment/library_path.dsv
-- Installing: /home/bodlaire/Desktop/Work/Mocap/install/drive_bridge_msg/lib/libdrive_bridge_msg__rosidl_generator_c.so
-- Set runtime path of "/home/bodlaire/Desktop/Work/Mocap/install/drive_bridge_msg/lib/libdrive_bridge_msg__rosidl_generator_c.so" to ""
-- Up-to-date: /home/bodlaire/Desktop/Work/Mocap/install/drive_bridge_msg/include/drive_bridge_msg
-- Up-to-date: /home/bodlaire/Desktop/Work/Mocap/install/drive_bridge_msg/include/drive_bridge_msg/msg
-- Up-to-date: /home/bodlaire/Desktop/Work/Mocap/install/drive_bridge_msg/include/drive_bridge_msg/msg/detail
-- Installing: /home/bodlaire/Desktop/Work/Mocap/install/drive_bridge_msg/include/drive_bridge_msg/msg/detail/input_values__rosidl_typesupport_fastrtps_c.h
-- Installing: /home/bodlaire/Desktop/Work/Mocap/install/drive_bridge_msg/include/drive_bridge_msg/msg/rosidl_typesupport_fastrtps_c__visibility_control.h
-- Installing: /home/bodlaire/Desktop/Work/Mocap/install/drive_bridge_msg/lib/libdrive_bridge_msg__rosidl_typesupport_fastrtps_c.so
-- Set runtime path of "/home/bodlaire/Desktop/Work/Mocap/install/drive_bridge_msg/lib/libdrive_bridge_msg__rosidl_typesupport_fastrtps_c.so" to ""
-- Up-to-date: /home/bodlaire/Desktop/Work/Mocap/install/drive_bridge_msg/include/drive_bridge_msg
-- Up-to-date: /home/bodlaire/Desktop/Work/Mocap/install/drive_bridge_msg/include/drive_bridge_msg/msg
-- Up-to-date: /home/bodlaire/Desktop/Work/Mocap/install/drive_bridge_msg/include/drive_bridge_msg/msg/detail
-- Installing: /home/bodlaire/Desktop/Work/Mocap/install/drive_bridge_msg/include/drive_bridge_msg/msg/detail/input_values__rosidl_typesupport_fastrtps_cpp.hpp
-- Installing: /home/bodlaire/Desktop/Work/Mocap/install/drive_bridge_msg/include/drive_bridge_msg/msg/detail/dds_fastrtps
-- Installing: /home/bodlaire/Desktop/Work/Mocap/install/drive_bridge_msg/include/drive_bridge_msg/msg/rosidl_typesupport_fastrtps_cpp__visibility_control.h
-- Installing: /home/bodlaire/Desktop/Work/Mocap/install/drive_bridge_msg/lib/libdrive_bridge_msg__rosidl_typesupport_fastrtps_cpp.so
-- Set runtime path of "/home/bodlaire/Desktop/Work/Mocap/install/drive_bridge_msg/lib/libdrive_bridge_msg__rosidl_typesupport_fastrtps_cpp.so" to ""
-- Up-to-date: /home/bodlaire/Desktop/Work/Mocap/install/drive_bridge_msg/include/drive_bridge_msg
-- Up-to-date: /home/bodlaire/Desktop/Work/Mocap/install/drive_bridge_msg/include/drive_bridge_msg/msg
-- Up-to-date: /home/bodlaire/Desktop/Work/Mocap/install/drive_bridge_msg/include/drive_bridge_msg/msg/detail
-- Installing: /home/bodlaire/Desktop/Work/Mocap/install/drive_bridge_msg/include/drive_bridge_msg/msg/detail/input_values__rosidl_typesupport_introspection_c.h
-- Installing: /home/bodlaire/Desktop/Work/Mocap/install/drive_bridge_msg/include/drive_bridge_msg/msg/detail/input_values__type_support.c
-- Installing: /home/bodlaire/Desktop/Work/Mocap/install/drive_bridge_msg/include/drive_bridge_msg/msg/rosidl_typesupport_introspection_c__visibility_control.h
-- Installing: /home/bodlaire/Desktop/Work/Mocap/install/drive_bridge_msg/lib/libdrive_bridge_msg__rosidl_typesupport_introspection_c.so
-- Set runtime path of "/home/bodlaire/Desktop/Work/Mocap/install/drive_bridge_msg/lib/libdrive_bridge_msg__rosidl_typesupport_introspection_c.so" to ""
-- Installing: /home/bodlaire/Desktop/Work/Mocap/install/drive_bridge_msg/lib/libdrive_bridge_msg__rosidl_typesupport_c.so
-- Set runtime path of "/home/bodlaire/Desktop/Work/Mocap/install/drive_bridge_msg/lib/libdrive_bridge_msg__rosidl_typesupport_c.so" to ""
-- Up-to-date: /home/bodlaire/Desktop/Work/Mocap/install/drive_bridge_msg/include/drive_bridge_msg
-- Up-to-date: /home/bodlaire/Desktop/Work/Mocap/install/drive_bridge_msg/include/drive_bridge_msg/msg
-- Installing: /home/bodlaire/Desktop/Work/Mocap/install/drive_bridge_msg/include/drive_bridge_msg/msg/rosidl_generator_cpp__visibility_control.hpp
-- Up-to-date: /home/bodlaire/Desktop/Work/Mocap/install/drive_bridge_msg/include/drive_bridge_msg/msg/detail
-- Installing: /home/bodlaire/Desktop/Work/Mocap/install/drive_bridge_msg/include/drive_bridge_msg/msg/detail/input_values__builder.hpp
-- Installing: /home/bodlaire/Desktop/Work/Mocap/install/drive_bridge_msg/include/drive_bridge_msg/msg/detail/input_values__traits.hpp
-- Installing: /home/bodlaire/Desktop/Work/Mocap/install/drive_bridge_msg/include/drive_bridge_msg/msg/detail/input_values__struct.hpp
-- Installing: /home/bodlaire/Desktop/Work/Mocap/install/drive_bridge_msg/include/drive_bridge_msg/msg/detail/input_values__type_support.hpp
-- Installing: /home/bodlaire/Desktop/Work/Mocap/install/drive_bridge_msg/include/drive_bridge_msg/msg/input_values.hpp
-- Up-to-date: /home/bodlaire/Desktop/Work/Mocap/install/drive_bridge_msg/include/drive_bridge_msg
-- Up-to-date: /home/bodlaire/Desktop/Work/Mocap/install/drive_bridge_msg/include/drive_bridge_msg/msg
-- Up-to-date: /home/bodlaire/Desktop/Work/Mocap/install/drive_bridge_msg/include/drive_bridge_msg/msg/detail
-- Installing: /home/bodlaire/Desktop/Work/Mocap/install/drive_bridge_msg/include/drive_bridge_msg/msg/detail/input_values__rosidl_typesupport_introspection_cpp.hpp
-- Installing: /home/bodlaire/Desktop/Work/Mocap/install/drive_bridge_msg/include/drive_bridge_msg/msg/detail/input_values__type_support.cpp
-- Installing: /home/bodlaire/Desktop/Work/Mocap/install/drive_bridge_msg/lib/libdrive_bridge_msg__rosidl_typesupport_introspection_cpp.so
-- Set runtime path of "/home/bodlaire/Desktop/Work/Mocap/install/drive_bridge_msg/lib/libdrive_bridge_msg__rosidl_typesupport_introspection_cpp.so" to ""
-- Installing: /home/bodlaire/Desktop/Work/Mocap/install/drive_bridge_msg/lib/libdrive_bridge_msg__rosidl_typesupport_cpp.so
-- Set runtime path of "/home/bodlaire/Desktop/Work/Mocap/install/drive_bridge_msg/lib/libdrive_bridge_msg__rosidl_typesupport_cpp.so" to ""
-- Installing: /home/bodlaire/Desktop/Work/Mocap/install/drive_bridge_msg/share/drive_bridge_msg/environment/pythonpath.sh
-- Installing: /home/bodlaire/Desktop/Work/Mocap/install/drive_bridge_msg/share/drive_bridge_msg/environment/pythonpath.dsv
-- Installing: /home/bodlaire/Desktop/Work/Mocap/install/drive_bridge_msg/lib/python3.8/site-packages/drive_bridge_msg/__init__.py
Compiling '/home/bodlaire/Desktop/Work/Mocap/install/drive_bridge_msg/lib/python3.8/site-packages/drive_bridge_msg/__init__.py'...
-- Installing: /home/bodlaire/Desktop/Work/Mocap/install/drive_bridge_msg/lib/python3.8/site-packages/drive_bridge_msg/msg
-- Installing: /home/bodlaire/Desktop/Work/Mocap/install/drive_bridge_msg/lib/python3.8/site-packages/drive_bridge_msg/msg/_input_values_s.c
-- Installing: /home/bodlaire/Desktop/Work/Mocap/install/drive_bridge_msg/lib/python3.8/site-packages/drive_bridge_msg/msg/_input_values.py
-- Installing: /home/bodlaire/Desktop/Work/Mocap/install/drive_bridge_msg/lib/python3.8/site-packages/drive_bridge_msg/msg/__init__.py
-- Installing: /home/bodlaire/Desktop/Work/Mocap/install/drive_bridge_msg/lib/python3.8/site-packages/drive_bridge_msg/drive_bridge_msg_s__rosidl_typesupport_fastrtps_c.cpython-38-x86_64-linux-gnu.so
-- Set runtime path of "/home/bodlaire/Desktop/Work/Mocap/install/drive_bridge_msg/lib/python3.8/site-packages/drive_bridge_msg/drive_bridge_msg_s__rosidl_typesupport_fastrtps_c.cpython-38-x86_64-linux-gnu.so" to ""
-- Installing: /home/bodlaire/Desktop/Work/Mocap/install/drive_bridge_msg/lib/python3.8/site-packages/drive_bridge_msg/drive_bridge_msg_s__rosidl_typesupport_introspection_c.cpython-38-x86_64-linux-gnu.so
-- Set runtime path of "/home/bodlaire/Desktop/Work/Mocap/install/drive_bridge_msg/lib/python3.8/site-packages/drive_bridge_msg/drive_bridge_msg_s__rosidl_typesupport_introspection_c.cpython-38-x86_64-linux-gnu.so" to ""
-- Installing: /home/bodlaire/Desktop/Work/Mocap/install/drive_bridge_msg/lib/python3.8/site-packages/drive_bridge_msg/drive_bridge_msg_s__rosidl_typesupport_c.cpython-38-x86_64-linux-gnu.so
-- Set runtime path of "/home/bodlaire/Desktop/Work/Mocap/install/drive_bridge_msg/lib/python3.8/site-packages/drive_bridge_msg/drive_bridge_msg_s__rosidl_typesupport_c.cpython-38-x86_64-linux-gnu.so" to ""
-- Installing: /home/bodlaire/Desktop/Work/Mocap/install/drive_bridge_msg/lib/libdrive_bridge_msg__python.so
-- Set runtime path of "/home/bodlaire/Desktop/Work/Mocap/install/drive_bridge_msg/lib/libdrive_bridge_msg__python.so" to ""
-- Installing: /home/bodlaire/Desktop/Work/Mocap/install/drive_bridge_msg/share/drive_bridge_msg/msg/InputValues.idl
-- Installing: /home/bodlaire/Desktop/Work/Mocap/install/drive_bridge_msg/share/drive_bridge_msg/msg/InputValues.msg
-- Installing: /home/bodlaire/Desktop/Work/Mocap/install/drive_bridge_msg/share/ament_index/resource_index/package_run_dependencies/drive_bridge_msg
-- Installing: /home/bodlaire/Desktop/Work/Mocap/install/drive_bridge_msg/share/ament_index/resource_index/parent_prefix_path/drive_bridge_msg
-- Installing: /home/bodlaire/Desktop/Work/Mocap/install/drive_bridge_msg/share/drive_bridge_msg/environment/ament_prefix_path.sh
-- Installing: /home/bodlaire/Desktop/Work/Mocap/install/drive_bridge_msg/share/drive_bridge_msg/environment/ament_prefix_path.dsv
-- Installing: /home/bodlaire/Desktop/Work/Mocap/install/drive_bridge_msg/share/drive_bridge_msg/environment/path.sh
-- Installing: /home/bodlaire/Desktop/Work/Mocap/install/drive_bridge_msg/share/drive_bridge_msg/environment/path.dsv
-- Installing: /home/bodlaire/Desktop/Work/Mocap/install/drive_bridge_msg/share/drive_bridge_msg/local_setup.bash
-- Installing: /home/bodlaire/Desktop/Work/Mocap/install/drive_bridge_msg/share/drive_bridge_msg/local_setup.sh
-- Installing: /home/bodlaire/Desktop/Work/Mocap/install/drive_bridge_msg/share/drive_bridge_msg/local_setup.zsh
-- Installing: /home/bodlaire/Desktop/Work/Mocap/install/drive_bridge_msg/share/drive_bridge_msg/local_setup.dsv
-- Installing: /home/bodlaire/Desktop/Work/Mocap/install/drive_bridge_msg/share/drive_bridge_msg/package.dsv
-- Installing: /home/bodlaire/Desktop/Work/Mocap/install/drive_bridge_msg/share/ament_index/resource_index/packages/drive_bridge_msg
-- Installing: /home/bodlaire/Desktop/Work/Mocap/install/drive_bridge_msg/share/drive_bridge_msg/cmake/drive_bridge_msg__rosidl_generator_cExport.cmake
-- Installing: /home/bodlaire/Desktop/Work/Mocap/install/drive_bridge_msg/share/drive_bridge_msg/cmake/drive_bridge_msg__rosidl_generator_cExport-noconfig.cmake
-- Installing: /home/bodlaire/Desktop/Work/Mocap/install/drive_bridge_msg/share/drive_bridge_msg/cmake/drive_bridge_msg__rosidl_typesupport_introspection_cExport.cmake
-- Installing: /home/bodlaire/Desktop/Work/Mocap/install/drive_bridge_msg/share/drive_bridge_msg/cmake/drive_bridge_msg__rosidl_typesupport_introspection_cExport-noconfig.cmake
-- Installing: /home/bodlaire/Desktop/Work/Mocap/install/drive_bridge_msg/share/drive_bridge_msg/cmake/drive_bridge_msg__rosidl_typesupport_cExport.cmake
-- Installing: /home/bodlaire/Desktop/Work/Mocap/install/drive_bridge_msg/share/drive_bridge_msg/cmake/drive_bridge_msg__rosidl_typesupport_cExport-noconfig.cmake
-- Installing: /home/bodlaire/Desktop/Work/Mocap/install/drive_bridge_msg/share/drive_bridge_msg/cmake/drive_bridge_msg__rosidl_generator_cppExport.cmake
-- Installing: /home/bodlaire/Desktop/Work/Mocap/install/drive_bridge_msg/share/drive_bridge_msg/cmake/drive_bridge_msg__rosidl_typesupport_introspection_cppExport.cmake
-- Installing: /home/bodlaire/Desktop/Work/Mocap/install/drive_bridge_msg/share/drive_bridge_msg/cmake/drive_bridge_msg__rosidl_typesupport_introspection_cppExport-noconfig.cmake
-- Installing: /home/bodlaire/Desktop/Work/Mocap/install/drive_bridge_msg/share/drive_bridge_msg/cmake/drive_bridge_msg__rosidl_typesupport_cppExport.cmake
-- Installing: /home/bodlaire/Desktop/Work/Mocap/install/drive_bridge_msg/share/drive_bridge_msg/cmake/drive_bridge_msg__rosidl_typesupport_cppExport-noconfig.cmake
-- Installing: /home/bodlaire/Desktop/Work/Mocap/install/drive_bridge_msg/share/drive_bridge_msg/cmake/rosidl_cmake-extras.cmake
-- Installing: /home/bodlaire/Desktop/Work/Mocap/install/drive_bridge_msg/share/drive_bridge_msg/cmake/ament_cmake_export_dependencies-extras.cmake
-- Installing: /home/bodlaire/Desktop/Work/Mocap/install/drive_bridge_msg/share/drive_bridge_msg/cmake/ament_cmake_export_libraries-extras.cmake
-- Installing: /home/bodlaire/Desktop/Work/Mocap/install/drive_bridge_msg/share/drive_bridge_msg/cmake/ament_cmake_export_targets-extras.cmake
-- Installing: /home/bodlaire/Desktop/Work/Mocap/install/drive_bridge_msg/share/drive_bridge_msg/cmake/ament_cmake_export_include_directories-extras.cmake
-- Installing: /home/bodlaire/Desktop/Work/Mocap/install/drive_bridge_msg/share/drive_bridge_msg/cmake/rosidl_cmake_export_typesupport_libraries-extras.cmake
-- Installing: /home/bodlaire/Desktop/Work/Mocap/install/drive_bridge_msg/share/drive_bridge_msg/cmake/rosidl_cmake_export_typesupport_targets-extras.cmake
-- Installing: /home/bodlaire/Desktop/Work/Mocap/install/drive_bridge_msg/share/drive_bridge_msg/cmake/drive_bridge_msgConfig.cmake
-- Installing: /home/bodlaire/Desktop/Work/Mocap/install/drive_bridge_msg/share/drive_bridge_msg/cmake/drive_bridge_msgConfig-version.cmake
-- Installing: /home/bodlaire/Desktop/Work/Mocap/install/drive_bridge_msg/share/drive_bridge_msg/package.xml
