[1.553s] Invoking command in '/home/bodlaire/Desktop/Work/Mocap/src/mocap_pkg': PYTHONPATH=/home/bodlaire/Desktop/Work/Mocap/build/mocap_pkg/prefix_override:/home/bodlaire/Desktop/Work/Mocap/install/mocap_pkg/lib/python3.8/site-packages:${PYTHONPATH} /usr/bin/python3 setup.py egg_info --egg-base ../../build/mocap_pkg build --build-base /home/bodlaire/Desktop/Work/Mocap/build/mocap_pkg/build install --record /home/bodlaire/Desktop/Work/Mocap/build/mocap_pkg/install.log --install-scripts $base/lib/mocap_pkg --single-version-externally-managed
[1.684s] running egg_info
[1.688s] writing ../../build/mocap_pkg/mocap_pkg.egg-info/PKG-INFO
[1.689s] writing dependency_links to ../../build/mocap_pkg/mocap_pkg.egg-info/dependency_links.txt
[1.690s] writing entry points to ../../build/mocap_pkg/mocap_pkg.egg-info/entry_points.txt
[1.690s] writing requirements to ../../build/mocap_pkg/mocap_pkg.egg-info/requires.txt
[1.691s] writing top-level names to ../../build/mocap_pkg/mocap_pkg.egg-info/top_level.txt
[1.705s] reading manifest file '../../build/mocap_pkg/mocap_pkg.egg-info/SOURCES.txt'
[1.707s] writing manifest file '../../build/mocap_pkg/mocap_pkg.egg-info/SOURCES.txt'
[1.707s] running build
[1.707s] running build_py
[1.708s] running install
[1.708s] running install_lib
[1.711s] running install_data
[1.712s] running install_egg_info
[1.713s] removing '/home/bodlaire/Desktop/Work/Mocap/install/mocap_pkg/lib/python3.8/site-packages/mocap_pkg-0.0.0-py3.8.egg-info' (and everything under it)
[1.713s] Copying ../../build/mocap_pkg/mocap_pkg.egg-info to /home/bodlaire/Desktop/Work/Mocap/install/mocap_pkg/lib/python3.8/site-packages/mocap_pkg-0.0.0-py3.8.egg-info
[1.714s] running install_scripts
[1.720s] Installing mocap_node script to /home/bodlaire/Desktop/Work/Mocap/install/mocap_pkg/lib/mocap_pkg
[1.721s] writing list of installed files to '/home/bodlaire/Desktop/Work/Mocap/build/mocap_pkg/install.log'
[1.932s] Invoked command in '/home/bodlaire/Desktop/Work/Mocap/src/mocap_pkg' returned '0': PYTHONPATH=/home/bodlaire/Desktop/Work/Mocap/build/mocap_pkg/prefix_override:/home/bodlaire/Desktop/Work/Mocap/install/mocap_pkg/lib/python3.8/site-packages:${PYTHONPATH} /usr/bin/python3 setup.py egg_info --egg-base ../../build/mocap_pkg build --build-base /home/bodlaire/Desktop/Work/Mocap/build/mocap_pkg/build install --record /home/bodlaire/Desktop/Work/Mocap/build/mocap_pkg/install.log --install-scripts $base/lib/mocap_pkg --single-version-externally-managed
