[1.417s] Invoking command in '/home/bodlaire/Desktop/Work/Mocap/src/mocap_pkg': PYTHONPATH=/home/bodlaire/Desktop/Work/Mocap/build/mocap_pkg/prefix_override:/home/bodlaire/Desktop/Work/Mocap/install/mocap_pkg/lib/python3.8/site-packages:${PYTHONPATH} /usr/bin/python3 setup.py egg_info --egg-base ../../build/mocap_pkg build --build-base /home/bodlaire/Desktop/Work/Mocap/build/mocap_pkg/build install --record /home/bodlaire/Desktop/Work/Mocap/build/mocap_pkg/install.log --install-scripts $base/lib/mocap_pkg --single-version-externally-managed
[1.572s] running egg_info
[1.573s] writing ../../build/mocap_pkg/mocap_pkg.egg-info/PKG-INFO
[1.573s] writing dependency_links to ../../build/mocap_pkg/mocap_pkg.egg-info/dependency_links.txt
[1.574s] writing entry points to ../../build/mocap_pkg/mocap_pkg.egg-info/entry_points.txt
[1.574s] writing requirements to ../../build/mocap_pkg/mocap_pkg.egg-info/requires.txt
[1.574s] writing top-level names to ../../build/mocap_pkg/mocap_pkg.egg-info/top_level.txt
[1.596s] reading manifest file '../../build/mocap_pkg/mocap_pkg.egg-info/SOURCES.txt'
[1.597s] writing manifest file '../../build/mocap_pkg/mocap_pkg.egg-info/SOURCES.txt'
[1.597s] running build
[1.597s] running build_py
[1.597s] copying mocap_pkg/mocap_node.py -> /home/bodlaire/Desktop/Work/Mocap/build/mocap_pkg/build/lib/mocap_pkg
[1.597s] running install
[1.597s] running install_lib
[1.598s] copying /home/bodlaire/Desktop/Work/Mocap/build/mocap_pkg/build/lib/mocap_pkg/mocap_node.py -> /home/bodlaire/Desktop/Work/Mocap/install/mocap_pkg/lib/python3.8/site-packages/mocap_pkg
[1.598s] byte-compiling /home/bodlaire/Desktop/Work/Mocap/install/mocap_pkg/lib/python3.8/site-packages/mocap_pkg/mocap_node.py to mocap_node.cpython-38.pyc
[1.599s]   File "/home/bodlaire/Desktop/Work/Mocap/install/mocap_pkg/lib/python3.8/site-packages/mocap_pkg/mocap_node.py", line 27
[1.600s]     /aimotion_mocap_node/rigid_bodies/<id>/pose
[1.601s]     ^
[1.601s] SyntaxError: invalid syntax
[1.602s] 
[1.602s] running install_data
[1.602s] running install_egg_info
[1.603s] removing '/home/bodlaire/Desktop/Work/Mocap/install/mocap_pkg/lib/python3.8/site-packages/mocap_pkg-0.0.0-py3.8.egg-info' (and everything under it)
[1.603s] Copying ../../build/mocap_pkg/mocap_pkg.egg-info to /home/bodlaire/Desktop/Work/Mocap/install/mocap_pkg/lib/python3.8/site-packages/mocap_pkg-0.0.0-py3.8.egg-info
[1.604s] running install_scripts
[1.614s] Installing mocap_node script to /home/bodlaire/Desktop/Work/Mocap/install/mocap_pkg/lib/mocap_pkg
[1.614s] writing list of installed files to '/home/bodlaire/Desktop/Work/Mocap/build/mocap_pkg/install.log'
[1.807s] Invoked command in '/home/bodlaire/Desktop/Work/Mocap/src/mocap_pkg' returned '0': PYTHONPATH=/home/bodlaire/Desktop/Work/Mocap/build/mocap_pkg/prefix_override:/home/bodlaire/Desktop/Work/Mocap/install/mocap_pkg/lib/python3.8/site-packages:${PYTHONPATH} /usr/bin/python3 setup.py egg_info --egg-base ../../build/mocap_pkg build --build-base /home/bodlaire/Desktop/Work/Mocap/build/mocap_pkg/build install --record /home/bodlaire/Desktop/Work/Mocap/build/mocap_pkg/install.log --install-scripts $base/lib/mocap_pkg --single-version-externally-managed
