[  9%] Built target vehicle_state_msgs__rosidl_generator_c
[ 12%] Built target vehicle_state_msgs__cpp
[ 22%] Built target vehicle_state_msgs__rosidl_typesupport_introspection_c
[ 32%] Built target vehicle_state_msgs__rosidl_typesupport_fastrtps_cpp
[ 41%] Built target vehicle_state_msgs__rosidl_typesupport_c
[ 51%] Built target vehicle_state_msgs__rosidl_typesupport_cpp
[ 61%] Built target vehicle_state_msgs__rosidl_typesupport_introspection_cpp
[ 70%] Built target vehicle_state_msgs__rosidl_typesupport_fastrtps_c
[ 70%] Built target vehicle_state_msgs
[ 74%] Built target vehicle_state_msgs__py
[ 80%] Built target vehicle_state_msgs__python
[ 93%] Built target vehicle_state_msgs__rosidl_typesupport_fastrtps_c__pyext
[ 93%] Built target vehicle_state_msgs__rosidl_typesupport_introspection_c__pyext
[100%] Built target vehicle_state_msgs__rosidl_typesupport_c__pyext
-- Install configuration: ""
-- Up-to-date: /home/bodlaire/Desktop/Work/Mocap/install/vehicle_state_msgs/share/ament_index/resource_index/rosidl_interfaces/vehicle_state_msgs
-- Up-to-date: /home/bodlaire/Desktop/Work/Mocap/install/vehicle_state_msgs/include/vehicle_state_msgs
-- Up-to-date: /home/bodlaire/Desktop/Work/Mocap/install/vehicle_state_msgs/include/vehicle_state_msgs/msg
-- Up-to-date: /home/bodlaire/Desktop/Work/Mocap/install/vehicle_state_msgs/include/vehicle_state_msgs/msg/detail
-- Up-to-date: /home/bodlaire/Desktop/Work/Mocap/install/vehicle_state_msgs/include/vehicle_state_msgs/msg/detail/vehicle_state_stamped__struct.h
-- Up-to-date: /home/bodlaire/Desktop/Work/Mocap/install/vehicle_state_msgs/include/vehicle_state_msgs/msg/detail/input_value__type_support.h
-- Up-to-date: /home/bodlaire/Desktop/Work/Mocap/install/vehicle_state_msgs/include/vehicle_state_msgs/msg/detail/vehicle_state_stamped__functions.h
-- Up-to-date: /home/bodlaire/Desktop/Work/Mocap/install/vehicle_state_msgs/include/vehicle_state_msgs/msg/detail/input_value__struct.h
-- Up-to-date: /home/bodlaire/Desktop/Work/Mocap/install/vehicle_state_msgs/include/vehicle_state_msgs/msg/detail/vehicle_state_stamped__type_support.h
-- Up-to-date: /home/bodlaire/Desktop/Work/Mocap/install/vehicle_state_msgs/include/vehicle_state_msgs/msg/detail/vehicle_state_stamped__functions.c
-- Up-to-date: /home/bodlaire/Desktop/Work/Mocap/install/vehicle_state_msgs/include/vehicle_state_msgs/msg/detail/input_value__functions.h
-- Up-to-date: /home/bodlaire/Desktop/Work/Mocap/install/vehicle_state_msgs/include/vehicle_state_msgs/msg/detail/input_value__functions.c
-- Up-to-date: /home/bodlaire/Desktop/Work/Mocap/install/vehicle_state_msgs/include/vehicle_state_msgs/msg/input_value.h
-- Up-to-date: /home/bodlaire/Desktop/Work/Mocap/install/vehicle_state_msgs/include/vehicle_state_msgs/msg/rosidl_generator_c__visibility_control.h
-- Up-to-date: /home/bodlaire/Desktop/Work/Mocap/install/vehicle_state_msgs/include/vehicle_state_msgs/msg/vehicle_state_stamped.h
-- Up-to-date: /home/bodlaire/Desktop/Work/Mocap/install/vehicle_state_msgs/share/vehicle_state_msgs/environment/library_path.sh
-- Up-to-date: /home/bodlaire/Desktop/Work/Mocap/install/vehicle_state_msgs/share/vehicle_state_msgs/environment/library_path.dsv
-- Up-to-date: /home/bodlaire/Desktop/Work/Mocap/install/vehicle_state_msgs/lib/libvehicle_state_msgs__rosidl_generator_c.so
-- Up-to-date: /home/bodlaire/Desktop/Work/Mocap/install/vehicle_state_msgs/include/vehicle_state_msgs
-- Up-to-date: /home/bodlaire/Desktop/Work/Mocap/install/vehicle_state_msgs/include/vehicle_state_msgs/msg
-- Up-to-date: /home/bodlaire/Desktop/Work/Mocap/install/vehicle_state_msgs/include/vehicle_state_msgs/msg/detail
-- Up-to-date: /home/bodlaire/Desktop/Work/Mocap/install/vehicle_state_msgs/include/vehicle_state_msgs/msg/detail/input_value__rosidl_typesupport_fastrtps_c.h
-- Up-to-date: /home/bodlaire/Desktop/Work/Mocap/install/vehicle_state_msgs/include/vehicle_state_msgs/msg/detail/vehicle_state_stamped__rosidl_typesupport_fastrtps_c.h
-- Up-to-date: /home/bodlaire/Desktop/Work/Mocap/install/vehicle_state_msgs/include/vehicle_state_msgs/msg/rosidl_typesupport_fastrtps_c__visibility_control.h
-- Up-to-date: /home/bodlaire/Desktop/Work/Mocap/install/vehicle_state_msgs/lib/libvehicle_state_msgs__rosidl_typesupport_fastrtps_c.so
-- Up-to-date: /home/bodlaire/Desktop/Work/Mocap/install/vehicle_state_msgs/include/vehicle_state_msgs
-- Up-to-date: /home/bodlaire/Desktop/Work/Mocap/install/vehicle_state_msgs/include/vehicle_state_msgs/msg
-- Up-to-date: /home/bodlaire/Desktop/Work/Mocap/install/vehicle_state_msgs/include/vehicle_state_msgs/msg/detail
-- Up-to-date: /home/bodlaire/Desktop/Work/Mocap/install/vehicle_state_msgs/include/vehicle_state_msgs/msg/detail/vehicle_state_stamped__rosidl_typesupport_fastrtps_cpp.hpp
-- Up-to-date: /home/bodlaire/Desktop/Work/Mocap/install/vehicle_state_msgs/include/vehicle_state_msgs/msg/detail/input_value__rosidl_typesupport_fastrtps_cpp.hpp
-- Up-to-date: /home/bodlaire/Desktop/Work/Mocap/install/vehicle_state_msgs/include/vehicle_state_msgs/msg/detail/dds_fastrtps
-- Up-to-date: /home/bodlaire/Desktop/Work/Mocap/install/vehicle_state_msgs/include/vehicle_state_msgs/msg/rosidl_typesupport_fastrtps_cpp__visibility_control.h
-- Up-to-date: /home/bodlaire/Desktop/Work/Mocap/install/vehicle_state_msgs/lib/libvehicle_state_msgs__rosidl_typesupport_fastrtps_cpp.so
-- Up-to-date: /home/bodlaire/Desktop/Work/Mocap/install/vehicle_state_msgs/include/vehicle_state_msgs
-- Up-to-date: /home/bodlaire/Desktop/Work/Mocap/install/vehicle_state_msgs/include/vehicle_state_msgs/msg
-- Up-to-date: /home/bodlaire/Desktop/Work/Mocap/install/vehicle_state_msgs/include/vehicle_state_msgs/msg/detail
-- Up-to-date: /home/bodlaire/Desktop/Work/Mocap/install/vehicle_state_msgs/include/vehicle_state_msgs/msg/detail/vehicle_state_stamped__type_support.c
-- Up-to-date: /home/bodlaire/Desktop/Work/Mocap/install/vehicle_state_msgs/include/vehicle_state_msgs/msg/detail/input_value__rosidl_typesupport_introspection_c.h
-- Up-to-date: /home/bodlaire/Desktop/Work/Mocap/install/vehicle_state_msgs/include/vehicle_state_msgs/msg/detail/vehicle_state_stamped__rosidl_typesupport_introspection_c.h
-- Up-to-date: /home/bodlaire/Desktop/Work/Mocap/install/vehicle_state_msgs/include/vehicle_state_msgs/msg/detail/input_value__type_support.c
-- Up-to-date: /home/bodlaire/Desktop/Work/Mocap/install/vehicle_state_msgs/include/vehicle_state_msgs/msg/rosidl_typesupport_introspection_c__visibility_control.h
-- Up-to-date: /home/bodlaire/Desktop/Work/Mocap/install/vehicle_state_msgs/lib/libvehicle_state_msgs__rosidl_typesupport_introspection_c.so
-- Up-to-date: /home/bodlaire/Desktop/Work/Mocap/install/vehicle_state_msgs/lib/libvehicle_state_msgs__rosidl_typesupport_c.so
-- Up-to-date: /home/bodlaire/Desktop/Work/Mocap/install/vehicle_state_msgs/include/vehicle_state_msgs
-- Up-to-date: /home/bodlaire/Desktop/Work/Mocap/install/vehicle_state_msgs/include/vehicle_state_msgs/msg
-- Up-to-date: /home/bodlaire/Desktop/Work/Mocap/install/vehicle_state_msgs/include/vehicle_state_msgs/msg/rosidl_generator_cpp__visibility_control.hpp
-- Up-to-date: /home/bodlaire/Desktop/Work/Mocap/install/vehicle_state_msgs/include/vehicle_state_msgs/msg/detail
-- Up-to-date: /home/bodlaire/Desktop/Work/Mocap/install/vehicle_state_msgs/include/vehicle_state_msgs/msg/detail/vehicle_state_stamped__builder.hpp
-- Up-to-date: /home/bodlaire/Desktop/Work/Mocap/install/vehicle_state_msgs/include/vehicle_state_msgs/msg/detail/input_value__traits.hpp
-- Up-to-date: /home/bodlaire/Desktop/Work/Mocap/install/vehicle_state_msgs/include/vehicle_state_msgs/msg/detail/vehicle_state_stamped__traits.hpp
-- Up-to-date: /home/bodlaire/Desktop/Work/Mocap/install/vehicle_state_msgs/include/vehicle_state_msgs/msg/detail/input_value__struct.hpp
-- Up-to-date: /home/bodlaire/Desktop/Work/Mocap/install/vehicle_state_msgs/include/vehicle_state_msgs/msg/detail/vehicle_state_stamped__type_support.hpp
-- Up-to-date: /home/bodlaire/Desktop/Work/Mocap/install/vehicle_state_msgs/include/vehicle_state_msgs/msg/detail/input_value__builder.hpp
-- Up-to-date: /home/bodlaire/Desktop/Work/Mocap/install/vehicle_state_msgs/include/vehicle_state_msgs/msg/detail/input_value__type_support.hpp
-- Up-to-date: /home/bodlaire/Desktop/Work/Mocap/install/vehicle_state_msgs/include/vehicle_state_msgs/msg/detail/vehicle_state_stamped__struct.hpp
-- Up-to-date: /home/bodlaire/Desktop/Work/Mocap/install/vehicle_state_msgs/include/vehicle_state_msgs/msg/vehicle_state_stamped.hpp
-- Up-to-date: /home/bodlaire/Desktop/Work/Mocap/install/vehicle_state_msgs/include/vehicle_state_msgs/msg/input_value.hpp
-- Up-to-date: /home/bodlaire/Desktop/Work/Mocap/install/vehicle_state_msgs/include/vehicle_state_msgs
-- Up-to-date: /home/bodlaire/Desktop/Work/Mocap/install/vehicle_state_msgs/include/vehicle_state_msgs/msg
-- Up-to-date: /home/bodlaire/Desktop/Work/Mocap/install/vehicle_state_msgs/include/vehicle_state_msgs/msg/detail
-- Up-to-date: /home/bodlaire/Desktop/Work/Mocap/install/vehicle_state_msgs/include/vehicle_state_msgs/msg/detail/vehicle_state_stamped__type_support.cpp
-- Up-to-date: /home/bodlaire/Desktop/Work/Mocap/install/vehicle_state_msgs/include/vehicle_state_msgs/msg/detail/vehicle_state_stamped__rosidl_typesupport_introspection_cpp.hpp
-- Up-to-date: /home/bodlaire/Desktop/Work/Mocap/install/vehicle_state_msgs/include/vehicle_state_msgs/msg/detail/input_value__rosidl_typesupport_introspection_cpp.hpp
-- Up-to-date: /home/bodlaire/Desktop/Work/Mocap/install/vehicle_state_msgs/include/vehicle_state_msgs/msg/detail/input_value__type_support.cpp
-- Up-to-date: /home/bodlaire/Desktop/Work/Mocap/install/vehicle_state_msgs/lib/libvehicle_state_msgs__rosidl_typesupport_introspection_cpp.so
-- Up-to-date: /home/bodlaire/Desktop/Work/Mocap/install/vehicle_state_msgs/lib/libvehicle_state_msgs__rosidl_typesupport_cpp.so
-- Up-to-date: /home/bodlaire/Desktop/Work/Mocap/install/vehicle_state_msgs/share/vehicle_state_msgs/environment/pythonpath.sh
-- Up-to-date: /home/bodlaire/Desktop/Work/Mocap/install/vehicle_state_msgs/share/vehicle_state_msgs/environment/pythonpath.dsv
-- Up-to-date: /home/bodlaire/Desktop/Work/Mocap/install/vehicle_state_msgs/lib/python3.8/site-packages/vehicle_state_msgs/__init__.py
-- Up-to-date: /home/bodlaire/Desktop/Work/Mocap/install/vehicle_state_msgs/lib/python3.8/site-packages/vehicle_state_msgs/msg
-- Up-to-date: /home/bodlaire/Desktop/Work/Mocap/install/vehicle_state_msgs/lib/python3.8/site-packages/vehicle_state_msgs/msg/_input_value.py
-- Up-to-date: /home/bodlaire/Desktop/Work/Mocap/install/vehicle_state_msgs/lib/python3.8/site-packages/vehicle_state_msgs/msg/_vehicle_state_stamped_s.c
-- Up-to-date: /home/bodlaire/Desktop/Work/Mocap/install/vehicle_state_msgs/lib/python3.8/site-packages/vehicle_state_msgs/msg/__init__.py
-- Up-to-date: /home/bodlaire/Desktop/Work/Mocap/install/vehicle_state_msgs/lib/python3.8/site-packages/vehicle_state_msgs/msg/_input_value_s.c
-- Up-to-date: /home/bodlaire/Desktop/Work/Mocap/install/vehicle_state_msgs/lib/python3.8/site-packages/vehicle_state_msgs/msg/_vehicle_state_stamped.py
-- Up-to-date: /home/bodlaire/Desktop/Work/Mocap/install/vehicle_state_msgs/lib/python3.8/site-packages/vehicle_state_msgs/vehicle_state_msgs_s__rosidl_typesupport_fastrtps_c.cpython-38-x86_64-linux-gnu.so
-- Up-to-date: /home/bodlaire/Desktop/Work/Mocap/install/vehicle_state_msgs/lib/python3.8/site-packages/vehicle_state_msgs/vehicle_state_msgs_s__rosidl_typesupport_introspection_c.cpython-38-x86_64-linux-gnu.so
-- Up-to-date: /home/bodlaire/Desktop/Work/Mocap/install/vehicle_state_msgs/lib/python3.8/site-packages/vehicle_state_msgs/vehicle_state_msgs_s__rosidl_typesupport_c.cpython-38-x86_64-linux-gnu.so
-- Up-to-date: /home/bodlaire/Desktop/Work/Mocap/install/vehicle_state_msgs/lib/libvehicle_state_msgs__python.so
-- Up-to-date: /home/bodlaire/Desktop/Work/Mocap/install/vehicle_state_msgs/share/vehicle_state_msgs/msg/VehicleStateStamped.idl
-- Up-to-date: /home/bodlaire/Desktop/Work/Mocap/install/vehicle_state_msgs/share/vehicle_state_msgs/msg/VehicleStateStamped.msg
-- Up-to-date: /home/bodlaire/Desktop/Work/Mocap/install/vehicle_state_msgs/share/ament_index/resource_index/package_run_dependencies/vehicle_state_msgs
-- Up-to-date: /home/bodlaire/Desktop/Work/Mocap/install/vehicle_state_msgs/share/ament_index/resource_index/parent_prefix_path/vehicle_state_msgs
-- Up-to-date: /home/bodlaire/Desktop/Work/Mocap/install/vehicle_state_msgs/share/vehicle_state_msgs/environment/ament_prefix_path.sh
-- Up-to-date: /home/bodlaire/Desktop/Work/Mocap/install/vehicle_state_msgs/share/vehicle_state_msgs/environment/ament_prefix_path.dsv
-- Up-to-date: /home/bodlaire/Desktop/Work/Mocap/install/vehicle_state_msgs/share/vehicle_state_msgs/environment/path.sh
-- Up-to-date: /home/bodlaire/Desktop/Work/Mocap/install/vehicle_state_msgs/share/vehicle_state_msgs/environment/path.dsv
-- Up-to-date: /home/bodlaire/Desktop/Work/Mocap/install/vehicle_state_msgs/share/vehicle_state_msgs/local_setup.bash
-- Up-to-date: /home/bodlaire/Desktop/Work/Mocap/install/vehicle_state_msgs/share/vehicle_state_msgs/local_setup.sh
-- Up-to-date: /home/bodlaire/Desktop/Work/Mocap/install/vehicle_state_msgs/share/vehicle_state_msgs/local_setup.zsh
-- Up-to-date: /home/bodlaire/Desktop/Work/Mocap/install/vehicle_state_msgs/share/vehicle_state_msgs/local_setup.dsv
-- Installing: /home/bodlaire/Desktop/Work/Mocap/install/vehicle_state_msgs/share/vehicle_state_msgs/package.dsv
-- Up-to-date: /home/bodlaire/Desktop/Work/Mocap/install/vehicle_state_msgs/share/ament_index/resource_index/packages/vehicle_state_msgs
-- Up-to-date: /home/bodlaire/Desktop/Work/Mocap/install/vehicle_state_msgs/share/vehicle_state_msgs/cmake/vehicle_state_msgs__rosidl_generator_cExport.cmake
-- Up-to-date: /home/bodlaire/Desktop/Work/Mocap/install/vehicle_state_msgs/share/vehicle_state_msgs/cmake/vehicle_state_msgs__rosidl_generator_cExport-noconfig.cmake
-- Up-to-date: /home/bodlaire/Desktop/Work/Mocap/install/vehicle_state_msgs/share/vehicle_state_msgs/cmake/vehicle_state_msgs__rosidl_typesupport_introspection_cExport.cmake
-- Up-to-date: /home/bodlaire/Desktop/Work/Mocap/install/vehicle_state_msgs/share/vehicle_state_msgs/cmake/vehicle_state_msgs__rosidl_typesupport_introspection_cExport-noconfig.cmake
-- Up-to-date: /home/bodlaire/Desktop/Work/Mocap/install/vehicle_state_msgs/share/vehicle_state_msgs/cmake/vehicle_state_msgs__rosidl_typesupport_cExport.cmake
-- Up-to-date: /home/bodlaire/Desktop/Work/Mocap/install/vehicle_state_msgs/share/vehicle_state_msgs/cmake/vehicle_state_msgs__rosidl_typesupport_cExport-noconfig.cmake
-- Up-to-date: /home/bodlaire/Desktop/Work/Mocap/install/vehicle_state_msgs/share/vehicle_state_msgs/cmake/vehicle_state_msgs__rosidl_generator_cppExport.cmake
-- Up-to-date: /home/bodlaire/Desktop/Work/Mocap/install/vehicle_state_msgs/share/vehicle_state_msgs/cmake/vehicle_state_msgs__rosidl_typesupport_introspection_cppExport.cmake
-- Up-to-date: /home/bodlaire/Desktop/Work/Mocap/install/vehicle_state_msgs/share/vehicle_state_msgs/cmake/vehicle_state_msgs__rosidl_typesupport_introspection_cppExport-noconfig.cmake
-- Up-to-date: /home/bodlaire/Desktop/Work/Mocap/install/vehicle_state_msgs/share/vehicle_state_msgs/cmake/vehicle_state_msgs__rosidl_typesupport_cppExport.cmake
-- Up-to-date: /home/bodlaire/Desktop/Work/Mocap/install/vehicle_state_msgs/share/vehicle_state_msgs/cmake/vehicle_state_msgs__rosidl_typesupport_cppExport-noconfig.cmake
-- Up-to-date: /home/bodlaire/Desktop/Work/Mocap/install/vehicle_state_msgs/share/vehicle_state_msgs/cmake/rosidl_cmake-extras.cmake
-- Up-to-date: /home/bodlaire/Desktop/Work/Mocap/install/vehicle_state_msgs/share/vehicle_state_msgs/cmake/ament_cmake_export_dependencies-extras.cmake
-- Up-to-date: /home/bodlaire/Desktop/Work/Mocap/install/vehicle_state_msgs/share/vehicle_state_msgs/cmake/ament_cmake_export_libraries-extras.cmake
-- Up-to-date: /home/bodlaire/Desktop/Work/Mocap/install/vehicle_state_msgs/share/vehicle_state_msgs/cmake/ament_cmake_export_targets-extras.cmake
-- Up-to-date: /home/bodlaire/Desktop/Work/Mocap/install/vehicle_state_msgs/share/vehicle_state_msgs/cmake/ament_cmake_export_include_directories-extras.cmake
-- Up-to-date: /home/bodlaire/Desktop/Work/Mocap/install/vehicle_state_msgs/share/vehicle_state_msgs/cmake/rosidl_cmake_export_typesupport_libraries-extras.cmake
-- Up-to-date: /home/bodlaire/Desktop/Work/Mocap/install/vehicle_state_msgs/share/vehicle_state_msgs/cmake/rosidl_cmake_export_typesupport_targets-extras.cmake
-- Up-to-date: /home/bodlaire/Desktop/Work/Mocap/install/vehicle_state_msgs/share/vehicle_state_msgs/cmake/vehicle_state_msgsConfig.cmake
-- Up-to-date: /home/bodlaire/Desktop/Work/Mocap/install/vehicle_state_msgs/share/vehicle_state_msgs/cmake/vehicle_state_msgsConfig-version.cmake
-- Up-to-date: /home/bodlaire/Desktop/Work/Mocap/install/vehicle_state_msgs/share/vehicle_state_msgs/package.xml
