[1.226s] DEBUG:colcon:Command line arguments: ['/usr/bin/colcon', 'build']
[1.226s] DEBUG:colcon:Parsed command line arguments: Namespace(allow_overriding=[], ament_cmake_args=None, base_paths=['.'], build_base='build', catkin_cmake_args=None, catkin_skip_building_tests=False, cmake_args=None, cmake_clean_cache=False, cmake_clean_first=False, cmake_force_configure=False, cmake_target=None, cmake_target_skip_unavailable=False, continue_on_error=False, event_handlers=None, executor='parallel', ignore_user_meta=False, install_base='install', log_base=None, log_level=None, main=<bound method BuildVerb.main of <colcon_core.verb.build.BuildVerb object at 0x7fc7b0a5d8b0>>, merge_install=False, metas=['./colcon.meta'], packages_above=None, packages_above_and_dependencies=None, packages_above_depth=None, packages_end=None, packages_ignore=None, packages_ignore_regex=None, packages_select=None, packages_select_build_failed=False, packages_select_by_dep=None, packages_select_regex=None, packages_select_test_failures=False, packages_skip=None, packages_skip_build_finished=False, packages_skip_by_dep=None, packages_skip_regex=None, packages_skip_test_passed=False, packages_skip_up_to=None, packages_start=None, packages_up_to=None, packages_up_to_regex=None, parallel_workers=16, paths=None, symlink_install=False, test_result_base=None, verb_extension=<colcon_core.verb.build.BuildVerb object at 0x7fc7b0a5d8b0>, verb_name='build', verb_parser=<colcon_defaults.argument_parser.defaults.DefaultArgumentsDecorator object at 0x7fc7b0a5d640>)
[1.280s] Level 1:colcon.colcon_core.package_discovery:discover_packages(colcon_meta) check parameters
[1.280s] Level 1:colcon.colcon_core.package_discovery:discover_packages(recursive) check parameters
[1.280s] Level 1:colcon.colcon_core.package_discovery:discover_packages(ignore) check parameters
[1.280s] Level 1:colcon.colcon_core.package_discovery:discover_packages(path) check parameters
[1.280s] Level 1:colcon.colcon_core.package_discovery:discover_packages(colcon_meta) discover
[1.280s] Level 1:colcon.colcon_core.package_discovery:discover_packages(recursive) discover
[1.280s] INFO:colcon.colcon_core.package_discovery:Crawling recursively for packages in '/home/bodlaire/Desktop/Work/Mocap'
[1.280s] Level 1:colcon.colcon_core.package_identification:_identify(.) by extensions ['ignore', 'ignore_ament_install']
[1.280s] Level 1:colcon.colcon_core.package_identification:_identify(.) by extension 'ignore'
[1.280s] Level 1:colcon.colcon_core.package_identification:_identify(.) by extension 'ignore_ament_install'
[1.280s] Level 1:colcon.colcon_core.package_identification:_identify(.) by extensions ['colcon_pkg']
[1.281s] Level 1:colcon.colcon_core.package_identification:_identify(.) by extension 'colcon_pkg'
[1.281s] Level 1:colcon.colcon_core.package_identification:_identify(.) by extensions ['colcon_meta']
[1.281s] Level 1:colcon.colcon_core.package_identification:_identify(.) by extension 'colcon_meta'
[1.281s] Level 1:colcon.colcon_core.package_identification:_identify(.) by extensions ['ros']
[1.281s] Level 1:colcon.colcon_core.package_identification:_identify(.) by extension 'ros'
[1.287s] Level 1:colcon.colcon_core.package_identification:_identify(.) by extensions ['cmake', 'python']
[1.287s] Level 1:colcon.colcon_core.package_identification:_identify(.) by extension 'cmake'
[1.287s] Level 1:colcon.colcon_core.package_identification:_identify(.) by extension 'python'
[1.287s] Level 1:colcon.colcon_core.package_identification:_identify(.) by extensions ['python_setup_py']
[1.287s] Level 1:colcon.colcon_core.package_identification:_identify(.) by extension 'python_setup_py'
[1.288s] Level 1:colcon.colcon_core.package_identification:_identify(build) by extensions ['ignore', 'ignore_ament_install']
[1.288s] Level 1:colcon.colcon_core.package_identification:_identify(build) by extension 'ignore'
[1.288s] Level 1:colcon.colcon_core.package_identification:_identify(build) ignored
[1.288s] Level 1:colcon.colcon_core.package_identification:_identify(install) by extensions ['ignore', 'ignore_ament_install']
[1.288s] Level 1:colcon.colcon_core.package_identification:_identify(install) by extension 'ignore'
[1.288s] Level 1:colcon.colcon_core.package_identification:_identify(install) ignored
[1.288s] Level 1:colcon.colcon_core.package_identification:_identify(log) by extensions ['ignore', 'ignore_ament_install']
[1.288s] Level 1:colcon.colcon_core.package_identification:_identify(log) by extension 'ignore'
[1.288s] Level 1:colcon.colcon_core.package_identification:_identify(log) ignored
[1.288s] Level 1:colcon.colcon_core.package_identification:_identify(src) by extensions ['ignore', 'ignore_ament_install']
[1.288s] Level 1:colcon.colcon_core.package_identification:_identify(src) by extension 'ignore'
[1.288s] Level 1:colcon.colcon_core.package_identification:_identify(src) by extension 'ignore_ament_install'
[1.288s] Level 1:colcon.colcon_core.package_identification:_identify(src) by extensions ['colcon_pkg']
[1.288s] Level 1:colcon.colcon_core.package_identification:_identify(src) by extension 'colcon_pkg'
[1.288s] Level 1:colcon.colcon_core.package_identification:_identify(src) by extensions ['colcon_meta']
[1.288s] Level 1:colcon.colcon_core.package_identification:_identify(src) by extension 'colcon_meta'
[1.288s] Level 1:colcon.colcon_core.package_identification:_identify(src) by extensions ['ros']
[1.288s] Level 1:colcon.colcon_core.package_identification:_identify(src) by extension 'ros'
[1.288s] Level 1:colcon.colcon_core.package_identification:_identify(src) by extensions ['cmake', 'python']
[1.288s] Level 1:colcon.colcon_core.package_identification:_identify(src) by extension 'cmake'
[1.288s] Level 1:colcon.colcon_core.package_identification:_identify(src) by extension 'python'
[1.289s] Level 1:colcon.colcon_core.package_identification:_identify(src) by extensions ['python_setup_py']
[1.289s] Level 1:colcon.colcon_core.package_identification:_identify(src) by extension 'python_setup_py'
[1.289s] Level 1:colcon.colcon_core.package_identification:_identify(src/drive_bridge_msg) by extensions ['ignore', 'ignore_ament_install']
[1.289s] Level 1:colcon.colcon_core.package_identification:_identify(src/drive_bridge_msg) by extension 'ignore'
[1.289s] Level 1:colcon.colcon_core.package_identification:_identify(src/drive_bridge_msg) by extension 'ignore_ament_install'
[1.289s] Level 1:colcon.colcon_core.package_identification:_identify(src/drive_bridge_msg) by extensions ['colcon_pkg']
[1.289s] Level 1:colcon.colcon_core.package_identification:_identify(src/drive_bridge_msg) by extension 'colcon_pkg'
[1.289s] Level 1:colcon.colcon_core.package_identification:_identify(src/drive_bridge_msg) by extensions ['colcon_meta']
[1.289s] Level 1:colcon.colcon_core.package_identification:_identify(src/drive_bridge_msg) by extension 'colcon_meta'
[1.289s] Level 1:colcon.colcon_core.package_identification:_identify(src/drive_bridge_msg) by extensions ['ros']
[1.289s] Level 1:colcon.colcon_core.package_identification:_identify(src/drive_bridge_msg) by extension 'ros'
[1.290s] DEBUG:colcon.colcon_core.package_identification:Package 'src/drive_bridge_msg' with type 'ros.ament_cmake' and name 'drive_bridge_msg'
[1.290s] Level 1:colcon.colcon_core.package_identification:_identify(src/mocap_msg) by extensions ['ignore', 'ignore_ament_install']
[1.291s] Level 1:colcon.colcon_core.package_identification:_identify(src/mocap_msg) by extension 'ignore'
[1.291s] Level 1:colcon.colcon_core.package_identification:_identify(src/mocap_msg) by extension 'ignore_ament_install'
[1.291s] Level 1:colcon.colcon_core.package_identification:_identify(src/mocap_msg) by extensions ['colcon_pkg']
[1.291s] Level 1:colcon.colcon_core.package_identification:_identify(src/mocap_msg) by extension 'colcon_pkg'
[1.291s] Level 1:colcon.colcon_core.package_identification:_identify(src/mocap_msg) by extensions ['colcon_meta']
[1.291s] Level 1:colcon.colcon_core.package_identification:_identify(src/mocap_msg) by extension 'colcon_meta'
[1.291s] Level 1:colcon.colcon_core.package_identification:_identify(src/mocap_msg) by extensions ['ros']
[1.291s] Level 1:colcon.colcon_core.package_identification:_identify(src/mocap_msg) by extension 'ros'
[1.291s] DEBUG:colcon.colcon_core.package_identification:Package 'src/mocap_msg' with type 'ros.ament_cmake' and name 'mocap_msg'
[1.291s] Level 1:colcon.colcon_core.package_identification:_identify(src/mocap_pkg) by extensions ['ignore', 'ignore_ament_install']
[1.291s] Level 1:colcon.colcon_core.package_identification:_identify(src/mocap_pkg) by extension 'ignore'
[1.291s] Level 1:colcon.colcon_core.package_identification:_identify(src/mocap_pkg) by extension 'ignore_ament_install'
[1.291s] Level 1:colcon.colcon_core.package_identification:_identify(src/mocap_pkg) by extensions ['colcon_pkg']
[1.291s] Level 1:colcon.colcon_core.package_identification:_identify(src/mocap_pkg) by extension 'colcon_pkg'
[1.291s] Level 1:colcon.colcon_core.package_identification:_identify(src/mocap_pkg) by extensions ['colcon_meta']
[1.291s] Level 1:colcon.colcon_core.package_identification:_identify(src/mocap_pkg) by extension 'colcon_meta'
[1.291s] Level 1:colcon.colcon_core.package_identification:_identify(src/mocap_pkg) by extensions ['ros']
[1.291s] Level 1:colcon.colcon_core.package_identification:_identify(src/mocap_pkg) by extension 'ros'
[1.292s] DEBUG:colcon.colcon_core.package_identification:Package 'src/mocap_pkg' with type 'ros.ament_python' and name 'mocap_pkg'
[1.292s] Level 1:colcon.colcon_core.package_identification:_identify(src/vehicle_state_msgs) by extensions ['ignore', 'ignore_ament_install']
[1.292s] Level 1:colcon.colcon_core.package_identification:_identify(src/vehicle_state_msgs) by extension 'ignore'
[1.292s] Level 1:colcon.colcon_core.package_identification:_identify(src/vehicle_state_msgs) by extension 'ignore_ament_install'
[1.292s] Level 1:colcon.colcon_core.package_identification:_identify(src/vehicle_state_msgs) by extensions ['colcon_pkg']
[1.292s] Level 1:colcon.colcon_core.package_identification:_identify(src/vehicle_state_msgs) by extension 'colcon_pkg'
[1.292s] Level 1:colcon.colcon_core.package_identification:_identify(src/vehicle_state_msgs) by extensions ['colcon_meta']
[1.292s] Level 1:colcon.colcon_core.package_identification:_identify(src/vehicle_state_msgs) by extension 'colcon_meta'
[1.292s] Level 1:colcon.colcon_core.package_identification:_identify(src/vehicle_state_msgs) by extensions ['ros']
[1.292s] Level 1:colcon.colcon_core.package_identification:_identify(src/vehicle_state_msgs) by extension 'ros'
[1.292s] DEBUG:colcon.colcon_core.package_identification:Package 'src/vehicle_state_msgs' with type 'ros.ament_cmake' and name 'vehicle_state_msgs'
[1.293s] Level 1:colcon.colcon_core.package_identification:_identify(src/vehicle_state_observer) by extensions ['ignore', 'ignore_ament_install']
[1.293s] Level 1:colcon.colcon_core.package_identification:_identify(src/vehicle_state_observer) by extension 'ignore'
[1.293s] Level 1:colcon.colcon_core.package_identification:_identify(src/vehicle_state_observer) by extension 'ignore_ament_install'
[1.293s] Level 1:colcon.colcon_core.package_identification:_identify(src/vehicle_state_observer) by extensions ['colcon_pkg']
[1.293s] Level 1:colcon.colcon_core.package_identification:_identify(src/vehicle_state_observer) by extension 'colcon_pkg'
[1.293s] Level 1:colcon.colcon_core.package_identification:_identify(src/vehicle_state_observer) by extensions ['colcon_meta']
[1.293s] Level 1:colcon.colcon_core.package_identification:_identify(src/vehicle_state_observer) by extension 'colcon_meta'
[1.293s] Level 1:colcon.colcon_core.package_identification:_identify(src/vehicle_state_observer) by extensions ['ros']
[1.293s] Level 1:colcon.colcon_core.package_identification:_identify(src/vehicle_state_observer) by extension 'ros'
[1.293s] DEBUG:colcon.colcon_core.package_identification:Package 'src/vehicle_state_observer' with type 'ros.ament_python' and name 'vehicle_state_observer'
[1.293s] Level 1:colcon.colcon_core.package_identification:_identify(src/vesc_msgs) by extensions ['ignore', 'ignore_ament_install']
[1.293s] Level 1:colcon.colcon_core.package_identification:_identify(src/vesc_msgs) by extension 'ignore'
[1.293s] Level 1:colcon.colcon_core.package_identification:_identify(src/vesc_msgs) by extension 'ignore_ament_install'
[1.293s] Level 1:colcon.colcon_core.package_identification:_identify(src/vesc_msgs) by extensions ['colcon_pkg']
[1.293s] Level 1:colcon.colcon_core.package_identification:_identify(src/vesc_msgs) by extension 'colcon_pkg'
[1.293s] Level 1:colcon.colcon_core.package_identification:_identify(src/vesc_msgs) by extensions ['colcon_meta']
[1.293s] Level 1:colcon.colcon_core.package_identification:_identify(src/vesc_msgs) by extension 'colcon_meta'
[1.293s] Level 1:colcon.colcon_core.package_identification:_identify(src/vesc_msgs) by extensions ['ros']
[1.293s] Level 1:colcon.colcon_core.package_identification:_identify(src/vesc_msgs) by extension 'ros'
[1.294s] DEBUG:colcon.colcon_core.package_identification:Package 'src/vesc_msgs' with type 'ros.ament_cmake' and name 'vesc_msgs'
[1.294s] Level 1:colcon.colcon_core.package_discovery:discover_packages(recursive) using defaults
[1.294s] Level 1:colcon.colcon_core.package_discovery:discover_packages(ignore) discover
[1.294s] Level 1:colcon.colcon_core.package_discovery:discover_packages(ignore) using defaults
[1.294s] Level 1:colcon.colcon_core.package_discovery:discover_packages(path) discover
[1.294s] Level 1:colcon.colcon_core.package_discovery:discover_packages(path) using defaults
[1.415s] Level 1:colcon.colcon_core.package_discovery:discover_packages(prefix_path) check parameters
[1.416s] Level 1:colcon.colcon_core.package_discovery:discover_packages(prefix_path) discover
[1.457s] DEBUG:colcon.colcon_installed_package_information.package_discovery:Found 6 installed packages in /home/bodlaire/Desktop/Work/Mocap/install
[1.477s] DEBUG:colcon.colcon_installed_package_information.package_discovery:Found 256 installed packages in /opt/ros/foxy
[1.478s] Level 1:colcon.colcon_core.package_discovery:discover_packages(prefix_path) using defaults
[1.563s] Level 5:colcon.colcon_core.verb:set package 'drive_bridge_msg' build argument 'cmake_args' from command line to 'None'
[1.564s] Level 5:colcon.colcon_core.verb:set package 'drive_bridge_msg' build argument 'cmake_target' from command line to 'None'
[1.564s] Level 5:colcon.colcon_core.verb:set package 'drive_bridge_msg' build argument 'cmake_target_skip_unavailable' from command line to 'False'
[1.564s] Level 5:colcon.colcon_core.verb:set package 'drive_bridge_msg' build argument 'cmake_clean_cache' from command line to 'False'
[1.564s] Level 5:colcon.colcon_core.verb:set package 'drive_bridge_msg' build argument 'cmake_clean_first' from command line to 'False'
[1.564s] Level 5:colcon.colcon_core.verb:set package 'drive_bridge_msg' build argument 'cmake_force_configure' from command line to 'False'
[1.564s] Level 5:colcon.colcon_core.verb:set package 'drive_bridge_msg' build argument 'ament_cmake_args' from command line to 'None'
[1.564s] Level 5:colcon.colcon_core.verb:set package 'drive_bridge_msg' build argument 'catkin_cmake_args' from command line to 'None'
[1.564s] Level 5:colcon.colcon_core.verb:set package 'drive_bridge_msg' build argument 'catkin_skip_building_tests' from command line to 'False'
[1.564s] DEBUG:colcon.colcon_core.verb:Building package 'drive_bridge_msg' with the following arguments: {'ament_cmake_args': None, 'build_base': '/home/bodlaire/Desktop/Work/Mocap/build/drive_bridge_msg', 'catkin_cmake_args': None, 'catkin_skip_building_tests': False, 'cmake_args': None, 'cmake_clean_cache': False, 'cmake_clean_first': False, 'cmake_force_configure': False, 'cmake_target': None, 'cmake_target_skip_unavailable': False, 'install_base': '/home/bodlaire/Desktop/Work/Mocap/install/drive_bridge_msg', 'merge_install': False, 'path': '/home/bodlaire/Desktop/Work/Mocap/src/drive_bridge_msg', 'symlink_install': False, 'test_result_base': None}
[1.584s] Level 5:colcon.colcon_core.verb:set package 'mocap_msg' build argument 'cmake_args' from command line to 'None'
[1.584s] Level 5:colcon.colcon_core.verb:set package 'mocap_msg' build argument 'cmake_target' from command line to 'None'
[1.584s] Level 5:colcon.colcon_core.verb:set package 'mocap_msg' build argument 'cmake_target_skip_unavailable' from command line to 'False'
[1.584s] Level 5:colcon.colcon_core.verb:set package 'mocap_msg' build argument 'cmake_clean_cache' from command line to 'False'
[1.584s] Level 5:colcon.colcon_core.verb:set package 'mocap_msg' build argument 'cmake_clean_first' from command line to 'False'
[1.584s] Level 5:colcon.colcon_core.verb:set package 'mocap_msg' build argument 'cmake_force_configure' from command line to 'False'
[1.584s] Level 5:colcon.colcon_core.verb:set package 'mocap_msg' build argument 'ament_cmake_args' from command line to 'None'
[1.584s] Level 5:colcon.colcon_core.verb:set package 'mocap_msg' build argument 'catkin_cmake_args' from command line to 'None'
[1.584s] Level 5:colcon.colcon_core.verb:set package 'mocap_msg' build argument 'catkin_skip_building_tests' from command line to 'False'
[1.584s] DEBUG:colcon.colcon_core.verb:Building package 'mocap_msg' with the following arguments: {'ament_cmake_args': None, 'build_base': '/home/bodlaire/Desktop/Work/Mocap/build/mocap_msg', 'catkin_cmake_args': None, 'catkin_skip_building_tests': False, 'cmake_args': None, 'cmake_clean_cache': False, 'cmake_clean_first': False, 'cmake_force_configure': False, 'cmake_target': None, 'cmake_target_skip_unavailable': False, 'install_base': '/home/bodlaire/Desktop/Work/Mocap/install/mocap_msg', 'merge_install': False, 'path': '/home/bodlaire/Desktop/Work/Mocap/src/mocap_msg', 'symlink_install': False, 'test_result_base': None}
[1.604s] Level 5:colcon.colcon_core.verb:set package 'mocap_pkg' build argument 'cmake_args' from command line to 'None'
[1.604s] Level 5:colcon.colcon_core.verb:set package 'mocap_pkg' build argument 'cmake_target' from command line to 'None'
[1.604s] Level 5:colcon.colcon_core.verb:set package 'mocap_pkg' build argument 'cmake_target_skip_unavailable' from command line to 'False'
[1.604s] Level 5:colcon.colcon_core.verb:set package 'mocap_pkg' build argument 'cmake_clean_cache' from command line to 'False'
[1.604s] Level 5:colcon.colcon_core.verb:set package 'mocap_pkg' build argument 'cmake_clean_first' from command line to 'False'
[1.604s] Level 5:colcon.colcon_core.verb:set package 'mocap_pkg' build argument 'cmake_force_configure' from command line to 'False'
[1.604s] Level 5:colcon.colcon_core.verb:set package 'mocap_pkg' build argument 'ament_cmake_args' from command line to 'None'
[1.604s] Level 5:colcon.colcon_core.verb:set package 'mocap_pkg' build argument 'catkin_cmake_args' from command line to 'None'
[1.604s] Level 5:colcon.colcon_core.verb:set package 'mocap_pkg' build argument 'catkin_skip_building_tests' from command line to 'False'
[1.604s] DEBUG:colcon.colcon_core.verb:Building package 'mocap_pkg' with the following arguments: {'ament_cmake_args': None, 'build_base': '/home/bodlaire/Desktop/Work/Mocap/build/mocap_pkg', 'catkin_cmake_args': None, 'catkin_skip_building_tests': False, 'cmake_args': None, 'cmake_clean_cache': False, 'cmake_clean_first': False, 'cmake_force_configure': False, 'cmake_target': None, 'cmake_target_skip_unavailable': False, 'install_base': '/home/bodlaire/Desktop/Work/Mocap/install/mocap_pkg', 'merge_install': False, 'path': '/home/bodlaire/Desktop/Work/Mocap/src/mocap_pkg', 'symlink_install': False, 'test_result_base': None}
[1.624s] Level 5:colcon.colcon_core.verb:set package 'vehicle_state_msgs' build argument 'cmake_args' from command line to 'None'
[1.624s] Level 5:colcon.colcon_core.verb:set package 'vehicle_state_msgs' build argument 'cmake_target' from command line to 'None'
[1.624s] Level 5:colcon.colcon_core.verb:set package 'vehicle_state_msgs' build argument 'cmake_target_skip_unavailable' from command line to 'False'
[1.624s] Level 5:colcon.colcon_core.verb:set package 'vehicle_state_msgs' build argument 'cmake_clean_cache' from command line to 'False'
[1.624s] Level 5:colcon.colcon_core.verb:set package 'vehicle_state_msgs' build argument 'cmake_clean_first' from command line to 'False'
[1.624s] Level 5:colcon.colcon_core.verb:set package 'vehicle_state_msgs' build argument 'cmake_force_configure' from command line to 'False'
[1.624s] Level 5:colcon.colcon_core.verb:set package 'vehicle_state_msgs' build argument 'ament_cmake_args' from command line to 'None'
[1.624s] Level 5:colcon.colcon_core.verb:set package 'vehicle_state_msgs' build argument 'catkin_cmake_args' from command line to 'None'
[1.624s] Level 5:colcon.colcon_core.verb:set package 'vehicle_state_msgs' build argument 'catkin_skip_building_tests' from command line to 'False'
[1.624s] DEBUG:colcon.colcon_core.verb:Building package 'vehicle_state_msgs' with the following arguments: {'ament_cmake_args': None, 'build_base': '/home/bodlaire/Desktop/Work/Mocap/build/vehicle_state_msgs', 'catkin_cmake_args': None, 'catkin_skip_building_tests': False, 'cmake_args': None, 'cmake_clean_cache': False, 'cmake_clean_first': False, 'cmake_force_configure': False, 'cmake_target': None, 'cmake_target_skip_unavailable': False, 'install_base': '/home/bodlaire/Desktop/Work/Mocap/install/vehicle_state_msgs', 'merge_install': False, 'path': '/home/bodlaire/Desktop/Work/Mocap/src/vehicle_state_msgs', 'symlink_install': False, 'test_result_base': None}
[1.644s] Level 5:colcon.colcon_core.verb:set package 'vehicle_state_observer' build argument 'cmake_args' from command line to 'None'
[1.644s] Level 5:colcon.colcon_core.verb:set package 'vehicle_state_observer' build argument 'cmake_target' from command line to 'None'
[1.644s] Level 5:colcon.colcon_core.verb:set package 'vehicle_state_observer' build argument 'cmake_target_skip_unavailable' from command line to 'False'
[1.644s] Level 5:colcon.colcon_core.verb:set package 'vehicle_state_observer' build argument 'cmake_clean_cache' from command line to 'False'
[1.644s] Level 5:colcon.colcon_core.verb:set package 'vehicle_state_observer' build argument 'cmake_clean_first' from command line to 'False'
[1.644s] Level 5:colcon.colcon_core.verb:set package 'vehicle_state_observer' build argument 'cmake_force_configure' from command line to 'False'
[1.644s] Level 5:colcon.colcon_core.verb:set package 'vehicle_state_observer' build argument 'ament_cmake_args' from command line to 'None'
[1.644s] Level 5:colcon.colcon_core.verb:set package 'vehicle_state_observer' build argument 'catkin_cmake_args' from command line to 'None'
[1.644s] Level 5:colcon.colcon_core.verb:set package 'vehicle_state_observer' build argument 'catkin_skip_building_tests' from command line to 'False'
[1.644s] DEBUG:colcon.colcon_core.verb:Building package 'vehicle_state_observer' with the following arguments: {'ament_cmake_args': None, 'build_base': '/home/bodlaire/Desktop/Work/Mocap/build/vehicle_state_observer', 'catkin_cmake_args': None, 'catkin_skip_building_tests': False, 'cmake_args': None, 'cmake_clean_cache': False, 'cmake_clean_first': False, 'cmake_force_configure': False, 'cmake_target': None, 'cmake_target_skip_unavailable': False, 'install_base': '/home/bodlaire/Desktop/Work/Mocap/install/vehicle_state_observer', 'merge_install': False, 'path': '/home/bodlaire/Desktop/Work/Mocap/src/vehicle_state_observer', 'symlink_install': False, 'test_result_base': None}
[1.664s] Level 5:colcon.colcon_core.verb:set package 'vesc_msgs' build argument 'cmake_args' from command line to 'None'
[1.664s] Level 5:colcon.colcon_core.verb:set package 'vesc_msgs' build argument 'cmake_target' from command line to 'None'
[1.664s] Level 5:colcon.colcon_core.verb:set package 'vesc_msgs' build argument 'cmake_target_skip_unavailable' from command line to 'False'
[1.664s] Level 5:colcon.colcon_core.verb:set package 'vesc_msgs' build argument 'cmake_clean_cache' from command line to 'False'
[1.664s] Level 5:colcon.colcon_core.verb:set package 'vesc_msgs' build argument 'cmake_clean_first' from command line to 'False'
[1.664s] Level 5:colcon.colcon_core.verb:set package 'vesc_msgs' build argument 'cmake_force_configure' from command line to 'False'
[1.664s] Level 5:colcon.colcon_core.verb:set package 'vesc_msgs' build argument 'ament_cmake_args' from command line to 'None'
[1.664s] Level 5:colcon.colcon_core.verb:set package 'vesc_msgs' build argument 'catkin_cmake_args' from command line to 'None'
[1.664s] Level 5:colcon.colcon_core.verb:set package 'vesc_msgs' build argument 'catkin_skip_building_tests' from command line to 'False'
[1.664s] DEBUG:colcon.colcon_core.verb:Building package 'vesc_msgs' with the following arguments: {'ament_cmake_args': None, 'build_base': '/home/bodlaire/Desktop/Work/Mocap/build/vesc_msgs', 'catkin_cmake_args': None, 'catkin_skip_building_tests': False, 'cmake_args': None, 'cmake_clean_cache': False, 'cmake_clean_first': False, 'cmake_force_configure': False, 'cmake_target': None, 'cmake_target_skip_unavailable': False, 'install_base': '/home/bodlaire/Desktop/Work/Mocap/install/vesc_msgs', 'merge_install': False, 'path': '/home/bodlaire/Desktop/Work/Mocap/src/vesc_msgs', 'symlink_install': False, 'test_result_base': None}
[1.696s] INFO:colcon.colcon_core.executor:Executing jobs using 'parallel' executor
[1.717s] DEBUG:colcon.colcon_parallel_executor.executor.parallel:run_until_complete
[1.717s] INFO:colcon.colcon_ros.task.ament_cmake.build:Building ROS package in '/home/bodlaire/Desktop/Work/Mocap/src/drive_bridge_msg' with build type 'ament_cmake'
[1.717s] INFO:colcon.colcon_cmake.task.cmake.build:Building CMake package in '/home/bodlaire/Desktop/Work/Mocap/src/drive_bridge_msg'
[1.739s] INFO:colcon.colcon_core.plugin_system:Skipping extension 'colcon_core.shell.bat': Not used on non-Windows systems
[1.739s] INFO:colcon.colcon_core.shell:Skip shell extension 'powershell' for command environment: Not usable outside of PowerShell
[1.739s] DEBUG:colcon.colcon_core.shell:Skip shell extension 'dsv' for command environment
[1.806s] INFO:colcon.colcon_ros.task.ament_cmake.build:Building ROS package in '/home/bodlaire/Desktop/Work/Mocap/src/mocap_msg' with build type 'ament_cmake'
[1.807s] INFO:colcon.colcon_cmake.task.cmake.build:Building CMake package in '/home/bodlaire/Desktop/Work/Mocap/src/mocap_msg'
[1.830s] INFO:colcon.colcon_core.shell:Skip shell extension 'powershell' for command environment: Not usable outside of PowerShell
[1.830s] DEBUG:colcon.colcon_core.shell:Skip shell extension 'dsv' for command environment
[1.897s] INFO:colcon.colcon_ros.task.ament_python.build:Building ROS package in '/home/bodlaire/Desktop/Work/Mocap/src/mocap_pkg' with build type 'ament_python'
[1.897s] Level 1:colcon.colcon_core.shell:create_environment_hook('mocap_pkg', 'ament_prefix_path')
[1.919s] INFO:colcon.colcon_core.shell:Creating environment hook '/home/bodlaire/Desktop/Work/Mocap/install/mocap_pkg/share/mocap_pkg/hook/ament_prefix_path.ps1'
[1.920s] INFO:colcon.colcon_core.shell:Creating environment descriptor '/home/bodlaire/Desktop/Work/Mocap/install/mocap_pkg/share/mocap_pkg/hook/ament_prefix_path.dsv'
[1.920s] INFO:colcon.colcon_core.shell:Creating environment hook '/home/bodlaire/Desktop/Work/Mocap/install/mocap_pkg/share/mocap_pkg/hook/ament_prefix_path.sh'
[1.941s] INFO:colcon.colcon_core.shell:Skip shell extension 'powershell' for command environment: Not usable outside of PowerShell
[1.941s] DEBUG:colcon.colcon_core.shell:Skip shell extension 'dsv' for command environment
[2.004s] INFO:colcon.colcon_ros.task.ament_cmake.build:Building ROS package in '/home/bodlaire/Desktop/Work/Mocap/src/vehicle_state_msgs' with build type 'ament_cmake'
[2.004s] INFO:colcon.colcon_cmake.task.cmake.build:Building CMake package in '/home/bodlaire/Desktop/Work/Mocap/src/vehicle_state_msgs'
[2.026s] INFO:colcon.colcon_core.shell:Skip shell extension 'powershell' for command environment: Not usable outside of PowerShell
[2.026s] DEBUG:colcon.colcon_core.shell:Skip shell extension 'dsv' for command environment
[2.093s] INFO:colcon.colcon_ros.task.ament_python.build:Building ROS package in '/home/bodlaire/Desktop/Work/Mocap/src/vehicle_state_observer' with build type 'ament_python'
[2.094s] Level 1:colcon.colcon_core.shell:create_environment_hook('vehicle_state_observer', 'ament_prefix_path')
[2.118s] INFO:colcon.colcon_core.shell:Creating environment hook '/home/bodlaire/Desktop/Work/Mocap/install/vehicle_state_observer/share/vehicle_state_observer/hook/ament_prefix_path.ps1'
[2.118s] INFO:colcon.colcon_core.shell:Creating environment descriptor '/home/bodlaire/Desktop/Work/Mocap/install/vehicle_state_observer/share/vehicle_state_observer/hook/ament_prefix_path.dsv'
[2.118s] INFO:colcon.colcon_core.shell:Creating environment hook '/home/bodlaire/Desktop/Work/Mocap/install/vehicle_state_observer/share/vehicle_state_observer/hook/ament_prefix_path.sh'
[2.139s] INFO:colcon.colcon_core.shell:Skip shell extension 'powershell' for command environment: Not usable outside of PowerShell
[2.139s] DEBUG:colcon.colcon_core.shell:Skip shell extension 'dsv' for command environment
[2.204s] INFO:colcon.colcon_ros.task.ament_cmake.build:Building ROS package in '/home/bodlaire/Desktop/Work/Mocap/src/vesc_msgs' with build type 'ament_cmake'
[2.205s] INFO:colcon.colcon_cmake.task.cmake.build:Building CMake package in '/home/bodlaire/Desktop/Work/Mocap/src/vesc_msgs'
[2.226s] INFO:colcon.colcon_core.shell:Skip shell extension 'powershell' for command environment: Not usable outside of PowerShell
[2.226s] DEBUG:colcon.colcon_core.shell:Skip shell extension 'dsv' for command environment
[2.297s] DEBUG:colcon.colcon_core.event_handler.log_command:Invoking command in '/home/bodlaire/Desktop/Work/Mocap/build/drive_bridge_msg': CMAKE_PREFIX_PATH=${CMAKE_PREFIX_PATH}:/home/bodlaire/Desktop/Work/Mocap/install/vehicle_state_observer:/home/bodlaire/Desktop/Work/Mocap/install/mocap_pkg:/opt/ros/foxy /usr/bin/cmake --build /home/bodlaire/Desktop/Work/Mocap/build/drive_bridge_msg -- -j16 -l16
[2.302s] DEBUG:colcon.colcon_core.event_handler.log_command:Invoking command in '/home/bodlaire/Desktop/Work/Mocap/build/mocap_msg': CMAKE_PREFIX_PATH=${CMAKE_PREFIX_PATH}:/home/bodlaire/Desktop/Work/Mocap/install/vehicle_state_observer:/home/bodlaire/Desktop/Work/Mocap/install/mocap_pkg:/opt/ros/foxy /usr/bin/cmake --build /home/bodlaire/Desktop/Work/Mocap/build/mocap_msg -- -j16 -l16
[2.462s] INFO:colcon.colcon_core.task.python.build:Building Python package in '/home/bodlaire/Desktop/Work/Mocap/src/mocap_pkg'
[2.503s] INFO:colcon.colcon_core.shell:Skip shell extension 'powershell' for command environment: Not usable outside of PowerShell
[2.503s] DEBUG:colcon.colcon_core.shell:Skip shell extension 'dsv' for command environment
[2.590s] DEBUG:colcon.colcon_core.event_handler.log_command:Invoking command in '/home/bodlaire/Desktop/Work/Mocap/build/vehicle_state_msgs': CMAKE_PREFIX_PATH=${CMAKE_PREFIX_PATH}:/home/bodlaire/Desktop/Work/Mocap/install/vehicle_state_observer:/home/bodlaire/Desktop/Work/Mocap/install/mocap_pkg:/opt/ros/foxy /usr/bin/cmake --build /home/bodlaire/Desktop/Work/Mocap/build/vehicle_state_msgs -- -j16 -l16
[2.744s] INFO:colcon.colcon_core.task.python.build:Building Python package in '/home/bodlaire/Desktop/Work/Mocap/src/vehicle_state_observer'
[2.771s] INFO:colcon.colcon_core.shell:Skip shell extension 'powershell' for command environment: Not usable outside of PowerShell
[2.771s] DEBUG:colcon.colcon_core.shell:Skip shell extension 'dsv' for command environment
[2.851s] DEBUG:colcon.colcon_core.event_handler.log_command:Invoked command in '/home/bodlaire/Desktop/Work/Mocap/build/drive_bridge_msg' returned '0': CMAKE_PREFIX_PATH=${CMAKE_PREFIX_PATH}:/home/bodlaire/Desktop/Work/Mocap/install/vehicle_state_observer:/home/bodlaire/Desktop/Work/Mocap/install/mocap_pkg:/opt/ros/foxy /usr/bin/cmake --build /home/bodlaire/Desktop/Work/Mocap/build/drive_bridge_msg -- -j16 -l16
[2.854s] DEBUG:colcon.colcon_core.event_handler.log_command:Invoking command in '/home/bodlaire/Desktop/Work/Mocap/build/vesc_msgs': CMAKE_PREFIX_PATH=${CMAKE_PREFIX_PATH}:/home/bodlaire/Desktop/Work/Mocap/install/vehicle_state_observer:/home/bodlaire/Desktop/Work/Mocap/install/mocap_pkg:/opt/ros/foxy /usr/bin/cmake --build /home/bodlaire/Desktop/Work/Mocap/build/vesc_msgs -- -j16 -l16
[2.857s] DEBUG:colcon.colcon_core.event_handler.log_command:Invoked command in '/home/bodlaire/Desktop/Work/Mocap/build/mocap_msg' returned '0': CMAKE_PREFIX_PATH=${CMAKE_PREFIX_PATH}:/home/bodlaire/Desktop/Work/Mocap/install/vehicle_state_observer:/home/bodlaire/Desktop/Work/Mocap/install/mocap_pkg:/opt/ros/foxy /usr/bin/cmake --build /home/bodlaire/Desktop/Work/Mocap/build/mocap_msg -- -j16 -l16
[2.858s] DEBUG:colcon.colcon_core.event_handler.log_command:Invoked command in '/home/bodlaire/Desktop/Work/Mocap/build/vehicle_state_msgs' returned '0': CMAKE_PREFIX_PATH=${CMAKE_PREFIX_PATH}:/home/bodlaire/Desktop/Work/Mocap/install/vehicle_state_observer:/home/bodlaire/Desktop/Work/Mocap/install/mocap_pkg:/opt/ros/foxy /usr/bin/cmake --build /home/bodlaire/Desktop/Work/Mocap/build/vehicle_state_msgs -- -j16 -l16
[2.899s] DEBUG:colcon.colcon_core.event_handler.log_command:Invoking command in '/home/bodlaire/Desktop/Work/Mocap/build/drive_bridge_msg': CMAKE_PREFIX_PATH=${CMAKE_PREFIX_PATH}:/home/bodlaire/Desktop/Work/Mocap/install/vehicle_state_observer:/home/bodlaire/Desktop/Work/Mocap/install/mocap_pkg:/opt/ros/foxy /usr/bin/cmake --install /home/bodlaire/Desktop/Work/Mocap/build/drive_bridge_msg
[2.902s] DEBUG:colcon.colcon_core.event_handler.log_command:Invoking command in '/home/bodlaire/Desktop/Work/Mocap/build/mocap_msg': CMAKE_PREFIX_PATH=${CMAKE_PREFIX_PATH}:/home/bodlaire/Desktop/Work/Mocap/install/vehicle_state_observer:/home/bodlaire/Desktop/Work/Mocap/install/mocap_pkg:/opt/ros/foxy /usr/bin/cmake --install /home/bodlaire/Desktop/Work/Mocap/build/mocap_msg
[2.906s] DEBUG:colcon.colcon_core.event_handler.log_command:Invoking command in '/home/bodlaire/Desktop/Work/Mocap/build/vehicle_state_msgs': CMAKE_PREFIX_PATH=${CMAKE_PREFIX_PATH}:/home/bodlaire/Desktop/Work/Mocap/install/vehicle_state_observer:/home/bodlaire/Desktop/Work/Mocap/install/mocap_pkg:/opt/ros/foxy /usr/bin/cmake --install /home/bodlaire/Desktop/Work/Mocap/build/vehicle_state_msgs
[2.954s] Level 1:colcon.colcon_core.environment:create_environment_scripts_only(drive_bridge_msg)
[2.963s] DEBUG:colcon.colcon_core.event_handler.log_command:Invoked command in '/home/bodlaire/Desktop/Work/Mocap/build/drive_bridge_msg' returned '0': CMAKE_PREFIX_PATH=${CMAKE_PREFIX_PATH}:/home/bodlaire/Desktop/Work/Mocap/install/vehicle_state_observer:/home/bodlaire/Desktop/Work/Mocap/install/mocap_pkg:/opt/ros/foxy /usr/bin/cmake --install /home/bodlaire/Desktop/Work/Mocap/build/drive_bridge_msg
[2.993s] Level 1:colcon.colcon_core.environment:checking '/home/bodlaire/Desktop/Work/Mocap/install/drive_bridge_msg' for CMake module files
[2.993s] Level 1:colcon.colcon_core.environment:checking '/home/bodlaire/Desktop/Work/Mocap/install/drive_bridge_msg' for CMake config files
[2.993s] Level 1:colcon.colcon_core.shell:create_environment_hook('drive_bridge_msg', 'cmake_prefix_path')
[3.015s] INFO:colcon.colcon_core.shell:Creating environment hook '/home/bodlaire/Desktop/Work/Mocap/install/drive_bridge_msg/share/drive_bridge_msg/hook/cmake_prefix_path.ps1'
[3.015s] INFO:colcon.colcon_core.shell:Creating environment descriptor '/home/bodlaire/Desktop/Work/Mocap/install/drive_bridge_msg/share/drive_bridge_msg/hook/cmake_prefix_path.dsv'
[3.016s] INFO:colcon.colcon_core.shell:Creating environment hook '/home/bodlaire/Desktop/Work/Mocap/install/drive_bridge_msg/share/drive_bridge_msg/hook/cmake_prefix_path.sh'
[3.016s] Level 1:colcon.colcon_core.environment:checking '/home/bodlaire/Desktop/Work/Mocap/install/drive_bridge_msg/lib'
[3.016s] Level 1:colcon.colcon_core.shell:create_environment_hook('drive_bridge_msg', 'ld_library_path_lib')
[3.041s] INFO:colcon.colcon_core.shell:Creating environment hook '/home/bodlaire/Desktop/Work/Mocap/install/drive_bridge_msg/share/drive_bridge_msg/hook/ld_library_path_lib.ps1'
[3.041s] INFO:colcon.colcon_core.shell:Creating environment descriptor '/home/bodlaire/Desktop/Work/Mocap/install/drive_bridge_msg/share/drive_bridge_msg/hook/ld_library_path_lib.dsv'
[3.041s] INFO:colcon.colcon_core.shell:Creating environment hook '/home/bodlaire/Desktop/Work/Mocap/install/drive_bridge_msg/share/drive_bridge_msg/hook/ld_library_path_lib.sh'
[3.042s] Level 1:colcon.colcon_core.environment:checking '/home/bodlaire/Desktop/Work/Mocap/install/drive_bridge_msg/bin'
[3.042s] Level 1:colcon.colcon_core.environment:checking '/home/bodlaire/Desktop/Work/Mocap/install/drive_bridge_msg/lib/pkgconfig/drive_bridge_msg.pc'
[3.042s] Level 1:colcon.colcon_core.environment:checking '/home/bodlaire/Desktop/Work/Mocap/install/drive_bridge_msg/lib/python3.8/site-packages'
[3.042s] Level 1:colcon.colcon_core.shell:create_environment_hook('drive_bridge_msg', 'pythonpath')
[3.071s] INFO:colcon.colcon_core.shell:Creating environment hook '/home/bodlaire/Desktop/Work/Mocap/install/drive_bridge_msg/share/drive_bridge_msg/hook/pythonpath.ps1'
[3.072s] INFO:colcon.colcon_core.shell:Creating environment descriptor '/home/bodlaire/Desktop/Work/Mocap/install/drive_bridge_msg/share/drive_bridge_msg/hook/pythonpath.dsv'
[3.072s] INFO:colcon.colcon_core.shell:Creating environment hook '/home/bodlaire/Desktop/Work/Mocap/install/drive_bridge_msg/share/drive_bridge_msg/hook/pythonpath.sh'
[3.073s] Level 1:colcon.colcon_core.environment:checking '/home/bodlaire/Desktop/Work/Mocap/install/drive_bridge_msg/bin'
[3.101s] INFO:colcon.colcon_core.shell:Creating package script '/home/bodlaire/Desktop/Work/Mocap/install/drive_bridge_msg/share/drive_bridge_msg/package.ps1'
[3.102s] INFO:colcon.colcon_core.shell:Creating package descriptor '/home/bodlaire/Desktop/Work/Mocap/install/drive_bridge_msg/share/drive_bridge_msg/package.dsv'
[3.102s] INFO:colcon.colcon_core.shell:Creating package script '/home/bodlaire/Desktop/Work/Mocap/install/drive_bridge_msg/share/drive_bridge_msg/package.sh'
[3.103s] INFO:colcon.colcon_core.shell:Creating package script '/home/bodlaire/Desktop/Work/Mocap/install/drive_bridge_msg/share/drive_bridge_msg/package.bash'
[3.103s] INFO:colcon.colcon_core.shell:Creating package script '/home/bodlaire/Desktop/Work/Mocap/install/drive_bridge_msg/share/drive_bridge_msg/package.zsh'
[3.103s] Level 1:colcon.colcon_core.environment:create_file_with_runtime_dependencies(/home/bodlaire/Desktop/Work/Mocap/install/drive_bridge_msg/share/colcon-core/packages/drive_bridge_msg)
[3.107s] Level 1:colcon.colcon_core.environment:create_environment_scripts_only(mocap_msg)
[3.108s] DEBUG:colcon.colcon_core.event_handler.log_command:Invoked command in '/home/bodlaire/Desktop/Work/Mocap/build/mocap_msg' returned '0': CMAKE_PREFIX_PATH=${CMAKE_PREFIX_PATH}:/home/bodlaire/Desktop/Work/Mocap/install/vehicle_state_observer:/home/bodlaire/Desktop/Work/Mocap/install/mocap_pkg:/opt/ros/foxy /usr/bin/cmake --install /home/bodlaire/Desktop/Work/Mocap/build/mocap_msg
[3.131s] Level 1:colcon.colcon_core.environment:checking '/home/bodlaire/Desktop/Work/Mocap/install/mocap_msg' for CMake module files
[3.131s] Level 1:colcon.colcon_core.environment:checking '/home/bodlaire/Desktop/Work/Mocap/install/mocap_msg' for CMake config files
[3.131s] Level 1:colcon.colcon_core.shell:create_environment_hook('mocap_msg', 'cmake_prefix_path')
[3.153s] INFO:colcon.colcon_core.shell:Creating environment hook '/home/bodlaire/Desktop/Work/Mocap/install/mocap_msg/share/mocap_msg/hook/cmake_prefix_path.ps1'
[3.153s] INFO:colcon.colcon_core.shell:Creating environment descriptor '/home/bodlaire/Desktop/Work/Mocap/install/mocap_msg/share/mocap_msg/hook/cmake_prefix_path.dsv'
[3.154s] INFO:colcon.colcon_core.shell:Creating environment hook '/home/bodlaire/Desktop/Work/Mocap/install/mocap_msg/share/mocap_msg/hook/cmake_prefix_path.sh'
[3.154s] Level 1:colcon.colcon_core.environment:checking '/home/bodlaire/Desktop/Work/Mocap/install/mocap_msg/lib'
[3.154s] Level 1:colcon.colcon_core.shell:create_environment_hook('mocap_msg', 'ld_library_path_lib')
[3.175s] INFO:colcon.colcon_core.shell:Creating environment hook '/home/bodlaire/Desktop/Work/Mocap/install/mocap_msg/share/mocap_msg/hook/ld_library_path_lib.ps1'
[3.175s] INFO:colcon.colcon_core.shell:Creating environment descriptor '/home/bodlaire/Desktop/Work/Mocap/install/mocap_msg/share/mocap_msg/hook/ld_library_path_lib.dsv'
[3.175s] INFO:colcon.colcon_core.shell:Creating environment hook '/home/bodlaire/Desktop/Work/Mocap/install/mocap_msg/share/mocap_msg/hook/ld_library_path_lib.sh'
[3.176s] Level 1:colcon.colcon_core.environment:checking '/home/bodlaire/Desktop/Work/Mocap/install/mocap_msg/bin'
[3.176s] Level 1:colcon.colcon_core.environment:checking '/home/bodlaire/Desktop/Work/Mocap/install/mocap_msg/lib/pkgconfig/mocap_msg.pc'
[3.176s] Level 1:colcon.colcon_core.environment:checking '/home/bodlaire/Desktop/Work/Mocap/install/mocap_msg/lib/python3.8/site-packages'
[3.176s] Level 1:colcon.colcon_core.shell:create_environment_hook('mocap_msg', 'pythonpath')
[3.196s] INFO:colcon.colcon_core.shell:Creating environment hook '/home/bodlaire/Desktop/Work/Mocap/install/mocap_msg/share/mocap_msg/hook/pythonpath.ps1'
[3.196s] INFO:colcon.colcon_core.shell:Creating environment descriptor '/home/bodlaire/Desktop/Work/Mocap/install/mocap_msg/share/mocap_msg/hook/pythonpath.dsv'
[3.196s] INFO:colcon.colcon_core.shell:Creating environment hook '/home/bodlaire/Desktop/Work/Mocap/install/mocap_msg/share/mocap_msg/hook/pythonpath.sh'
[3.196s] Level 1:colcon.colcon_core.environment:checking '/home/bodlaire/Desktop/Work/Mocap/install/mocap_msg/bin'
[3.217s] INFO:colcon.colcon_core.shell:Creating package script '/home/bodlaire/Desktop/Work/Mocap/install/mocap_msg/share/mocap_msg/package.ps1'
[3.217s] INFO:colcon.colcon_core.shell:Creating package descriptor '/home/bodlaire/Desktop/Work/Mocap/install/mocap_msg/share/mocap_msg/package.dsv'
[3.217s] INFO:colcon.colcon_core.shell:Creating package script '/home/bodlaire/Desktop/Work/Mocap/install/mocap_msg/share/mocap_msg/package.sh'
[3.218s] INFO:colcon.colcon_core.shell:Creating package script '/home/bodlaire/Desktop/Work/Mocap/install/mocap_msg/share/mocap_msg/package.bash'
[3.218s] INFO:colcon.colcon_core.shell:Creating package script '/home/bodlaire/Desktop/Work/Mocap/install/mocap_msg/share/mocap_msg/package.zsh'
[3.218s] Level 1:colcon.colcon_core.environment:create_file_with_runtime_dependencies(/home/bodlaire/Desktop/Work/Mocap/install/mocap_msg/share/colcon-core/packages/mocap_msg)
[3.220s] Level 1:colcon.colcon_core.environment:create_environment_scripts_only(vehicle_state_msgs)
[3.221s] DEBUG:colcon.colcon_core.event_handler.log_command:Invoked command in '/home/bodlaire/Desktop/Work/Mocap/build/vehicle_state_msgs' returned '0': CMAKE_PREFIX_PATH=${CMAKE_PREFIX_PATH}:/home/bodlaire/Desktop/Work/Mocap/install/vehicle_state_observer:/home/bodlaire/Desktop/Work/Mocap/install/mocap_pkg:/opt/ros/foxy /usr/bin/cmake --install /home/bodlaire/Desktop/Work/Mocap/build/vehicle_state_msgs
[3.242s] Level 1:colcon.colcon_core.environment:checking '/home/bodlaire/Desktop/Work/Mocap/install/vehicle_state_msgs' for CMake module files
[3.243s] Level 1:colcon.colcon_core.environment:checking '/home/bodlaire/Desktop/Work/Mocap/install/vehicle_state_msgs' for CMake config files
[3.243s] Level 1:colcon.colcon_core.shell:create_environment_hook('vehicle_state_msgs', 'cmake_prefix_path')
[3.264s] INFO:colcon.colcon_core.shell:Creating environment hook '/home/bodlaire/Desktop/Work/Mocap/install/vehicle_state_msgs/share/vehicle_state_msgs/hook/cmake_prefix_path.ps1'
[3.264s] INFO:colcon.colcon_core.shell:Creating environment descriptor '/home/bodlaire/Desktop/Work/Mocap/install/vehicle_state_msgs/share/vehicle_state_msgs/hook/cmake_prefix_path.dsv'
[3.265s] INFO:colcon.colcon_core.shell:Creating environment hook '/home/bodlaire/Desktop/Work/Mocap/install/vehicle_state_msgs/share/vehicle_state_msgs/hook/cmake_prefix_path.sh'
[3.265s] Level 1:colcon.colcon_core.environment:checking '/home/bodlaire/Desktop/Work/Mocap/install/vehicle_state_msgs/lib'
[3.265s] Level 1:colcon.colcon_core.shell:create_environment_hook('vehicle_state_msgs', 'ld_library_path_lib')
[3.287s] INFO:colcon.colcon_core.shell:Creating environment hook '/home/bodlaire/Desktop/Work/Mocap/install/vehicle_state_msgs/share/vehicle_state_msgs/hook/ld_library_path_lib.ps1'
[3.288s] INFO:colcon.colcon_core.shell:Creating environment descriptor '/home/bodlaire/Desktop/Work/Mocap/install/vehicle_state_msgs/share/vehicle_state_msgs/hook/ld_library_path_lib.dsv'
[3.288s] INFO:colcon.colcon_core.shell:Creating environment hook '/home/bodlaire/Desktop/Work/Mocap/install/vehicle_state_msgs/share/vehicle_state_msgs/hook/ld_library_path_lib.sh'
[3.288s] Level 1:colcon.colcon_core.environment:checking '/home/bodlaire/Desktop/Work/Mocap/install/vehicle_state_msgs/bin'
[3.288s] Level 1:colcon.colcon_core.environment:checking '/home/bodlaire/Desktop/Work/Mocap/install/vehicle_state_msgs/lib/pkgconfig/vehicle_state_msgs.pc'
[3.288s] Level 1:colcon.colcon_core.environment:checking '/home/bodlaire/Desktop/Work/Mocap/install/vehicle_state_msgs/lib/python3.8/site-packages'
[3.288s] Level 1:colcon.colcon_core.shell:create_environment_hook('vehicle_state_msgs', 'pythonpath')
[3.308s] INFO:colcon.colcon_core.shell:Creating environment hook '/home/bodlaire/Desktop/Work/Mocap/install/vehicle_state_msgs/share/vehicle_state_msgs/hook/pythonpath.ps1'
[3.308s] INFO:colcon.colcon_core.shell:Creating environment descriptor '/home/bodlaire/Desktop/Work/Mocap/install/vehicle_state_msgs/share/vehicle_state_msgs/hook/pythonpath.dsv'
[3.309s] INFO:colcon.colcon_core.shell:Creating environment hook '/home/bodlaire/Desktop/Work/Mocap/install/vehicle_state_msgs/share/vehicle_state_msgs/hook/pythonpath.sh'
[3.309s] Level 1:colcon.colcon_core.environment:checking '/home/bodlaire/Desktop/Work/Mocap/install/vehicle_state_msgs/bin'
[3.329s] INFO:colcon.colcon_core.shell:Creating package script '/home/bodlaire/Desktop/Work/Mocap/install/vehicle_state_msgs/share/vehicle_state_msgs/package.ps1'
[3.329s] INFO:colcon.colcon_core.shell:Creating package descriptor '/home/bodlaire/Desktop/Work/Mocap/install/vehicle_state_msgs/share/vehicle_state_msgs/package.dsv'
[3.329s] INFO:colcon.colcon_core.shell:Creating package script '/home/bodlaire/Desktop/Work/Mocap/install/vehicle_state_msgs/share/vehicle_state_msgs/package.sh'
[3.330s] INFO:colcon.colcon_core.shell:Creating package script '/home/bodlaire/Desktop/Work/Mocap/install/vehicle_state_msgs/share/vehicle_state_msgs/package.bash'
[3.330s] INFO:colcon.colcon_core.shell:Creating package script '/home/bodlaire/Desktop/Work/Mocap/install/vehicle_state_msgs/share/vehicle_state_msgs/package.zsh'
[3.330s] Level 1:colcon.colcon_core.environment:create_file_with_runtime_dependencies(/home/bodlaire/Desktop/Work/Mocap/install/vehicle_state_msgs/share/colcon-core/packages/vehicle_state_msgs)
[3.333s] DEBUG:colcon.colcon_core.event_handler.log_command:Invoked command in '/home/bodlaire/Desktop/Work/Mocap/build/vesc_msgs' returned '0': CMAKE_PREFIX_PATH=${CMAKE_PREFIX_PATH}:/home/bodlaire/Desktop/Work/Mocap/install/vehicle_state_observer:/home/bodlaire/Desktop/Work/Mocap/install/mocap_pkg:/opt/ros/foxy /usr/bin/cmake --build /home/bodlaire/Desktop/Work/Mocap/build/vesc_msgs -- -j16 -l16
[3.339s] DEBUG:colcon.colcon_core.event_handler.log_command:Invoking command in '/home/bodlaire/Desktop/Work/Mocap/src/vehicle_state_observer': PYTHONPATH=/home/bodlaire/Desktop/Work/Mocap/build/vehicle_state_observer/prefix_override:/home/bodlaire/Desktop/Work/Mocap/install/vehicle_state_observer/lib/python3.8/site-packages:${PYTHONPATH} /usr/bin/python3 setup.py egg_info --egg-base ../../build/vehicle_state_observer build --build-base /home/bodlaire/Desktop/Work/Mocap/build/vehicle_state_observer/build install --record /home/bodlaire/Desktop/Work/Mocap/build/vehicle_state_observer/install.log --install-scripts $base/lib/vehicle_state_observer --single-version-externally-managed
[3.342s] DEBUG:colcon.colcon_core.event_handler.log_command:Invoking command in '/home/bodlaire/Desktop/Work/Mocap/src/mocap_pkg': PYTHONPATH=/home/bodlaire/Desktop/Work/Mocap/build/mocap_pkg/prefix_override:/home/bodlaire/Desktop/Work/Mocap/install/mocap_pkg/lib/python3.8/site-packages:${PYTHONPATH} /usr/bin/python3 setup.py egg_info --egg-base ../../build/mocap_pkg build --build-base /home/bodlaire/Desktop/Work/Mocap/build/mocap_pkg/build install --record /home/bodlaire/Desktop/Work/Mocap/build/mocap_pkg/install.log --install-scripts $base/lib/mocap_pkg --single-version-externally-managed
[3.368s] Level 1:colcon.colcon_core.environment:create_environment_scripts_only(drive_bridge_msg)
[3.401s] Level 1:colcon.colcon_core.environment:checking '/home/bodlaire/Desktop/Work/Mocap/install/drive_bridge_msg' for CMake module files
[3.401s] Level 1:colcon.colcon_core.environment:checking '/home/bodlaire/Desktop/Work/Mocap/install/drive_bridge_msg' for CMake config files
[3.401s] Level 1:colcon.colcon_core.shell:create_environment_hook('drive_bridge_msg', 'cmake_prefix_path')
[3.422s] INFO:colcon.colcon_core.shell:Creating environment hook '/home/bodlaire/Desktop/Work/Mocap/install/drive_bridge_msg/share/drive_bridge_msg/hook/cmake_prefix_path.ps1'
[3.423s] INFO:colcon.colcon_core.shell:Creating environment descriptor '/home/bodlaire/Desktop/Work/Mocap/install/drive_bridge_msg/share/drive_bridge_msg/hook/cmake_prefix_path.dsv'
[3.423s] INFO:colcon.colcon_core.shell:Creating environment hook '/home/bodlaire/Desktop/Work/Mocap/install/drive_bridge_msg/share/drive_bridge_msg/hook/cmake_prefix_path.sh'
[3.423s] Level 1:colcon.colcon_core.environment:checking '/home/bodlaire/Desktop/Work/Mocap/install/drive_bridge_msg/lib'
[3.423s] Level 1:colcon.colcon_core.shell:create_environment_hook('drive_bridge_msg', 'ld_library_path_lib')
[3.445s] INFO:colcon.colcon_core.shell:Creating environment hook '/home/bodlaire/Desktop/Work/Mocap/install/drive_bridge_msg/share/drive_bridge_msg/hook/ld_library_path_lib.ps1'
[3.445s] INFO:colcon.colcon_core.shell:Creating environment descriptor '/home/bodlaire/Desktop/Work/Mocap/install/drive_bridge_msg/share/drive_bridge_msg/hook/ld_library_path_lib.dsv'
[3.445s] INFO:colcon.colcon_core.shell:Creating environment hook '/home/bodlaire/Desktop/Work/Mocap/install/drive_bridge_msg/share/drive_bridge_msg/hook/ld_library_path_lib.sh'
[3.445s] Level 1:colcon.colcon_core.environment:checking '/home/bodlaire/Desktop/Work/Mocap/install/drive_bridge_msg/bin'
[3.446s] Level 1:colcon.colcon_core.environment:checking '/home/bodlaire/Desktop/Work/Mocap/install/drive_bridge_msg/lib/pkgconfig/drive_bridge_msg.pc'
[3.446s] Level 1:colcon.colcon_core.environment:checking '/home/bodlaire/Desktop/Work/Mocap/install/drive_bridge_msg/lib/python3.8/site-packages'
[3.446s] Level 1:colcon.colcon_core.shell:create_environment_hook('drive_bridge_msg', 'pythonpath')
[3.467s] INFO:colcon.colcon_core.shell:Creating environment hook '/home/bodlaire/Desktop/Work/Mocap/install/drive_bridge_msg/share/drive_bridge_msg/hook/pythonpath.ps1'
[3.467s] INFO:colcon.colcon_core.shell:Creating environment descriptor '/home/bodlaire/Desktop/Work/Mocap/install/drive_bridge_msg/share/drive_bridge_msg/hook/pythonpath.dsv'
[3.467s] INFO:colcon.colcon_core.shell:Creating environment hook '/home/bodlaire/Desktop/Work/Mocap/install/drive_bridge_msg/share/drive_bridge_msg/hook/pythonpath.sh'
[3.468s] Level 1:colcon.colcon_core.environment:checking '/home/bodlaire/Desktop/Work/Mocap/install/drive_bridge_msg/bin'
[3.490s] INFO:colcon.colcon_core.shell:Creating package script '/home/bodlaire/Desktop/Work/Mocap/install/drive_bridge_msg/share/drive_bridge_msg/package.ps1'
[3.490s] INFO:colcon.colcon_core.shell:Creating package descriptor '/home/bodlaire/Desktop/Work/Mocap/install/drive_bridge_msg/share/drive_bridge_msg/package.dsv'
[3.490s] INFO:colcon.colcon_core.shell:Creating package script '/home/bodlaire/Desktop/Work/Mocap/install/drive_bridge_msg/share/drive_bridge_msg/package.sh'
[3.491s] INFO:colcon.colcon_core.shell:Creating package script '/home/bodlaire/Desktop/Work/Mocap/install/drive_bridge_msg/share/drive_bridge_msg/package.bash'
[3.491s] INFO:colcon.colcon_core.shell:Creating package script '/home/bodlaire/Desktop/Work/Mocap/install/drive_bridge_msg/share/drive_bridge_msg/package.zsh'
[3.491s] Level 1:colcon.colcon_core.environment:create_file_with_runtime_dependencies(/home/bodlaire/Desktop/Work/Mocap/install/drive_bridge_msg/share/colcon-core/packages/drive_bridge_msg)
[3.515s] Level 1:colcon.colcon_core.environment:create_environment_scripts_only(mocap_msg)
[3.539s] Level 1:colcon.colcon_core.environment:checking '/home/bodlaire/Desktop/Work/Mocap/install/mocap_msg' for CMake module files
[3.539s] Level 1:colcon.colcon_core.environment:checking '/home/bodlaire/Desktop/Work/Mocap/install/mocap_msg' for CMake config files
[3.539s] Level 1:colcon.colcon_core.shell:create_environment_hook('mocap_msg', 'cmake_prefix_path')
[3.560s] INFO:colcon.colcon_core.shell:Creating environment hook '/home/bodlaire/Desktop/Work/Mocap/install/mocap_msg/share/mocap_msg/hook/cmake_prefix_path.ps1'
[3.561s] INFO:colcon.colcon_core.shell:Creating environment descriptor '/home/bodlaire/Desktop/Work/Mocap/install/mocap_msg/share/mocap_msg/hook/cmake_prefix_path.dsv'
[3.561s] INFO:colcon.colcon_core.shell:Creating environment hook '/home/bodlaire/Desktop/Work/Mocap/install/mocap_msg/share/mocap_msg/hook/cmake_prefix_path.sh'
[3.561s] Level 1:colcon.colcon_core.environment:checking '/home/bodlaire/Desktop/Work/Mocap/install/mocap_msg/lib'
[3.561s] Level 1:colcon.colcon_core.shell:create_environment_hook('mocap_msg', 'ld_library_path_lib')
[3.582s] INFO:colcon.colcon_core.shell:Creating environment hook '/home/bodlaire/Desktop/Work/Mocap/install/mocap_msg/share/mocap_msg/hook/ld_library_path_lib.ps1'
[3.583s] INFO:colcon.colcon_core.shell:Creating environment descriptor '/home/bodlaire/Desktop/Work/Mocap/install/mocap_msg/share/mocap_msg/hook/ld_library_path_lib.dsv'
[3.583s] INFO:colcon.colcon_core.shell:Creating environment hook '/home/bodlaire/Desktop/Work/Mocap/install/mocap_msg/share/mocap_msg/hook/ld_library_path_lib.sh'
[3.583s] Level 1:colcon.colcon_core.environment:checking '/home/bodlaire/Desktop/Work/Mocap/install/mocap_msg/bin'
[3.583s] Level 1:colcon.colcon_core.environment:checking '/home/bodlaire/Desktop/Work/Mocap/install/mocap_msg/lib/pkgconfig/mocap_msg.pc'
[3.583s] Level 1:colcon.colcon_core.environment:checking '/home/bodlaire/Desktop/Work/Mocap/install/mocap_msg/lib/python3.8/site-packages'
[3.583s] Level 1:colcon.colcon_core.shell:create_environment_hook('mocap_msg', 'pythonpath')
[3.605s] INFO:colcon.colcon_core.shell:Creating environment hook '/home/bodlaire/Desktop/Work/Mocap/install/mocap_msg/share/mocap_msg/hook/pythonpath.ps1'
[3.605s] INFO:colcon.colcon_core.shell:Creating environment descriptor '/home/bodlaire/Desktop/Work/Mocap/install/mocap_msg/share/mocap_msg/hook/pythonpath.dsv'
[3.605s] INFO:colcon.colcon_core.shell:Creating environment hook '/home/bodlaire/Desktop/Work/Mocap/install/mocap_msg/share/mocap_msg/hook/pythonpath.sh'
[3.605s] Level 1:colcon.colcon_core.environment:checking '/home/bodlaire/Desktop/Work/Mocap/install/mocap_msg/bin'
[3.626s] INFO:colcon.colcon_core.shell:Creating package script '/home/bodlaire/Desktop/Work/Mocap/install/mocap_msg/share/mocap_msg/package.ps1'
[3.626s] INFO:colcon.colcon_core.shell:Creating package descriptor '/home/bodlaire/Desktop/Work/Mocap/install/mocap_msg/share/mocap_msg/package.dsv'
[3.627s] INFO:colcon.colcon_core.shell:Creating package script '/home/bodlaire/Desktop/Work/Mocap/install/mocap_msg/share/mocap_msg/package.sh'
[3.627s] INFO:colcon.colcon_core.shell:Creating package script '/home/bodlaire/Desktop/Work/Mocap/install/mocap_msg/share/mocap_msg/package.bash'
[3.627s] INFO:colcon.colcon_core.shell:Creating package script '/home/bodlaire/Desktop/Work/Mocap/install/mocap_msg/share/mocap_msg/package.zsh'
[3.627s] Level 1:colcon.colcon_core.environment:create_file_with_runtime_dependencies(/home/bodlaire/Desktop/Work/Mocap/install/mocap_msg/share/colcon-core/packages/mocap_msg)
[3.654s] Level 1:colcon.colcon_core.environment:create_environment_scripts_only(vehicle_state_msgs)
[3.675s] Level 1:colcon.colcon_core.environment:checking '/home/bodlaire/Desktop/Work/Mocap/install/vehicle_state_msgs' for CMake module files
[3.676s] Level 1:colcon.colcon_core.environment:checking '/home/bodlaire/Desktop/Work/Mocap/install/vehicle_state_msgs' for CMake config files
[3.676s] Level 1:colcon.colcon_core.shell:create_environment_hook('vehicle_state_msgs', 'cmake_prefix_path')
[3.696s] INFO:colcon.colcon_core.shell:Creating environment hook '/home/bodlaire/Desktop/Work/Mocap/install/vehicle_state_msgs/share/vehicle_state_msgs/hook/cmake_prefix_path.ps1'
[3.697s] INFO:colcon.colcon_core.shell:Creating environment descriptor '/home/bodlaire/Desktop/Work/Mocap/install/vehicle_state_msgs/share/vehicle_state_msgs/hook/cmake_prefix_path.dsv'
[3.697s] INFO:colcon.colcon_core.shell:Creating environment hook '/home/bodlaire/Desktop/Work/Mocap/install/vehicle_state_msgs/share/vehicle_state_msgs/hook/cmake_prefix_path.sh'
[3.697s] Level 1:colcon.colcon_core.environment:checking '/home/bodlaire/Desktop/Work/Mocap/install/vehicle_state_msgs/lib'
[3.697s] Level 1:colcon.colcon_core.shell:create_environment_hook('vehicle_state_msgs', 'ld_library_path_lib')
[3.718s] INFO:colcon.colcon_core.shell:Creating environment hook '/home/bodlaire/Desktop/Work/Mocap/install/vehicle_state_msgs/share/vehicle_state_msgs/hook/ld_library_path_lib.ps1'
[3.718s] INFO:colcon.colcon_core.shell:Creating environment descriptor '/home/bodlaire/Desktop/Work/Mocap/install/vehicle_state_msgs/share/vehicle_state_msgs/hook/ld_library_path_lib.dsv'
[3.718s] INFO:colcon.colcon_core.shell:Creating environment hook '/home/bodlaire/Desktop/Work/Mocap/install/vehicle_state_msgs/share/vehicle_state_msgs/hook/ld_library_path_lib.sh'
[3.718s] Level 1:colcon.colcon_core.environment:checking '/home/bodlaire/Desktop/Work/Mocap/install/vehicle_state_msgs/bin'
[3.718s] Level 1:colcon.colcon_core.environment:checking '/home/bodlaire/Desktop/Work/Mocap/install/vehicle_state_msgs/lib/pkgconfig/vehicle_state_msgs.pc'
[3.719s] Level 1:colcon.colcon_core.environment:checking '/home/bodlaire/Desktop/Work/Mocap/install/vehicle_state_msgs/lib/python3.8/site-packages'
[3.719s] Level 1:colcon.colcon_core.shell:create_environment_hook('vehicle_state_msgs', 'pythonpath')
[3.739s] INFO:colcon.colcon_core.shell:Creating environment hook '/home/bodlaire/Desktop/Work/Mocap/install/vehicle_state_msgs/share/vehicle_state_msgs/hook/pythonpath.ps1'
[3.740s] INFO:colcon.colcon_core.shell:Creating environment descriptor '/home/bodlaire/Desktop/Work/Mocap/install/vehicle_state_msgs/share/vehicle_state_msgs/hook/pythonpath.dsv'
[3.740s] INFO:colcon.colcon_core.shell:Creating environment hook '/home/bodlaire/Desktop/Work/Mocap/install/vehicle_state_msgs/share/vehicle_state_msgs/hook/pythonpath.sh'
[3.740s] Level 1:colcon.colcon_core.environment:checking '/home/bodlaire/Desktop/Work/Mocap/install/vehicle_state_msgs/bin'
[3.762s] INFO:colcon.colcon_core.shell:Creating package script '/home/bodlaire/Desktop/Work/Mocap/install/vehicle_state_msgs/share/vehicle_state_msgs/package.ps1'
[3.763s] INFO:colcon.colcon_core.shell:Creating package descriptor '/home/bodlaire/Desktop/Work/Mocap/install/vehicle_state_msgs/share/vehicle_state_msgs/package.dsv'
[3.763s] INFO:colcon.colcon_core.shell:Creating package script '/home/bodlaire/Desktop/Work/Mocap/install/vehicle_state_msgs/share/vehicle_state_msgs/package.sh'
[3.763s] INFO:colcon.colcon_core.shell:Creating package script '/home/bodlaire/Desktop/Work/Mocap/install/vehicle_state_msgs/share/vehicle_state_msgs/package.bash'
[3.764s] INFO:colcon.colcon_core.shell:Creating package script '/home/bodlaire/Desktop/Work/Mocap/install/vehicle_state_msgs/share/vehicle_state_msgs/package.zsh'
[3.764s] Level 1:colcon.colcon_core.environment:create_file_with_runtime_dependencies(/home/bodlaire/Desktop/Work/Mocap/install/vehicle_state_msgs/share/colcon-core/packages/vehicle_state_msgs)
[3.767s] DEBUG:colcon.colcon_core.event_handler.log_command:Invoking command in '/home/bodlaire/Desktop/Work/Mocap/build/vesc_msgs': CMAKE_PREFIX_PATH=${CMAKE_PREFIX_PATH}:/home/bodlaire/Desktop/Work/Mocap/install/vehicle_state_observer:/home/bodlaire/Desktop/Work/Mocap/install/mocap_pkg:/opt/ros/foxy /usr/bin/cmake --install /home/bodlaire/Desktop/Work/Mocap/build/vesc_msgs
[3.768s] DEBUG:colcon.colcon_core.event_handler.log_command:Invoked command in '/home/bodlaire/Desktop/Work/Mocap/src/vehicle_state_observer' returned '0': PYTHONPATH=/home/bodlaire/Desktop/Work/Mocap/build/vehicle_state_observer/prefix_override:/home/bodlaire/Desktop/Work/Mocap/install/vehicle_state_observer/lib/python3.8/site-packages:${PYTHONPATH} /usr/bin/python3 setup.py egg_info --egg-base ../../build/vehicle_state_observer build --build-base /home/bodlaire/Desktop/Work/Mocap/build/vehicle_state_observer/build install --record /home/bodlaire/Desktop/Work/Mocap/build/vehicle_state_observer/install.log --install-scripts $base/lib/vehicle_state_observer --single-version-externally-managed
[3.812s] Level 1:colcon.colcon_core.environment:checking '/home/bodlaire/Desktop/Work/Mocap/install/vehicle_state_observer' for CMake module files
[3.813s] Level 1:colcon.colcon_core.environment:checking '/home/bodlaire/Desktop/Work/Mocap/install/vehicle_state_observer' for CMake config files
[3.815s] Level 1:colcon.colcon_core.environment:checking '/home/bodlaire/Desktop/Work/Mocap/install/vehicle_state_observer/lib'
[3.815s] Level 1:colcon.colcon_core.environment:checking '/home/bodlaire/Desktop/Work/Mocap/install/vehicle_state_observer/bin'
[3.815s] Level 1:colcon.colcon_core.environment:checking '/home/bodlaire/Desktop/Work/Mocap/install/vehicle_state_observer/lib/pkgconfig/vehicle_state_observer.pc'
[3.815s] Level 1:colcon.colcon_core.environment:checking '/home/bodlaire/Desktop/Work/Mocap/install/vehicle_state_observer/lib/python3.8/site-packages'
[3.815s] Level 1:colcon.colcon_core.shell:create_environment_hook('vehicle_state_observer', 'pythonpath')
[3.843s] INFO:colcon.colcon_core.shell:Creating environment hook '/home/bodlaire/Desktop/Work/Mocap/install/vehicle_state_observer/share/vehicle_state_observer/hook/pythonpath.ps1'
[3.844s] INFO:colcon.colcon_core.shell:Creating environment descriptor '/home/bodlaire/Desktop/Work/Mocap/install/vehicle_state_observer/share/vehicle_state_observer/hook/pythonpath.dsv'
[3.844s] INFO:colcon.colcon_core.shell:Creating environment hook '/home/bodlaire/Desktop/Work/Mocap/install/vehicle_state_observer/share/vehicle_state_observer/hook/pythonpath.sh'
[3.844s] Level 1:colcon.colcon_core.environment:checking '/home/bodlaire/Desktop/Work/Mocap/install/vehicle_state_observer/bin'
[3.844s] Level 1:colcon.colcon_core.environment:create_environment_scripts_only(vehicle_state_observer)
[3.869s] INFO:colcon.colcon_core.shell:Creating package script '/home/bodlaire/Desktop/Work/Mocap/install/vehicle_state_observer/share/vehicle_state_observer/package.ps1'
[3.870s] INFO:colcon.colcon_core.shell:Creating package descriptor '/home/bodlaire/Desktop/Work/Mocap/install/vehicle_state_observer/share/vehicle_state_observer/package.dsv'
[3.870s] INFO:colcon.colcon_core.shell:Creating package script '/home/bodlaire/Desktop/Work/Mocap/install/vehicle_state_observer/share/vehicle_state_observer/package.sh'
[3.870s] INFO:colcon.colcon_core.shell:Creating package script '/home/bodlaire/Desktop/Work/Mocap/install/vehicle_state_observer/share/vehicle_state_observer/package.bash'
[3.871s] INFO:colcon.colcon_core.shell:Creating package script '/home/bodlaire/Desktop/Work/Mocap/install/vehicle_state_observer/share/vehicle_state_observer/package.zsh'
[3.871s] Level 1:colcon.colcon_core.environment:create_file_with_runtime_dependencies(/home/bodlaire/Desktop/Work/Mocap/install/vehicle_state_observer/share/colcon-core/packages/vehicle_state_observer)
[3.872s] DEBUG:colcon.colcon_core.event_handler.log_command:Invoked command in '/home/bodlaire/Desktop/Work/Mocap/src/mocap_pkg' returned '0': PYTHONPATH=/home/bodlaire/Desktop/Work/Mocap/build/mocap_pkg/prefix_override:/home/bodlaire/Desktop/Work/Mocap/install/mocap_pkg/lib/python3.8/site-packages:${PYTHONPATH} /usr/bin/python3 setup.py egg_info --egg-base ../../build/mocap_pkg build --build-base /home/bodlaire/Desktop/Work/Mocap/build/mocap_pkg/build install --record /home/bodlaire/Desktop/Work/Mocap/build/mocap_pkg/install.log --install-scripts $base/lib/mocap_pkg --single-version-externally-managed
[3.893s] Level 1:colcon.colcon_core.environment:checking '/home/bodlaire/Desktop/Work/Mocap/install/mocap_pkg' for CMake module files
[3.894s] Level 1:colcon.colcon_core.environment:checking '/home/bodlaire/Desktop/Work/Mocap/install/mocap_pkg' for CMake config files
[3.894s] Level 1:colcon.colcon_core.environment:checking '/home/bodlaire/Desktop/Work/Mocap/install/mocap_pkg/lib'
[3.894s] Level 1:colcon.colcon_core.environment:checking '/home/bodlaire/Desktop/Work/Mocap/install/mocap_pkg/bin'
[3.894s] Level 1:colcon.colcon_core.environment:checking '/home/bodlaire/Desktop/Work/Mocap/install/mocap_pkg/lib/pkgconfig/mocap_pkg.pc'
[3.894s] Level 1:colcon.colcon_core.environment:checking '/home/bodlaire/Desktop/Work/Mocap/install/mocap_pkg/lib/python3.8/site-packages'
[3.894s] Level 1:colcon.colcon_core.shell:create_environment_hook('mocap_pkg', 'pythonpath')
[3.916s] INFO:colcon.colcon_core.shell:Creating environment hook '/home/bodlaire/Desktop/Work/Mocap/install/mocap_pkg/share/mocap_pkg/hook/pythonpath.ps1'
[3.916s] INFO:colcon.colcon_core.shell:Creating environment descriptor '/home/bodlaire/Desktop/Work/Mocap/install/mocap_pkg/share/mocap_pkg/hook/pythonpath.dsv'
[3.916s] INFO:colcon.colcon_core.shell:Creating environment hook '/home/bodlaire/Desktop/Work/Mocap/install/mocap_pkg/share/mocap_pkg/hook/pythonpath.sh'
[3.917s] Level 1:colcon.colcon_core.environment:checking '/home/bodlaire/Desktop/Work/Mocap/install/mocap_pkg/bin'
[3.917s] Level 1:colcon.colcon_core.environment:create_environment_scripts_only(mocap_pkg)
[3.937s] INFO:colcon.colcon_core.shell:Creating package script '/home/bodlaire/Desktop/Work/Mocap/install/mocap_pkg/share/mocap_pkg/package.ps1'
[3.938s] INFO:colcon.colcon_core.shell:Creating package descriptor '/home/bodlaire/Desktop/Work/Mocap/install/mocap_pkg/share/mocap_pkg/package.dsv'
[3.938s] INFO:colcon.colcon_core.shell:Creating package script '/home/bodlaire/Desktop/Work/Mocap/install/mocap_pkg/share/mocap_pkg/package.sh'
[3.938s] INFO:colcon.colcon_core.shell:Creating package script '/home/bodlaire/Desktop/Work/Mocap/install/mocap_pkg/share/mocap_pkg/package.bash'
[3.938s] INFO:colcon.colcon_core.shell:Creating package script '/home/bodlaire/Desktop/Work/Mocap/install/mocap_pkg/share/mocap_pkg/package.zsh'
[3.938s] Level 1:colcon.colcon_core.environment:create_file_with_runtime_dependencies(/home/bodlaire/Desktop/Work/Mocap/install/mocap_pkg/share/colcon-core/packages/mocap_pkg)
[3.939s] Level 1:colcon.colcon_core.environment:create_environment_scripts_only(vesc_msgs)
[3.940s] DEBUG:colcon.colcon_core.event_handler.log_command:Invoked command in '/home/bodlaire/Desktop/Work/Mocap/build/vesc_msgs' returned '0': CMAKE_PREFIX_PATH=${CMAKE_PREFIX_PATH}:/home/bodlaire/Desktop/Work/Mocap/install/vehicle_state_observer:/home/bodlaire/Desktop/Work/Mocap/install/mocap_pkg:/opt/ros/foxy /usr/bin/cmake --install /home/bodlaire/Desktop/Work/Mocap/build/vesc_msgs
[3.960s] Level 1:colcon.colcon_core.environment:checking '/home/bodlaire/Desktop/Work/Mocap/install/vesc_msgs' for CMake module files
[3.961s] Level 1:colcon.colcon_core.environment:checking '/home/bodlaire/Desktop/Work/Mocap/install/vesc_msgs' for CMake config files
[3.961s] Level 1:colcon.colcon_core.shell:create_environment_hook('vesc_msgs', 'cmake_prefix_path')
[3.981s] INFO:colcon.colcon_core.shell:Creating environment hook '/home/bodlaire/Desktop/Work/Mocap/install/vesc_msgs/share/vesc_msgs/hook/cmake_prefix_path.ps1'
[3.981s] INFO:colcon.colcon_core.shell:Creating environment descriptor '/home/bodlaire/Desktop/Work/Mocap/install/vesc_msgs/share/vesc_msgs/hook/cmake_prefix_path.dsv'
[3.982s] INFO:colcon.colcon_core.shell:Creating environment hook '/home/bodlaire/Desktop/Work/Mocap/install/vesc_msgs/share/vesc_msgs/hook/cmake_prefix_path.sh'
[3.982s] Level 1:colcon.colcon_core.environment:checking '/home/bodlaire/Desktop/Work/Mocap/install/vesc_msgs/lib'
[3.982s] Level 1:colcon.colcon_core.shell:create_environment_hook('vesc_msgs', 'ld_library_path_lib')
[4.002s] INFO:colcon.colcon_core.shell:Creating environment hook '/home/bodlaire/Desktop/Work/Mocap/install/vesc_msgs/share/vesc_msgs/hook/ld_library_path_lib.ps1'
[4.003s] INFO:colcon.colcon_core.shell:Creating environment descriptor '/home/bodlaire/Desktop/Work/Mocap/install/vesc_msgs/share/vesc_msgs/hook/ld_library_path_lib.dsv'
[4.003s] INFO:colcon.colcon_core.shell:Creating environment hook '/home/bodlaire/Desktop/Work/Mocap/install/vesc_msgs/share/vesc_msgs/hook/ld_library_path_lib.sh'
[4.004s] Level 1:colcon.colcon_core.environment:checking '/home/bodlaire/Desktop/Work/Mocap/install/vesc_msgs/bin'
[4.004s] Level 1:colcon.colcon_core.environment:checking '/home/bodlaire/Desktop/Work/Mocap/install/vesc_msgs/lib/pkgconfig/vesc_msgs.pc'
[4.004s] Level 1:colcon.colcon_core.environment:checking '/home/bodlaire/Desktop/Work/Mocap/install/vesc_msgs/lib/python3.8/site-packages'
[4.004s] Level 1:colcon.colcon_core.shell:create_environment_hook('vesc_msgs', 'pythonpath')
[4.026s] INFO:colcon.colcon_core.shell:Creating environment hook '/home/bodlaire/Desktop/Work/Mocap/install/vesc_msgs/share/vesc_msgs/hook/pythonpath.ps1'
[4.026s] INFO:colcon.colcon_core.shell:Creating environment descriptor '/home/bodlaire/Desktop/Work/Mocap/install/vesc_msgs/share/vesc_msgs/hook/pythonpath.dsv'
[4.026s] INFO:colcon.colcon_core.shell:Creating environment hook '/home/bodlaire/Desktop/Work/Mocap/install/vesc_msgs/share/vesc_msgs/hook/pythonpath.sh'
[4.026s] Level 1:colcon.colcon_core.environment:checking '/home/bodlaire/Desktop/Work/Mocap/install/vesc_msgs/bin'
[4.047s] INFO:colcon.colcon_core.shell:Creating package script '/home/bodlaire/Desktop/Work/Mocap/install/vesc_msgs/share/vesc_msgs/package.ps1'
[4.047s] INFO:colcon.colcon_core.shell:Creating package descriptor '/home/bodlaire/Desktop/Work/Mocap/install/vesc_msgs/share/vesc_msgs/package.dsv'
[4.047s] INFO:colcon.colcon_core.shell:Creating package script '/home/bodlaire/Desktop/Work/Mocap/install/vesc_msgs/share/vesc_msgs/package.sh'
[4.048s] INFO:colcon.colcon_core.shell:Creating package script '/home/bodlaire/Desktop/Work/Mocap/install/vesc_msgs/share/vesc_msgs/package.bash'
[4.048s] INFO:colcon.colcon_core.shell:Creating package script '/home/bodlaire/Desktop/Work/Mocap/install/vesc_msgs/share/vesc_msgs/package.zsh'
[4.048s] Level 1:colcon.colcon_core.environment:create_file_with_runtime_dependencies(/home/bodlaire/Desktop/Work/Mocap/install/vesc_msgs/share/colcon-core/packages/vesc_msgs)
[4.143s] Level 1:colcon.colcon_core.environment:create_environment_scripts_only(vesc_msgs)
[4.163s] Level 1:colcon.colcon_core.environment:checking '/home/bodlaire/Desktop/Work/Mocap/install/vesc_msgs' for CMake module files
[4.163s] Level 1:colcon.colcon_core.environment:checking '/home/bodlaire/Desktop/Work/Mocap/install/vesc_msgs' for CMake config files
[4.163s] Level 1:colcon.colcon_core.shell:create_environment_hook('vesc_msgs', 'cmake_prefix_path')
[4.192s] INFO:colcon.colcon_core.shell:Creating environment hook '/home/bodlaire/Desktop/Work/Mocap/install/vesc_msgs/share/vesc_msgs/hook/cmake_prefix_path.ps1'
[4.192s] INFO:colcon.colcon_core.shell:Creating environment descriptor '/home/bodlaire/Desktop/Work/Mocap/install/vesc_msgs/share/vesc_msgs/hook/cmake_prefix_path.dsv'
[4.192s] INFO:colcon.colcon_core.shell:Creating environment hook '/home/bodlaire/Desktop/Work/Mocap/install/vesc_msgs/share/vesc_msgs/hook/cmake_prefix_path.sh'
[4.193s] Level 1:colcon.colcon_core.environment:checking '/home/bodlaire/Desktop/Work/Mocap/install/vesc_msgs/lib'
[4.193s] Level 1:colcon.colcon_core.shell:create_environment_hook('vesc_msgs', 'ld_library_path_lib')
[4.213s] INFO:colcon.colcon_core.shell:Creating environment hook '/home/bodlaire/Desktop/Work/Mocap/install/vesc_msgs/share/vesc_msgs/hook/ld_library_path_lib.ps1'
[4.213s] INFO:colcon.colcon_core.shell:Creating environment descriptor '/home/bodlaire/Desktop/Work/Mocap/install/vesc_msgs/share/vesc_msgs/hook/ld_library_path_lib.dsv'
[4.213s] INFO:colcon.colcon_core.shell:Creating environment hook '/home/bodlaire/Desktop/Work/Mocap/install/vesc_msgs/share/vesc_msgs/hook/ld_library_path_lib.sh'
[4.213s] Level 1:colcon.colcon_core.environment:checking '/home/bodlaire/Desktop/Work/Mocap/install/vesc_msgs/bin'
[4.213s] Level 1:colcon.colcon_core.environment:checking '/home/bodlaire/Desktop/Work/Mocap/install/vesc_msgs/lib/pkgconfig/vesc_msgs.pc'
[4.214s] Level 1:colcon.colcon_core.environment:checking '/home/bodlaire/Desktop/Work/Mocap/install/vesc_msgs/lib/python3.8/site-packages'
[4.214s] Level 1:colcon.colcon_core.shell:create_environment_hook('vesc_msgs', 'pythonpath')
[4.233s] INFO:colcon.colcon_core.shell:Creating environment hook '/home/bodlaire/Desktop/Work/Mocap/install/vesc_msgs/share/vesc_msgs/hook/pythonpath.ps1'
[4.233s] INFO:colcon.colcon_core.shell:Creating environment descriptor '/home/bodlaire/Desktop/Work/Mocap/install/vesc_msgs/share/vesc_msgs/hook/pythonpath.dsv'
[4.234s] INFO:colcon.colcon_core.shell:Creating environment hook '/home/bodlaire/Desktop/Work/Mocap/install/vesc_msgs/share/vesc_msgs/hook/pythonpath.sh'
[4.234s] Level 1:colcon.colcon_core.environment:checking '/home/bodlaire/Desktop/Work/Mocap/install/vesc_msgs/bin'
[4.254s] INFO:colcon.colcon_core.shell:Creating package script '/home/bodlaire/Desktop/Work/Mocap/install/vesc_msgs/share/vesc_msgs/package.ps1'
[4.254s] INFO:colcon.colcon_core.shell:Creating package descriptor '/home/bodlaire/Desktop/Work/Mocap/install/vesc_msgs/share/vesc_msgs/package.dsv'
[4.254s] INFO:colcon.colcon_core.shell:Creating package script '/home/bodlaire/Desktop/Work/Mocap/install/vesc_msgs/share/vesc_msgs/package.sh'
[4.255s] INFO:colcon.colcon_core.shell:Creating package script '/home/bodlaire/Desktop/Work/Mocap/install/vesc_msgs/share/vesc_msgs/package.bash'
[4.255s] INFO:colcon.colcon_core.shell:Creating package script '/home/bodlaire/Desktop/Work/Mocap/install/vesc_msgs/share/vesc_msgs/package.zsh'
[4.255s] Level 1:colcon.colcon_core.environment:create_file_with_runtime_dependencies(/home/bodlaire/Desktop/Work/Mocap/install/vesc_msgs/share/colcon-core/packages/vesc_msgs)
[4.255s] DEBUG:colcon.colcon_parallel_executor.executor.parallel:closing loop
[4.256s] DEBUG:colcon.colcon_parallel_executor.executor.parallel:loop closed
[4.256s] DEBUG:colcon.colcon_parallel_executor.executor.parallel:run_until_complete finished with '0'
[4.256s] DEBUG:colcon.colcon_core.event_reactor:joining thread
[4.287s] INFO:colcon.colcon_core.plugin_system:Skipping extension 'colcon_notification.desktop_notification.terminal_notifier': Not used on non-Darwin systems
[4.287s] INFO:colcon.colcon_core.plugin_system:Skipping extension 'colcon_notification.desktop_notification.win32': Not used on non-Windows systems
[4.287s] INFO:colcon.colcon_notification.desktop_notification:Sending desktop notification using 'notify2'
[4.303s] DEBUG:colcon.colcon_core.event_reactor:joined thread
[4.330s] INFO:colcon.colcon_core.shell:Creating prefix script '/home/bodlaire/Desktop/Work/Mocap/install/local_setup.ps1'
[4.331s] INFO:colcon.colcon_core.shell:Creating prefix util module '/home/bodlaire/Desktop/Work/Mocap/install/_local_setup_util_ps1.py'
[4.331s] INFO:colcon.colcon_core.shell:Creating prefix chain script '/home/bodlaire/Desktop/Work/Mocap/install/setup.ps1'
[4.352s] INFO:colcon.colcon_core.shell:Creating prefix script '/home/bodlaire/Desktop/Work/Mocap/install/local_setup.sh'
[4.352s] INFO:colcon.colcon_core.shell:Creating prefix util module '/home/bodlaire/Desktop/Work/Mocap/install/_local_setup_util_sh.py'
[4.352s] INFO:colcon.colcon_core.shell:Creating prefix chain script '/home/bodlaire/Desktop/Work/Mocap/install/setup.sh'
[4.373s] INFO:colcon.colcon_core.shell:Creating prefix script '/home/bodlaire/Desktop/Work/Mocap/install/local_setup.bash'
[4.373s] INFO:colcon.colcon_core.shell:Creating prefix chain script '/home/bodlaire/Desktop/Work/Mocap/install/setup.bash'
[4.396s] INFO:colcon.colcon_core.shell:Creating prefix script '/home/bodlaire/Desktop/Work/Mocap/install/local_setup.zsh'
[4.396s] INFO:colcon.colcon_core.shell:Creating prefix chain script '/home/bodlaire/Desktop/Work/Mocap/install/setup.zsh'
