[0.606s] Invoking command in '/home/bodlaire/Desktop/Work/Mocap/build/vesc_msgs': CMAKE_PREFIX_PATH=${CMAKE_PREFIX_PATH}:/home/bodlaire/Desktop/Work/Mocap/install/vehicle_state_observer:/home/bodlaire/Desktop/Work/Mocap/install/mocap_pkg:/opt/ros/foxy /usr/bin/cmake --build /home/bodlaire/Desktop/Work/Mocap/build/vesc_msgs -- -j16 -l16
[0.648s] [ 10%] Built target vesc_msgs__rosidl_generator_c
[0.654s] [ 12%] Built target vesc_msgs__cpp
[0.664s] [ 23%] Built target vesc_msgs__rosidl_typesupport_c
[0.664s] [ 34%] Built target vesc_msgs__rosidl_typesupport_cpp
[0.666s] [ 45%] Built target vesc_msgs__rosidl_typesupport_introspection_c
[0.668s] [ 67%] Built target vesc_msgs__rosidl_typesupport_introspection_cpp
[0.668s] [ 67%] Built target vesc_msgs__rosidl_typesupport_fastrtps_cpp
[0.709s] [ 78%] Built target vesc_msgs__rosidl_typesupport_fastrtps_c
[0.721s] [ 78%] Built target vesc_msgs
[0.730s] [ 80%] Built target vesc_msgs__py
[0.753s] [ 89%] Built target vesc_msgs__python
[0.775s] [ 96%] Built target vesc_msgs__rosidl_typesupport_fastrtps_c__pyext
[0.775s] [ 96%] Built target vesc_msgs__rosidl_typesupport_c__pyext
[0.778s] [100%] Built target vesc_msgs__rosidl_typesupport_introspection_c__pyext
[0.824s] Invoked command in '/home/bodlaire/Desktop/Work/Mocap/build/vesc_msgs' returned '0': CMAKE_PREFIX_PATH=${CMAKE_PREFIX_PATH}:/home/bodlaire/Desktop/Work/Mocap/install/vehicle_state_observer:/home/bodlaire/Desktop/Work/Mocap/install/mocap_pkg:/opt/ros/foxy /usr/bin/cmake --build /home/bodlaire/Desktop/Work/Mocap/build/vesc_msgs -- -j16 -l16
[1.208s] Invoking command in '/home/bodlaire/Desktop/Work/Mocap/build/vesc_msgs': CMAKE_PREFIX_PATH=${CMAKE_PREFIX_PATH}:/home/bodlaire/Desktop/Work/Mocap/install/vehicle_state_observer:/home/bodlaire/Desktop/Work/Mocap/install/mocap_pkg:/opt/ros/foxy /usr/bin/cmake --install /home/bodlaire/Desktop/Work/Mocap/build/vesc_msgs
[1.351s] -- Install configuration: ""
[1.352s] -- Up-to-date: /home/bodlaire/Desktop/Work/Mocap/install/vesc_msgs/share/ament_index/resource_index/rosidl_interfaces/vesc_msgs
[1.352s] -- Up-to-date: /home/bodlaire/Desktop/Work/Mocap/install/vesc_msgs/include/vesc_msgs
[1.352s] -- Up-to-date: /home/bodlaire/Desktop/Work/Mocap/install/vesc_msgs/include/vesc_msgs/msg
[1.353s] -- Up-to-date: /home/bodlaire/Desktop/Work/Mocap/install/vesc_msgs/include/vesc_msgs/msg/vesc_state.h
[1.353s] -- Up-to-date: /home/bodlaire/Desktop/Work/Mocap/install/vesc_msgs/include/vesc_msgs/msg/detail
[1.353s] -- Up-to-date: /home/bodlaire/Desktop/Work/Mocap/install/vesc_msgs/include/vesc_msgs/msg/detail/vesc_state_stamped__struct.h
[1.353s] -- Up-to-date: /home/bodlaire/Desktop/Work/Mocap/install/vesc_msgs/include/vesc_msgs/msg/detail/vesc_imu_stamped__type_support.h
[1.354s] -- Up-to-date: /home/bodlaire/Desktop/Work/Mocap/install/vesc_msgs/include/vesc_msgs/msg/detail/vesc_state__functions.c
[1.354s] -- Up-to-date: /home/bodlaire/Desktop/Work/Mocap/install/vesc_msgs/include/vesc_msgs/msg/detail/vesc_imu__functions.c
[1.354s] -- Up-to-date: /home/bodlaire/Desktop/Work/Mocap/install/vesc_msgs/include/vesc_msgs/msg/detail/vesc_state_stamped__functions.h
[1.355s] -- Up-to-date: /home/bodlaire/Desktop/Work/Mocap/install/vesc_msgs/include/vesc_msgs/msg/detail/vesc_imu_stamped__functions.h
[1.355s] -- Up-to-date: /home/bodlaire/Desktop/Work/Mocap/install/vesc_msgs/include/vesc_msgs/msg/detail/vesc_imu__type_support.h
[1.356s] -- Up-to-date: /home/bodlaire/Desktop/Work/Mocap/install/vesc_msgs/include/vesc_msgs/msg/detail/vesc_state_stamped__type_support.h
[1.356s] -- Up-to-date: /home/bodlaire/Desktop/Work/Mocap/install/vesc_msgs/include/vesc_msgs/msg/detail/vesc_state__functions.h
[1.356s] -- Up-to-date: /home/bodlaire/Desktop/Work/Mocap/install/vesc_msgs/include/vesc_msgs/msg/detail/vesc_imu_stamped__struct.h
[1.357s] -- Up-to-date: /home/bodlaire/Desktop/Work/Mocap/install/vesc_msgs/include/vesc_msgs/msg/detail/vesc_state_stamped__functions.c
[1.357s] -- Up-to-date: /home/bodlaire/Desktop/Work/Mocap/install/vesc_msgs/include/vesc_msgs/msg/detail/vesc_imu_stamped__functions.c
[1.357s] -- Up-to-date: /home/bodlaire/Desktop/Work/Mocap/install/vesc_msgs/include/vesc_msgs/msg/detail/vesc_imu__struct.h
[1.358s] -- Up-to-date: /home/bodlaire/Desktop/Work/Mocap/install/vesc_msgs/include/vesc_msgs/msg/detail/vesc_state__type_support.h
[1.358s] -- Up-to-date: /home/bodlaire/Desktop/Work/Mocap/install/vesc_msgs/include/vesc_msgs/msg/detail/vesc_imu__functions.h
[1.358s] -- Up-to-date: /home/bodlaire/Desktop/Work/Mocap/install/vesc_msgs/include/vesc_msgs/msg/detail/vesc_state__struct.h
[1.359s] -- Up-to-date: /home/bodlaire/Desktop/Work/Mocap/install/vesc_msgs/include/vesc_msgs/msg/rosidl_generator_c__visibility_control.h
[1.360s] -- Up-to-date: /home/bodlaire/Desktop/Work/Mocap/install/vesc_msgs/include/vesc_msgs/msg/vesc_imu.h
[1.360s] -- Up-to-date: /home/bodlaire/Desktop/Work/Mocap/install/vesc_msgs/include/vesc_msgs/msg/vesc_imu_stamped.h
[1.361s] -- Up-to-date: /home/bodlaire/Desktop/Work/Mocap/install/vesc_msgs/include/vesc_msgs/msg/vesc_state_stamped.h
[1.361s] -- Up-to-date: /home/bodlaire/Desktop/Work/Mocap/install/vesc_msgs/share/vesc_msgs/environment/library_path.sh
[1.362s] -- Up-to-date: /home/bodlaire/Desktop/Work/Mocap/install/vesc_msgs/share/vesc_msgs/environment/library_path.dsv
[1.362s] -- Up-to-date: /home/bodlaire/Desktop/Work/Mocap/install/vesc_msgs/lib/libvesc_msgs__rosidl_generator_c.so
[1.363s] -- Up-to-date: /home/bodlaire/Desktop/Work/Mocap/install/vesc_msgs/include/vesc_msgs
[1.363s] -- Up-to-date: /home/bodlaire/Desktop/Work/Mocap/install/vesc_msgs/include/vesc_msgs/msg
[1.363s] -- Up-to-date: /home/bodlaire/Desktop/Work/Mocap/install/vesc_msgs/include/vesc_msgs/msg/detail
[1.363s] -- Up-to-date: /home/bodlaire/Desktop/Work/Mocap/install/vesc_msgs/include/vesc_msgs/msg/detail/vesc_imu_stamped__rosidl_typesupport_fastrtps_c.h
[1.363s] -- Up-to-date: /home/bodlaire/Desktop/Work/Mocap/install/vesc_msgs/include/vesc_msgs/msg/detail/vesc_imu__rosidl_typesupport_fastrtps_c.h
[1.363s] -- Up-to-date: /home/bodlaire/Desktop/Work/Mocap/install/vesc_msgs/include/vesc_msgs/msg/detail/vesc_state_stamped__rosidl_typesupport_fastrtps_c.h
[1.363s] -- Up-to-date: /home/bodlaire/Desktop/Work/Mocap/install/vesc_msgs/include/vesc_msgs/msg/detail/vesc_state__rosidl_typesupport_fastrtps_c.h
[1.363s] -- Up-to-date: /home/bodlaire/Desktop/Work/Mocap/install/vesc_msgs/include/vesc_msgs/msg/rosidl_typesupport_fastrtps_c__visibility_control.h
[1.363s] -- Up-to-date: /home/bodlaire/Desktop/Work/Mocap/install/vesc_msgs/lib/libvesc_msgs__rosidl_typesupport_fastrtps_c.so
[1.363s] -- Up-to-date: /home/bodlaire/Desktop/Work/Mocap/install/vesc_msgs/include/vesc_msgs
[1.363s] -- Up-to-date: /home/bodlaire/Desktop/Work/Mocap/install/vesc_msgs/include/vesc_msgs/msg
[1.363s] -- Up-to-date: /home/bodlaire/Desktop/Work/Mocap/install/vesc_msgs/include/vesc_msgs/msg/detail
[1.364s] -- Up-to-date: /home/bodlaire/Desktop/Work/Mocap/install/vesc_msgs/include/vesc_msgs/msg/detail/vesc_imu_stamped__rosidl_typesupport_fastrtps_cpp.hpp
[1.364s] -- Up-to-date: /home/bodlaire/Desktop/Work/Mocap/install/vesc_msgs/include/vesc_msgs/msg/detail/vesc_state_stamped__rosidl_typesupport_fastrtps_cpp.hpp
[1.364s] -- Up-to-date: /home/bodlaire/Desktop/Work/Mocap/install/vesc_msgs/include/vesc_msgs/msg/detail/vesc_state__rosidl_typesupport_fastrtps_cpp.hpp
[1.364s] -- Up-to-date: /home/bodlaire/Desktop/Work/Mocap/install/vesc_msgs/include/vesc_msgs/msg/detail/dds_fastrtps
[1.364s] -- Up-to-date: /home/bodlaire/Desktop/Work/Mocap/install/vesc_msgs/include/vesc_msgs/msg/detail/vesc_imu__rosidl_typesupport_fastrtps_cpp.hpp
[1.364s] -- Up-to-date: /home/bodlaire/Desktop/Work/Mocap/install/vesc_msgs/include/vesc_msgs/msg/rosidl_typesupport_fastrtps_cpp__visibility_control.h
[1.364s] -- Up-to-date: /home/bodlaire/Desktop/Work/Mocap/install/vesc_msgs/lib/libvesc_msgs__rosidl_typesupport_fastrtps_cpp.so
[1.364s] -- Up-to-date: /home/bodlaire/Desktop/Work/Mocap/install/vesc_msgs/include/vesc_msgs
[1.364s] -- Up-to-date: /home/bodlaire/Desktop/Work/Mocap/install/vesc_msgs/include/vesc_msgs/msg
[1.365s] -- Up-to-date: /home/bodlaire/Desktop/Work/Mocap/install/vesc_msgs/include/vesc_msgs/msg/detail
[1.365s] -- Up-to-date: /home/bodlaire/Desktop/Work/Mocap/install/vesc_msgs/include/vesc_msgs/msg/detail/vesc_state__type_support.c
[1.365s] -- Up-to-date: /home/bodlaire/Desktop/Work/Mocap/install/vesc_msgs/include/vesc_msgs/msg/detail/vesc_imu_stamped__type_support.c
[1.366s] -- Up-to-date: /home/bodlaire/Desktop/Work/Mocap/install/vesc_msgs/include/vesc_msgs/msg/detail/vesc_imu__rosidl_typesupport_introspection_c.h
[1.366s] -- Up-to-date: /home/bodlaire/Desktop/Work/Mocap/install/vesc_msgs/include/vesc_msgs/msg/detail/vesc_imu__type_support.c
[1.366s] -- Up-to-date: /home/bodlaire/Desktop/Work/Mocap/install/vesc_msgs/include/vesc_msgs/msg/detail/vesc_state__rosidl_typesupport_introspection_c.h
[1.366s] -- Up-to-date: /home/bodlaire/Desktop/Work/Mocap/install/vesc_msgs/include/vesc_msgs/msg/detail/vesc_state_stamped__type_support.c
[1.367s] -- Up-to-date: /home/bodlaire/Desktop/Work/Mocap/install/vesc_msgs/include/vesc_msgs/msg/detail/vesc_state_stamped__rosidl_typesupport_introspection_c.h
[1.367s] -- Up-to-date: /home/bodlaire/Desktop/Work/Mocap/install/vesc_msgs/include/vesc_msgs/msg/detail/vesc_imu_stamped__rosidl_typesupport_introspection_c.h
[1.367s] -- Up-to-date: /home/bodlaire/Desktop/Work/Mocap/install/vesc_msgs/include/vesc_msgs/msg/rosidl_typesupport_introspection_c__visibility_control.h
[1.367s] -- Up-to-date: /home/bodlaire/Desktop/Work/Mocap/install/vesc_msgs/lib/libvesc_msgs__rosidl_typesupport_introspection_c.so
[1.368s] -- Up-to-date: /home/bodlaire/Desktop/Work/Mocap/install/vesc_msgs/lib/libvesc_msgs__rosidl_typesupport_c.so
[1.368s] -- Up-to-date: /home/bodlaire/Desktop/Work/Mocap/install/vesc_msgs/include/vesc_msgs
[1.368s] -- Up-to-date: /home/bodlaire/Desktop/Work/Mocap/install/vesc_msgs/include/vesc_msgs/msg
[1.368s] -- Up-to-date: /home/bodlaire/Desktop/Work/Mocap/install/vesc_msgs/include/vesc_msgs/msg/rosidl_generator_cpp__visibility_control.hpp
[1.369s] -- Up-to-date: /home/bodlaire/Desktop/Work/Mocap/install/vesc_msgs/include/vesc_msgs/msg/detail
[1.369s] -- Up-to-date: /home/bodlaire/Desktop/Work/Mocap/install/vesc_msgs/include/vesc_msgs/msg/detail/vesc_imu__struct.hpp
[1.369s] -- Up-to-date: /home/bodlaire/Desktop/Work/Mocap/install/vesc_msgs/include/vesc_msgs/msg/detail/vesc_state_stamped__type_support.hpp
[1.370s] -- Up-to-date: /home/bodlaire/Desktop/Work/Mocap/install/vesc_msgs/include/vesc_msgs/msg/detail/vesc_state__traits.hpp
[1.370s] -- Up-to-date: /home/bodlaire/Desktop/Work/Mocap/install/vesc_msgs/include/vesc_msgs/msg/detail/vesc_imu_stamped__type_support.hpp
[1.370s] -- Up-to-date: /home/bodlaire/Desktop/Work/Mocap/install/vesc_msgs/include/vesc_msgs/msg/detail/vesc_imu__builder.hpp
[1.370s] -- Up-to-date: /home/bodlaire/Desktop/Work/Mocap/install/vesc_msgs/include/vesc_msgs/msg/detail/vesc_imu_stamped__struct.hpp
[1.370s] -- Up-to-date: /home/bodlaire/Desktop/Work/Mocap/install/vesc_msgs/include/vesc_msgs/msg/detail/vesc_imu__type_support.hpp
[1.371s] -- Up-to-date: /home/bodlaire/Desktop/Work/Mocap/install/vesc_msgs/include/vesc_msgs/msg/detail/vesc_state_stamped__struct.hpp
[1.371s] -- Up-to-date: /home/bodlaire/Desktop/Work/Mocap/install/vesc_msgs/include/vesc_msgs/msg/detail/vesc_imu_stamped__traits.hpp
[1.371s] -- Up-to-date: /home/bodlaire/Desktop/Work/Mocap/install/vesc_msgs/include/vesc_msgs/msg/detail/vesc_state__struct.hpp
[1.372s] -- Up-to-date: /home/bodlaire/Desktop/Work/Mocap/install/vesc_msgs/include/vesc_msgs/msg/detail/vesc_imu_stamped__builder.hpp
[1.372s] -- Up-to-date: /home/bodlaire/Desktop/Work/Mocap/install/vesc_msgs/include/vesc_msgs/msg/detail/vesc_imu__traits.hpp
[1.372s] -- Up-to-date: /home/bodlaire/Desktop/Work/Mocap/install/vesc_msgs/include/vesc_msgs/msg/detail/vesc_state_stamped__builder.hpp
[1.372s] -- Up-to-date: /home/bodlaire/Desktop/Work/Mocap/install/vesc_msgs/include/vesc_msgs/msg/detail/vesc_state__type_support.hpp
[1.373s] -- Up-to-date: /home/bodlaire/Desktop/Work/Mocap/install/vesc_msgs/include/vesc_msgs/msg/detail/vesc_state__builder.hpp
[1.373s] -- Up-to-date: /home/bodlaire/Desktop/Work/Mocap/install/vesc_msgs/include/vesc_msgs/msg/detail/vesc_state_stamped__traits.hpp
[1.373s] -- Up-to-date: /home/bodlaire/Desktop/Work/Mocap/install/vesc_msgs/include/vesc_msgs/msg/vesc_imu_stamped.hpp
[1.374s] -- Up-to-date: /home/bodlaire/Desktop/Work/Mocap/install/vesc_msgs/include/vesc_msgs/msg/vesc_state.hpp
[1.374s] -- Up-to-date: /home/bodlaire/Desktop/Work/Mocap/install/vesc_msgs/include/vesc_msgs/msg/vesc_state_stamped.hpp
[1.374s] -- Up-to-date: /home/bodlaire/Desktop/Work/Mocap/install/vesc_msgs/include/vesc_msgs/msg/vesc_imu.hpp
[1.375s] -- Up-to-date: /home/bodlaire/Desktop/Work/Mocap/install/vesc_msgs/include/vesc_msgs
[1.375s] -- Up-to-date: /home/bodlaire/Desktop/Work/Mocap/install/vesc_msgs/include/vesc_msgs/msg
[1.375s] -- Up-to-date: /home/bodlaire/Desktop/Work/Mocap/install/vesc_msgs/include/vesc_msgs/msg/detail
[1.375s] -- Up-to-date: /home/bodlaire/Desktop/Work/Mocap/install/vesc_msgs/include/vesc_msgs/msg/detail/vesc_imu_stamped__type_support.cpp
[1.376s] -- Up-to-date: /home/bodlaire/Desktop/Work/Mocap/install/vesc_msgs/include/vesc_msgs/msg/detail/vesc_state__type_support.cpp
[1.376s] -- Up-to-date: /home/bodlaire/Desktop/Work/Mocap/install/vesc_msgs/include/vesc_msgs/msg/detail/vesc_state__rosidl_typesupport_introspection_cpp.hpp
[1.376s] -- Up-to-date: /home/bodlaire/Desktop/Work/Mocap/install/vesc_msgs/include/vesc_msgs/msg/detail/vesc_state_stamped__rosidl_typesupport_introspection_cpp.hpp
[1.377s] -- Up-to-date: /home/bodlaire/Desktop/Work/Mocap/install/vesc_msgs/include/vesc_msgs/msg/detail/vesc_state_stamped__type_support.cpp
[1.377s] -- Up-to-date: /home/bodlaire/Desktop/Work/Mocap/install/vesc_msgs/include/vesc_msgs/msg/detail/vesc_imu__type_support.cpp
[1.377s] -- Up-to-date: /home/bodlaire/Desktop/Work/Mocap/install/vesc_msgs/include/vesc_msgs/msg/detail/vesc_imu_stamped__rosidl_typesupport_introspection_cpp.hpp
[1.377s] -- Up-to-date: /home/bodlaire/Desktop/Work/Mocap/install/vesc_msgs/include/vesc_msgs/msg/detail/vesc_imu__rosidl_typesupport_introspection_cpp.hpp
[1.377s] -- Up-to-date: /home/bodlaire/Desktop/Work/Mocap/install/vesc_msgs/lib/libvesc_msgs__rosidl_typesupport_introspection_cpp.so
[1.378s] -- Up-to-date: /home/bodlaire/Desktop/Work/Mocap/install/vesc_msgs/lib/libvesc_msgs__rosidl_typesupport_cpp.so
[1.378s] -- Up-to-date: /home/bodlaire/Desktop/Work/Mocap/install/vesc_msgs/share/vesc_msgs/environment/pythonpath.sh
[1.378s] -- Up-to-date: /home/bodlaire/Desktop/Work/Mocap/install/vesc_msgs/share/vesc_msgs/environment/pythonpath.dsv
[1.379s] -- Up-to-date: /home/bodlaire/Desktop/Work/Mocap/install/vesc_msgs/lib/python3.8/site-packages/vesc_msgs/__init__.py
[1.379s] -- Up-to-date: /home/bodlaire/Desktop/Work/Mocap/install/vesc_msgs/lib/python3.8/site-packages/vesc_msgs/msg
[1.379s] -- Up-to-date: /home/bodlaire/Desktop/Work/Mocap/install/vesc_msgs/lib/python3.8/site-packages/vesc_msgs/msg/_vesc_state_s.c
[1.379s] -- Up-to-date: /home/bodlaire/Desktop/Work/Mocap/install/vesc_msgs/lib/python3.8/site-packages/vesc_msgs/msg/_vesc_state_stamped_s.c
[1.379s] -- Up-to-date: /home/bodlaire/Desktop/Work/Mocap/install/vesc_msgs/lib/python3.8/site-packages/vesc_msgs/msg/_vesc_imu.py
[1.379s] -- Up-to-date: /home/bodlaire/Desktop/Work/Mocap/install/vesc_msgs/lib/python3.8/site-packages/vesc_msgs/msg/_vesc_state.py
[1.380s] -- Up-to-date: /home/bodlaire/Desktop/Work/Mocap/install/vesc_msgs/lib/python3.8/site-packages/vesc_msgs/msg/_vesc_state_stamped.py
[1.380s] -- Up-to-date: /home/bodlaire/Desktop/Work/Mocap/install/vesc_msgs/lib/python3.8/site-packages/vesc_msgs/msg/_vesc_imu_s.c
[1.381s] -- Up-to-date: /home/bodlaire/Desktop/Work/Mocap/install/vesc_msgs/lib/python3.8/site-packages/vesc_msgs/msg/_vesc_imu_stamped_s.c
[1.382s] -- Up-to-date: /home/bodlaire/Desktop/Work/Mocap/install/vesc_msgs/lib/python3.8/site-packages/vesc_msgs/msg/__init__.py
[1.382s] -- Up-to-date: /home/bodlaire/Desktop/Work/Mocap/install/vesc_msgs/lib/python3.8/site-packages/vesc_msgs/msg/_vesc_imu_stamped.py
[1.384s] -- Up-to-date: /home/bodlaire/Desktop/Work/Mocap/install/vesc_msgs/lib/python3.8/site-packages/vesc_msgs/vesc_msgs_s__rosidl_typesupport_fastrtps_c.cpython-38-x86_64-linux-gnu.so
[1.385s] -- Up-to-date: /home/bodlaire/Desktop/Work/Mocap/install/vesc_msgs/lib/python3.8/site-packages/vesc_msgs/vesc_msgs_s__rosidl_typesupport_introspection_c.cpython-38-x86_64-linux-gnu.so
[1.386s] -- Up-to-date: /home/bodlaire/Desktop/Work/Mocap/install/vesc_msgs/lib/python3.8/site-packages/vesc_msgs/vesc_msgs_s__rosidl_typesupport_c.cpython-38-x86_64-linux-gnu.so
[1.386s] -- Up-to-date: /home/bodlaire/Desktop/Work/Mocap/install/vesc_msgs/lib/libvesc_msgs__python.so
[1.386s] -- Up-to-date: /home/bodlaire/Desktop/Work/Mocap/install/vesc_msgs/share/vesc_msgs/msg/VescState.idl
[1.386s] -- Up-to-date: /home/bodlaire/Desktop/Work/Mocap/install/vesc_msgs/share/vesc_msgs/msg/VescStateStamped.idl
[1.386s] -- Up-to-date: /home/bodlaire/Desktop/Work/Mocap/install/vesc_msgs/share/vesc_msgs/msg/VescImu.idl
[1.386s] -- Up-to-date: /home/bodlaire/Desktop/Work/Mocap/install/vesc_msgs/share/vesc_msgs/msg/VescImuStamped.idl
[1.386s] -- Up-to-date: /home/bodlaire/Desktop/Work/Mocap/install/vesc_msgs/share/vesc_msgs/msg/VescState.msg
[1.386s] -- Up-to-date: /home/bodlaire/Desktop/Work/Mocap/install/vesc_msgs/share/vesc_msgs/msg/VescStateStamped.msg
[1.387s] -- Up-to-date: /home/bodlaire/Desktop/Work/Mocap/install/vesc_msgs/share/vesc_msgs/msg/VescImu.msg
[1.387s] -- Up-to-date: /home/bodlaire/Desktop/Work/Mocap/install/vesc_msgs/share/vesc_msgs/msg/VescImuStamped.msg
[1.387s] -- Up-to-date: /home/bodlaire/Desktop/Work/Mocap/install/vesc_msgs/share/ament_index/resource_index/package_run_dependencies/vesc_msgs
[1.387s] -- Up-to-date: /home/bodlaire/Desktop/Work/Mocap/install/vesc_msgs/share/ament_index/resource_index/parent_prefix_path/vesc_msgs
[1.387s] -- Up-to-date: /home/bodlaire/Desktop/Work/Mocap/install/vesc_msgs/share/vesc_msgs/environment/ament_prefix_path.sh
[1.387s] -- Up-to-date: /home/bodlaire/Desktop/Work/Mocap/install/vesc_msgs/share/vesc_msgs/environment/ament_prefix_path.dsv
[1.387s] -- Up-to-date: /home/bodlaire/Desktop/Work/Mocap/install/vesc_msgs/share/vesc_msgs/environment/path.sh
[1.387s] -- Up-to-date: /home/bodlaire/Desktop/Work/Mocap/install/vesc_msgs/share/vesc_msgs/environment/path.dsv
[1.387s] -- Up-to-date: /home/bodlaire/Desktop/Work/Mocap/install/vesc_msgs/share/vesc_msgs/local_setup.bash
[1.387s] -- Up-to-date: /home/bodlaire/Desktop/Work/Mocap/install/vesc_msgs/share/vesc_msgs/local_setup.sh
[1.388s] -- Up-to-date: /home/bodlaire/Desktop/Work/Mocap/install/vesc_msgs/share/vesc_msgs/local_setup.zsh
[1.388s] -- Up-to-date: /home/bodlaire/Desktop/Work/Mocap/install/vesc_msgs/share/vesc_msgs/local_setup.dsv
[1.388s] -- Installing: /home/bodlaire/Desktop/Work/Mocap/install/vesc_msgs/share/vesc_msgs/package.dsv
[1.388s] -- Up-to-date: /home/bodlaire/Desktop/Work/Mocap/install/vesc_msgs/share/ament_index/resource_index/packages/vesc_msgs
[1.388s] -- Up-to-date: /home/bodlaire/Desktop/Work/Mocap/install/vesc_msgs/share/vesc_msgs/cmake/vesc_msgs__rosidl_generator_cExport.cmake
[1.388s] -- Up-to-date: /home/bodlaire/Desktop/Work/Mocap/install/vesc_msgs/share/vesc_msgs/cmake/vesc_msgs__rosidl_generator_cExport-noconfig.cmake
[1.388s] -- Up-to-date: /home/bodlaire/Desktop/Work/Mocap/install/vesc_msgs/share/vesc_msgs/cmake/vesc_msgs__rosidl_typesupport_introspection_cExport.cmake
[1.388s] -- Up-to-date: /home/bodlaire/Desktop/Work/Mocap/install/vesc_msgs/share/vesc_msgs/cmake/vesc_msgs__rosidl_typesupport_introspection_cExport-noconfig.cmake
[1.388s] -- Up-to-date: /home/bodlaire/Desktop/Work/Mocap/install/vesc_msgs/share/vesc_msgs/cmake/vesc_msgs__rosidl_typesupport_cExport.cmake
[1.388s] -- Up-to-date: /home/bodlaire/Desktop/Work/Mocap/install/vesc_msgs/share/vesc_msgs/cmake/vesc_msgs__rosidl_typesupport_cExport-noconfig.cmake
[1.388s] -- Up-to-date: /home/bodlaire/Desktop/Work/Mocap/install/vesc_msgs/share/vesc_msgs/cmake/vesc_msgs__rosidl_generator_cppExport.cmake
[1.388s] -- Up-to-date: /home/bodlaire/Desktop/Work/Mocap/install/vesc_msgs/share/vesc_msgs/cmake/vesc_msgs__rosidl_typesupport_introspection_cppExport.cmake
[1.388s] -- Up-to-date: /home/bodlaire/Desktop/Work/Mocap/install/vesc_msgs/share/vesc_msgs/cmake/vesc_msgs__rosidl_typesupport_introspection_cppExport-noconfig.cmake
[1.388s] -- Up-to-date: /home/bodlaire/Desktop/Work/Mocap/install/vesc_msgs/share/vesc_msgs/cmake/vesc_msgs__rosidl_typesupport_cppExport.cmake
[1.388s] -- Up-to-date: /home/bodlaire/Desktop/Work/Mocap/install/vesc_msgs/share/vesc_msgs/cmake/vesc_msgs__rosidl_typesupport_cppExport-noconfig.cmake
[1.389s] -- Up-to-date: /home/bodlaire/Desktop/Work/Mocap/install/vesc_msgs/share/vesc_msgs/cmake/rosidl_cmake-extras.cmake
[1.389s] -- Up-to-date: /home/bodlaire/Desktop/Work/Mocap/install/vesc_msgs/share/vesc_msgs/cmake/ament_cmake_export_dependencies-extras.cmake
[1.389s] -- Up-to-date: /home/bodlaire/Desktop/Work/Mocap/install/vesc_msgs/share/vesc_msgs/cmake/ament_cmake_export_libraries-extras.cmake
[1.389s] -- Up-to-date: /home/bodlaire/Desktop/Work/Mocap/install/vesc_msgs/share/vesc_msgs/cmake/ament_cmake_export_targets-extras.cmake
[1.389s] -- Up-to-date: /home/bodlaire/Desktop/Work/Mocap/install/vesc_msgs/share/vesc_msgs/cmake/ament_cmake_export_include_directories-extras.cmake
[1.389s] -- Up-to-date: /home/bodlaire/Desktop/Work/Mocap/install/vesc_msgs/share/vesc_msgs/cmake/rosidl_cmake_export_typesupport_libraries-extras.cmake
[1.389s] -- Up-to-date: /home/bodlaire/Desktop/Work/Mocap/install/vesc_msgs/share/vesc_msgs/cmake/rosidl_cmake_export_typesupport_targets-extras.cmake
[1.389s] -- Up-to-date: /home/bodlaire/Desktop/Work/Mocap/install/vesc_msgs/share/vesc_msgs/cmake/vesc_msgsConfig.cmake
[1.389s] -- Up-to-date: /home/bodlaire/Desktop/Work/Mocap/install/vesc_msgs/share/vesc_msgs/cmake/vesc_msgsConfig-version.cmake
[1.389s] -- Up-to-date: /home/bodlaire/Desktop/Work/Mocap/install/vesc_msgs/share/vesc_msgs/package.xml
[1.503s] Invoked command in '/home/bodlaire/Desktop/Work/Mocap/build/vesc_msgs' returned '0': CMAKE_PREFIX_PATH=${CMAKE_PREFIX_PATH}:/home/bodlaire/Desktop/Work/Mocap/install/vehicle_state_observer:/home/bodlaire/Desktop/Work/Mocap/install/mocap_pkg:/opt/ros/foxy /usr/bin/cmake --install /home/bodlaire/Desktop/Work/Mocap/build/vesc_msgs
