[0.556s] Invoking command in '/home/bodlaire/Desktop/Work/Mocap/build/vehicle_state_msgs': CMAKE_PREFIX_PATH=${CMAKE_PREFIX_PATH}:/home/bodlaire/Desktop/Work/Mocap/install/vehicle_state_observer:/home/bodlaire/Desktop/Work/Mocap/install/mocap_pkg:/opt/ros/foxy /usr/bin/cmake --build /home/bodlaire/Desktop/Work/Mocap/build/vehicle_state_msgs -- -j16 -l16
[0.806s] [  9%] Built target vehicle_state_msgs__rosidl_generator_c
[0.806s] [ 12%] Built target vehicle_state_msgs__cpp
[0.806s] [ 22%] Built target vehicle_state_msgs__rosidl_typesupport_c
[0.807s] [ 32%] Built target vehicle_state_msgs__rosidl_typesupport_introspection_cpp
[0.807s] [ 41%] Built target vehicle_state_msgs__rosidl_typesupport_cpp
[0.807s] [ 51%] Built target vehicle_state_msgs__rosidl_typesupport_introspection_c
[0.807s] [ 61%] Built target vehicle_state_msgs__rosidl_typesupport_fastrtps_cpp
[0.807s] [ 70%] Built target vehicle_state_msgs__rosidl_typesupport_fastrtps_c
[0.807s] [ 70%] Built target vehicle_state_msgs
[0.807s] [ 74%] Built target vehicle_state_msgs__py
[0.807s] [ 80%] Built target vehicle_state_msgs__python
[0.807s] [ 87%] Built target vehicle_state_msgs__rosidl_typesupport_c__pyext
[0.807s] [ 93%] Built target vehicle_state_msgs__rosidl_typesupport_fastrtps_c__pyext
[0.807s] [100%] Built target vehicle_state_msgs__rosidl_typesupport_introspection_c__pyext
[0.811s] Invoked command in '/home/bodlaire/Desktop/Work/Mocap/build/vehicle_state_msgs' returned '0': CMAKE_PREFIX_PATH=${CMAKE_PREFIX_PATH}:/home/bodlaire/Desktop/Work/Mocap/install/vehicle_state_observer:/home/bodlaire/Desktop/Work/Mocap/install/mocap_pkg:/opt/ros/foxy /usr/bin/cmake --build /home/bodlaire/Desktop/Work/Mocap/build/vehicle_state_msgs -- -j16 -l16
[0.852s] Invoking command in '/home/bodlaire/Desktop/Work/Mocap/build/vehicle_state_msgs': CMAKE_PREFIX_PATH=${CMAKE_PREFIX_PATH}:/home/bodlaire/Desktop/Work/Mocap/install/vehicle_state_observer:/home/bodlaire/Desktop/Work/Mocap/install/mocap_pkg:/opt/ros/foxy /usr/bin/cmake --install /home/bodlaire/Desktop/Work/Mocap/build/vehicle_state_msgs
[0.862s] -- Install configuration: ""
[0.862s] -- Up-to-date: /home/bodlaire/Desktop/Work/Mocap/install/vehicle_state_msgs/share/ament_index/resource_index/rosidl_interfaces/vehicle_state_msgs
[0.863s] -- Up-to-date: /home/bodlaire/Desktop/Work/Mocap/install/vehicle_state_msgs/include/vehicle_state_msgs
[0.863s] -- Up-to-date: /home/bodlaire/Desktop/Work/Mocap/install/vehicle_state_msgs/include/vehicle_state_msgs/msg
[0.863s] -- Up-to-date: /home/bodlaire/Desktop/Work/Mocap/install/vehicle_state_msgs/include/vehicle_state_msgs/msg/detail
[0.863s] -- Up-to-date: /home/bodlaire/Desktop/Work/Mocap/install/vehicle_state_msgs/include/vehicle_state_msgs/msg/detail/vehicle_state_stamped__struct.h
[0.863s] -- Up-to-date: /home/bodlaire/Desktop/Work/Mocap/install/vehicle_state_msgs/include/vehicle_state_msgs/msg/detail/input_value__type_support.h
[0.863s] -- Up-to-date: /home/bodlaire/Desktop/Work/Mocap/install/vehicle_state_msgs/include/vehicle_state_msgs/msg/detail/vehicle_state_stamped__functions.h
[0.863s] -- Up-to-date: /home/bodlaire/Desktop/Work/Mocap/install/vehicle_state_msgs/include/vehicle_state_msgs/msg/detail/input_value__struct.h
[0.864s] -- Up-to-date: /home/bodlaire/Desktop/Work/Mocap/install/vehicle_state_msgs/include/vehicle_state_msgs/msg/detail/vehicle_state_stamped__type_support.h
[0.864s] -- Up-to-date: /home/bodlaire/Desktop/Work/Mocap/install/vehicle_state_msgs/include/vehicle_state_msgs/msg/detail/vehicle_state_stamped__functions.c
[0.864s] -- Up-to-date: /home/bodlaire/Desktop/Work/Mocap/install/vehicle_state_msgs/include/vehicle_state_msgs/msg/detail/input_value__functions.h
[0.864s] -- Up-to-date: /home/bodlaire/Desktop/Work/Mocap/install/vehicle_state_msgs/include/vehicle_state_msgs/msg/detail/input_value__functions.c
[0.864s] -- Up-to-date: /home/bodlaire/Desktop/Work/Mocap/install/vehicle_state_msgs/include/vehicle_state_msgs/msg/input_value.h
[0.864s] -- Up-to-date: /home/bodlaire/Desktop/Work/Mocap/install/vehicle_state_msgs/include/vehicle_state_msgs/msg/rosidl_generator_c__visibility_control.h
[0.864s] -- Up-to-date: /home/bodlaire/Desktop/Work/Mocap/install/vehicle_state_msgs/include/vehicle_state_msgs/msg/vehicle_state_stamped.h
[0.864s] -- Up-to-date: /home/bodlaire/Desktop/Work/Mocap/install/vehicle_state_msgs/share/vehicle_state_msgs/environment/library_path.sh
[0.864s] -- Up-to-date: /home/bodlaire/Desktop/Work/Mocap/install/vehicle_state_msgs/share/vehicle_state_msgs/environment/library_path.dsv
[0.864s] -- Up-to-date: /home/bodlaire/Desktop/Work/Mocap/install/vehicle_state_msgs/lib/libvehicle_state_msgs__rosidl_generator_c.so
[0.865s] -- Up-to-date: /home/bodlaire/Desktop/Work/Mocap/install/vehicle_state_msgs/include/vehicle_state_msgs
[0.865s] -- Up-to-date: /home/bodlaire/Desktop/Work/Mocap/install/vehicle_state_msgs/include/vehicle_state_msgs/msg
[0.865s] -- Up-to-date: /home/bodlaire/Desktop/Work/Mocap/install/vehicle_state_msgs/include/vehicle_state_msgs/msg/detail
[0.865s] -- Up-to-date: /home/bodlaire/Desktop/Work/Mocap/install/vehicle_state_msgs/include/vehicle_state_msgs/msg/detail/input_value__rosidl_typesupport_fastrtps_c.h
[0.865s] -- Up-to-date: /home/bodlaire/Desktop/Work/Mocap/install/vehicle_state_msgs/include/vehicle_state_msgs/msg/detail/vehicle_state_stamped__rosidl_typesupport_fastrtps_c.h
[0.865s] -- Up-to-date: /home/bodlaire/Desktop/Work/Mocap/install/vehicle_state_msgs/include/vehicle_state_msgs/msg/rosidl_typesupport_fastrtps_c__visibility_control.h
[0.865s] -- Up-to-date: /home/bodlaire/Desktop/Work/Mocap/install/vehicle_state_msgs/lib/libvehicle_state_msgs__rosidl_typesupport_fastrtps_c.so
[0.866s] -- Up-to-date: /home/bodlaire/Desktop/Work/Mocap/install/vehicle_state_msgs/include/vehicle_state_msgs
[0.866s] -- Up-to-date: /home/bodlaire/Desktop/Work/Mocap/install/vehicle_state_msgs/include/vehicle_state_msgs/msg
[0.866s] -- Up-to-date: /home/bodlaire/Desktop/Work/Mocap/install/vehicle_state_msgs/include/vehicle_state_msgs/msg/detail
[0.866s] -- Up-to-date: /home/bodlaire/Desktop/Work/Mocap/install/vehicle_state_msgs/include/vehicle_state_msgs/msg/detail/vehicle_state_stamped__rosidl_typesupport_fastrtps_cpp.hpp
[0.866s] -- Up-to-date: /home/bodlaire/Desktop/Work/Mocap/install/vehicle_state_msgs/include/vehicle_state_msgs/msg/detail/input_value__rosidl_typesupport_fastrtps_cpp.hpp
[0.866s] -- Up-to-date: /home/bodlaire/Desktop/Work/Mocap/install/vehicle_state_msgs/include/vehicle_state_msgs/msg/detail/dds_fastrtps
[0.866s] -- Up-to-date: /home/bodlaire/Desktop/Work/Mocap/install/vehicle_state_msgs/include/vehicle_state_msgs/msg/rosidl_typesupport_fastrtps_cpp__visibility_control.h
[0.866s] -- Up-to-date: /home/bodlaire/Desktop/Work/Mocap/install/vehicle_state_msgs/lib/libvehicle_state_msgs__rosidl_typesupport_fastrtps_cpp.so
[0.866s] -- Up-to-date: /home/bodlaire/Desktop/Work/Mocap/install/vehicle_state_msgs/include/vehicle_state_msgs
[0.866s] -- Up-to-date: /home/bodlaire/Desktop/Work/Mocap/install/vehicle_state_msgs/include/vehicle_state_msgs/msg
[0.866s] -- Up-to-date: /home/bodlaire/Desktop/Work/Mocap/install/vehicle_state_msgs/include/vehicle_state_msgs/msg/detail
[0.866s] -- Up-to-date: /home/bodlaire/Desktop/Work/Mocap/install/vehicle_state_msgs/include/vehicle_state_msgs/msg/detail/vehicle_state_stamped__type_support.c
[0.866s] -- Up-to-date: /home/bodlaire/Desktop/Work/Mocap/install/vehicle_state_msgs/include/vehicle_state_msgs/msg/detail/input_value__rosidl_typesupport_introspection_c.h
[0.866s] -- Up-to-date: /home/bodlaire/Desktop/Work/Mocap/install/vehicle_state_msgs/include/vehicle_state_msgs/msg/detail/vehicle_state_stamped__rosidl_typesupport_introspection_c.h
[0.866s] -- Up-to-date: /home/bodlaire/Desktop/Work/Mocap/install/vehicle_state_msgs/include/vehicle_state_msgs/msg/detail/input_value__type_support.c
[0.866s] -- Up-to-date: /home/bodlaire/Desktop/Work/Mocap/install/vehicle_state_msgs/include/vehicle_state_msgs/msg/rosidl_typesupport_introspection_c__visibility_control.h
[0.867s] -- Up-to-date: /home/bodlaire/Desktop/Work/Mocap/install/vehicle_state_msgs/lib/libvehicle_state_msgs__rosidl_typesupport_introspection_c.so
[0.867s] -- Up-to-date: /home/bodlaire/Desktop/Work/Mocap/install/vehicle_state_msgs/lib/libvehicle_state_msgs__rosidl_typesupport_c.so
[0.867s] -- Up-to-date: /home/bodlaire/Desktop/Work/Mocap/install/vehicle_state_msgs/include/vehicle_state_msgs
[0.867s] -- Up-to-date: /home/bodlaire/Desktop/Work/Mocap/install/vehicle_state_msgs/include/vehicle_state_msgs/msg
[0.867s] -- Up-to-date: /home/bodlaire/Desktop/Work/Mocap/install/vehicle_state_msgs/include/vehicle_state_msgs/msg/rosidl_generator_cpp__visibility_control.hpp
[0.867s] -- Up-to-date: /home/bodlaire/Desktop/Work/Mocap/install/vehicle_state_msgs/include/vehicle_state_msgs/msg/detail
[0.867s] -- Up-to-date: /home/bodlaire/Desktop/Work/Mocap/install/vehicle_state_msgs/include/vehicle_state_msgs/msg/detail/vehicle_state_stamped__builder.hpp
[0.867s] -- Up-to-date: /home/bodlaire/Desktop/Work/Mocap/install/vehicle_state_msgs/include/vehicle_state_msgs/msg/detail/input_value__traits.hpp
[0.867s] -- Up-to-date: /home/bodlaire/Desktop/Work/Mocap/install/vehicle_state_msgs/include/vehicle_state_msgs/msg/detail/vehicle_state_stamped__traits.hpp
[0.867s] -- Up-to-date: /home/bodlaire/Desktop/Work/Mocap/install/vehicle_state_msgs/include/vehicle_state_msgs/msg/detail/input_value__struct.hpp
[0.867s] -- Up-to-date: /home/bodlaire/Desktop/Work/Mocap/install/vehicle_state_msgs/include/vehicle_state_msgs/msg/detail/vehicle_state_stamped__type_support.hpp
[0.867s] -- Up-to-date: /home/bodlaire/Desktop/Work/Mocap/install/vehicle_state_msgs/include/vehicle_state_msgs/msg/detail/input_value__builder.hpp
[0.867s] -- Up-to-date: /home/bodlaire/Desktop/Work/Mocap/install/vehicle_state_msgs/include/vehicle_state_msgs/msg/detail/input_value__type_support.hpp
[0.867s] -- Up-to-date: /home/bodlaire/Desktop/Work/Mocap/install/vehicle_state_msgs/include/vehicle_state_msgs/msg/detail/vehicle_state_stamped__struct.hpp
[0.867s] -- Up-to-date: /home/bodlaire/Desktop/Work/Mocap/install/vehicle_state_msgs/include/vehicle_state_msgs/msg/vehicle_state_stamped.hpp
[0.867s] -- Up-to-date: /home/bodlaire/Desktop/Work/Mocap/install/vehicle_state_msgs/include/vehicle_state_msgs/msg/input_value.hpp
[0.867s] -- Up-to-date: /home/bodlaire/Desktop/Work/Mocap/install/vehicle_state_msgs/include/vehicle_state_msgs
[0.868s] -- Up-to-date: /home/bodlaire/Desktop/Work/Mocap/install/vehicle_state_msgs/include/vehicle_state_msgs/msg
[0.868s] -- Up-to-date: /home/bodlaire/Desktop/Work/Mocap/install/vehicle_state_msgs/include/vehicle_state_msgs/msg/detail
[0.868s] -- Up-to-date: /home/bodlaire/Desktop/Work/Mocap/install/vehicle_state_msgs/include/vehicle_state_msgs/msg/detail/vehicle_state_stamped__type_support.cpp
[0.868s] -- Up-to-date: /home/bodlaire/Desktop/Work/Mocap/install/vehicle_state_msgs/include/vehicle_state_msgs/msg/detail/vehicle_state_stamped__rosidl_typesupport_introspection_cpp.hpp
[0.868s] -- Up-to-date: /home/bodlaire/Desktop/Work/Mocap/install/vehicle_state_msgs/include/vehicle_state_msgs/msg/detail/input_value__rosidl_typesupport_introspection_cpp.hpp
[0.868s] -- Up-to-date: /home/bodlaire/Desktop/Work/Mocap/install/vehicle_state_msgs/include/vehicle_state_msgs/msg/detail/input_value__type_support.cpp
[0.868s] -- Up-to-date: /home/bodlaire/Desktop/Work/Mocap/install/vehicle_state_msgs/lib/libvehicle_state_msgs__rosidl_typesupport_introspection_cpp.so
[0.868s] -- Up-to-date: /home/bodlaire/Desktop/Work/Mocap/install/vehicle_state_msgs/lib/libvehicle_state_msgs__rosidl_typesupport_cpp.so
[0.868s] -- Up-to-date: /home/bodlaire/Desktop/Work/Mocap/install/vehicle_state_msgs/share/vehicle_state_msgs/environment/pythonpath.sh
[0.868s] -- Up-to-date: /home/bodlaire/Desktop/Work/Mocap/install/vehicle_state_msgs/share/vehicle_state_msgs/environment/pythonpath.dsv
[0.868s] -- Up-to-date: /home/bodlaire/Desktop/Work/Mocap/install/vehicle_state_msgs/lib/python3.8/site-packages/vehicle_state_msgs/__init__.py
[0.899s] -- Up-to-date: /home/bodlaire/Desktop/Work/Mocap/install/vehicle_state_msgs/lib/python3.8/site-packages/vehicle_state_msgs/msg
[0.899s] -- Up-to-date: /home/bodlaire/Desktop/Work/Mocap/install/vehicle_state_msgs/lib/python3.8/site-packages/vehicle_state_msgs/msg/_input_value.py
[0.899s] -- Up-to-date: /home/bodlaire/Desktop/Work/Mocap/install/vehicle_state_msgs/lib/python3.8/site-packages/vehicle_state_msgs/msg/_vehicle_state_stamped_s.c
[0.899s] -- Up-to-date: /home/bodlaire/Desktop/Work/Mocap/install/vehicle_state_msgs/lib/python3.8/site-packages/vehicle_state_msgs/msg/__init__.py
[0.899s] -- Up-to-date: /home/bodlaire/Desktop/Work/Mocap/install/vehicle_state_msgs/lib/python3.8/site-packages/vehicle_state_msgs/msg/_input_value_s.c
[0.899s] -- Up-to-date: /home/bodlaire/Desktop/Work/Mocap/install/vehicle_state_msgs/lib/python3.8/site-packages/vehicle_state_msgs/msg/_vehicle_state_stamped.py
[0.900s] -- Up-to-date: /home/bodlaire/Desktop/Work/Mocap/install/vehicle_state_msgs/lib/python3.8/site-packages/vehicle_state_msgs/vehicle_state_msgs_s__rosidl_typesupport_fastrtps_c.cpython-38-x86_64-linux-gnu.so
[0.902s] -- Up-to-date: /home/bodlaire/Desktop/Work/Mocap/install/vehicle_state_msgs/lib/python3.8/site-packages/vehicle_state_msgs/vehicle_state_msgs_s__rosidl_typesupport_introspection_c.cpython-38-x86_64-linux-gnu.so
[0.903s] -- Up-to-date: /home/bodlaire/Desktop/Work/Mocap/install/vehicle_state_msgs/lib/python3.8/site-packages/vehicle_state_msgs/vehicle_state_msgs_s__rosidl_typesupport_c.cpython-38-x86_64-linux-gnu.so
[0.904s] -- Up-to-date: /home/bodlaire/Desktop/Work/Mocap/install/vehicle_state_msgs/lib/libvehicle_state_msgs__python.so
[0.905s] -- Up-to-date: /home/bodlaire/Desktop/Work/Mocap/install/vehicle_state_msgs/share/vehicle_state_msgs/msg/VehicleStateStamped.idl
[0.905s] -- Up-to-date: /home/bodlaire/Desktop/Work/Mocap/install/vehicle_state_msgs/share/vehicle_state_msgs/msg/VehicleStateStamped.msg
[0.905s] -- Up-to-date: /home/bodlaire/Desktop/Work/Mocap/install/vehicle_state_msgs/share/ament_index/resource_index/package_run_dependencies/vehicle_state_msgs
[0.905s] -- Up-to-date: /home/bodlaire/Desktop/Work/Mocap/install/vehicle_state_msgs/share/ament_index/resource_index/parent_prefix_path/vehicle_state_msgs
[0.906s] -- Up-to-date: /home/bodlaire/Desktop/Work/Mocap/install/vehicle_state_msgs/share/vehicle_state_msgs/environment/ament_prefix_path.sh
[0.906s] -- Up-to-date: /home/bodlaire/Desktop/Work/Mocap/install/vehicle_state_msgs/share/vehicle_state_msgs/environment/ament_prefix_path.dsv
[0.906s] -- Up-to-date: /home/bodlaire/Desktop/Work/Mocap/install/vehicle_state_msgs/share/vehicle_state_msgs/environment/path.sh
[0.907s] -- Up-to-date: /home/bodlaire/Desktop/Work/Mocap/install/vehicle_state_msgs/share/vehicle_state_msgs/environment/path.dsv
[0.908s] -- Up-to-date: /home/bodlaire/Desktop/Work/Mocap/install/vehicle_state_msgs/share/vehicle_state_msgs/local_setup.bash
[0.909s] -- Up-to-date: /home/bodlaire/Desktop/Work/Mocap/install/vehicle_state_msgs/share/vehicle_state_msgs/local_setup.sh
[0.909s] -- Up-to-date: /home/bodlaire/Desktop/Work/Mocap/install/vehicle_state_msgs/share/vehicle_state_msgs/local_setup.zsh
[0.909s] -- Up-to-date: /home/bodlaire/Desktop/Work/Mocap/install/vehicle_state_msgs/share/vehicle_state_msgs/local_setup.dsv
[0.909s] -- Installing: /home/bodlaire/Desktop/Work/Mocap/install/vehicle_state_msgs/share/vehicle_state_msgs/package.dsv
[0.914s] -- Up-to-date: /home/bodlaire/Desktop/Work/Mocap/install/vehicle_state_msgs/share/ament_index/resource_index/packages/vehicle_state_msgs
[0.914s] -- Up-to-date: /home/bodlaire/Desktop/Work/Mocap/install/vehicle_state_msgs/share/vehicle_state_msgs/cmake/vehicle_state_msgs__rosidl_generator_cExport.cmake
[0.916s] -- Up-to-date: /home/bodlaire/Desktop/Work/Mocap/install/vehicle_state_msgs/share/vehicle_state_msgs/cmake/vehicle_state_msgs__rosidl_generator_cExport-noconfig.cmake
[0.916s] -- Up-to-date: /home/bodlaire/Desktop/Work/Mocap/install/vehicle_state_msgs/share/vehicle_state_msgs/cmake/vehicle_state_msgs__rosidl_typesupport_introspection_cExport.cmake
[0.916s] -- Up-to-date: /home/bodlaire/Desktop/Work/Mocap/install/vehicle_state_msgs/share/vehicle_state_msgs/cmake/vehicle_state_msgs__rosidl_typesupport_introspection_cExport-noconfig.cmake
[0.917s] -- Up-to-date: /home/bodlaire/Desktop/Work/Mocap/install/vehicle_state_msgs/share/vehicle_state_msgs/cmake/vehicle_state_msgs__rosidl_typesupport_cExport.cmake
[0.917s] -- Up-to-date: /home/bodlaire/Desktop/Work/Mocap/install/vehicle_state_msgs/share/vehicle_state_msgs/cmake/vehicle_state_msgs__rosidl_typesupport_cExport-noconfig.cmake
[0.917s] -- Up-to-date: /home/bodlaire/Desktop/Work/Mocap/install/vehicle_state_msgs/share/vehicle_state_msgs/cmake/vehicle_state_msgs__rosidl_generator_cppExport.cmake
[0.918s] -- Up-to-date: /home/bodlaire/Desktop/Work/Mocap/install/vehicle_state_msgs/share/vehicle_state_msgs/cmake/vehicle_state_msgs__rosidl_typesupport_introspection_cppExport.cmake
[0.918s] -- Up-to-date: /home/bodlaire/Desktop/Work/Mocap/install/vehicle_state_msgs/share/vehicle_state_msgs/cmake/vehicle_state_msgs__rosidl_typesupport_introspection_cppExport-noconfig.cmake
[0.918s] -- Up-to-date: /home/bodlaire/Desktop/Work/Mocap/install/vehicle_state_msgs/share/vehicle_state_msgs/cmake/vehicle_state_msgs__rosidl_typesupport_cppExport.cmake
[0.918s] -- Up-to-date: /home/bodlaire/Desktop/Work/Mocap/install/vehicle_state_msgs/share/vehicle_state_msgs/cmake/vehicle_state_msgs__rosidl_typesupport_cppExport-noconfig.cmake
[0.919s] -- Up-to-date: /home/bodlaire/Desktop/Work/Mocap/install/vehicle_state_msgs/share/vehicle_state_msgs/cmake/rosidl_cmake-extras.cmake
[0.919s] -- Up-to-date: /home/bodlaire/Desktop/Work/Mocap/install/vehicle_state_msgs/share/vehicle_state_msgs/cmake/ament_cmake_export_dependencies-extras.cmake
[0.919s] -- Up-to-date: /home/bodlaire/Desktop/Work/Mocap/install/vehicle_state_msgs/share/vehicle_state_msgs/cmake/ament_cmake_export_libraries-extras.cmake
[0.919s] -- Up-to-date: /home/bodlaire/Desktop/Work/Mocap/install/vehicle_state_msgs/share/vehicle_state_msgs/cmake/ament_cmake_export_targets-extras.cmake
[0.920s] -- Up-to-date: /home/bodlaire/Desktop/Work/Mocap/install/vehicle_state_msgs/share/vehicle_state_msgs/cmake/ament_cmake_export_include_directories-extras.cmake
[0.920s] -- Up-to-date: /home/bodlaire/Desktop/Work/Mocap/install/vehicle_state_msgs/share/vehicle_state_msgs/cmake/rosidl_cmake_export_typesupport_libraries-extras.cmake
[0.920s] -- Up-to-date: /home/bodlaire/Desktop/Work/Mocap/install/vehicle_state_msgs/share/vehicle_state_msgs/cmake/rosidl_cmake_export_typesupport_targets-extras.cmake
[0.920s] -- Up-to-date: /home/bodlaire/Desktop/Work/Mocap/install/vehicle_state_msgs/share/vehicle_state_msgs/cmake/vehicle_state_msgsConfig.cmake
[0.920s] -- Up-to-date: /home/bodlaire/Desktop/Work/Mocap/install/vehicle_state_msgs/share/vehicle_state_msgs/cmake/vehicle_state_msgsConfig-version.cmake
[0.921s] -- Up-to-date: /home/bodlaire/Desktop/Work/Mocap/install/vehicle_state_msgs/share/vehicle_state_msgs/package.xml
[1.154s] Invoked command in '/home/bodlaire/Desktop/Work/Mocap/build/vehicle_state_msgs' returned '0': CMAKE_PREFIX_PATH=${CMAKE_PREFIX_PATH}:/home/bodlaire/Desktop/Work/Mocap/install/vehicle_state_observer:/home/bodlaire/Desktop/Work/Mocap/install/mocap_pkg:/opt/ros/foxy /usr/bin/cmake --install /home/bodlaire/Desktop/Work/Mocap/build/vehicle_state_msgs
