[0.634s] Invoking command in '/home/bodlaire/Desktop/Work/Mocap/build/vesc_msgs': CMAKE_PREFIX_PATH=${CMAKE_PREFIX_PATH}:/home/bodlaire/Desktop/Work/Mocap/install/vehicle_state_observer:/home/bodlaire/Desktop/Work/Mocap/install/mocap_pkg:/opt/ros/foxy /usr/bin/cmake --build /home/bodlaire/Desktop/Work/Mocap/build/vesc_msgs -- -j16 -l16
[0.669s] [  1%] Built target vesc_msgs__cpp
[0.672s] [ 12%] Built target vesc_msgs__rosidl_generator_c
[0.688s] [ 23%] Built target vesc_msgs__rosidl_typesupport_cpp
[0.688s] [ 43%] Built target vesc_msgs__rosidl_typesupport_introspection_cpp
[0.688s] [ 45%] Built target vesc_msgs__rosidl_typesupport_c
[0.690s] [ 56%] Built target vesc_msgs__rosidl_typesupport_introspection_c
[0.692s] [ 67%] Built target vesc_msgs__rosidl_typesupport_fastrtps_cpp
[0.726s] [ 78%] Built target vesc_msgs__rosidl_typesupport_fastrtps_c
[0.743s] [ 78%] Built target vesc_msgs
[0.764s] [ 80%] Built target vesc_msgs__py
[0.796s] [ 89%] Built target vesc_msgs__python
[0.815s] [ 92%] Built target vesc_msgs__rosidl_typesupport_c__pyext
[0.821s] [ 96%] Built target vesc_msgs__rosidl_typesupport_introspection_c__pyext
[0.826s] [100%] Built target vesc_msgs__rosidl_typesupport_fastrtps_c__pyext
[0.980s] Invoked command in '/home/bodlaire/Desktop/Work/Mocap/build/vesc_msgs' returned '0': CMAKE_PREFIX_PATH=${CMAKE_PREFIX_PATH}:/home/bodlaire/Desktop/Work/Mocap/install/vehicle_state_observer:/home/bodlaire/Desktop/Work/Mocap/install/mocap_pkg:/opt/ros/foxy /usr/bin/cmake --build /home/bodlaire/Desktop/Work/Mocap/build/vesc_msgs -- -j16 -l16
[1.410s] Invoking command in '/home/bodlaire/Desktop/Work/Mocap/build/vesc_msgs': CMAKE_PREFIX_PATH=${CMAKE_PREFIX_PATH}:/home/bodlaire/Desktop/Work/Mocap/install/vehicle_state_observer:/home/bodlaire/Desktop/Work/Mocap/install/mocap_pkg:/opt/ros/foxy /usr/bin/cmake --install /home/bodlaire/Desktop/Work/Mocap/build/vesc_msgs
[1.563s] -- Install configuration: ""
[1.563s] -- Up-to-date: /home/bodlaire/Desktop/Work/Mocap/install/vesc_msgs/share/ament_index/resource_index/rosidl_interfaces/vesc_msgs
[1.563s] -- Up-to-date: /home/bodlaire/Desktop/Work/Mocap/install/vesc_msgs/include/vesc_msgs
[1.563s] -- Up-to-date: /home/bodlaire/Desktop/Work/Mocap/install/vesc_msgs/include/vesc_msgs/msg
[1.563s] -- Up-to-date: /home/bodlaire/Desktop/Work/Mocap/install/vesc_msgs/include/vesc_msgs/msg/vesc_state.h
[1.563s] -- Up-to-date: /home/bodlaire/Desktop/Work/Mocap/install/vesc_msgs/include/vesc_msgs/msg/detail
[1.564s] -- Up-to-date: /home/bodlaire/Desktop/Work/Mocap/install/vesc_msgs/include/vesc_msgs/msg/detail/vesc_state_stamped__struct.h
[1.565s] -- Up-to-date: /home/bodlaire/Desktop/Work/Mocap/install/vesc_msgs/include/vesc_msgs/msg/detail/vesc_imu_stamped__type_support.h
[1.565s] -- Up-to-date: /home/bodlaire/Desktop/Work/Mocap/install/vesc_msgs/include/vesc_msgs/msg/detail/vesc_state__functions.c
[1.565s] -- Up-to-date: /home/bodlaire/Desktop/Work/Mocap/install/vesc_msgs/include/vesc_msgs/msg/detail/vesc_imu__functions.c
[1.565s] -- Up-to-date: /home/bodlaire/Desktop/Work/Mocap/install/vesc_msgs/include/vesc_msgs/msg/detail/vesc_state_stamped__functions.h
[1.565s] -- Up-to-date: /home/bodlaire/Desktop/Work/Mocap/install/vesc_msgs/include/vesc_msgs/msg/detail/vesc_imu_stamped__functions.h
[1.566s] -- Up-to-date: /home/bodlaire/Desktop/Work/Mocap/install/vesc_msgs/include/vesc_msgs/msg/detail/vesc_imu__type_support.h
[1.566s] -- Up-to-date: /home/bodlaire/Desktop/Work/Mocap/install/vesc_msgs/include/vesc_msgs/msg/detail/vesc_state_stamped__type_support.h
[1.567s] -- Up-to-date: /home/bodlaire/Desktop/Work/Mocap/install/vesc_msgs/include/vesc_msgs/msg/detail/vesc_state__functions.h
[1.567s] -- Up-to-date: /home/bodlaire/Desktop/Work/Mocap/install/vesc_msgs/include/vesc_msgs/msg/detail/vesc_imu_stamped__struct.h
[1.568s] -- Up-to-date: /home/bodlaire/Desktop/Work/Mocap/install/vesc_msgs/include/vesc_msgs/msg/detail/vesc_state_stamped__functions.c
[1.568s] -- Up-to-date: /home/bodlaire/Desktop/Work/Mocap/install/vesc_msgs/include/vesc_msgs/msg/detail/vesc_imu_stamped__functions.c
[1.568s] -- Up-to-date: /home/bodlaire/Desktop/Work/Mocap/install/vesc_msgs/include/vesc_msgs/msg/detail/vesc_imu__struct.h
[1.569s] -- Up-to-date: /home/bodlaire/Desktop/Work/Mocap/install/vesc_msgs/include/vesc_msgs/msg/detail/vesc_state__type_support.h
[1.569s] -- Up-to-date: /home/bodlaire/Desktop/Work/Mocap/install/vesc_msgs/include/vesc_msgs/msg/detail/vesc_imu__functions.h
[1.569s] -- Up-to-date: /home/bodlaire/Desktop/Work/Mocap/install/vesc_msgs/include/vesc_msgs/msg/detail/vesc_state__struct.h
[1.570s] -- Up-to-date: /home/bodlaire/Desktop/Work/Mocap/install/vesc_msgs/include/vesc_msgs/msg/rosidl_generator_c__visibility_control.h
[1.570s] -- Up-to-date: /home/bodlaire/Desktop/Work/Mocap/install/vesc_msgs/include/vesc_msgs/msg/vesc_imu.h
[1.570s] -- Up-to-date: /home/bodlaire/Desktop/Work/Mocap/install/vesc_msgs/include/vesc_msgs/msg/vesc_imu_stamped.h
[1.571s] -- Up-to-date: /home/bodlaire/Desktop/Work/Mocap/install/vesc_msgs/include/vesc_msgs/msg/vesc_state_stamped.h
[1.571s] -- Up-to-date: /home/bodlaire/Desktop/Work/Mocap/install/vesc_msgs/share/vesc_msgs/environment/library_path.sh
[1.571s] -- Up-to-date: /home/bodlaire/Desktop/Work/Mocap/install/vesc_msgs/share/vesc_msgs/environment/library_path.dsv
[1.571s] -- Up-to-date: /home/bodlaire/Desktop/Work/Mocap/install/vesc_msgs/lib/libvesc_msgs__rosidl_generator_c.so
[1.572s] -- Up-to-date: /home/bodlaire/Desktop/Work/Mocap/install/vesc_msgs/include/vesc_msgs
[1.572s] -- Up-to-date: /home/bodlaire/Desktop/Work/Mocap/install/vesc_msgs/include/vesc_msgs/msg
[1.572s] -- Up-to-date: /home/bodlaire/Desktop/Work/Mocap/install/vesc_msgs/include/vesc_msgs/msg/detail
[1.572s] -- Up-to-date: /home/bodlaire/Desktop/Work/Mocap/install/vesc_msgs/include/vesc_msgs/msg/detail/vesc_imu_stamped__rosidl_typesupport_fastrtps_c.h
[1.573s] -- Up-to-date: /home/bodlaire/Desktop/Work/Mocap/install/vesc_msgs/include/vesc_msgs/msg/detail/vesc_imu__rosidl_typesupport_fastrtps_c.h
[1.573s] -- Up-to-date: /home/bodlaire/Desktop/Work/Mocap/install/vesc_msgs/include/vesc_msgs/msg/detail/vesc_state_stamped__rosidl_typesupport_fastrtps_c.h
[1.573s] -- Up-to-date: /home/bodlaire/Desktop/Work/Mocap/install/vesc_msgs/include/vesc_msgs/msg/detail/vesc_state__rosidl_typesupport_fastrtps_c.h
[1.573s] -- Up-to-date: /home/bodlaire/Desktop/Work/Mocap/install/vesc_msgs/include/vesc_msgs/msg/rosidl_typesupport_fastrtps_c__visibility_control.h
[1.574s] -- Up-to-date: /home/bodlaire/Desktop/Work/Mocap/install/vesc_msgs/lib/libvesc_msgs__rosidl_typesupport_fastrtps_c.so
[1.574s] -- Up-to-date: /home/bodlaire/Desktop/Work/Mocap/install/vesc_msgs/include/vesc_msgs
[1.574s] -- Up-to-date: /home/bodlaire/Desktop/Work/Mocap/install/vesc_msgs/include/vesc_msgs/msg
[1.574s] -- Up-to-date: /home/bodlaire/Desktop/Work/Mocap/install/vesc_msgs/include/vesc_msgs/msg/detail
[1.575s] -- Up-to-date: /home/bodlaire/Desktop/Work/Mocap/install/vesc_msgs/include/vesc_msgs/msg/detail/vesc_imu_stamped__rosidl_typesupport_fastrtps_cpp.hpp
[1.575s] -- Up-to-date: /home/bodlaire/Desktop/Work/Mocap/install/vesc_msgs/include/vesc_msgs/msg/detail/vesc_state_stamped__rosidl_typesupport_fastrtps_cpp.hpp
[1.575s] -- Up-to-date: /home/bodlaire/Desktop/Work/Mocap/install/vesc_msgs/include/vesc_msgs/msg/detail/vesc_state__rosidl_typesupport_fastrtps_cpp.hpp
[1.575s] -- Up-to-date: /home/bodlaire/Desktop/Work/Mocap/install/vesc_msgs/include/vesc_msgs/msg/detail/dds_fastrtps
[1.575s] -- Up-to-date: /home/bodlaire/Desktop/Work/Mocap/install/vesc_msgs/include/vesc_msgs/msg/detail/vesc_imu__rosidl_typesupport_fastrtps_cpp.hpp
[1.575s] -- Up-to-date: /home/bodlaire/Desktop/Work/Mocap/install/vesc_msgs/include/vesc_msgs/msg/rosidl_typesupport_fastrtps_cpp__visibility_control.h
[1.575s] -- Up-to-date: /home/bodlaire/Desktop/Work/Mocap/install/vesc_msgs/lib/libvesc_msgs__rosidl_typesupport_fastrtps_cpp.so
[1.575s] -- Up-to-date: /home/bodlaire/Desktop/Work/Mocap/install/vesc_msgs/include/vesc_msgs
[1.575s] -- Up-to-date: /home/bodlaire/Desktop/Work/Mocap/install/vesc_msgs/include/vesc_msgs/msg
[1.575s] -- Up-to-date: /home/bodlaire/Desktop/Work/Mocap/install/vesc_msgs/include/vesc_msgs/msg/detail
[1.575s] -- Up-to-date: /home/bodlaire/Desktop/Work/Mocap/install/vesc_msgs/include/vesc_msgs/msg/detail/vesc_state__type_support.c
[1.575s] -- Up-to-date: /home/bodlaire/Desktop/Work/Mocap/install/vesc_msgs/include/vesc_msgs/msg/detail/vesc_imu_stamped__type_support.c
[1.575s] -- Up-to-date: /home/bodlaire/Desktop/Work/Mocap/install/vesc_msgs/include/vesc_msgs/msg/detail/vesc_imu__rosidl_typesupport_introspection_c.h
[1.575s] -- Up-to-date: /home/bodlaire/Desktop/Work/Mocap/install/vesc_msgs/include/vesc_msgs/msg/detail/vesc_imu__type_support.c
[1.575s] -- Up-to-date: /home/bodlaire/Desktop/Work/Mocap/install/vesc_msgs/include/vesc_msgs/msg/detail/vesc_state__rosidl_typesupport_introspection_c.h
[1.576s] -- Up-to-date: /home/bodlaire/Desktop/Work/Mocap/install/vesc_msgs/include/vesc_msgs/msg/detail/vesc_state_stamped__type_support.c
[1.576s] -- Up-to-date: /home/bodlaire/Desktop/Work/Mocap/install/vesc_msgs/include/vesc_msgs/msg/detail/vesc_state_stamped__rosidl_typesupport_introspection_c.h
[1.576s] -- Up-to-date: /home/bodlaire/Desktop/Work/Mocap/install/vesc_msgs/include/vesc_msgs/msg/detail/vesc_imu_stamped__rosidl_typesupport_introspection_c.h
[1.576s] -- Up-to-date: /home/bodlaire/Desktop/Work/Mocap/install/vesc_msgs/include/vesc_msgs/msg/rosidl_typesupport_introspection_c__visibility_control.h
[1.576s] -- Up-to-date: /home/bodlaire/Desktop/Work/Mocap/install/vesc_msgs/lib/libvesc_msgs__rosidl_typesupport_introspection_c.so
[1.576s] -- Up-to-date: /home/bodlaire/Desktop/Work/Mocap/install/vesc_msgs/lib/libvesc_msgs__rosidl_typesupport_c.so
[1.576s] -- Up-to-date: /home/bodlaire/Desktop/Work/Mocap/install/vesc_msgs/include/vesc_msgs
[1.576s] -- Up-to-date: /home/bodlaire/Desktop/Work/Mocap/install/vesc_msgs/include/vesc_msgs/msg
[1.576s] -- Up-to-date: /home/bodlaire/Desktop/Work/Mocap/install/vesc_msgs/include/vesc_msgs/msg/rosidl_generator_cpp__visibility_control.hpp
[1.576s] -- Up-to-date: /home/bodlaire/Desktop/Work/Mocap/install/vesc_msgs/include/vesc_msgs/msg/detail
[1.576s] -- Up-to-date: /home/bodlaire/Desktop/Work/Mocap/install/vesc_msgs/include/vesc_msgs/msg/detail/vesc_imu__struct.hpp
[1.576s] -- Up-to-date: /home/bodlaire/Desktop/Work/Mocap/install/vesc_msgs/include/vesc_msgs/msg/detail/vesc_state_stamped__type_support.hpp
[1.576s] -- Up-to-date: /home/bodlaire/Desktop/Work/Mocap/install/vesc_msgs/include/vesc_msgs/msg/detail/vesc_state__traits.hpp
[1.576s] -- Up-to-date: /home/bodlaire/Desktop/Work/Mocap/install/vesc_msgs/include/vesc_msgs/msg/detail/vesc_imu_stamped__type_support.hpp
[1.576s] -- Up-to-date: /home/bodlaire/Desktop/Work/Mocap/install/vesc_msgs/include/vesc_msgs/msg/detail/vesc_imu__builder.hpp
[1.576s] -- Up-to-date: /home/bodlaire/Desktop/Work/Mocap/install/vesc_msgs/include/vesc_msgs/msg/detail/vesc_imu_stamped__struct.hpp
[1.576s] -- Up-to-date: /home/bodlaire/Desktop/Work/Mocap/install/vesc_msgs/include/vesc_msgs/msg/detail/vesc_imu__type_support.hpp
[1.577s] -- Up-to-date: /home/bodlaire/Desktop/Work/Mocap/install/vesc_msgs/include/vesc_msgs/msg/detail/vesc_state_stamped__struct.hpp
[1.577s] -- Up-to-date: /home/bodlaire/Desktop/Work/Mocap/install/vesc_msgs/include/vesc_msgs/msg/detail/vesc_imu_stamped__traits.hpp
[1.577s] -- Up-to-date: /home/bodlaire/Desktop/Work/Mocap/install/vesc_msgs/include/vesc_msgs/msg/detail/vesc_state__struct.hpp
[1.577s] -- Up-to-date: /home/bodlaire/Desktop/Work/Mocap/install/vesc_msgs/include/vesc_msgs/msg/detail/vesc_imu_stamped__builder.hpp
[1.577s] -- Up-to-date: /home/bodlaire/Desktop/Work/Mocap/install/vesc_msgs/include/vesc_msgs/msg/detail/vesc_imu__traits.hpp
[1.577s] -- Up-to-date: /home/bodlaire/Desktop/Work/Mocap/install/vesc_msgs/include/vesc_msgs/msg/detail/vesc_state_stamped__builder.hpp
[1.577s] -- Up-to-date: /home/bodlaire/Desktop/Work/Mocap/install/vesc_msgs/include/vesc_msgs/msg/detail/vesc_state__type_support.hpp
[1.577s] -- Up-to-date: /home/bodlaire/Desktop/Work/Mocap/install/vesc_msgs/include/vesc_msgs/msg/detail/vesc_state__builder.hpp
[1.577s] -- Up-to-date: /home/bodlaire/Desktop/Work/Mocap/install/vesc_msgs/include/vesc_msgs/msg/detail/vesc_state_stamped__traits.hpp
[1.577s] -- Up-to-date: /home/bodlaire/Desktop/Work/Mocap/install/vesc_msgs/include/vesc_msgs/msg/vesc_imu_stamped.hpp
[1.578s] -- Up-to-date: /home/bodlaire/Desktop/Work/Mocap/install/vesc_msgs/include/vesc_msgs/msg/vesc_state.hpp
[1.578s] -- Up-to-date: /home/bodlaire/Desktop/Work/Mocap/install/vesc_msgs/include/vesc_msgs/msg/vesc_state_stamped.hpp
[1.578s] -- Up-to-date: /home/bodlaire/Desktop/Work/Mocap/install/vesc_msgs/include/vesc_msgs/msg/vesc_imu.hpp
[1.578s] -- Up-to-date: /home/bodlaire/Desktop/Work/Mocap/install/vesc_msgs/include/vesc_msgs
[1.579s] -- Up-to-date: /home/bodlaire/Desktop/Work/Mocap/install/vesc_msgs/include/vesc_msgs/msg
[1.579s] -- Up-to-date: /home/bodlaire/Desktop/Work/Mocap/install/vesc_msgs/include/vesc_msgs/msg/detail
[1.579s] -- Up-to-date: /home/bodlaire/Desktop/Work/Mocap/install/vesc_msgs/include/vesc_msgs/msg/detail/vesc_imu_stamped__type_support.cpp
[1.580s] -- Up-to-date: /home/bodlaire/Desktop/Work/Mocap/install/vesc_msgs/include/vesc_msgs/msg/detail/vesc_state__type_support.cpp
[1.580s] -- Up-to-date: /home/bodlaire/Desktop/Work/Mocap/install/vesc_msgs/include/vesc_msgs/msg/detail/vesc_state__rosidl_typesupport_introspection_cpp.hpp
[1.580s] -- Up-to-date: /home/bodlaire/Desktop/Work/Mocap/install/vesc_msgs/include/vesc_msgs/msg/detail/vesc_state_stamped__rosidl_typesupport_introspection_cpp.hpp
[1.580s] -- Up-to-date: /home/bodlaire/Desktop/Work/Mocap/install/vesc_msgs/include/vesc_msgs/msg/detail/vesc_state_stamped__type_support.cpp
[1.580s] -- Up-to-date: /home/bodlaire/Desktop/Work/Mocap/install/vesc_msgs/include/vesc_msgs/msg/detail/vesc_imu__type_support.cpp
[1.581s] -- Up-to-date: /home/bodlaire/Desktop/Work/Mocap/install/vesc_msgs/include/vesc_msgs/msg/detail/vesc_imu_stamped__rosidl_typesupport_introspection_cpp.hpp
[1.581s] -- Up-to-date: /home/bodlaire/Desktop/Work/Mocap/install/vesc_msgs/include/vesc_msgs/msg/detail/vesc_imu__rosidl_typesupport_introspection_cpp.hpp
[1.581s] -- Up-to-date: /home/bodlaire/Desktop/Work/Mocap/install/vesc_msgs/lib/libvesc_msgs__rosidl_typesupport_introspection_cpp.so
[1.581s] -- Up-to-date: /home/bodlaire/Desktop/Work/Mocap/install/vesc_msgs/lib/libvesc_msgs__rosidl_typesupport_cpp.so
[1.582s] -- Up-to-date: /home/bodlaire/Desktop/Work/Mocap/install/vesc_msgs/share/vesc_msgs/environment/pythonpath.sh
[1.582s] -- Up-to-date: /home/bodlaire/Desktop/Work/Mocap/install/vesc_msgs/share/vesc_msgs/environment/pythonpath.dsv
[1.582s] -- Up-to-date: /home/bodlaire/Desktop/Work/Mocap/install/vesc_msgs/lib/python3.8/site-packages/vesc_msgs/__init__.py
[1.582s] -- Up-to-date: /home/bodlaire/Desktop/Work/Mocap/install/vesc_msgs/lib/python3.8/site-packages/vesc_msgs/msg
[1.582s] -- Up-to-date: /home/bodlaire/Desktop/Work/Mocap/install/vesc_msgs/lib/python3.8/site-packages/vesc_msgs/msg/_vesc_state_s.c
[1.582s] -- Up-to-date: /home/bodlaire/Desktop/Work/Mocap/install/vesc_msgs/lib/python3.8/site-packages/vesc_msgs/msg/_vesc_state_stamped_s.c
[1.582s] -- Up-to-date: /home/bodlaire/Desktop/Work/Mocap/install/vesc_msgs/lib/python3.8/site-packages/vesc_msgs/msg/_vesc_imu.py
[1.582s] -- Up-to-date: /home/bodlaire/Desktop/Work/Mocap/install/vesc_msgs/lib/python3.8/site-packages/vesc_msgs/msg/_vesc_state.py
[1.582s] -- Up-to-date: /home/bodlaire/Desktop/Work/Mocap/install/vesc_msgs/lib/python3.8/site-packages/vesc_msgs/msg/_vesc_state_stamped.py
[1.582s] -- Up-to-date: /home/bodlaire/Desktop/Work/Mocap/install/vesc_msgs/lib/python3.8/site-packages/vesc_msgs/msg/_vesc_imu_s.c
[1.583s] -- Up-to-date: /home/bodlaire/Desktop/Work/Mocap/install/vesc_msgs/lib/python3.8/site-packages/vesc_msgs/msg/_vesc_imu_stamped_s.c
[1.583s] -- Up-to-date: /home/bodlaire/Desktop/Work/Mocap/install/vesc_msgs/lib/python3.8/site-packages/vesc_msgs/msg/__init__.py
[1.583s] -- Up-to-date: /home/bodlaire/Desktop/Work/Mocap/install/vesc_msgs/lib/python3.8/site-packages/vesc_msgs/msg/_vesc_imu_stamped.py
[1.583s] -- Up-to-date: /home/bodlaire/Desktop/Work/Mocap/install/vesc_msgs/lib/python3.8/site-packages/vesc_msgs/vesc_msgs_s__rosidl_typesupport_fastrtps_c.cpython-38-x86_64-linux-gnu.so
[1.584s] -- Up-to-date: /home/bodlaire/Desktop/Work/Mocap/install/vesc_msgs/lib/python3.8/site-packages/vesc_msgs/vesc_msgs_s__rosidl_typesupport_introspection_c.cpython-38-x86_64-linux-gnu.so
[1.584s] -- Up-to-date: /home/bodlaire/Desktop/Work/Mocap/install/vesc_msgs/lib/python3.8/site-packages/vesc_msgs/vesc_msgs_s__rosidl_typesupport_c.cpython-38-x86_64-linux-gnu.so
[1.584s] -- Up-to-date: /home/bodlaire/Desktop/Work/Mocap/install/vesc_msgs/lib/libvesc_msgs__python.so
[1.584s] -- Up-to-date: /home/bodlaire/Desktop/Work/Mocap/install/vesc_msgs/share/vesc_msgs/msg/VescState.idl
[1.584s] -- Up-to-date: /home/bodlaire/Desktop/Work/Mocap/install/vesc_msgs/share/vesc_msgs/msg/VescStateStamped.idl
[1.584s] -- Up-to-date: /home/bodlaire/Desktop/Work/Mocap/install/vesc_msgs/share/vesc_msgs/msg/VescImu.idl
[1.584s] -- Up-to-date: /home/bodlaire/Desktop/Work/Mocap/install/vesc_msgs/share/vesc_msgs/msg/VescImuStamped.idl
[1.584s] -- Up-to-date: /home/bodlaire/Desktop/Work/Mocap/install/vesc_msgs/share/vesc_msgs/msg/VescState.msg
[1.584s] -- Up-to-date: /home/bodlaire/Desktop/Work/Mocap/install/vesc_msgs/share/vesc_msgs/msg/VescStateStamped.msg
[1.584s] -- Up-to-date: /home/bodlaire/Desktop/Work/Mocap/install/vesc_msgs/share/vesc_msgs/msg/VescImu.msg
[1.584s] -- Up-to-date: /home/bodlaire/Desktop/Work/Mocap/install/vesc_msgs/share/vesc_msgs/msg/VescImuStamped.msg
[1.584s] -- Up-to-date: /home/bodlaire/Desktop/Work/Mocap/install/vesc_msgs/share/ament_index/resource_index/package_run_dependencies/vesc_msgs
[1.584s] -- Up-to-date: /home/bodlaire/Desktop/Work/Mocap/install/vesc_msgs/share/ament_index/resource_index/parent_prefix_path/vesc_msgs
[1.584s] -- Up-to-date: /home/bodlaire/Desktop/Work/Mocap/install/vesc_msgs/share/vesc_msgs/environment/ament_prefix_path.sh
[1.584s] -- Up-to-date: /home/bodlaire/Desktop/Work/Mocap/install/vesc_msgs/share/vesc_msgs/environment/ament_prefix_path.dsv
[1.584s] -- Up-to-date: /home/bodlaire/Desktop/Work/Mocap/install/vesc_msgs/share/vesc_msgs/environment/path.sh
[1.584s] -- Up-to-date: /home/bodlaire/Desktop/Work/Mocap/install/vesc_msgs/share/vesc_msgs/environment/path.dsv
[1.585s] -- Up-to-date: /home/bodlaire/Desktop/Work/Mocap/install/vesc_msgs/share/vesc_msgs/local_setup.bash
[1.585s] -- Up-to-date: /home/bodlaire/Desktop/Work/Mocap/install/vesc_msgs/share/vesc_msgs/local_setup.sh
[1.585s] -- Up-to-date: /home/bodlaire/Desktop/Work/Mocap/install/vesc_msgs/share/vesc_msgs/local_setup.zsh
[1.585s] -- Up-to-date: /home/bodlaire/Desktop/Work/Mocap/install/vesc_msgs/share/vesc_msgs/local_setup.dsv
[1.585s] -- Installing: /home/bodlaire/Desktop/Work/Mocap/install/vesc_msgs/share/vesc_msgs/package.dsv
[1.585s] -- Up-to-date: /home/bodlaire/Desktop/Work/Mocap/install/vesc_msgs/share/ament_index/resource_index/packages/vesc_msgs
[1.585s] -- Up-to-date: /home/bodlaire/Desktop/Work/Mocap/install/vesc_msgs/share/vesc_msgs/cmake/vesc_msgs__rosidl_generator_cExport.cmake
[1.585s] -- Up-to-date: /home/bodlaire/Desktop/Work/Mocap/install/vesc_msgs/share/vesc_msgs/cmake/vesc_msgs__rosidl_generator_cExport-noconfig.cmake
[1.585s] -- Up-to-date: /home/bodlaire/Desktop/Work/Mocap/install/vesc_msgs/share/vesc_msgs/cmake/vesc_msgs__rosidl_typesupport_introspection_cExport.cmake
[1.585s] -- Up-to-date: /home/bodlaire/Desktop/Work/Mocap/install/vesc_msgs/share/vesc_msgs/cmake/vesc_msgs__rosidl_typesupport_introspection_cExport-noconfig.cmake
[1.585s] -- Up-to-date: /home/bodlaire/Desktop/Work/Mocap/install/vesc_msgs/share/vesc_msgs/cmake/vesc_msgs__rosidl_typesupport_cExport.cmake
[1.585s] -- Up-to-date: /home/bodlaire/Desktop/Work/Mocap/install/vesc_msgs/share/vesc_msgs/cmake/vesc_msgs__rosidl_typesupport_cExport-noconfig.cmake
[1.585s] -- Up-to-date: /home/bodlaire/Desktop/Work/Mocap/install/vesc_msgs/share/vesc_msgs/cmake/vesc_msgs__rosidl_generator_cppExport.cmake
[1.585s] -- Up-to-date: /home/bodlaire/Desktop/Work/Mocap/install/vesc_msgs/share/vesc_msgs/cmake/vesc_msgs__rosidl_typesupport_introspection_cppExport.cmake
[1.585s] -- Up-to-date: /home/bodlaire/Desktop/Work/Mocap/install/vesc_msgs/share/vesc_msgs/cmake/vesc_msgs__rosidl_typesupport_introspection_cppExport-noconfig.cmake
[1.585s] -- Up-to-date: /home/bodlaire/Desktop/Work/Mocap/install/vesc_msgs/share/vesc_msgs/cmake/vesc_msgs__rosidl_typesupport_cppExport.cmake
[1.585s] -- Up-to-date: /home/bodlaire/Desktop/Work/Mocap/install/vesc_msgs/share/vesc_msgs/cmake/vesc_msgs__rosidl_typesupport_cppExport-noconfig.cmake
[1.585s] -- Up-to-date: /home/bodlaire/Desktop/Work/Mocap/install/vesc_msgs/share/vesc_msgs/cmake/rosidl_cmake-extras.cmake
[1.586s] -- Up-to-date: /home/bodlaire/Desktop/Work/Mocap/install/vesc_msgs/share/vesc_msgs/cmake/ament_cmake_export_dependencies-extras.cmake
[1.586s] -- Up-to-date: /home/bodlaire/Desktop/Work/Mocap/install/vesc_msgs/share/vesc_msgs/cmake/ament_cmake_export_libraries-extras.cmake
[1.586s] -- Up-to-date: /home/bodlaire/Desktop/Work/Mocap/install/vesc_msgs/share/vesc_msgs/cmake/ament_cmake_export_targets-extras.cmake
[1.586s] -- Up-to-date: /home/bodlaire/Desktop/Work/Mocap/install/vesc_msgs/share/vesc_msgs/cmake/ament_cmake_export_include_directories-extras.cmake
[1.586s] -- Up-to-date: /home/bodlaire/Desktop/Work/Mocap/install/vesc_msgs/share/vesc_msgs/cmake/rosidl_cmake_export_typesupport_libraries-extras.cmake
[1.586s] -- Up-to-date: /home/bodlaire/Desktop/Work/Mocap/install/vesc_msgs/share/vesc_msgs/cmake/rosidl_cmake_export_typesupport_targets-extras.cmake
[1.587s] -- Up-to-date: /home/bodlaire/Desktop/Work/Mocap/install/vesc_msgs/share/vesc_msgs/cmake/vesc_msgsConfig.cmake
[1.587s] -- Up-to-date: /home/bodlaire/Desktop/Work/Mocap/install/vesc_msgs/share/vesc_msgs/cmake/vesc_msgsConfig-version.cmake
[1.587s] -- Up-to-date: /home/bodlaire/Desktop/Work/Mocap/install/vesc_msgs/share/vesc_msgs/package.xml
[1.736s] Invoked command in '/home/bodlaire/Desktop/Work/Mocap/build/vesc_msgs' returned '0': CMAKE_PREFIX_PATH=${CMAKE_PREFIX_PATH}:/home/bodlaire/Desktop/Work/Mocap/install/vehicle_state_observer:/home/bodlaire/Desktop/Work/Mocap/install/mocap_pkg:/opt/ros/foxy /usr/bin/cmake --install /home/bodlaire/Desktop/Work/Mocap/build/vesc_msgs
