[0.402s] Invoking command in '/home/bodlaire/Desktop/Work/Mocap/build/mocap_msg': CMAKE_PREFIX_PATH=/opt/ros/foxy /usr/bin/cmake --build /home/bodlaire/Desktop/Work/Mocap/build/mocap_msg -- -j16 -l16
[0.865s] [  3%] Built target mocap_msg__cpp
[0.865s] [ 12%] Built target mocap_msg__rosidl_generator_c
[0.865s] [ 32%] Built target mocap_msg__rosidl_typesupport_introspection_c
[0.865s] [ 32%] Built target mocap_msg__rosidl_typesupport_introspection_cpp
[0.865s] [ 41%] Built target mocap_msg__rosidl_typesupport_cpp
[0.865s] [ 61%] Built target mocap_msg__rosidl_typesupport_c
[0.866s] [ 61%] Built target mocap_msg__rosidl_typesupport_fastrtps_cpp
[0.866s] [ 70%] Built target mocap_msg__rosidl_typesupport_fastrtps_c
[0.866s] [ 70%] Built target mocap_msg
[0.866s] [ 74%] Built target mocap_msg__py
[0.866s] [ 80%] Built target mocap_msg__python
[0.866s] [ 87%] Built target mocap_msg__rosidl_typesupport_c__pyext
[0.866s] [ 93%] Built target mocap_msg__rosidl_typesupport_introspection_c__pyext
[0.866s] [100%] Built target mocap_msg__rosidl_typesupport_fastrtps_c__pyext
[0.869s] Invoked command in '/home/bodlaire/Desktop/Work/Mocap/build/mocap_msg' returned '0': CMAKE_PREFIX_PATH=/opt/ros/foxy /usr/bin/cmake --build /home/bodlaire/Desktop/Work/Mocap/build/mocap_msg -- -j16 -l16
[0.898s] Invoking command in '/home/bodlaire/Desktop/Work/Mocap/build/mocap_msg': CMAKE_PREFIX_PATH=/opt/ros/foxy /usr/bin/cmake --install /home/bodlaire/Desktop/Work/Mocap/build/mocap_msg
[0.907s] -- Install configuration: ""
[0.907s] -- Up-to-date: /home/bodlaire/Desktop/Work/Mocap/install/mocap_msg/share/ament_index/resource_index/rosidl_interfaces/mocap_msg
[0.907s] -- Up-to-date: /home/bodlaire/Desktop/Work/Mocap/install/mocap_msg/include/mocap_msg
[0.907s] -- Up-to-date: /home/bodlaire/Desktop/Work/Mocap/install/mocap_msg/include/mocap_msg/msg
[0.908s] -- Up-to-date: /home/bodlaire/Desktop/Work/Mocap/install/mocap_msg/include/mocap_msg/msg/detail
[0.908s] -- Up-to-date: /home/bodlaire/Desktop/Work/Mocap/install/mocap_msg/include/mocap_msg/msg/detail/pos_value__functions.h
[0.908s] -- Up-to-date: /home/bodlaire/Desktop/Work/Mocap/install/mocap_msg/include/mocap_msg/msg/detail/pos_value__functions.c
[0.908s] -- Up-to-date: /home/bodlaire/Desktop/Work/Mocap/install/mocap_msg/include/mocap_msg/msg/detail/pos_value__struct.h
[0.908s] -- Up-to-date: /home/bodlaire/Desktop/Work/Mocap/install/mocap_msg/include/mocap_msg/msg/detail/pos_value__type_support.h
[0.908s] -- Up-to-date: /home/bodlaire/Desktop/Work/Mocap/install/mocap_msg/include/mocap_msg/msg/pos_value.h
[0.908s] -- Up-to-date: /home/bodlaire/Desktop/Work/Mocap/install/mocap_msg/include/mocap_msg/msg/rosidl_generator_c__visibility_control.h
[0.908s] -- Up-to-date: /home/bodlaire/Desktop/Work/Mocap/install/mocap_msg/share/mocap_msg/environment/library_path.sh
[0.908s] -- Up-to-date: /home/bodlaire/Desktop/Work/Mocap/install/mocap_msg/share/mocap_msg/environment/library_path.dsv
[0.908s] -- Up-to-date: /home/bodlaire/Desktop/Work/Mocap/install/mocap_msg/lib/libmocap_msg__rosidl_generator_c.so
[0.909s] -- Up-to-date: /home/bodlaire/Desktop/Work/Mocap/install/mocap_msg/include/mocap_msg
[0.909s] -- Up-to-date: /home/bodlaire/Desktop/Work/Mocap/install/mocap_msg/include/mocap_msg/msg
[0.909s] -- Up-to-date: /home/bodlaire/Desktop/Work/Mocap/install/mocap_msg/include/mocap_msg/msg/detail
[0.909s] -- Up-to-date: /home/bodlaire/Desktop/Work/Mocap/install/mocap_msg/include/mocap_msg/msg/detail/pos_value__rosidl_typesupport_fastrtps_c.h
[0.909s] -- Up-to-date: /home/bodlaire/Desktop/Work/Mocap/install/mocap_msg/include/mocap_msg/msg/rosidl_typesupport_fastrtps_c__visibility_control.h
[0.909s] -- Up-to-date: /home/bodlaire/Desktop/Work/Mocap/install/mocap_msg/lib/libmocap_msg__rosidl_typesupport_fastrtps_c.so
[0.909s] -- Up-to-date: /home/bodlaire/Desktop/Work/Mocap/install/mocap_msg/include/mocap_msg
[0.909s] -- Up-to-date: /home/bodlaire/Desktop/Work/Mocap/install/mocap_msg/include/mocap_msg/msg
[0.909s] -- Up-to-date: /home/bodlaire/Desktop/Work/Mocap/install/mocap_msg/include/mocap_msg/msg/detail
[0.909s] -- Up-to-date: /home/bodlaire/Desktop/Work/Mocap/install/mocap_msg/include/mocap_msg/msg/detail/pos_value__rosidl_typesupport_fastrtps_cpp.hpp
[0.909s] -- Up-to-date: /home/bodlaire/Desktop/Work/Mocap/install/mocap_msg/include/mocap_msg/msg/detail/dds_fastrtps
[0.909s] -- Up-to-date: /home/bodlaire/Desktop/Work/Mocap/install/mocap_msg/include/mocap_msg/msg/rosidl_typesupport_fastrtps_cpp__visibility_control.h
[0.910s] -- Up-to-date: /home/bodlaire/Desktop/Work/Mocap/install/mocap_msg/lib/libmocap_msg__rosidl_typesupport_fastrtps_cpp.so
[0.910s] -- Up-to-date: /home/bodlaire/Desktop/Work/Mocap/install/mocap_msg/include/mocap_msg
[0.910s] -- Up-to-date: /home/bodlaire/Desktop/Work/Mocap/install/mocap_msg/include/mocap_msg/msg
[0.910s] -- Up-to-date: /home/bodlaire/Desktop/Work/Mocap/install/mocap_msg/include/mocap_msg/msg/detail
[0.910s] -- Up-to-date: /home/bodlaire/Desktop/Work/Mocap/install/mocap_msg/include/mocap_msg/msg/detail/pos_value__rosidl_typesupport_introspection_c.h
[0.910s] -- Up-to-date: /home/bodlaire/Desktop/Work/Mocap/install/mocap_msg/include/mocap_msg/msg/detail/pos_value__type_support.c
[0.910s] -- Up-to-date: /home/bodlaire/Desktop/Work/Mocap/install/mocap_msg/include/mocap_msg/msg/rosidl_typesupport_introspection_c__visibility_control.h
[0.910s] -- Up-to-date: /home/bodlaire/Desktop/Work/Mocap/install/mocap_msg/lib/libmocap_msg__rosidl_typesupport_introspection_c.so
[0.910s] -- Up-to-date: /home/bodlaire/Desktop/Work/Mocap/install/mocap_msg/lib/libmocap_msg__rosidl_typesupport_c.so
[0.910s] -- Up-to-date: /home/bodlaire/Desktop/Work/Mocap/install/mocap_msg/include/mocap_msg
[0.910s] -- Up-to-date: /home/bodlaire/Desktop/Work/Mocap/install/mocap_msg/include/mocap_msg/msg
[0.910s] -- Up-to-date: /home/bodlaire/Desktop/Work/Mocap/install/mocap_msg/include/mocap_msg/msg/rosidl_generator_cpp__visibility_control.hpp
[0.910s] -- Up-to-date: /home/bodlaire/Desktop/Work/Mocap/install/mocap_msg/include/mocap_msg/msg/pos_value.hpp
[0.911s] -- Up-to-date: /home/bodlaire/Desktop/Work/Mocap/install/mocap_msg/include/mocap_msg/msg/detail
[0.911s] -- Up-to-date: /home/bodlaire/Desktop/Work/Mocap/install/mocap_msg/include/mocap_msg/msg/detail/pos_value__traits.hpp
[0.911s] -- Up-to-date: /home/bodlaire/Desktop/Work/Mocap/install/mocap_msg/include/mocap_msg/msg/detail/pos_value__type_support.hpp
[0.911s] -- Up-to-date: /home/bodlaire/Desktop/Work/Mocap/install/mocap_msg/include/mocap_msg/msg/detail/pos_value__struct.hpp
[0.911s] -- Up-to-date: /home/bodlaire/Desktop/Work/Mocap/install/mocap_msg/include/mocap_msg/msg/detail/pos_value__builder.hpp
[0.911s] -- Up-to-date: /home/bodlaire/Desktop/Work/Mocap/install/mocap_msg/include/mocap_msg
[0.911s] -- Up-to-date: /home/bodlaire/Desktop/Work/Mocap/install/mocap_msg/include/mocap_msg/msg
[0.911s] -- Up-to-date: /home/bodlaire/Desktop/Work/Mocap/install/mocap_msg/include/mocap_msg/msg/detail
[0.911s] -- Up-to-date: /home/bodlaire/Desktop/Work/Mocap/install/mocap_msg/include/mocap_msg/msg/detail/pos_value__rosidl_typesupport_introspection_cpp.hpp
[0.911s] -- Up-to-date: /home/bodlaire/Desktop/Work/Mocap/install/mocap_msg/include/mocap_msg/msg/detail/pos_value__type_support.cpp
[0.911s] -- Up-to-date: /home/bodlaire/Desktop/Work/Mocap/install/mocap_msg/lib/libmocap_msg__rosidl_typesupport_introspection_cpp.so
[0.911s] -- Up-to-date: /home/bodlaire/Desktop/Work/Mocap/install/mocap_msg/lib/libmocap_msg__rosidl_typesupport_cpp.so
[0.911s] -- Up-to-date: /home/bodlaire/Desktop/Work/Mocap/install/mocap_msg/share/mocap_msg/environment/pythonpath.sh
[0.912s] -- Up-to-date: /home/bodlaire/Desktop/Work/Mocap/install/mocap_msg/share/mocap_msg/environment/pythonpath.dsv
[0.912s] -- Up-to-date: /home/bodlaire/Desktop/Work/Mocap/install/mocap_msg/lib/python3.8/site-packages/mocap_msg/__init__.py
[0.942s] -- Up-to-date: /home/bodlaire/Desktop/Work/Mocap/install/mocap_msg/lib/python3.8/site-packages/mocap_msg/msg
[0.942s] -- Up-to-date: /home/bodlaire/Desktop/Work/Mocap/install/mocap_msg/lib/python3.8/site-packages/mocap_msg/msg/_pos_value.py
[0.942s] -- Up-to-date: /home/bodlaire/Desktop/Work/Mocap/install/mocap_msg/lib/python3.8/site-packages/mocap_msg/msg/_pos_value_s.c
[0.942s] -- Up-to-date: /home/bodlaire/Desktop/Work/Mocap/install/mocap_msg/lib/python3.8/site-packages/mocap_msg/msg/__init__.py
[0.942s] -- Up-to-date: /home/bodlaire/Desktop/Work/Mocap/install/mocap_msg/lib/python3.8/site-packages/mocap_msg/mocap_msg_s__rosidl_typesupport_fastrtps_c.cpython-38-x86_64-linux-gnu.so
[0.943s] -- Up-to-date: /home/bodlaire/Desktop/Work/Mocap/install/mocap_msg/lib/python3.8/site-packages/mocap_msg/mocap_msg_s__rosidl_typesupport_introspection_c.cpython-38-x86_64-linux-gnu.so
[0.944s] -- Up-to-date: /home/bodlaire/Desktop/Work/Mocap/install/mocap_msg/lib/python3.8/site-packages/mocap_msg/mocap_msg_s__rosidl_typesupport_c.cpython-38-x86_64-linux-gnu.so
[0.944s] -- Up-to-date: /home/bodlaire/Desktop/Work/Mocap/install/mocap_msg/lib/libmocap_msg__python.so
[0.945s] -- Up-to-date: /home/bodlaire/Desktop/Work/Mocap/install/mocap_msg/share/mocap_msg/msg/PosValue.idl
[0.945s] -- Up-to-date: /home/bodlaire/Desktop/Work/Mocap/install/mocap_msg/share/mocap_msg/msg/PosValue.msg
[0.945s] -- Up-to-date: /home/bodlaire/Desktop/Work/Mocap/install/mocap_msg/share/ament_index/resource_index/package_run_dependencies/mocap_msg
[0.946s] -- Up-to-date: /home/bodlaire/Desktop/Work/Mocap/install/mocap_msg/share/ament_index/resource_index/parent_prefix_path/mocap_msg
[0.946s] -- Up-to-date: /home/bodlaire/Desktop/Work/Mocap/install/mocap_msg/share/mocap_msg/environment/ament_prefix_path.sh
[0.947s] -- Up-to-date: /home/bodlaire/Desktop/Work/Mocap/install/mocap_msg/share/mocap_msg/environment/ament_prefix_path.dsv
[0.947s] -- Up-to-date: /home/bodlaire/Desktop/Work/Mocap/install/mocap_msg/share/mocap_msg/environment/path.sh
[0.947s] -- Up-to-date: /home/bodlaire/Desktop/Work/Mocap/install/mocap_msg/share/mocap_msg/environment/path.dsv
[0.947s] -- Up-to-date: /home/bodlaire/Desktop/Work/Mocap/install/mocap_msg/share/mocap_msg/local_setup.bash
[0.947s] -- Up-to-date: /home/bodlaire/Desktop/Work/Mocap/install/mocap_msg/share/mocap_msg/local_setup.sh
[0.948s] -- Up-to-date: /home/bodlaire/Desktop/Work/Mocap/install/mocap_msg/share/mocap_msg/local_setup.zsh
[0.948s] -- Up-to-date: /home/bodlaire/Desktop/Work/Mocap/install/mocap_msg/share/mocap_msg/local_setup.dsv
[0.948s] -- Installing: /home/bodlaire/Desktop/Work/Mocap/install/mocap_msg/share/mocap_msg/package.dsv
[0.949s] -- Up-to-date: /home/bodlaire/Desktop/Work/Mocap/install/mocap_msg/share/ament_index/resource_index/packages/mocap_msg
[0.949s] -- Up-to-date: /home/bodlaire/Desktop/Work/Mocap/install/mocap_msg/share/mocap_msg/cmake/mocap_msg__rosidl_generator_cExport.cmake
[0.949s] -- Up-to-date: /home/bodlaire/Desktop/Work/Mocap/install/mocap_msg/share/mocap_msg/cmake/mocap_msg__rosidl_generator_cExport-noconfig.cmake
[0.949s] -- Up-to-date: /home/bodlaire/Desktop/Work/Mocap/install/mocap_msg/share/mocap_msg/cmake/mocap_msg__rosidl_typesupport_introspection_cExport.cmake
[0.949s] -- Up-to-date: /home/bodlaire/Desktop/Work/Mocap/install/mocap_msg/share/mocap_msg/cmake/mocap_msg__rosidl_typesupport_introspection_cExport-noconfig.cmake
[0.950s] -- Up-to-date: /home/bodlaire/Desktop/Work/Mocap/install/mocap_msg/share/mocap_msg/cmake/mocap_msg__rosidl_typesupport_cExport.cmake
[0.950s] -- Up-to-date: /home/bodlaire/Desktop/Work/Mocap/install/mocap_msg/share/mocap_msg/cmake/mocap_msg__rosidl_typesupport_cExport-noconfig.cmake
[0.950s] -- Up-to-date: /home/bodlaire/Desktop/Work/Mocap/install/mocap_msg/share/mocap_msg/cmake/mocap_msg__rosidl_generator_cppExport.cmake
[0.950s] -- Up-to-date: /home/bodlaire/Desktop/Work/Mocap/install/mocap_msg/share/mocap_msg/cmake/mocap_msg__rosidl_typesupport_introspection_cppExport.cmake
[0.950s] -- Up-to-date: /home/bodlaire/Desktop/Work/Mocap/install/mocap_msg/share/mocap_msg/cmake/mocap_msg__rosidl_typesupport_introspection_cppExport-noconfig.cmake
[0.950s] -- Up-to-date: /home/bodlaire/Desktop/Work/Mocap/install/mocap_msg/share/mocap_msg/cmake/mocap_msg__rosidl_typesupport_cppExport.cmake
[0.950s] -- Up-to-date: /home/bodlaire/Desktop/Work/Mocap/install/mocap_msg/share/mocap_msg/cmake/mocap_msg__rosidl_typesupport_cppExport-noconfig.cmake
[0.950s] -- Up-to-date: /home/bodlaire/Desktop/Work/Mocap/install/mocap_msg/share/mocap_msg/cmake/rosidl_cmake-extras.cmake
[0.950s] -- Up-to-date: /home/bodlaire/Desktop/Work/Mocap/install/mocap_msg/share/mocap_msg/cmake/ament_cmake_export_dependencies-extras.cmake
[0.950s] -- Up-to-date: /home/bodlaire/Desktop/Work/Mocap/install/mocap_msg/share/mocap_msg/cmake/ament_cmake_export_libraries-extras.cmake
[0.950s] -- Up-to-date: /home/bodlaire/Desktop/Work/Mocap/install/mocap_msg/share/mocap_msg/cmake/ament_cmake_export_targets-extras.cmake
[0.950s] -- Up-to-date: /home/bodlaire/Desktop/Work/Mocap/install/mocap_msg/share/mocap_msg/cmake/ament_cmake_export_include_directories-extras.cmake
[0.951s] -- Up-to-date: /home/bodlaire/Desktop/Work/Mocap/install/mocap_msg/share/mocap_msg/cmake/rosidl_cmake_export_typesupport_libraries-extras.cmake
[0.951s] -- Up-to-date: /home/bodlaire/Desktop/Work/Mocap/install/mocap_msg/share/mocap_msg/cmake/rosidl_cmake_export_typesupport_targets-extras.cmake
[0.951s] -- Up-to-date: /home/bodlaire/Desktop/Work/Mocap/install/mocap_msg/share/mocap_msg/cmake/mocap_msgConfig.cmake
[0.951s] -- Up-to-date: /home/bodlaire/Desktop/Work/Mocap/install/mocap_msg/share/mocap_msg/cmake/mocap_msgConfig-version.cmake
[0.951s] -- Up-to-date: /home/bodlaire/Desktop/Work/Mocap/install/mocap_msg/share/mocap_msg/package.xml
[1.093s] Invoked command in '/home/bodlaire/Desktop/Work/Mocap/build/mocap_msg' returned '0': CMAKE_PREFIX_PATH=/opt/ros/foxy /usr/bin/cmake --install /home/bodlaire/Desktop/Work/Mocap/build/mocap_msg
