[1.769s] Invoking command in '/home/bodlaire/Desktop/Work/Mocap/src/remote_controller_pkg': PYTHONPATH=/home/bodlaire/Desktop/Work/Mocap/build/remote_controller_pkg/prefix_override:/home/bodlaire/Desktop/Work/Mocap/install/remote_controller_pkg/lib/python3.8/site-packages:${PYTHONPATH} /usr/bin/python3 setup.py egg_info --egg-base ../../build/remote_controller_pkg build --build-base /home/bodlaire/Desktop/Work/Mocap/build/remote_controller_pkg/build install --record /home/bodlaire/Desktop/Work/Mocap/build/remote_controller_pkg/install.log --install-scripts $base/lib/remote_controller_pkg --single-version-externally-managed
[1.905s] running egg_info
[1.906s] writing ../../build/remote_controller_pkg/remote_controller_pkg.egg-info/PKG-INFO
[1.907s] writing dependency_links to ../../build/remote_controller_pkg/remote_controller_pkg.egg-info/dependency_links.txt
[1.908s] writing entry points to ../../build/remote_controller_pkg/remote_controller_pkg.egg-info/entry_points.txt
[1.908s] writing requirements to ../../build/remote_controller_pkg/remote_controller_pkg.egg-info/requires.txt
[1.909s] writing top-level names to ../../build/remote_controller_pkg/remote_controller_pkg.egg-info/top_level.txt
[1.928s] reading manifest file '../../build/remote_controller_pkg/remote_controller_pkg.egg-info/SOURCES.txt'
[1.928s] writing manifest file '../../build/remote_controller_pkg/remote_controller_pkg.egg-info/SOURCES.txt'
[1.928s] running build
[1.929s] running build_py
[1.929s] copying remote_controller_pkg/remote_node.py -> /home/bodlaire/Desktop/Work/Mocap/build/remote_controller_pkg/build/lib/remote_controller_pkg
[1.930s] running install
[1.930s] running install_lib
[1.930s] copying /home/bodlaire/Desktop/Work/Mocap/build/remote_controller_pkg/build/lib/remote_controller_pkg/remote_node.py -> /home/bodlaire/Desktop/Work/Mocap/install/remote_controller_pkg/lib/python3.8/site-packages/remote_controller_pkg
[1.930s] byte-compiling /home/bodlaire/Desktop/Work/Mocap/install/remote_controller_pkg/lib/python3.8/site-packages/remote_controller_pkg/remote_node.py to remote_node.cpython-38.pyc
[1.935s] running install_data
[1.936s] running install_egg_info
[1.938s] removing '/home/bodlaire/Desktop/Work/Mocap/install/remote_controller_pkg/lib/python3.8/site-packages/remote_controller_pkg-0.0.0-py3.8.egg-info' (and everything under it)
[1.938s] Copying ../../build/remote_controller_pkg/remote_controller_pkg.egg-info to /home/bodlaire/Desktop/Work/Mocap/install/remote_controller_pkg/lib/python3.8/site-packages/remote_controller_pkg-0.0.0-py3.8.egg-info
[1.939s] running install_scripts
[1.942s] Installing remote_node script to /home/bodlaire/Desktop/Work/Mocap/install/remote_controller_pkg/lib/remote_controller_pkg
[1.943s] writing list of installed files to '/home/bodlaire/Desktop/Work/Mocap/build/remote_controller_pkg/install.log'
[2.165s] Invoked command in '/home/bodlaire/Desktop/Work/Mocap/src/remote_controller_pkg' returned '0': PYTHONPATH=/home/bodlaire/Desktop/Work/Mocap/build/remote_controller_pkg/prefix_override:/home/bodlaire/Desktop/Work/Mocap/install/remote_controller_pkg/lib/python3.8/site-packages:${PYTHONPATH} /usr/bin/python3 setup.py egg_info --egg-base ../../build/remote_controller_pkg build --build-base /home/bodlaire/Desktop/Work/Mocap/build/remote_controller_pkg/build install --record /home/bodlaire/Desktop/Work/Mocap/build/remote_controller_pkg/install.log --install-scripts $base/lib/remote_controller_pkg --single-version-externally-managed
