[0.322s] Invoking command in '/home/bodlaire/Desktop/Work/Mocap/build/vehicle_state_msgs': CMAKE_PREFIX_PATH=/opt/ros/foxy /usr/bin/cmake --build /home/bodlaire/Desktop/Work/Mocap/build/vehicle_state_msgs -- -j16 -l16
[0.335s] -- Found ament_cmake: 0.9.12 (/opt/ros/foxy/share/ament_cmake/cmake)
[0.354s] -- Found PythonInterp: /usr/bin/python3 (found suitable version "3.8.10", minimum required is "3") 
[0.355s] -- Using PYTHON_EXECUTABLE: /usr/bin/python3
[0.483s] -- Found rosidl_default_generators: 1.0.1 (/opt/ros/foxy/share/rosidl_default_generators/cmake)
[0.485s] -- Using all available rosidl_typesupport_c: rosidl_typesupport_fastrtps_c;rosidl_typesupport_introspection_c
[0.487s] -- Found rosidl_adapter: 1.3.1 (/opt/ros/foxy/share/rosidl_adapter/cmake)
[0.583s] -- Using all available rosidl_typesupport_cpp: rosidl_typesupport_fastrtps_cpp;rosidl_typesupport_introspection_cpp
[0.598s] -- Found std_msgs: 2.0.5 (/opt/ros/foxy/share/std_msgs/cmake)
[0.640s] -- Found PythonInterp: /usr/bin/python3 (found version "3.8.10") 
[0.756s] -- Found ament_cmake_ros: 0.9.2 (/opt/ros/foxy/share/ament_cmake_ros/cmake)
[0.869s] -- Using all available rosidl_typesupport_c: rosidl_typesupport_fastrtps_c;rosidl_typesupport_introspection_c
[0.913s] -- Using all available rosidl_typesupport_cpp: rosidl_typesupport_fastrtps_cpp;rosidl_typesupport_introspection_cpp
[0.934s] -- Found PythonInterp: /usr/bin/python3 (found suitable version "3.8.10", minimum required is "3.5") 
[0.934s] -- Found python_cmake_module: 0.8.1 (/opt/ros/foxy/share/python_cmake_module/cmake)
[0.957s] -- Using PYTHON_EXECUTABLE: /usr/bin/python3
[0.958s] -- Using PYTHON_INCLUDE_DIRS: /usr/include/python3.8
[0.958s] -- Using PYTHON_LIBRARIES: /usr/lib/x86_64-linux-gnu/libpython3.8.so
[0.979s] -- Found ament_lint_auto: 0.9.8 (/opt/ros/foxy/share/ament_lint_auto/cmake)
[0.985s] -- Added test 'copyright' to check source files copyright and LICENSE
[0.986s] -- Added test 'lint_cmake' to check CMake code style
[0.986s] -- Added test 'xmllint' to check XML markup files
[0.988s] -- Configuring done
[1.020s] -- Generating done
[1.020s] -- Build files have been written to: /home/bodlaire/Desktop/Work/Mocap/build/vehicle_state_msgs
[1.053s] [  6%] Built target vehicle_state_msgs__cpp
[1.053s] [  6%] [32m[1mLinking C shared library libvehicle_state_msgs__rosidl_generator_c.so[0m
[1.068s] [ 12%] [32m[1mLinking CXX shared library libvehicle_state_msgs__rosidl_typesupport_introspection_cpp.so[0m
[1.068s] [ 12%] [32m[1mLinking CXX shared library libvehicle_state_msgs__rosidl_typesupport_fastrtps_cpp.so[0m
[1.071s] [ 16%] [32m[1mLinking CXX shared library libvehicle_state_msgs__rosidl_typesupport_cpp.so[0m
[1.079s] [ 22%] Built target vehicle_state_msgs__rosidl_generator_c
[1.095s] [ 25%] [32m[1mLinking CXX shared library libvehicle_state_msgs__rosidl_typesupport_c.so[0m
[1.097s] [ 32%] Built target vehicle_state_msgs__rosidl_typesupport_introspection_cpp
[1.098s] [ 35%] [32m[1mLinking C shared library libvehicle_state_msgs__rosidl_typesupport_introspection_c.so[0m
[1.101s] [ 41%] Built target vehicle_state_msgs__rosidl_typesupport_cpp
[1.126s] [ 48%] Built target vehicle_state_msgs__rosidl_typesupport_introspection_c
[1.129s] [ 54%] Built target vehicle_state_msgs__rosidl_typesupport_fastrtps_cpp
[1.131s] [ 61%] Built target vehicle_state_msgs__rosidl_typesupport_c
[1.141s] [35m[1mScanning dependencies of target vehicle_state_msgs__rosidl_typesupport_fastrtps_c[0m
[1.153s] [ 64%] [32mBuilding CXX object CMakeFiles/vehicle_state_msgs__rosidl_typesupport_fastrtps_c.dir/rosidl_typesupport_fastrtps_c/vehicle_state_msgs/msg/detail/input_value__type_support_c.cpp.o[0m
[1.384s] [ 67%] [32m[1mLinking CXX shared library libvehicle_state_msgs__rosidl_typesupport_fastrtps_c.so[0m
[1.454s] [ 70%] Built target vehicle_state_msgs__rosidl_typesupport_fastrtps_c
[1.474s] [ 70%] Built target vehicle_state_msgs
[1.497s] [ 74%] Built target vehicle_state_msgs__py
[1.526s] [ 77%] [32m[1mLinking C shared library rosidl_generator_py/vehicle_state_msgs/libvehicle_state_msgs__python.so[0m
[1.564s] [ 80%] Built target vehicle_state_msgs__python
[1.573s] [35m[1mScanning dependencies of target vehicle_state_msgs__rosidl_typesupport_fastrtps_c__pyext[0m
[1.584s] [ 83%] [32mBuilding C object CMakeFiles/vehicle_state_msgs__rosidl_typesupport_fastrtps_c__pyext.dir/rosidl_generator_py/vehicle_state_msgs/_vehicle_state_msgs_s.ep.rosidl_typesupport_fastrtps_c.c.o[0m
[1.590s] [ 87%] [32m[1mLinking C shared library rosidl_generator_py/vehicle_state_msgs/vehicle_state_msgs_s__rosidl_typesupport_c.cpython-38-x86_64-linux-gnu.so[0m
[1.592s] [ 90%] [32m[1mLinking C shared library rosidl_generator_py/vehicle_state_msgs/vehicle_state_msgs_s__rosidl_typesupport_introspection_c.cpython-38-x86_64-linux-gnu.so[0m
[1.620s] [ 93%] Built target vehicle_state_msgs__rosidl_typesupport_c__pyext
[1.622s] [ 96%] Built target vehicle_state_msgs__rosidl_typesupport_introspection_c__pyext
[1.639s] [100%] [32m[1mLinking CXX shared library rosidl_generator_py/vehicle_state_msgs/vehicle_state_msgs_s__rosidl_typesupport_fastrtps_c.cpython-38-x86_64-linux-gnu.so[0m
[1.689s] [100%] Built target vehicle_state_msgs__rosidl_typesupport_fastrtps_c__pyext
[1.703s] Invoked command in '/home/bodlaire/Desktop/Work/Mocap/build/vehicle_state_msgs' returned '0': CMAKE_PREFIX_PATH=/opt/ros/foxy /usr/bin/cmake --build /home/bodlaire/Desktop/Work/Mocap/build/vehicle_state_msgs -- -j16 -l16
[1.742s] Invoking command in '/home/bodlaire/Desktop/Work/Mocap/build/vehicle_state_msgs': CMAKE_PREFIX_PATH=/opt/ros/foxy /usr/bin/cmake --install /home/bodlaire/Desktop/Work/Mocap/build/vehicle_state_msgs
[1.748s] -- Install configuration: ""
[1.748s] -- Up-to-date: /home/bodlaire/Desktop/Work/Mocap/install/vehicle_state_msgs/share/ament_index/resource_index/rosidl_interfaces/vehicle_state_msgs
[1.749s] -- Up-to-date: /home/bodlaire/Desktop/Work/Mocap/install/vehicle_state_msgs/include/vehicle_state_msgs
[1.749s] -- Up-to-date: /home/bodlaire/Desktop/Work/Mocap/install/vehicle_state_msgs/include/vehicle_state_msgs/msg
[1.749s] -- Up-to-date: /home/bodlaire/Desktop/Work/Mocap/install/vehicle_state_msgs/include/vehicle_state_msgs/msg/detail
[1.749s] -- Up-to-date: /home/bodlaire/Desktop/Work/Mocap/install/vehicle_state_msgs/include/vehicle_state_msgs/msg/detail/input_value__type_support.h
[1.749s] -- Up-to-date: /home/bodlaire/Desktop/Work/Mocap/install/vehicle_state_msgs/include/vehicle_state_msgs/msg/detail/input_value__struct.h
[1.749s] -- Up-to-date: /home/bodlaire/Desktop/Work/Mocap/install/vehicle_state_msgs/include/vehicle_state_msgs/msg/detail/input_value__functions.h
[1.749s] -- Up-to-date: /home/bodlaire/Desktop/Work/Mocap/install/vehicle_state_msgs/include/vehicle_state_msgs/msg/detail/input_value__functions.c
[1.749s] -- Up-to-date: /home/bodlaire/Desktop/Work/Mocap/install/vehicle_state_msgs/include/vehicle_state_msgs/msg/input_value.h
[1.749s] -- Up-to-date: /home/bodlaire/Desktop/Work/Mocap/install/vehicle_state_msgs/include/vehicle_state_msgs/msg/rosidl_generator_c__visibility_control.h
[1.750s] -- Up-to-date: /home/bodlaire/Desktop/Work/Mocap/install/vehicle_state_msgs/share/vehicle_state_msgs/environment/library_path.sh
[1.750s] -- Installing: /home/bodlaire/Desktop/Work/Mocap/install/vehicle_state_msgs/share/vehicle_state_msgs/environment/library_path.dsv
[1.750s] -- Installing: /home/bodlaire/Desktop/Work/Mocap/install/vehicle_state_msgs/lib/libvehicle_state_msgs__rosidl_generator_c.so
[1.750s] -- Set runtime path of "/home/bodlaire/Desktop/Work/Mocap/install/vehicle_state_msgs/lib/libvehicle_state_msgs__rosidl_generator_c.so" to ""
[1.750s] -- Up-to-date: /home/bodlaire/Desktop/Work/Mocap/install/vehicle_state_msgs/include/vehicle_state_msgs
[1.750s] -- Up-to-date: /home/bodlaire/Desktop/Work/Mocap/install/vehicle_state_msgs/include/vehicle_state_msgs/msg
[1.750s] -- Up-to-date: /home/bodlaire/Desktop/Work/Mocap/install/vehicle_state_msgs/include/vehicle_state_msgs/msg/detail
[1.750s] -- Up-to-date: /home/bodlaire/Desktop/Work/Mocap/install/vehicle_state_msgs/include/vehicle_state_msgs/msg/detail/input_value__rosidl_typesupport_fastrtps_c.h
[1.750s] -- Up-to-date: /home/bodlaire/Desktop/Work/Mocap/install/vehicle_state_msgs/include/vehicle_state_msgs/msg/rosidl_typesupport_fastrtps_c__visibility_control.h
[1.750s] -- Installing: /home/bodlaire/Desktop/Work/Mocap/install/vehicle_state_msgs/lib/libvehicle_state_msgs__rosidl_typesupport_fastrtps_c.so
[1.750s] -- Set runtime path of "/home/bodlaire/Desktop/Work/Mocap/install/vehicle_state_msgs/lib/libvehicle_state_msgs__rosidl_typesupport_fastrtps_c.so" to ""
[1.750s] -- Up-to-date: /home/bodlaire/Desktop/Work/Mocap/install/vehicle_state_msgs/include/vehicle_state_msgs
[1.750s] -- Up-to-date: /home/bodlaire/Desktop/Work/Mocap/install/vehicle_state_msgs/include/vehicle_state_msgs/msg
[1.750s] -- Up-to-date: /home/bodlaire/Desktop/Work/Mocap/install/vehicle_state_msgs/include/vehicle_state_msgs/msg/detail
[1.750s] -- Up-to-date: /home/bodlaire/Desktop/Work/Mocap/install/vehicle_state_msgs/include/vehicle_state_msgs/msg/detail/input_value__rosidl_typesupport_fastrtps_cpp.hpp
[1.750s] -- Up-to-date: /home/bodlaire/Desktop/Work/Mocap/install/vehicle_state_msgs/include/vehicle_state_msgs/msg/detail/dds_fastrtps
[1.750s] -- Up-to-date: /home/bodlaire/Desktop/Work/Mocap/install/vehicle_state_msgs/include/vehicle_state_msgs/msg/rosidl_typesupport_fastrtps_cpp__visibility_control.h
[1.750s] -- Installing: /home/bodlaire/Desktop/Work/Mocap/install/vehicle_state_msgs/lib/libvehicle_state_msgs__rosidl_typesupport_fastrtps_cpp.so
[1.750s] -- Set runtime path of "/home/bodlaire/Desktop/Work/Mocap/install/vehicle_state_msgs/lib/libvehicle_state_msgs__rosidl_typesupport_fastrtps_cpp.so" to ""
[1.750s] -- Up-to-date: /home/bodlaire/Desktop/Work/Mocap/install/vehicle_state_msgs/include/vehicle_state_msgs
[1.750s] -- Up-to-date: /home/bodlaire/Desktop/Work/Mocap/install/vehicle_state_msgs/include/vehicle_state_msgs/msg
[1.751s] -- Up-to-date: /home/bodlaire/Desktop/Work/Mocap/install/vehicle_state_msgs/include/vehicle_state_msgs/msg/detail
[1.751s] -- Up-to-date: /home/bodlaire/Desktop/Work/Mocap/install/vehicle_state_msgs/include/vehicle_state_msgs/msg/detail/input_value__rosidl_typesupport_introspection_c.h
[1.751s] -- Up-to-date: /home/bodlaire/Desktop/Work/Mocap/install/vehicle_state_msgs/include/vehicle_state_msgs/msg/detail/input_value__type_support.c
[1.751s] -- Up-to-date: /home/bodlaire/Desktop/Work/Mocap/install/vehicle_state_msgs/include/vehicle_state_msgs/msg/rosidl_typesupport_introspection_c__visibility_control.h
[1.751s] -- Installing: /home/bodlaire/Desktop/Work/Mocap/install/vehicle_state_msgs/lib/libvehicle_state_msgs__rosidl_typesupport_introspection_c.so
[1.751s] -- Set runtime path of "/home/bodlaire/Desktop/Work/Mocap/install/vehicle_state_msgs/lib/libvehicle_state_msgs__rosidl_typesupport_introspection_c.so" to ""
[1.751s] -- Installing: /home/bodlaire/Desktop/Work/Mocap/install/vehicle_state_msgs/lib/libvehicle_state_msgs__rosidl_typesupport_c.so
[1.751s] -- Set runtime path of "/home/bodlaire/Desktop/Work/Mocap/install/vehicle_state_msgs/lib/libvehicle_state_msgs__rosidl_typesupport_c.so" to ""
[1.751s] -- Up-to-date: /home/bodlaire/Desktop/Work/Mocap/install/vehicle_state_msgs/include/vehicle_state_msgs
[1.751s] -- Up-to-date: /home/bodlaire/Desktop/Work/Mocap/install/vehicle_state_msgs/include/vehicle_state_msgs/msg
[1.751s] -- Up-to-date: /home/bodlaire/Desktop/Work/Mocap/install/vehicle_state_msgs/include/vehicle_state_msgs/msg/rosidl_generator_cpp__visibility_control.hpp
[1.751s] -- Up-to-date: /home/bodlaire/Desktop/Work/Mocap/install/vehicle_state_msgs/include/vehicle_state_msgs/msg/detail
[1.751s] -- Up-to-date: /home/bodlaire/Desktop/Work/Mocap/install/vehicle_state_msgs/include/vehicle_state_msgs/msg/detail/input_value__traits.hpp
[1.751s] -- Up-to-date: /home/bodlaire/Desktop/Work/Mocap/install/vehicle_state_msgs/include/vehicle_state_msgs/msg/detail/input_value__struct.hpp
[1.751s] -- Up-to-date: /home/bodlaire/Desktop/Work/Mocap/install/vehicle_state_msgs/include/vehicle_state_msgs/msg/detail/input_value__builder.hpp
[1.751s] -- Up-to-date: /home/bodlaire/Desktop/Work/Mocap/install/vehicle_state_msgs/include/vehicle_state_msgs/msg/detail/input_value__type_support.hpp
[1.751s] -- Up-to-date: /home/bodlaire/Desktop/Work/Mocap/install/vehicle_state_msgs/include/vehicle_state_msgs/msg/input_value.hpp
[1.751s] -- Up-to-date: /home/bodlaire/Desktop/Work/Mocap/install/vehicle_state_msgs/include/vehicle_state_msgs
[1.751s] -- Up-to-date: /home/bodlaire/Desktop/Work/Mocap/install/vehicle_state_msgs/include/vehicle_state_msgs/msg
[1.751s] -- Up-to-date: /home/bodlaire/Desktop/Work/Mocap/install/vehicle_state_msgs/include/vehicle_state_msgs/msg/detail
[1.751s] -- Up-to-date: /home/bodlaire/Desktop/Work/Mocap/install/vehicle_state_msgs/include/vehicle_state_msgs/msg/detail/input_value__rosidl_typesupport_introspection_cpp.hpp
[1.752s] -- Up-to-date: /home/bodlaire/Desktop/Work/Mocap/install/vehicle_state_msgs/include/vehicle_state_msgs/msg/detail/input_value__type_support.cpp
[1.752s] -- Installing: /home/bodlaire/Desktop/Work/Mocap/install/vehicle_state_msgs/lib/libvehicle_state_msgs__rosidl_typesupport_introspection_cpp.so
[1.752s] -- Set runtime path of "/home/bodlaire/Desktop/Work/Mocap/install/vehicle_state_msgs/lib/libvehicle_state_msgs__rosidl_typesupport_introspection_cpp.so" to ""
[1.752s] -- Installing: /home/bodlaire/Desktop/Work/Mocap/install/vehicle_state_msgs/lib/libvehicle_state_msgs__rosidl_typesupport_cpp.so
[1.752s] -- Set runtime path of "/home/bodlaire/Desktop/Work/Mocap/install/vehicle_state_msgs/lib/libvehicle_state_msgs__rosidl_typesupport_cpp.so" to ""
[1.752s] -- Up-to-date: /home/bodlaire/Desktop/Work/Mocap/install/vehicle_state_msgs/share/vehicle_state_msgs/environment/pythonpath.sh
[1.752s] -- Installing: /home/bodlaire/Desktop/Work/Mocap/install/vehicle_state_msgs/share/vehicle_state_msgs/environment/pythonpath.dsv
[1.752s] -- Installing: /home/bodlaire/Desktop/Work/Mocap/install/vehicle_state_msgs/lib/python3.8/site-packages/vehicle_state_msgs/__init__.py
[1.773s] Compiling '/home/bodlaire/Desktop/Work/Mocap/install/vehicle_state_msgs/lib/python3.8/site-packages/vehicle_state_msgs/__init__.py'...
[1.776s] -- Up-to-date: /home/bodlaire/Desktop/Work/Mocap/install/vehicle_state_msgs/lib/python3.8/site-packages/vehicle_state_msgs/msg
[1.776s] -- Up-to-date: /home/bodlaire/Desktop/Work/Mocap/install/vehicle_state_msgs/lib/python3.8/site-packages/vehicle_state_msgs/msg/_input_value.py
[1.776s] -- Up-to-date: /home/bodlaire/Desktop/Work/Mocap/install/vehicle_state_msgs/lib/python3.8/site-packages/vehicle_state_msgs/msg/__init__.py
[1.776s] -- Up-to-date: /home/bodlaire/Desktop/Work/Mocap/install/vehicle_state_msgs/lib/python3.8/site-packages/vehicle_state_msgs/msg/_input_value_s.c
[1.776s] -- Installing: /home/bodlaire/Desktop/Work/Mocap/install/vehicle_state_msgs/lib/python3.8/site-packages/vehicle_state_msgs/vehicle_state_msgs_s__rosidl_typesupport_fastrtps_c.cpython-38-x86_64-linux-gnu.so
[1.777s] -- Set runtime path of "/home/bodlaire/Desktop/Work/Mocap/install/vehicle_state_msgs/lib/python3.8/site-packages/vehicle_state_msgs/vehicle_state_msgs_s__rosidl_typesupport_fastrtps_c.cpython-38-x86_64-linux-gnu.so" to ""
[1.778s] -- Installing: /home/bodlaire/Desktop/Work/Mocap/install/vehicle_state_msgs/lib/python3.8/site-packages/vehicle_state_msgs/vehicle_state_msgs_s__rosidl_typesupport_introspection_c.cpython-38-x86_64-linux-gnu.so
[1.779s] -- Set runtime path of "/home/bodlaire/Desktop/Work/Mocap/install/vehicle_state_msgs/lib/python3.8/site-packages/vehicle_state_msgs/vehicle_state_msgs_s__rosidl_typesupport_introspection_c.cpython-38-x86_64-linux-gnu.so" to ""
[1.779s] -- Installing: /home/bodlaire/Desktop/Work/Mocap/install/vehicle_state_msgs/lib/python3.8/site-packages/vehicle_state_msgs/vehicle_state_msgs_s__rosidl_typesupport_c.cpython-38-x86_64-linux-gnu.so
[1.780s] -- Set runtime path of "/home/bodlaire/Desktop/Work/Mocap/install/vehicle_state_msgs/lib/python3.8/site-packages/vehicle_state_msgs/vehicle_state_msgs_s__rosidl_typesupport_c.cpython-38-x86_64-linux-gnu.so" to ""
[1.780s] -- Installing: /home/bodlaire/Desktop/Work/Mocap/install/vehicle_state_msgs/lib/libvehicle_state_msgs__python.so
[1.781s] -- Set runtime path of "/home/bodlaire/Desktop/Work/Mocap/install/vehicle_state_msgs/lib/libvehicle_state_msgs__python.so" to ""
[1.781s] -- Up-to-date: /home/bodlaire/Desktop/Work/Mocap/install/vehicle_state_msgs/share/vehicle_state_msgs/msg/InputValue.idl
[1.781s] -- Up-to-date: /home/bodlaire/Desktop/Work/Mocap/install/vehicle_state_msgs/share/vehicle_state_msgs/msg/InputValue.msg
[1.782s] -- Up-to-date: /home/bodlaire/Desktop/Work/Mocap/install/vehicle_state_msgs/share/ament_index/resource_index/package_run_dependencies/vehicle_state_msgs
[1.782s] -- Up-to-date: /home/bodlaire/Desktop/Work/Mocap/install/vehicle_state_msgs/share/ament_index/resource_index/parent_prefix_path/vehicle_state_msgs
[1.782s] -- Up-to-date: /home/bodlaire/Desktop/Work/Mocap/install/vehicle_state_msgs/share/vehicle_state_msgs/environment/ament_prefix_path.sh
[1.782s] -- Installing: /home/bodlaire/Desktop/Work/Mocap/install/vehicle_state_msgs/share/vehicle_state_msgs/environment/ament_prefix_path.dsv
[1.782s] -- Up-to-date: /home/bodlaire/Desktop/Work/Mocap/install/vehicle_state_msgs/share/vehicle_state_msgs/environment/path.sh
[1.782s] -- Installing: /home/bodlaire/Desktop/Work/Mocap/install/vehicle_state_msgs/share/vehicle_state_msgs/environment/path.dsv
[1.782s] -- Up-to-date: /home/bodlaire/Desktop/Work/Mocap/install/vehicle_state_msgs/share/vehicle_state_msgs/local_setup.bash
[1.782s] -- Up-to-date: /home/bodlaire/Desktop/Work/Mocap/install/vehicle_state_msgs/share/vehicle_state_msgs/local_setup.sh
[1.782s] -- Up-to-date: /home/bodlaire/Desktop/Work/Mocap/install/vehicle_state_msgs/share/vehicle_state_msgs/local_setup.zsh
[1.783s] -- Installing: /home/bodlaire/Desktop/Work/Mocap/install/vehicle_state_msgs/share/vehicle_state_msgs/local_setup.dsv
[1.783s] -- Installing: /home/bodlaire/Desktop/Work/Mocap/install/vehicle_state_msgs/share/vehicle_state_msgs/package.dsv
[1.783s] -- Up-to-date: /home/bodlaire/Desktop/Work/Mocap/install/vehicle_state_msgs/share/ament_index/resource_index/packages/vehicle_state_msgs
[1.783s] -- Old export file "/home/bodlaire/Desktop/Work/Mocap/install/vehicle_state_msgs/share/vehicle_state_msgs/cmake/vehicle_state_msgs__rosidl_generator_cExport.cmake" will be replaced.  Removing files [/home/bodlaire/Desktop/Work/Mocap/install/vehicle_state_msgs/share/vehicle_state_msgs/cmake/vehicle_state_msgs__rosidl_generator_cExport-noconfig.cmake].
[1.783s] -- Installing: /home/bodlaire/Desktop/Work/Mocap/install/vehicle_state_msgs/share/vehicle_state_msgs/cmake/vehicle_state_msgs__rosidl_generator_cExport.cmake
[1.783s] -- Installing: /home/bodlaire/Desktop/Work/Mocap/install/vehicle_state_msgs/share/vehicle_state_msgs/cmake/vehicle_state_msgs__rosidl_generator_cExport-noconfig.cmake
[1.783s] -- Old export file "/home/bodlaire/Desktop/Work/Mocap/install/vehicle_state_msgs/share/vehicle_state_msgs/cmake/vehicle_state_msgs__rosidl_typesupport_introspection_cExport.cmake" will be replaced.  Removing files [/home/bodlaire/Desktop/Work/Mocap/install/vehicle_state_msgs/share/vehicle_state_msgs/cmake/vehicle_state_msgs__rosidl_typesupport_introspection_cExport-noconfig.cmake].
[1.783s] -- Installing: /home/bodlaire/Desktop/Work/Mocap/install/vehicle_state_msgs/share/vehicle_state_msgs/cmake/vehicle_state_msgs__rosidl_typesupport_introspection_cExport.cmake
[1.783s] -- Installing: /home/bodlaire/Desktop/Work/Mocap/install/vehicle_state_msgs/share/vehicle_state_msgs/cmake/vehicle_state_msgs__rosidl_typesupport_introspection_cExport-noconfig.cmake
[1.783s] -- Old export file "/home/bodlaire/Desktop/Work/Mocap/install/vehicle_state_msgs/share/vehicle_state_msgs/cmake/vehicle_state_msgs__rosidl_typesupport_cExport.cmake" will be replaced.  Removing files [/home/bodlaire/Desktop/Work/Mocap/install/vehicle_state_msgs/share/vehicle_state_msgs/cmake/vehicle_state_msgs__rosidl_typesupport_cExport-noconfig.cmake].
[1.784s] -- Installing: /home/bodlaire/Desktop/Work/Mocap/install/vehicle_state_msgs/share/vehicle_state_msgs/cmake/vehicle_state_msgs__rosidl_typesupport_cExport.cmake
[1.784s] -- Installing: /home/bodlaire/Desktop/Work/Mocap/install/vehicle_state_msgs/share/vehicle_state_msgs/cmake/vehicle_state_msgs__rosidl_typesupport_cExport-noconfig.cmake
[1.784s] -- Installing: /home/bodlaire/Desktop/Work/Mocap/install/vehicle_state_msgs/share/vehicle_state_msgs/cmake/vehicle_state_msgs__rosidl_generator_cppExport.cmake
[1.784s] -- Old export file "/home/bodlaire/Desktop/Work/Mocap/install/vehicle_state_msgs/share/vehicle_state_msgs/cmake/vehicle_state_msgs__rosidl_typesupport_introspection_cppExport.cmake" will be replaced.  Removing files [/home/bodlaire/Desktop/Work/Mocap/install/vehicle_state_msgs/share/vehicle_state_msgs/cmake/vehicle_state_msgs__rosidl_typesupport_introspection_cppExport-noconfig.cmake].
[1.784s] -- Installing: /home/bodlaire/Desktop/Work/Mocap/install/vehicle_state_msgs/share/vehicle_state_msgs/cmake/vehicle_state_msgs__rosidl_typesupport_introspection_cppExport.cmake
[1.784s] -- Installing: /home/bodlaire/Desktop/Work/Mocap/install/vehicle_state_msgs/share/vehicle_state_msgs/cmake/vehicle_state_msgs__rosidl_typesupport_introspection_cppExport-noconfig.cmake
[1.784s] -- Old export file "/home/bodlaire/Desktop/Work/Mocap/install/vehicle_state_msgs/share/vehicle_state_msgs/cmake/vehicle_state_msgs__rosidl_typesupport_cppExport.cmake" will be replaced.  Removing files [/home/bodlaire/Desktop/Work/Mocap/install/vehicle_state_msgs/share/vehicle_state_msgs/cmake/vehicle_state_msgs__rosidl_typesupport_cppExport-noconfig.cmake].
[1.784s] -- Installing: /home/bodlaire/Desktop/Work/Mocap/install/vehicle_state_msgs/share/vehicle_state_msgs/cmake/vehicle_state_msgs__rosidl_typesupport_cppExport.cmake
[1.784s] -- Installing: /home/bodlaire/Desktop/Work/Mocap/install/vehicle_state_msgs/share/vehicle_state_msgs/cmake/vehicle_state_msgs__rosidl_typesupport_cppExport-noconfig.cmake
[1.785s] -- Up-to-date: /home/bodlaire/Desktop/Work/Mocap/install/vehicle_state_msgs/share/vehicle_state_msgs/cmake/rosidl_cmake-extras.cmake
[1.785s] -- Installing: /home/bodlaire/Desktop/Work/Mocap/install/vehicle_state_msgs/share/vehicle_state_msgs/cmake/ament_cmake_export_dependencies-extras.cmake
[1.785s] -- Up-to-date: /home/bodlaire/Desktop/Work/Mocap/install/vehicle_state_msgs/share/vehicle_state_msgs/cmake/ament_cmake_export_libraries-extras.cmake
[1.785s] -- Up-to-date: /home/bodlaire/Desktop/Work/Mocap/install/vehicle_state_msgs/share/vehicle_state_msgs/cmake/ament_cmake_export_targets-extras.cmake
[1.785s] -- Up-to-date: /home/bodlaire/Desktop/Work/Mocap/install/vehicle_state_msgs/share/vehicle_state_msgs/cmake/ament_cmake_export_include_directories-extras.cmake
[1.785s] -- Up-to-date: /home/bodlaire/Desktop/Work/Mocap/install/vehicle_state_msgs/share/vehicle_state_msgs/cmake/rosidl_cmake_export_typesupport_libraries-extras.cmake
[1.785s] -- Up-to-date: /home/bodlaire/Desktop/Work/Mocap/install/vehicle_state_msgs/share/vehicle_state_msgs/cmake/rosidl_cmake_export_typesupport_targets-extras.cmake
[1.785s] -- Up-to-date: /home/bodlaire/Desktop/Work/Mocap/install/vehicle_state_msgs/share/vehicle_state_msgs/cmake/vehicle_state_msgsConfig.cmake
[1.785s] -- Up-to-date: /home/bodlaire/Desktop/Work/Mocap/install/vehicle_state_msgs/share/vehicle_state_msgs/cmake/vehicle_state_msgsConfig-version.cmake
[1.785s] -- Up-to-date: /home/bodlaire/Desktop/Work/Mocap/install/vehicle_state_msgs/share/vehicle_state_msgs/package.xml
[1.787s] Invoked command in '/home/bodlaire/Desktop/Work/Mocap/build/vehicle_state_msgs' returned '0': CMAKE_PREFIX_PATH=/opt/ros/foxy /usr/bin/cmake --install /home/bodlaire/Desktop/Work/Mocap/build/vehicle_state_msgs
