running egg_info
writing ../../build/mocap_pkg/mocap_pkg.egg-info/PKG-INFO
writing dependency_links to ../../build/mocap_pkg/mocap_pkg.egg-info/dependency_links.txt
writing entry points to ../../build/mocap_pkg/mocap_pkg.egg-info/entry_points.txt
writing requirements to ../../build/mocap_pkg/mocap_pkg.egg-info/requires.txt
writing top-level names to ../../build/mocap_pkg/mocap_pkg.egg-info/top_level.txt
reading manifest file '../../build/mocap_pkg/mocap_pkg.egg-info/SOURCES.txt'
writing manifest file '../../build/mocap_pkg/mocap_pkg.egg-info/SOURCES.txt'
running build
running build_py
copying mocap_pkg/mocap_node.py -> /home/bodlaire/Desktop/Work/Mocap/build/mocap_pkg/build/lib/mocap_pkg
running install
running install_lib
copying /home/bodlaire/Desktop/Work/Mocap/build/mocap_pkg/build/lib/mocap_pkg/mocap_node.py -> /home/bodlaire/Desktop/Work/Mocap/install/mocap_pkg/lib/python3.8/site-packages/mocap_pkg
byte-compiling /home/bodlaire/Desktop/Work/Mocap/install/mocap_pkg/lib/python3.8/site-packages/mocap_pkg/mocap_node.py to mocap_node.cpython-38.pyc
running install_data
copying launch/launch.py -> /home/bodlaire/Desktop/Work/Mocap/install/mocap_pkg/share/mocap_pkg
running install_egg_info
removing '/home/bodlaire/Desktop/Work/Mocap/install/mocap_pkg/lib/python3.8/site-packages/mocap_pkg-0.0.0-py3.8.egg-info' (and everything under it)
Copying ../../build/mocap_pkg/mocap_pkg.egg-info to /home/bodlaire/Desktop/Work/Mocap/install/mocap_pkg/lib/python3.8/site-packages/mocap_pkg-0.0.0-py3.8.egg-info
running install_scripts
Installing mocap_node script to /home/bodlaire/Desktop/Work/Mocap/install/mocap_pkg/lib/mocap_pkg
writing list of installed files to '/home/bodlaire/Desktop/Work/Mocap/build/mocap_pkg/install.log'
