running egg_info
creating ../../build/vehicle_state_observer/vehicle_state_observer.egg-info
writing ../../build/vehicle_state_observer/vehicle_state_observer.egg-info/PKG-INFO
writing dependency_links to ../../build/vehicle_state_observer/vehicle_state_observer.egg-info/dependency_links.txt
writing entry points to ../../build/vehicle_state_observer/vehicle_state_observer.egg-info/entry_points.txt
writing requirements to ../../build/vehicle_state_observer/vehicle_state_observer.egg-info/requires.txt
writing top-level names to ../../build/vehicle_state_observer/vehicle_state_observer.egg-info/top_level.txt
writing manifest file '../../build/vehicle_state_observer/vehicle_state_observer.egg-info/SOURCES.txt'
reading manifest file '../../build/vehicle_state_observer/vehicle_state_observer.egg-info/SOURCES.txt'
writing manifest file '../../build/vehicle_state_observer/vehicle_state_observer.egg-info/SOURCES.txt'
running build
running build_py
creating /home/bodlaire/Desktop/Work/Mocap/build/vehicle_state_observer/build
creating /home/bodlaire/Desktop/Work/Mocap/build/vehicle_state_observer/build/lib
creating /home/bodlaire/Desktop/Work/Mocap/build/vehicle_state_observer/build/lib/vehicle_state_observer
copying vehicle_state_observer/optitrack_state_observer_node.py -> /home/bodlaire/Desktop/Work/Mocap/build/vehicle_state_observer/build/lib/vehicle_state_observer
copying vehicle_state_observer/__init__.py -> /home/bodlaire/Desktop/Work/Mocap/build/vehicle_state_observer/build/lib/vehicle_state_observer
running install
running install_lib
creating /home/bodlaire/Desktop/Work/Mocap/install/vehicle_state_observer/lib/python3.8/site-packages/vehicle_state_observer
copying /home/bodlaire/Desktop/Work/Mocap/build/vehicle_state_observer/build/lib/vehicle_state_observer/optitrack_state_observer_node.py -> /home/bodlaire/Desktop/Work/Mocap/install/vehicle_state_observer/lib/python3.8/site-packages/vehicle_state_observer
copying /home/bodlaire/Desktop/Work/Mocap/build/vehicle_state_observer/build/lib/vehicle_state_observer/__init__.py -> /home/bodlaire/Desktop/Work/Mocap/install/vehicle_state_observer/lib/python3.8/site-packages/vehicle_state_observer
byte-compiling /home/bodlaire/Desktop/Work/Mocap/install/vehicle_state_observer/lib/python3.8/site-packages/vehicle_state_observer/optitrack_state_observer_node.py to optitrack_state_observer_node.cpython-38.pyc
byte-compiling /home/bodlaire/Desktop/Work/Mocap/install/vehicle_state_observer/lib/python3.8/site-packages/vehicle_state_observer/__init__.py to __init__.cpython-38.pyc
running install_data
creating /home/bodlaire/Desktop/Work/Mocap/install/vehicle_state_observer/share/ament_index
creating /home/bodlaire/Desktop/Work/Mocap/install/vehicle_state_observer/share/ament_index/resource_index
creating /home/bodlaire/Desktop/Work/Mocap/install/vehicle_state_observer/share/ament_index/resource_index/packages
copying resource/vehicle_state_observer -> /home/bodlaire/Desktop/Work/Mocap/install/vehicle_state_observer/share/ament_index/resource_index/packages
copying package.xml -> /home/bodlaire/Desktop/Work/Mocap/install/vehicle_state_observer/share/vehicle_state_observer
running install_egg_info
Copying ../../build/vehicle_state_observer/vehicle_state_observer.egg-info to /home/bodlaire/Desktop/Work/Mocap/install/vehicle_state_observer/lib/python3.8/site-packages/vehicle_state_observer-0.0.0-py3.8.egg-info
running install_scripts
Installing optitrack_state_observer_node script to /home/bodlaire/Desktop/Work/Mocap/install/vehicle_state_observer/lib/vehicle_state_observer
writing list of installed files to '/home/bodlaire/Desktop/Work/Mocap/build/vehicle_state_observer/install.log'
