[0.314s] Invoking command in '/home/bodlaire/Desktop/Work/Mocap/build/vehicle_state_msgs': CMAKE_PREFIX_PATH=/opt/ros/foxy /usr/bin/cmake /home/bodlaire/Desktop/Work/Mocap/src/vehicle_state_msgs -DCMAKE_INSTALL_PREFIX=/home/bodlaire/Desktop/Work/Mocap/install/vehicle_state_msgs
[0.320s] -- Found ament_cmake: 0.9.12 (/opt/ros/foxy/share/ament_cmake/cmake)
[0.335s] -- Found PythonInterp: /usr/bin/python3 (found suitable version "3.8.10", minimum required is "3") 
[0.335s] -- Using PYTHON_EXECUTABLE: /usr/bin/python3
[0.459s] -- Found rosidl_default_generators: 1.0.1 (/opt/ros/foxy/share/rosidl_default_generators/cmake)
[0.462s] -- Using all available rosidl_typesupport_c: rosidl_typesupport_fastrtps_c;rosidl_typesupport_introspection_c
[0.464s] -- Found rosidl_adapter: 1.3.1 (/opt/ros/foxy/share/rosidl_adapter/cmake)
[0.554s] -- Using all available rosidl_typesupport_cpp: rosidl_typesupport_fastrtps_cpp;rosidl_typesupport_introspection_cpp
[0.569s] -- Found std_msgs: 2.0.5 (/opt/ros/foxy/share/std_msgs/cmake)
[0.609s] -- Found PythonInterp: /usr/bin/python3 (found version "3.8.10") 
[0.727s] CMake Error at /opt/ros/foxy/share/rosidl_adapter/cmake/rosidl_adapt_interfaces.cmake:60 (message):
[0.728s]   execute_process(/usr/bin/python3 -m rosidl_adapter --package-name
[0.728s]   vehicle_state_msgs --arguments-file
[0.729s]   /home/bodlaire/Desktop/Work/Mocap/build/vehicle_state_msgs/rosidl_adapter__arguments__vehicle_state_msgs.json
[0.730s]   --output-dir
[0.730s]   /home/bodlaire/Desktop/Work/Mocap/build/vehicle_state_msgs/rosidl_adapter/vehicle_state_msgs
[0.731s]   --output-file
[0.733s]   /home/bodlaire/Desktop/Work/Mocap/build/vehicle_state_msgs/rosidl_adapter/vehicle_state_msgs.idls)
[0.733s]   returned error code 1:
[0.733s] 
[0.733s]   Traceback (most recent call last):
[0.734s] 
[0.734s]     File "/usr/lib/python3.8/runpy.py", line 194, in _run_module_as_main
[0.734s]       return _run_code(code, main_globals, None,
[0.734s]     File "/usr/lib/python3.8/runpy.py", line 87, in _run_code
[0.734s]       exec(code, run_globals)
[0.734s]     File "/opt/ros/foxy/lib/python3.8/site-packages/rosidl_adapter/__main__.py", line 19, in <module>
[0.734s]       sys.exit(main())
[0.735s]     File "/opt/ros/foxy/lib/python3.8/site-packages/rosidl_adapter/main.py", line 53, in main
[0.735s]       abs_idl_file = convert_to_idl(
[0.735s]     File "/opt/ros/foxy/lib/python3.8/site-packages/rosidl_adapter/__init__.py", line 19, in convert_to_idl
[0.735s]       return convert_msg_to_idl(
[0.735s]     File "/opt/ros/foxy/lib/python3.8/site-packages/rosidl_adapter/msg/__init__.py", line 28, in convert_msg_to_idl
[0.735s]       msg = parse_message_string(package_name, input_file.stem, content)
[0.735s]     File "/opt/ros/foxy/lib/python3.8/site-packages/rosidl_adapter/parser.py", line 540, in parse_message_string
[0.735s]       msg = MessageSpecification(pkg_name, msg_name, fields, constants)
[0.735s]     File "/opt/ros/foxy/lib/python3.8/site-packages/rosidl_adapter/parser.py", line 387, in __init__
[0.735s]       self.base_type = BaseType(
[0.735s]     File "/opt/ros/foxy/lib/python3.8/site-packages/rosidl_adapter/parser.py", line 204, in __init__
[0.736s]       raise InvalidResourceName(
[0.736s] 
[0.736s]   rosidl_adapter.parser.InvalidResourceName: 'vehiclestatemsg' is an invalid
[0.736s]   message name.  It should have the pattern '^[A-Z][A-Za-z0-9]*$'
[0.736s] 
[0.736s] Call Stack (most recent call first):
[0.737s]   /opt/ros/foxy/share/rosidl_cmake/cmake/rosidl_generate_interfaces.cmake:130 (rosidl_adapt_interfaces)
[0.737s]   CMakeLists.txt:12 (rosidl_generate_interfaces)
[0.737s] 
[0.737s] 
[0.737s] -- Configuring incomplete, errors occurred!
[0.738s] See also "/home/bodlaire/Desktop/Work/Mocap/build/vehicle_state_msgs/CMakeFiles/CMakeOutput.log".
[0.928s] Invoked command in '/home/bodlaire/Desktop/Work/Mocap/build/vehicle_state_msgs' returned '1': CMAKE_PREFIX_PATH=/opt/ros/foxy /usr/bin/cmake /home/bodlaire/Desktop/Work/Mocap/src/vehicle_state_msgs -DCMAKE_INSTALL_PREFIX=/home/bodlaire/Desktop/Work/Mocap/install/vehicle_state_msgs
