[1.326s] Invoking command in '/home/bodlaire/Desktop/Work/Mocap/src/vehicle_state_observer': PYTHONPATH=/home/bodlaire/Desktop/Work/Mocap/build/vehicle_state_observer/prefix_override:/home/bodlaire/Desktop/Work/Mocap/install/vehicle_state_observer/lib/python3.8/site-packages:${PYTHONPATH} /usr/bin/python3 setup.py egg_info --egg-base ../../build/vehicle_state_observer build --build-base /home/bodlaire/Desktop/Work/Mocap/build/vehicle_state_observer/build install --record /home/bodlaire/Desktop/Work/Mocap/build/vehicle_state_observer/install.log --install-scripts $base/lib/vehicle_state_observer --single-version-externally-managed
[1.456s] running egg_info
[1.457s] writing ../../build/vehicle_state_observer/vehicle_state_observer.egg-info/PKG-INFO
[1.457s] writing dependency_links to ../../build/vehicle_state_observer/vehicle_state_observer.egg-info/dependency_links.txt
[1.458s] writing entry points to ../../build/vehicle_state_observer/vehicle_state_observer.egg-info/entry_points.txt
[1.458s] writing requirements to ../../build/vehicle_state_observer/vehicle_state_observer.egg-info/requires.txt
[1.459s] writing top-level names to ../../build/vehicle_state_observer/vehicle_state_observer.egg-info/top_level.txt
[1.478s] reading manifest file '../../build/vehicle_state_observer/vehicle_state_observer.egg-info/SOURCES.txt'
[1.479s] writing manifest file '../../build/vehicle_state_observer/vehicle_state_observer.egg-info/SOURCES.txt'
[1.479s] running build
[1.479s] running build_py
[1.480s] copying vehicle_state_observer/optitrack_state_observer_node.py -> /home/bodlaire/Desktop/Work/Mocap/build/vehicle_state_observer/build/lib/vehicle_state_observer
[1.481s] running install
[1.482s] running install_lib
[1.482s] copying /home/bodlaire/Desktop/Work/Mocap/build/vehicle_state_observer/build/lib/vehicle_state_observer/optitrack_state_observer_node.py -> /home/bodlaire/Desktop/Work/Mocap/install/vehicle_state_observer/lib/python3.8/site-packages/vehicle_state_observer
[1.482s] byte-compiling /home/bodlaire/Desktop/Work/Mocap/install/vehicle_state_observer/lib/python3.8/site-packages/vehicle_state_observer/optitrack_state_observer_node.py to optitrack_state_observer_node.cpython-38.pyc
[1.484s] running install_data
[1.485s] running install_egg_info
[1.488s] removing '/home/bodlaire/Desktop/Work/Mocap/install/vehicle_state_observer/lib/python3.8/site-packages/vehicle_state_observer-0.0.0-py3.8.egg-info' (and everything under it)
[1.489s] Copying ../../build/vehicle_state_observer/vehicle_state_observer.egg-info to /home/bodlaire/Desktop/Work/Mocap/install/vehicle_state_observer/lib/python3.8/site-packages/vehicle_state_observer-0.0.0-py3.8.egg-info
[1.491s] running install_scripts
[1.496s] Installing optitrack_state_observer_node script to /home/bodlaire/Desktop/Work/Mocap/install/vehicle_state_observer/lib/vehicle_state_observer
[1.496s] writing list of installed files to '/home/bodlaire/Desktop/Work/Mocap/build/vehicle_state_observer/install.log'
[1.609s] Invoked command in '/home/bodlaire/Desktop/Work/Mocap/src/vehicle_state_observer' returned '0': PYTHONPATH=/home/bodlaire/Desktop/Work/Mocap/build/vehicle_state_observer/prefix_override:/home/bodlaire/Desktop/Work/Mocap/install/vehicle_state_observer/lib/python3.8/site-packages:${PYTHONPATH} /usr/bin/python3 setup.py egg_info --egg-base ../../build/vehicle_state_observer build --build-base /home/bodlaire/Desktop/Work/Mocap/build/vehicle_state_observer/build install --record /home/bodlaire/Desktop/Work/Mocap/build/vehicle_state_observer/install.log --install-scripts $base/lib/vehicle_state_observer --single-version-externally-managed
